{
 "cells": [
  {
   "cell_type": "code",
   "execution_count": 1,
   "metadata": {
    "deletable": false,
    "editable": false
   },
   "outputs": [],
   "source": [
    "# Initialize Otter\n",
    "import otter\n",
    "grader = otter.Notebook(\"proj2.ipynb\")"
   ]
  },
  {
   "cell_type": "markdown",
   "metadata": {},
   "source": [
    "# Project 2: Query Performance\n",
    "## Due Date: Thursday, October 5th, 5:00 PM\n",
    "\n",
    "## Assignment Details\n",
    "In this project, we will explore how the database system optimizes query execution and how users can futher tune the performance of their queries.\n",
    "\n",
    "This project works with the Lahman's Baseball Database, an open source collection of baseball statistics from 1871 to 2020. It contains a variety of data, like batting statistics, team stats, managerial records, Hall of Fame records, and much more.\n",
    "\n",
    "You may find this project's queries to be simpler than in Project 1. However, although the queries may not be as complex, we still expect you to spend ample time thinking through the effects of each of the methods, as reasoning about the tradeoff between different approaches is the goal of this assignment.\n",
    "\n",
    "**Note:** If at any point during the project, the internal state of the database or its tables have been modified in an undesirable way (i.e. a modification not resulting from the instructions of a question), restart your kernel and clear output and simply re-run the notebook as normal. This will shutdown you current connection to the database, which will prevent the issue of multiple connections to the database at any given point, and when re-running the notebook you will create a fresh database based on the provided Postgres dump.\n",
    "\n",
    "## Logistics & Scoring Breakdown\n",
    "\n",
    "- Each coding question has **both public tests and hidden tests**. Roughly 50% of your coding grade will be made up of your score on the public tests released to you, while the remaining 50% will be made up of unreleased hidden tests.\n",
    "- Public tests for multiple choice questions are for sanity check only (e.g. you are answering in the correct format). Partial credit will be awarded.\n",
    "- Free-response questions will be manually graded. Please answer thoughtfully and concisely in complete sentences, drawing from knowledge in lectures and from your inspection of query plans.\n",
    "\n",
    "This is an **individual project**. However, you’re welcome to collaborate with any other student in the class as long as it’s within the academic honesty guidelines.\n",
    "\n",
    "\n",
    "| Question    | 0 | 1 | 2              | 3    | 4    | 5              | 6              | 7    | 8              | 9        | 10        |\n",
    "| ----------- | - | - | -------------- | ---- | ---- | -------------- | -------------- | ---- | -------------- | -------- | --------- |\n",
    "| No Subparts | 1 |   |                |      |      |                |                |      |                |          | 6         |\n",
    "| a           |   | 1 | 1              | 1    | 1    | 2              | 2              | 2    | 1              | 1        |           |\n",
    "| b           |   | 3 | 3              | 1    | 1    | 1              | 2              | 1    | 1              | 1        |           |\n",
    "| c           |   |   | 1              | m: 2 | 1    | 1              | 1              | m: 3 | 1              | 2 (m: 2) |           |\n",
    "| d           |   |   | 4 (m: 2, a: 2) | m: 2 | m: 3 | 4 (m: 2, a: 2) | 1              |      | 4 (m: 2, a: 2) |          |           |\n",
    "| e           |   |   |                |      |      |                | 4 (m: 2, a: 2) |      |                |          |           |\n",
    "| **Total**       | 1 | 4 | 9              | 6    | 6    | 8              | 10             | 6    | 7              | 4        | manual: 6 |\n",
    "\n",
    "\n",
    "**Grand Total:** 67 points (manual: 26, autograded: 41)"
   ]
  },
  {
   "cell_type": "code",
   "execution_count": 2,
   "metadata": {},
   "outputs": [],
   "source": [
    "# Run this cell to set up imports\n",
    "import numpy as np\n",
    "import pandas as pd"
   ]
  },
  {
   "cell_type": "markdown",
   "metadata": {},
   "source": [
    "## Getting Connected\n",
    "Similar to Project 1, we will be using the `JupySQL` library to connect this notebook to a PostgreSQL database server on your JupyterHub account. Run the following cell to initiate the connection."
   ]
  },
  {
   "cell_type": "code",
   "execution_count": 3,
   "metadata": {},
   "outputs": [],
   "source": [
    "%reload_ext sql\n",
    "%sql postgresql://jovyan@127.0.0.1:5432/postgres"
   ]
  },
  {
   "cell_type": "code",
   "execution_count": 4,
   "metadata": {},
   "outputs": [],
   "source": [
    "# See full display\n",
    "%config SqlMagic.displaylimit = 50"
   ]
  },
  {
   "cell_type": "markdown",
   "metadata": {},
   "source": [
    "## Setting up the Database\n",
    "The following cell will create the `baseball` database (if needed), unzip the Postgres dump of the Lahman's Baseball Database, populate the `baseball` database with the desired tables and data, and finally display all databases associated with the Postgres instance. After running the cell, you should see the `baseball` database in the generated list of databases outputted by `%sql \\l`.\n",
    "\n",
    "**Note:** If you run into the **role does not exist**/**database does not exist** error the first time you run this cell, feel free to ignore it. It does not affect data import."
   ]
  },
  {
   "cell_type": "code",
   "execution_count": 5,
   "metadata": {},
   "outputs": [
    {
     "name": "stdout",
     "output_type": "stream",
     "text": [
      "Archive:  data/baseball.zip\n"
     ]
    }
   ],
   "source": [
    "!unzip -u data/baseball.zip -d data/"
   ]
  },
  {
   "cell_type": "code",
   "execution_count": 6,
   "metadata": {
    "scrolled": true
   },
   "outputs": [
    {
     "name": "stdout",
     "output_type": "stream",
     "text": [
      " pg_terminate_backend \n",
      "----------------------\n",
      "(0 rows)\n",
      "\n",
      "DROP DATABASE\n",
      "CREATE DATABASE\n",
      "SET\n",
      "SET\n",
      "SET\n",
      "SET\n",
      "SET\n",
      " set_config \n",
      "------------\n",
      " \n",
      "(1 row)\n",
      "\n",
      "SET\n",
      "SET\n",
      "SET\n",
      "SET\n",
      "SET\n",
      "SET\n",
      "CREATE TABLE\n",
      "ALTER TABLE\n",
      "CREATE TABLE\n",
      "ALTER TABLE\n",
      "CREATE TABLE\n",
      "ALTER TABLE\n",
      "CREATE TABLE\n",
      "ALTER TABLE\n",
      "CREATE TABLE\n",
      "ALTER TABLE\n",
      "CREATE TABLE\n",
      "ALTER TABLE\n",
      "CREATE TABLE\n",
      "ALTER TABLE\n",
      "CREATE TABLE\n",
      "ALTER TABLE\n",
      "CREATE TABLE\n",
      "ALTER TABLE\n",
      "CREATE TABLE\n",
      "ALTER TABLE\n",
      "CREATE TABLE\n",
      "ALTER TABLE\n",
      "CREATE TABLE\n",
      "ALTER TABLE\n",
      "CREATE TABLE\n",
      "ALTER TABLE\n",
      "CREATE TABLE\n",
      "ALTER TABLE\n",
      "CREATE TABLE\n",
      "ALTER TABLE\n",
      "CREATE TABLE\n",
      "ALTER TABLE\n",
      "CREATE TABLE\n",
      "ALTER TABLE\n",
      "CREATE TABLE\n",
      "ALTER TABLE\n",
      "CREATE TABLE\n",
      "ALTER TABLE\n",
      "CREATE TABLE\n",
      "ALTER TABLE\n",
      "CREATE TABLE\n",
      "ALTER TABLE\n",
      "CREATE TABLE\n",
      "ALTER TABLE\n",
      "CREATE TABLE\n",
      "ALTER TABLE\n",
      "CREATE TABLE\n",
      "ALTER TABLE\n",
      "CREATE TABLE\n",
      "ALTER TABLE\n",
      "CREATE TABLE\n",
      "ALTER TABLE\n",
      "CREATE TABLE\n",
      "ALTER TABLE\n",
      "COPY 5219\n",
      "COPY 104256\n",
      "COPY 179\n",
      "COPY 6236\n",
      "COPY 425\n",
      "COPY 6879\n",
      "COPY 104324\n",
      "COPY 13943\n",
      "COPY 17350\n",
      "COPY 138838\n",
      "COPY 12028\n",
      "COPY 31955\n",
      "COPY 13110\n",
      "COPY 4191\n",
      "COPY 3040\n",
      "COPY 3469\n",
      "COPY 93\n",
      "COPY 252\n",
      "COPY 19370\n",
      "COPY 45806\n",
      "COPY 5445\n",
      "COPY 26428\n",
      "COPY 1207\n",
      "COPY 325\n",
      "COPY 2865\n",
      "COPY 120\n",
      "COPY 52\n",
      "ALTER TABLE\n",
      "ALTER TABLE\n",
      "ALTER TABLE\n",
      "ALTER TABLE\n",
      "ALTER TABLE\n",
      "ALTER TABLE\n",
      "ALTER TABLE\n",
      "ALTER TABLE\n",
      "ALTER TABLE\n",
      "ALTER TABLE\n",
      "ALTER TABLE\n",
      "ALTER TABLE\n",
      "ALTER TABLE\n",
      "ALTER TABLE\n",
      "ALTER TABLE\n",
      "ALTER TABLE\n",
      "ALTER TABLE\n",
      "ALTER TABLE\n",
      "ALTER TABLE\n",
      "ALTER TABLE\n",
      "ALTER TABLE\n",
      "ALTER TABLE\n",
      "ALTER TABLE\n",
      "ALTER TABLE\n",
      "ALTER TABLE\n",
      "ALTER TABLE\n",
      "SET\n"
     ]
    },
    {
     "data": {
      "text/html": [
       "<span style=\"None\">Running query in &#x27;postgresql://jovyan@127.0.0.1:5432/postgres&#x27;</span>"
      ],
      "text/plain": [
       "Running query in 'postgresql://jovyan@127.0.0.1:5432/postgres'"
      ]
     },
     "metadata": {},
     "output_type": "display_data"
    },
    {
     "data": {
      "text/html": [
       "<table>\n",
       "    <thead>\n",
       "        <tr>\n",
       "            <th>Name</th>\n",
       "            <th>Owner</th>\n",
       "            <th>Encoding</th>\n",
       "            <th>Collate</th>\n",
       "            <th>Ctype</th>\n",
       "            <th>Access privileges</th>\n",
       "        </tr>\n",
       "    </thead>\n",
       "    <tbody>\n",
       "        <tr>\n",
       "            <td>baseball</td>\n",
       "            <td>jovyan</td>\n",
       "            <td>UTF8</td>\n",
       "            <td>en_US.utf8</td>\n",
       "            <td>en_US.utf8</td>\n",
       "            <td>None</td>\n",
       "        </tr>\n",
       "        <tr>\n",
       "            <td>imdb</td>\n",
       "            <td>jovyan</td>\n",
       "            <td>UTF8</td>\n",
       "            <td>en_US.utf8</td>\n",
       "            <td>en_US.utf8</td>\n",
       "            <td>None</td>\n",
       "        </tr>\n",
       "        <tr>\n",
       "            <td>imdb_perf_lecture</td>\n",
       "            <td>jovyan</td>\n",
       "            <td>UTF8</td>\n",
       "            <td>en_US.utf8</td>\n",
       "            <td>en_US.utf8</td>\n",
       "            <td>None</td>\n",
       "        </tr>\n",
       "        <tr>\n",
       "            <td>jovyan</td>\n",
       "            <td>jovyan</td>\n",
       "            <td>UTF8</td>\n",
       "            <td>en_US.utf8</td>\n",
       "            <td>en_US.utf8</td>\n",
       "            <td>None</td>\n",
       "        </tr>\n",
       "        <tr>\n",
       "            <td>postgres</td>\n",
       "            <td>jovyan</td>\n",
       "            <td>UTF8</td>\n",
       "            <td>en_US.utf8</td>\n",
       "            <td>en_US.utf8</td>\n",
       "            <td>None</td>\n",
       "        </tr>\n",
       "        <tr>\n",
       "            <td>template0</td>\n",
       "            <td>jovyan</td>\n",
       "            <td>UTF8</td>\n",
       "            <td>en_US.utf8</td>\n",
       "            <td>en_US.utf8</td>\n",
       "            <td>=c/jovyan<br>jovyan=CTc/jovyan</td>\n",
       "        </tr>\n",
       "        <tr>\n",
       "            <td>template1</td>\n",
       "            <td>jovyan</td>\n",
       "            <td>UTF8</td>\n",
       "            <td>en_US.utf8</td>\n",
       "            <td>en_US.utf8</td>\n",
       "            <td>=c/jovyan<br>jovyan=CTc/jovyan</td>\n",
       "        </tr>\n",
       "    </tbody>\n",
       "</table>"
      ],
      "text/plain": [
       "+-------------------+--------+----------+------------+------------+-------------------+\n",
       "|        Name       | Owner  | Encoding |  Collate   |   Ctype    | Access privileges |\n",
       "+-------------------+--------+----------+------------+------------+-------------------+\n",
       "|      baseball     | jovyan |   UTF8   | en_US.utf8 | en_US.utf8 |        None       |\n",
       "|        imdb       | jovyan |   UTF8   | en_US.utf8 | en_US.utf8 |        None       |\n",
       "| imdb_perf_lecture | jovyan |   UTF8   | en_US.utf8 | en_US.utf8 |        None       |\n",
       "|       jovyan      | jovyan |   UTF8   | en_US.utf8 | en_US.utf8 |        None       |\n",
       "|      postgres     | jovyan |   UTF8   | en_US.utf8 | en_US.utf8 |        None       |\n",
       "|     template0     | jovyan |   UTF8   | en_US.utf8 | en_US.utf8 |     =c/jovyan     |\n",
       "|                   |        |          |            |            | jovyan=CTc/jovyan |\n",
       "|     template1     | jovyan |   UTF8   | en_US.utf8 | en_US.utf8 |     =c/jovyan     |\n",
       "|                   |        |          |            |            | jovyan=CTc/jovyan |\n",
       "+-------------------+--------+----------+------------+------------+-------------------+"
      ]
     },
     "execution_count": 6,
     "metadata": {},
     "output_type": "execute_result"
    }
   ],
   "source": [
    "!psql postgresql://jovyan@127.0.0.1:5432/baseball -c 'SELECT pg_terminate_backend(pg_stat_activity.pid) FROM pg_stat_activity WHERE datname = current_database()  AND pid <> pg_backend_pid();'\n",
    "!psql -h localhost -c 'DROP DATABASE IF EXISTS baseball'\n",
    "!psql -h localhost -c 'CREATE DATABASE baseball'\n",
    "!psql -h localhost -d baseball -f data/baseball.sql\n",
    "!psql -h localhost -c 'SET max_parallel_workers_per_gather = 0;'\n",
    "%sql \\l"
   ]
  },
  {
   "cell_type": "markdown",
   "metadata": {},
   "source": [
    "Now, run the following cell to connect to the `baseball` database. There should be no errors after running the following cell."
   ]
  },
  {
   "cell_type": "code",
   "execution_count": 7,
   "metadata": {},
   "outputs": [
    {
     "data": {
      "text/html": [
       "<span style=\"None\">Connecting and switching to connection postgresql://jovyan@127.0.0.1:5432/baseball</span>"
      ],
      "text/plain": [
       "Connecting and switching to connection postgresql://jovyan@127.0.0.1:5432/baseball"
      ]
     },
     "metadata": {},
     "output_type": "display_data"
    }
   ],
   "source": [
    "%sql postgresql://jovyan@127.0.0.1:5432/baseball"
   ]
  },
  {
   "cell_type": "markdown",
   "metadata": {},
   "source": [
    "To ensure that the connection to the database has been established, let's try grabbing the first 5 rows from the `halloffame` table."
   ]
  },
  {
   "cell_type": "code",
   "execution_count": 8,
   "metadata": {},
   "outputs": [
    {
     "data": {
      "text/html": [
       "<span style=\"None\">Running query in &#x27;postgresql://jovyan@127.0.0.1:5432/baseball&#x27;</span>"
      ],
      "text/plain": [
       "Running query in 'postgresql://jovyan@127.0.0.1:5432/baseball'"
      ]
     },
     "metadata": {},
     "output_type": "display_data"
    },
    {
     "data": {
      "text/html": [
       "<span style=\"color: green\">5 rows affected.</span>"
      ],
      "text/plain": [
       "5 rows affected."
      ]
     },
     "metadata": {},
     "output_type": "display_data"
    },
    {
     "data": {
      "text/html": [
       "<table>\n",
       "    <thead>\n",
       "        <tr>\n",
       "            <th>playerid</th>\n",
       "            <th>yearid</th>\n",
       "            <th>votedby</th>\n",
       "            <th>ballots</th>\n",
       "            <th>needed</th>\n",
       "            <th>votes</th>\n",
       "            <th>inducted</th>\n",
       "            <th>category</th>\n",
       "            <th>needed_note</th>\n",
       "        </tr>\n",
       "    </thead>\n",
       "    <tbody>\n",
       "        <tr>\n",
       "            <td>cobbty01</td>\n",
       "            <td>1936</td>\n",
       "            <td>BBWAA</td>\n",
       "            <td>226</td>\n",
       "            <td>170</td>\n",
       "            <td>222</td>\n",
       "            <td>Y</td>\n",
       "            <td>Player</td>\n",
       "            <td>None</td>\n",
       "        </tr>\n",
       "        <tr>\n",
       "            <td>ruthba01</td>\n",
       "            <td>1936</td>\n",
       "            <td>BBWAA</td>\n",
       "            <td>226</td>\n",
       "            <td>170</td>\n",
       "            <td>215</td>\n",
       "            <td>Y</td>\n",
       "            <td>Player</td>\n",
       "            <td>None</td>\n",
       "        </tr>\n",
       "        <tr>\n",
       "            <td>wagneho01</td>\n",
       "            <td>1936</td>\n",
       "            <td>BBWAA</td>\n",
       "            <td>226</td>\n",
       "            <td>170</td>\n",
       "            <td>215</td>\n",
       "            <td>Y</td>\n",
       "            <td>Player</td>\n",
       "            <td>None</td>\n",
       "        </tr>\n",
       "        <tr>\n",
       "            <td>mathech01</td>\n",
       "            <td>1936</td>\n",
       "            <td>BBWAA</td>\n",
       "            <td>226</td>\n",
       "            <td>170</td>\n",
       "            <td>205</td>\n",
       "            <td>Y</td>\n",
       "            <td>Player</td>\n",
       "            <td>None</td>\n",
       "        </tr>\n",
       "        <tr>\n",
       "            <td>johnswa01</td>\n",
       "            <td>1936</td>\n",
       "            <td>BBWAA</td>\n",
       "            <td>226</td>\n",
       "            <td>170</td>\n",
       "            <td>189</td>\n",
       "            <td>Y</td>\n",
       "            <td>Player</td>\n",
       "            <td>None</td>\n",
       "        </tr>\n",
       "    </tbody>\n",
       "</table>"
      ],
      "text/plain": [
       "+-----------+--------+---------+---------+--------+-------+----------+----------+-------------+\n",
       "|  playerid | yearid | votedby | ballots | needed | votes | inducted | category | needed_note |\n",
       "+-----------+--------+---------+---------+--------+-------+----------+----------+-------------+\n",
       "|  cobbty01 |  1936  |  BBWAA  |   226   |  170   |  222  |    Y     |  Player  |     None    |\n",
       "|  ruthba01 |  1936  |  BBWAA  |   226   |  170   |  215  |    Y     |  Player  |     None    |\n",
       "| wagneho01 |  1936  |  BBWAA  |   226   |  170   |  215  |    Y     |  Player  |     None    |\n",
       "| mathech01 |  1936  |  BBWAA  |   226   |  170   |  205  |    Y     |  Player  |     None    |\n",
       "| johnswa01 |  1936  |  BBWAA  |   226   |  170   |  189  |    Y     |  Player  |     None    |\n",
       "+-----------+--------+---------+---------+--------+-------+----------+----------+-------------+"
      ]
     },
     "execution_count": 8,
     "metadata": {},
     "output_type": "execute_result"
    }
   ],
   "source": [
    "%%sql\n",
    "SELECT * FROM halloffame LIMIT 5"
   ]
  },
  {
   "cell_type": "markdown",
   "metadata": {},
   "source": [
    "## Connect to the grader"
   ]
  },
  {
   "cell_type": "markdown",
   "metadata": {},
   "source": [
    "Run the following cell for grading purposes."
   ]
  },
  {
   "cell_type": "code",
   "execution_count": 9,
   "metadata": {},
   "outputs": [],
   "source": [
    "# Just run the following cell, no further action is needed.\n",
    "from data101_utils import GradingUtil\n",
    "grading_util = GradingUtil(\"proj2\")\n",
    "grading_util.prepare_autograder()"
   ]
  },
  {
   "cell_type": "markdown",
   "metadata": {},
   "source": [
    "<hr style=\"border: 5px solid #003262;\" />\n",
    "<hr style=\"border: 1px solid #fdb515;\" />\n"
   ]
  },
  {
   "cell_type": "markdown",
   "metadata": {},
   "source": [
    "## Table Descriptions\n",
    "In its entirety the Lahman's Baseball Database contains 27 tables containing a variety of statistics for players, teams, games, schools, etc. For simplicity, this project will focus on a subset of the tables:\n",
    "* `appearances`: details on the positions each player appeared at\n",
    "* `batting`: batting statistics for each player\n",
    "* `collegeplaying`: list of players and the colleges they attended\n",
    "* `halloffame`: Hall of Fame voting data\n",
    "* `people`: player information (name, date of birth, and biographical info)\n",
    "* `salaries`: player salary data\n",
    "* `schools`: list of colleges that players attended\n",
    "\n",
    "As a reminder from Project 1, `%sql \\d <table_name>` is helpful for identifying the columns in a table."
   ]
  },
  {
   "cell_type": "markdown",
   "metadata": {},
   "source": [
    "<br><br>\n",
    "<hr style=\"border: 5px solid #003262;\" />\n",
    "<hr style=\"border: 1px solid #fdb515;\" />"
   ]
  },
  {
   "cell_type": "markdown",
   "metadata": {
    "deletable": false,
    "editable": false
   },
   "source": [
    "## Question 0: PostgreSQL Explain Analyze\n",
    "**Please read through this section carefully, as a vast majority of the project will require you to inspect query plans via interpreting the output of the explain analyze command.**\n",
    "\n",
    "To inspect the query plan for a given query, create a variable storing the query as a string and invoke a `psql` shell command to `explain analyze` the query: \n",
    "\n",
    "`your_query_str = \"__REPLACE_ME_WITH_QUERY__\"`\n",
    "\n",
    "`!psql -h localhost -d baseball -c \"explain analyze $your_query_str\"`\n",
    "\n",
    "Take a look at the following sample query plan.\n",
    "\n",
    "![title](data/sample_query.png)\n",
    "\n",
    "It is highly recommended to read through [this article](https://www.cybertec-postgresql.com/en/how-to-interpret-postgresql-explain-analyze-output/) and the postgreSQL [documentation 14.1.2](https://www.postgresql.org/docs/current/using-explain.html#USING-EXPLAIN-ANALYZE) to see how you can interpret the output above. Everything before \"Tools to interpret Explain Analyze output\" is useful.\n",
    "\n",
    "\n",
    "<div class=\"alert alert-block alert-info\">\n",
    "Here are some key things to note for all question parts:\n",
    "<ul>\n",
    "<li>When we ask you to identify the <b>query cost</b>, we are looking for the <b>total cost</b>.</li>\n",
    "    <ul>\n",
    "    <li>There are two cost values: the first is the <b>startup cost</b> (cost to return the first row) and the second is the <b>total cost</b> (cost to return all rows).</li>\n",
    "    <li>The unit for the estimated query cost is an arbitrary estimation of disk I/O (1 is the cost for reading an 8kB page during a sequential scan).</li>\n",
    "        <li>Feel free to round the query cost / time to the nearest integer, but we'll accept anything more exact.</li>\n",
    "    </ul>\n",
    "<li>When we ask you to identify the <b>query time</b>, we are looking for the <b>execution time</b> (in ms).</li>\n",
    "    <ul>\n",
    "        <li>We recognize that the execution time may vary between different cell executions, so the autograder will tolerate a reasonable range.</li>\n",
    "    </ul>\n",
    "</ul>\n",
    "</div>\n",
    "\n",
    "Now, inspect the query plan above by following the below steps:\n",
    "\n",
    "1. Manually copy the entire query command (i.e., `SELECT ... `) from the screenshot into the cell below."
   ]
  },
  {
   "cell_type": "code",
   "execution_count": 10,
   "metadata": {
    "tags": []
   },
   "outputs": [
    {
     "data": {
      "text/html": [
       "<span style=\"None\">Running query in &#x27;postgresql://jovyan@127.0.0.1:5432/baseball&#x27;</span>"
      ],
      "text/plain": [
       "Running query in 'postgresql://jovyan@127.0.0.1:5432/baseball'"
      ]
     },
     "metadata": {},
     "output_type": "display_data"
    },
    {
     "data": {
      "text/html": [
       "<span style=\"color: green\">17350 rows affected.</span>"
      ],
      "text/plain": [
       "17350 rows affected."
      ]
     },
     "metadata": {},
     "output_type": "display_data"
    }
   ],
   "source": [
    "%%sql --save query_0 result_0 <<\n",
    "SELECT * \n",
    "FROM people AS p \n",
    "INNER JOIN collegeplaying AS cp \n",
    "    ON p.playerid = cp.playerid"
   ]
  },
  {
   "cell_type": "code",
   "execution_count": 64,
   "metadata": {
    "tags": []
   },
   "outputs": [
    {
     "data": {
      "text/html": [
       "<div>\n",
       "<style scoped>\n",
       "    .dataframe tbody tr th:only-of-type {\n",
       "        vertical-align: middle;\n",
       "    }\n",
       "\n",
       "    .dataframe tbody tr th {\n",
       "        vertical-align: top;\n",
       "    }\n",
       "\n",
       "    .dataframe thead th {\n",
       "        text-align: right;\n",
       "    }\n",
       "</style>\n",
       "<table border=\"1\" class=\"dataframe\">\n",
       "  <thead>\n",
       "    <tr style=\"text-align: right;\">\n",
       "      <th></th>\n",
       "      <th>playerid</th>\n",
       "      <th>birthyear</th>\n",
       "      <th>birthmonth</th>\n",
       "      <th>birthday</th>\n",
       "      <th>birthcountry</th>\n",
       "      <th>birthstate</th>\n",
       "      <th>birthcity</th>\n",
       "      <th>deathyear</th>\n",
       "      <th>deathmonth</th>\n",
       "      <th>deathday</th>\n",
       "      <th>...</th>\n",
       "      <th>height</th>\n",
       "      <th>bats</th>\n",
       "      <th>throws</th>\n",
       "      <th>debut</th>\n",
       "      <th>finalgame</th>\n",
       "      <th>retroid</th>\n",
       "      <th>bbrefid</th>\n",
       "      <th>playerid</th>\n",
       "      <th>schoolid</th>\n",
       "      <th>yearid</th>\n",
       "    </tr>\n",
       "  </thead>\n",
       "  <tbody>\n",
       "    <tr>\n",
       "      <th>0</th>\n",
       "      <td>aardsda01</td>\n",
       "      <td>1981</td>\n",
       "      <td>12.0</td>\n",
       "      <td>27.0</td>\n",
       "      <td>USA</td>\n",
       "      <td>CO</td>\n",
       "      <td>Denver</td>\n",
       "      <td>NaN</td>\n",
       "      <td>NaN</td>\n",
       "      <td>NaN</td>\n",
       "      <td>...</td>\n",
       "      <td>75.0</td>\n",
       "      <td>R</td>\n",
       "      <td>R</td>\n",
       "      <td>2004-04-06</td>\n",
       "      <td>2015-08-23</td>\n",
       "      <td>aardd001</td>\n",
       "      <td>aardsda01</td>\n",
       "      <td>aardsda01</td>\n",
       "      <td>pennst</td>\n",
       "      <td>2001</td>\n",
       "    </tr>\n",
       "    <tr>\n",
       "      <th>1</th>\n",
       "      <td>aardsda01</td>\n",
       "      <td>1981</td>\n",
       "      <td>12.0</td>\n",
       "      <td>27.0</td>\n",
       "      <td>USA</td>\n",
       "      <td>CO</td>\n",
       "      <td>Denver</td>\n",
       "      <td>NaN</td>\n",
       "      <td>NaN</td>\n",
       "      <td>NaN</td>\n",
       "      <td>...</td>\n",
       "      <td>75.0</td>\n",
       "      <td>R</td>\n",
       "      <td>R</td>\n",
       "      <td>2004-04-06</td>\n",
       "      <td>2015-08-23</td>\n",
       "      <td>aardd001</td>\n",
       "      <td>aardsda01</td>\n",
       "      <td>aardsda01</td>\n",
       "      <td>rice</td>\n",
       "      <td>2002</td>\n",
       "    </tr>\n",
       "    <tr>\n",
       "      <th>2</th>\n",
       "      <td>aardsda01</td>\n",
       "      <td>1981</td>\n",
       "      <td>12.0</td>\n",
       "      <td>27.0</td>\n",
       "      <td>USA</td>\n",
       "      <td>CO</td>\n",
       "      <td>Denver</td>\n",
       "      <td>NaN</td>\n",
       "      <td>NaN</td>\n",
       "      <td>NaN</td>\n",
       "      <td>...</td>\n",
       "      <td>75.0</td>\n",
       "      <td>R</td>\n",
       "      <td>R</td>\n",
       "      <td>2004-04-06</td>\n",
       "      <td>2015-08-23</td>\n",
       "      <td>aardd001</td>\n",
       "      <td>aardsda01</td>\n",
       "      <td>aardsda01</td>\n",
       "      <td>rice</td>\n",
       "      <td>2003</td>\n",
       "    </tr>\n",
       "  </tbody>\n",
       "</table>\n",
       "<p>3 rows × 27 columns</p>\n",
       "</div>"
      ],
      "text/plain": [
       "    playerid  birthyear  birthmonth  birthday birthcountry birthstate  \\\n",
       "0  aardsda01       1981        12.0      27.0          USA         CO   \n",
       "1  aardsda01       1981        12.0      27.0          USA         CO   \n",
       "2  aardsda01       1981        12.0      27.0          USA         CO   \n",
       "\n",
       "  birthcity  deathyear  deathmonth  deathday  ... height bats throws  \\\n",
       "0    Denver        NaN         NaN       NaN  ...   75.0    R      R   \n",
       "1    Denver        NaN         NaN       NaN  ...   75.0    R      R   \n",
       "2    Denver        NaN         NaN       NaN  ...   75.0    R      R   \n",
       "\n",
       "        debut   finalgame   retroid    bbrefid   playerid schoolid yearid  \n",
       "0  2004-04-06  2015-08-23  aardd001  aardsda01  aardsda01   pennst   2001  \n",
       "1  2004-04-06  2015-08-23  aardd001  aardsda01  aardsda01     rice   2002  \n",
       "2  2004-04-06  2015-08-23  aardd001  aardsda01  aardsda01     rice   2003  \n",
       "\n",
       "[3 rows x 27 columns]"
      ]
     },
     "execution_count": 64,
     "metadata": {},
     "output_type": "execute_result"
    }
   ],
   "source": [
    "# Do not delete/edit this cell!\n",
    "# You must run this cell before running the autograder.\n",
    "query_0 = %sqlcmd snippets query_0\n",
    "grading_util.save_results(\"result_0\", query_0, result_0);\n",
    "result_0.DataFrame().head(3)"
   ]
  },
  {
   "cell_type": "code",
   "execution_count": 65,
   "metadata": {
    "tags": []
   },
   "outputs": [
    {
     "data": {
      "text/html": [
       "<span style=\"None\">Running query in &#x27;postgresql://jovyan@127.0.0.1:5432/baseball&#x27;</span>"
      ],
      "text/plain": [
       "Running query in 'postgresql://jovyan@127.0.0.1:5432/baseball'"
      ]
     },
     "metadata": {},
     "output_type": "display_data"
    },
    {
     "data": {
      "text/html": [
       "<span style=\"color: green\">8 rows affected.</span>"
      ],
      "text/plain": [
       "8 rows affected."
      ]
     },
     "metadata": {},
     "output_type": "display_data"
    },
    {
     "data": {
      "text/html": [
       "<table>\n",
       "    <thead>\n",
       "        <tr>\n",
       "            <th>QUERY PLAN</th>\n",
       "        </tr>\n",
       "    </thead>\n",
       "    <tbody>\n",
       "        <tr>\n",
       "            <td>Hash Join  (cost=861.83..1193.88 rows=17350 width=167) (actual time=6.401..14.544 rows=17350 loops=1)</td>\n",
       "        </tr>\n",
       "        <tr>\n",
       "            <td>&nbsp;&nbsp;Hash Cond: ((cp.playerid)::text = (p.playerid)::text)</td>\n",
       "        </tr>\n",
       "        <tr>\n",
       "            <td>&nbsp;&nbsp;->  Seq Scan on collegeplaying cp  (cost=0.00..286.50 rows=17350 width=21) (actual time=0.006..1.009 rows=17350 loops=1)</td>\n",
       "        </tr>\n",
       "        <tr>\n",
       "            <td>&nbsp;&nbsp;->  Hash  (cost=619.70..619.70 rows=19370 width=146) (actual time=6.272..6.274 rows=19370 loops=1)</td>\n",
       "        </tr>\n",
       "        <tr>\n",
       "            <td>&nbsp;&nbsp;&nbsp;&nbsp;&nbsp;&nbsp;&nbsp;&nbsp;Buckets: 32768  Batches: 1  Memory Usage: 3633kB</td>\n",
       "        </tr>\n",
       "        <tr>\n",
       "            <td>&nbsp;&nbsp;&nbsp;&nbsp;&nbsp;&nbsp;&nbsp;&nbsp;->  Seq Scan on people p  (cost=0.00..619.70 rows=19370 width=146) (actual time=0.003..1.319 rows=19370 loops=1)</td>\n",
       "        </tr>\n",
       "        <tr>\n",
       "            <td>Planning Time: 0.275 ms</td>\n",
       "        </tr>\n",
       "        <tr>\n",
       "            <td>Execution Time: 15.342 ms</td>\n",
       "        </tr>\n",
       "    </tbody>\n",
       "</table>"
      ],
      "text/plain": [
       "+----------------------------------------------------------------------------------------------------------------------------+\n",
       "|                                                         QUERY PLAN                                                         |\n",
       "+----------------------------------------------------------------------------------------------------------------------------+\n",
       "|           Hash Join  (cost=861.83..1193.88 rows=17350 width=167) (actual time=6.401..14.544 rows=17350 loops=1)            |\n",
       "|                                    Hash Cond: ((cp.playerid)::text = (p.playerid)::text)                                   |\n",
       "|   ->  Seq Scan on collegeplaying cp  (cost=0.00..286.50 rows=17350 width=21) (actual time=0.006..1.009 rows=17350 loops=1) |\n",
       "|              ->  Hash  (cost=619.70..619.70 rows=19370 width=146) (actual time=6.272..6.274 rows=19370 loops=1)            |\n",
       "|                                          Buckets: 32768  Batches: 1  Memory Usage: 3633kB                                  |\n",
       "|          ->  Seq Scan on people p  (cost=0.00..619.70 rows=19370 width=146) (actual time=0.003..1.319 rows=19370 loops=1)  |\n",
       "|                                                  Planning Time: 0.275 ms                                                   |\n",
       "|                                                 Execution Time: 15.342 ms                                                  |\n",
       "+----------------------------------------------------------------------------------------------------------------------------+"
      ]
     },
     "execution_count": 65,
     "metadata": {},
     "output_type": "execute_result"
    }
   ],
   "source": [
    "%sql EXPLAIN ANALYZE {{query_0}}"
   ]
  },
  {
   "cell_type": "code",
   "execution_count": 67,
   "metadata": {
    "tags": []
   },
   "outputs": [],
   "source": [
    "sample_query_cost = 1193.88\n",
    "sample_query_timing = 15.342"
   ]
  },
  {
   "cell_type": "code",
   "execution_count": 68,
   "metadata": {
    "deletable": false,
    "editable": false
   },
   "outputs": [
    {
     "data": {
      "text/html": [
       "<p><strong><pre style='display: inline;'>q0</pre></strong> passed! 🙌</p>"
      ],
      "text/plain": [
       "q0 results: All test cases passed!"
      ]
     },
     "execution_count": 68,
     "metadata": {},
     "output_type": "execute_result"
    }
   ],
   "source": [
    "grader.check(\"q0\")"
   ]
  },
  {
   "cell_type": "markdown",
   "metadata": {},
   "source": [
    "<br/><br/><br/>\n",
    "\n",
    "<hr style=\"border: 5px solid #003262;\" />\n",
    "<hr style=\"border: 1px solid #fdb515;\" />\n",
    "\n",
    "# Question 1: Queries and Views, Part 1\n",
    "\n",
    "In Questions 1 and 2, you will compare and contrast writing queries with subqueries and views.\n",
    "\n",
    "## Question 1a\n",
    "Write a query that finds `namefirst`, `namelast`, `playerid` and `yearid` of all people who were successfully inducted into the Hall of Fame. **Note**: Your query should **NOT** use any sub-queries."
   ]
  },
  {
   "cell_type": "code",
   "execution_count": 69,
   "metadata": {
    "scrolled": true,
    "tags": []
   },
   "outputs": [
    {
     "data": {
      "text/html": [
       "<span style=\"None\">Running query in &#x27;postgresql://jovyan@127.0.0.1:5432/baseball&#x27;</span>"
      ],
      "text/plain": [
       "Running query in 'postgresql://jovyan@127.0.0.1:5432/baseball'"
      ]
     },
     "metadata": {},
     "output_type": "display_data"
    },
    {
     "data": {
      "text/html": [
       "<span style=\"color: green\">323 rows affected.</span>"
      ],
      "text/plain": [
       "323 rows affected."
      ]
     },
     "metadata": {},
     "output_type": "display_data"
    }
   ],
   "source": [
    "%%sql --save query_1a result_1a <<\n",
    "SELECT namefirst, namelast, h.playerid, yearid \n",
    "FROM halloffame AS h\n",
    "INNER JOIN people AS p\n",
    "    ON h.playerid = p.playerid\n",
    "WHERE h.inducted LIKE 'Y';"
   ]
  },
  {
   "cell_type": "code",
   "execution_count": 70,
   "metadata": {
    "tags": []
   },
   "outputs": [
    {
     "data": {
      "text/html": [
       "<div>\n",
       "<style scoped>\n",
       "    .dataframe tbody tr th:only-of-type {\n",
       "        vertical-align: middle;\n",
       "    }\n",
       "\n",
       "    .dataframe tbody tr th {\n",
       "        vertical-align: top;\n",
       "    }\n",
       "\n",
       "    .dataframe thead th {\n",
       "        text-align: right;\n",
       "    }\n",
       "</style>\n",
       "<table border=\"1\" class=\"dataframe\">\n",
       "  <thead>\n",
       "    <tr style=\"text-align: right;\">\n",
       "      <th></th>\n",
       "      <th>namefirst</th>\n",
       "      <th>namelast</th>\n",
       "      <th>playerid</th>\n",
       "      <th>yearid</th>\n",
       "    </tr>\n",
       "  </thead>\n",
       "  <tbody>\n",
       "    <tr>\n",
       "      <th>0</th>\n",
       "      <td>Ty</td>\n",
       "      <td>Cobb</td>\n",
       "      <td>cobbty01</td>\n",
       "      <td>1936</td>\n",
       "    </tr>\n",
       "    <tr>\n",
       "      <th>1</th>\n",
       "      <td>Babe</td>\n",
       "      <td>Ruth</td>\n",
       "      <td>ruthba01</td>\n",
       "      <td>1936</td>\n",
       "    </tr>\n",
       "    <tr>\n",
       "      <th>2</th>\n",
       "      <td>Honus</td>\n",
       "      <td>Wagner</td>\n",
       "      <td>wagneho01</td>\n",
       "      <td>1936</td>\n",
       "    </tr>\n",
       "  </tbody>\n",
       "</table>\n",
       "</div>"
      ],
      "text/plain": [
       "  namefirst namelast   playerid  yearid\n",
       "0        Ty     Cobb   cobbty01    1936\n",
       "1      Babe     Ruth   ruthba01    1936\n",
       "2     Honus   Wagner  wagneho01    1936"
      ]
     },
     "execution_count": 70,
     "metadata": {},
     "output_type": "execute_result"
    }
   ],
   "source": [
    "# Do not delete/edit this cell!\n",
    "# You must run this cell before running the autograder.\n",
    "query_1a = %sqlcmd snippets query_1a\n",
    "grading_util.save_results(\"result_1a\", query_1a, result_1a)\n",
    "result_1a.DataFrame().head(3)"
   ]
  },
  {
   "cell_type": "code",
   "execution_count": 71,
   "metadata": {
    "deletable": false,
    "editable": false
   },
   "outputs": [
    {
     "data": {
      "text/html": [
       "<p><strong><pre style='display: inline;'>q1a</pre></strong> passed! 🌈</p>"
      ],
      "text/plain": [
       "q1a results: All test cases passed!"
      ]
     },
     "execution_count": 71,
     "metadata": {},
     "output_type": "execute_result"
    }
   ],
   "source": [
    "grader.check(\"q1a\")"
   ]
  },
  {
   "cell_type": "markdown",
   "metadata": {
    "deletable": false,
    "editable": false
   },
   "source": [
    "<br><br>\n",
    "\n",
    "---\n",
    "\n",
    "## Question 1b\n",
    "In this question, we will compare the query you wrote in `Question 1a` against the provided query below in `Question 1bi` by inspecting both query plans.\n",
    "\n",
    "#### Question 1bi: \n",
    "Inspect the query plan for `provided_query` and the query you wrote in `Question 1a` by running the cells below."
   ]
  },
  {
   "cell_type": "code",
   "execution_count": 72,
   "metadata": {
    "deletable": false,
    "editable": false
   },
   "outputs": [
    {
     "data": {
      "text/html": [
       "<span style=\"None\">Running query in &#x27;postgresql://jovyan@127.0.0.1:5432/baseball&#x27;</span>"
      ],
      "text/plain": [
       "Running query in 'postgresql://jovyan@127.0.0.1:5432/baseball'"
      ]
     },
     "metadata": {},
     "output_type": "display_data"
    },
    {
     "data": {
      "text/html": [
       "<span style=\"color: green\">323 rows affected.</span>"
      ],
      "text/plain": [
       "323 rows affected."
      ]
     },
     "metadata": {},
     "output_type": "display_data"
    }
   ],
   "source": [
    "%%sql --save provided_query result_provided <<\n",
    "-- just run this cell\n",
    "SELECT namefirst, namelast, p.playerid, yearid\n",
    "FROM people AS p, (SELECT * FROM halloffame WHERE inducted = 'Y') AS hof \n",
    "WHERE p.playerid = hof.playerid;"
   ]
  },
  {
   "cell_type": "code",
   "execution_count": 83,
   "metadata": {
    "deletable": false,
    "editable": false,
    "scrolled": true
   },
   "outputs": [
    {
     "data": {
      "text/html": [
       "<span style=\"None\">Running query in &#x27;postgresql://jovyan@127.0.0.1:5432/baseball&#x27;</span>"
      ],
      "text/plain": [
       "Running query in 'postgresql://jovyan@127.0.0.1:5432/baseball'"
      ]
     },
     "metadata": {},
     "output_type": "display_data"
    },
    {
     "data": {
      "text/html": [
       "<span style=\"color: green\">10 rows affected.</span>"
      ],
      "text/plain": [
       "10 rows affected."
      ]
     },
     "metadata": {},
     "output_type": "display_data"
    },
    {
     "data": {
      "text/html": [
       "<table>\n",
       "    <thead>\n",
       "        <tr>\n",
       "            <th>QUERY PLAN</th>\n",
       "        </tr>\n",
       "    </thead>\n",
       "    <tbody>\n",
       "        <tr>\n",
       "            <td>Hash Join  (cost=861.83..959.06 rows=323 width=25) (actual time=8.242..8.776 rows=323 loops=1)</td>\n",
       "        </tr>\n",
       "        <tr>\n",
       "            <td>&nbsp;&nbsp;Hash Cond: ((halloffame.playerid)::text = (p.playerid)::text)</td>\n",
       "        </tr>\n",
       "        <tr>\n",
       "            <td>&nbsp;&nbsp;->  Seq Scan on halloffame  (cost=0.00..96.39 rows=323 width=13) (actual time=0.007..0.443 rows=323 loops=1)</td>\n",
       "        </tr>\n",
       "        <tr>\n",
       "            <td>&nbsp;&nbsp;&nbsp;&nbsp;&nbsp;&nbsp;&nbsp;&nbsp;Filter: ((inducted)::text = 'Y'::text)</td>\n",
       "        </tr>\n",
       "        <tr>\n",
       "            <td>&nbsp;&nbsp;&nbsp;&nbsp;&nbsp;&nbsp;&nbsp;&nbsp;Rows Removed by Filter: 3868</td>\n",
       "        </tr>\n",
       "        <tr>\n",
       "            <td>&nbsp;&nbsp;->  Hash  (cost=619.70..619.70 rows=19370 width=21) (actual time=8.108..8.108 rows=19370 loops=1)</td>\n",
       "        </tr>\n",
       "        <tr>\n",
       "            <td>&nbsp;&nbsp;&nbsp;&nbsp;&nbsp;&nbsp;&nbsp;&nbsp;Buckets: 32768  Batches: 1  Memory Usage: 1293kB</td>\n",
       "        </tr>\n",
       "        <tr>\n",
       "            <td>&nbsp;&nbsp;&nbsp;&nbsp;&nbsp;&nbsp;&nbsp;&nbsp;->  Seq Scan on people p  (cost=0.00..619.70 rows=19370 width=21) (actual time=0.003..4.030 rows=19370 loops=1)</td>\n",
       "        </tr>\n",
       "        <tr>\n",
       "            <td>Planning Time: 0.249 ms</td>\n",
       "        </tr>\n",
       "        <tr>\n",
       "            <td>Execution Time: 8.907 ms</td>\n",
       "        </tr>\n",
       "    </tbody>\n",
       "</table>"
      ],
      "text/plain": [
       "+-------------------------------------------------------------------------------------------------------------------------+\n",
       "|                                                        QUERY PLAN                                                       |\n",
       "+-------------------------------------------------------------------------------------------------------------------------+\n",
       "|              Hash Join  (cost=861.83..959.06 rows=323 width=25) (actual time=8.242..8.776 rows=323 loops=1)             |\n",
       "|                               Hash Cond: ((halloffame.playerid)::text = (p.playerid)::text)                             |\n",
       "|        ->  Seq Scan on halloffame  (cost=0.00..96.39 rows=323 width=13) (actual time=0.007..0.443 rows=323 loops=1)     |\n",
       "|                                              Filter: ((inducted)::text = 'Y'::text)                                     |\n",
       "|                                                   Rows Removed by Filter: 3868                                          |\n",
       "|             ->  Hash  (cost=619.70..619.70 rows=19370 width=21) (actual time=8.108..8.108 rows=19370 loops=1)           |\n",
       "|                                         Buckets: 32768  Batches: 1  Memory Usage: 1293kB                                |\n",
       "|         ->  Seq Scan on people p  (cost=0.00..619.70 rows=19370 width=21) (actual time=0.003..4.030 rows=19370 loops=1) |\n",
       "|                                                 Planning Time: 0.249 ms                                                 |\n",
       "|                                                 Execution Time: 8.907 ms                                                |\n",
       "+-------------------------------------------------------------------------------------------------------------------------+"
      ]
     },
     "execution_count": 83,
     "metadata": {},
     "output_type": "execute_result"
    }
   ],
   "source": [
    "# just run this cell \n",
    "provided_query = %sqlcmd snippets provided_query\n",
    "%sql EXPLAIN ANALYZE {{provided_query.strip(';')}}"
   ]
  },
  {
   "cell_type": "code",
   "execution_count": 84,
   "metadata": {
    "deletable": false,
    "editable": false
   },
   "outputs": [
    {
     "data": {
      "text/html": [
       "<span style=\"None\">Running query in &#x27;postgresql://jovyan@127.0.0.1:5432/baseball&#x27;</span>"
      ],
      "text/plain": [
       "Running query in 'postgresql://jovyan@127.0.0.1:5432/baseball'"
      ]
     },
     "metadata": {},
     "output_type": "display_data"
    },
    {
     "data": {
      "text/html": [
       "<span style=\"color: green\">10 rows affected.</span>"
      ],
      "text/plain": [
       "10 rows affected."
      ]
     },
     "metadata": {},
     "output_type": "display_data"
    },
    {
     "data": {
      "text/html": [
       "<table>\n",
       "    <thead>\n",
       "        <tr>\n",
       "            <th>QUERY PLAN</th>\n",
       "        </tr>\n",
       "    </thead>\n",
       "    <tbody>\n",
       "        <tr>\n",
       "            <td>Hash Join  (cost=861.83..959.06 rows=323 width=25) (actual time=7.799..8.448 rows=323 loops=1)</td>\n",
       "        </tr>\n",
       "        <tr>\n",
       "            <td>&nbsp;&nbsp;Hash Cond: ((h.playerid)::text = (p.playerid)::text)</td>\n",
       "        </tr>\n",
       "        <tr>\n",
       "            <td>&nbsp;&nbsp;->  Seq Scan on halloffame h  (cost=0.00..96.39 rows=323 width=13) (actual time=0.009..0.545 rows=323 loops=1)</td>\n",
       "        </tr>\n",
       "        <tr>\n",
       "            <td>&nbsp;&nbsp;&nbsp;&nbsp;&nbsp;&nbsp;&nbsp;&nbsp;Filter: ((inducted)::text ~~ 'Y'::text)</td>\n",
       "        </tr>\n",
       "        <tr>\n",
       "            <td>&nbsp;&nbsp;&nbsp;&nbsp;&nbsp;&nbsp;&nbsp;&nbsp;Rows Removed by Filter: 3868</td>\n",
       "        </tr>\n",
       "        <tr>\n",
       "            <td>&nbsp;&nbsp;->  Hash  (cost=619.70..619.70 rows=19370 width=21) (actual time=7.642..7.644 rows=19370 loops=1)</td>\n",
       "        </tr>\n",
       "        <tr>\n",
       "            <td>&nbsp;&nbsp;&nbsp;&nbsp;&nbsp;&nbsp;&nbsp;&nbsp;Buckets: 32768  Batches: 1  Memory Usage: 1293kB</td>\n",
       "        </tr>\n",
       "        <tr>\n",
       "            <td>&nbsp;&nbsp;&nbsp;&nbsp;&nbsp;&nbsp;&nbsp;&nbsp;->  Seq Scan on people p  (cost=0.00..619.70 rows=19370 width=21) (actual time=0.004..3.922 rows=19370 loops=1)</td>\n",
       "        </tr>\n",
       "        <tr>\n",
       "            <td>Planning Time: 0.244 ms</td>\n",
       "        </tr>\n",
       "        <tr>\n",
       "            <td>Execution Time: 8.577 ms</td>\n",
       "        </tr>\n",
       "    </tbody>\n",
       "</table>"
      ],
      "text/plain": [
       "+-------------------------------------------------------------------------------------------------------------------------+\n",
       "|                                                        QUERY PLAN                                                       |\n",
       "+-------------------------------------------------------------------------------------------------------------------------+\n",
       "|              Hash Join  (cost=861.83..959.06 rows=323 width=25) (actual time=7.799..8.448 rows=323 loops=1)             |\n",
       "|                                    Hash Cond: ((h.playerid)::text = (p.playerid)::text)                                 |\n",
       "|       ->  Seq Scan on halloffame h  (cost=0.00..96.39 rows=323 width=13) (actual time=0.009..0.545 rows=323 loops=1)    |\n",
       "|                                             Filter: ((inducted)::text ~~ 'Y'::text)                                     |\n",
       "|                                                   Rows Removed by Filter: 3868                                          |\n",
       "|             ->  Hash  (cost=619.70..619.70 rows=19370 width=21) (actual time=7.642..7.644 rows=19370 loops=1)           |\n",
       "|                                         Buckets: 32768  Batches: 1  Memory Usage: 1293kB                                |\n",
       "|         ->  Seq Scan on people p  (cost=0.00..619.70 rows=19370 width=21) (actual time=0.004..3.922 rows=19370 loops=1) |\n",
       "|                                                 Planning Time: 0.244 ms                                                 |\n",
       "|                                                 Execution Time: 8.577 ms                                                |\n",
       "+-------------------------------------------------------------------------------------------------------------------------+"
      ]
     },
     "execution_count": 84,
     "metadata": {},
     "output_type": "execute_result"
    }
   ],
   "source": [
    "# just run this cell\n",
    "%sql EXPLAIN ANALYZE {{query_1a}}"
   ]
  },
  {
   "cell_type": "markdown",
   "metadata": {
    "deletable": false,
    "editable": false
   },
   "source": [
    "Record the **execution time** and **cost** for each query."
   ]
  },
  {
   "cell_type": "code",
   "execution_count": 85,
   "metadata": {
    "tags": []
   },
   "outputs": [],
   "source": [
    "provided_query_cost = 959.06\n",
    "provided_query_timing = 8.907\n",
    "your_query_cost = 959.06\n",
    "your_query_timing = 8.577"
   ]
  },
  {
   "cell_type": "code",
   "execution_count": 86,
   "metadata": {
    "deletable": false,
    "editable": false
   },
   "outputs": [
    {
     "data": {
      "text/html": [
       "<p><strong><pre style='display: inline;'>q1bi</pre></strong> passed! 🌟</p>"
      ],
      "text/plain": [
       "q1bi results: All test cases passed!"
      ]
     },
     "execution_count": 86,
     "metadata": {},
     "output_type": "execute_result"
    }
   ],
   "source": [
    "grader.check(\"q1bi\")"
   ]
  },
  {
   "cell_type": "markdown",
   "metadata": {
    "deletable": false,
    "editable": false
   },
   "source": [
    "\n",
    "#### Question 1bii:\n",
    "Given your findings from inspecting the query plans of the two queries, answer the following question. Assign the variable `q1b_part2` to a list of all of the below statements that are true.\n",
    "\n",
    "\n",
    "Consider the following statements:\n",
    "<br>\n",
    "A. Both the queries have the same cost\n",
    "<br>\n",
    "B. The provided query has a faster execution time because it makes use of a subquery.\n",
    "<br>\n",
    "C. The query you wrote has a faster execution time because it does not make use a subquery.\n",
    "<br>\n",
    "D. The provided query has less cost because it makes use of a subquery.\n",
    "<br>\n",
    "E. The query you wrote has less cost because it does not make use a subquery.\n",
    "<br>\n",
    "F. The queries have the same output.\n",
    "<br>\n",
    "G. The queries do not have the same output.\n",
    "    \n",
    "**Note:** Your answer should look like `q1b_part2 = ['A', 'B']`"
   ]
  },
  {
   "cell_type": "code",
   "execution_count": 87,
   "metadata": {
    "tags": []
   },
   "outputs": [],
   "source": [
    "q1b_part2 = ['A', 'C', 'F']"
   ]
  },
  {
   "cell_type": "code",
   "execution_count": 88,
   "metadata": {
    "deletable": false,
    "editable": false
   },
   "outputs": [
    {
     "data": {
      "text/html": [
       "<p><strong><pre style='display: inline;'>q1bii</pre></strong> passed! 🌈</p>"
      ],
      "text/plain": [
       "q1bii results: All test cases passed!"
      ]
     },
     "execution_count": 88,
     "metadata": {},
     "output_type": "execute_result"
    }
   ],
   "source": [
    "grader.check(\"q1bii\")"
   ]
  },
  {
   "cell_type": "markdown",
   "metadata": {},
   "source": [
    "<br/><br/><br/>\n",
    "\n",
    "<hr style=\"border: 5px solid #003262;\" />\n",
    "<hr style=\"border: 1px solid #fdb515;\" />\n",
    "\n",
    "\n",
    "# Question 2: Queries and Views, Part 2\n",
    "\n",
    "In this question, you will continue analyzing queries with/without views and materialized views.\n",
    "* Question 2a: Write a query that computes people in a Hall of Fame.\n",
    "* Question 2 Tutorial: Use this query to create a view called `inducted_hof_ca` and a materialized view, `inducted_hof_ca_mat`.\n",
    "* Question 2b: Write three queries that achieve the same result:\n",
    "  * Question 2bi: One that uses no views.\n",
    "  * Question 2bii: One that uses the `inducted_hof_ca` view.\n",
    "  * Question 2ciii: One that uses the `inducted_hof_ca_mat` materialized view.\n",
    "* Question 2c: Record the performance of these three queries.\n",
    "* Question 2d: Analyze and discuss using queries with different types of views."
   ]
  },
  {
   "cell_type": "markdown",
   "metadata": {
    "deletable": false,
    "editable": false
   },
   "source": [
    "<br/><br/>\n",
    "\n",
    "---\n",
    "\n",
    "## Question 2a\n",
    "\n",
    "Write a query that returns the people who were successfully inducted into the Hall of Fame and played in college at a school located in California. For each player, return their `namefirst`, `namelast`, `playerid`, `schoolid`, and `yearid` ordered by the `yearid` and then the `playerid`. \n",
    "\n",
    "**Note**: For this query, `yearid` refers to player's year of induction into the Hall of Fame."
   ]
  },
  {
   "cell_type": "code",
   "execution_count": 37,
   "metadata": {
    "scrolled": true,
    "tags": []
   },
   "outputs": [
    {
     "data": {
      "text/html": [
       "<span style=\"None\">Running query in &#x27;postgresql://jovyan@127.0.0.1:5432/baseball&#x27;</span>"
      ],
      "text/plain": [
       "Running query in 'postgresql://jovyan@127.0.0.1:5432/baseball'"
      ]
     },
     "metadata": {},
     "output_type": "display_data"
    },
    {
     "data": {
      "text/html": [
       "<span style=\"color: green\">23 rows affected.</span>"
      ],
      "text/plain": [
       "23 rows affected."
      ]
     },
     "metadata": {},
     "output_type": "display_data"
    }
   ],
   "source": [
    "%%sql --save query_2a result_2a <<\n",
    "SELECT namefirst, namelast, cp.playerid AS playerid, schools.schoolid AS schoolid, hof.yearid AS yearid\n",
    "FROM schools \n",
    "INNER JOIN collegeplaying AS cp\n",
    "    ON schools.schoolid = cp.schoolid\n",
    "INNER JOIN halloffame AS hof\n",
    "    ON cp.playerid = hof.playerid\n",
    "INNER JOIN people\n",
    "    ON cp.playerid = people.playerid\n",
    "WHERE schoolstate = 'CA' AND inducted = 'Y'\n",
    "ORDER BY yearid, playerid;"
   ]
  },
  {
   "cell_type": "code",
   "execution_count": 38,
   "metadata": {
    "tags": []
   },
   "outputs": [
    {
     "data": {
      "text/html": [
       "<table>\n",
       "    <thead>\n",
       "        <tr>\n",
       "            <th>namefirst</th>\n",
       "            <th>namelast</th>\n",
       "            <th>playerid</th>\n",
       "            <th>schoolid</th>\n",
       "            <th>yearid</th>\n",
       "        </tr>\n",
       "    </thead>\n",
       "    <tbody>\n",
       "        <tr>\n",
       "            <td>Jackie</td>\n",
       "            <td>Robinson</td>\n",
       "            <td>robinja02</td>\n",
       "            <td>ucla</td>\n",
       "            <td>1962</td>\n",
       "        </tr>\n",
       "        <tr>\n",
       "            <td>Harry</td>\n",
       "            <td>Hooper</td>\n",
       "            <td>hoopeha01</td>\n",
       "            <td>stmarysca</td>\n",
       "            <td>1971</td>\n",
       "        </tr>\n",
       "        <tr>\n",
       "            <td>Joe</td>\n",
       "            <td>Morgan</td>\n",
       "            <td>morgajo02</td>\n",
       "            <td>camerri</td>\n",
       "            <td>1990</td>\n",
       "        </tr>\n",
       "        <tr>\n",
       "            <td>Tom</td>\n",
       "            <td>Seaver</td>\n",
       "            <td>seaveto01</td>\n",
       "            <td>usc</td>\n",
       "            <td>1992</td>\n",
       "        </tr>\n",
       "        <tr>\n",
       "            <td>Tom</td>\n",
       "            <td>Seaver</td>\n",
       "            <td>seaveto01</td>\n",
       "            <td>cafrecc</td>\n",
       "            <td>1992</td>\n",
       "        </tr>\n",
       "        <tr>\n",
       "            <td>Ozzie</td>\n",
       "            <td>Smith</td>\n",
       "            <td>smithoz01</td>\n",
       "            <td>calpoly</td>\n",
       "            <td>2002</td>\n",
       "        </tr>\n",
       "        <tr>\n",
       "            <td>Ozzie</td>\n",
       "            <td>Smith</td>\n",
       "            <td>smithoz01</td>\n",
       "            <td>calpoly</td>\n",
       "            <td>2002</td>\n",
       "        </tr>\n",
       "        <tr>\n",
       "            <td>Ozzie</td>\n",
       "            <td>Smith</td>\n",
       "            <td>smithoz01</td>\n",
       "            <td>calpoly</td>\n",
       "            <td>2002</td>\n",
       "        </tr>\n",
       "        <tr>\n",
       "            <td>Ozzie</td>\n",
       "            <td>Smith</td>\n",
       "            <td>smithoz01</td>\n",
       "            <td>calpoly</td>\n",
       "            <td>2002</td>\n",
       "        </tr>\n",
       "        <tr>\n",
       "            <td>Tony</td>\n",
       "            <td>Gwynn</td>\n",
       "            <td>gwynnto01</td>\n",
       "            <td>sandiegost</td>\n",
       "            <td>2007</td>\n",
       "        </tr>\n",
       "        <tr>\n",
       "            <td>Tony</td>\n",
       "            <td>Gwynn</td>\n",
       "            <td>gwynnto01</td>\n",
       "            <td>sandiegost</td>\n",
       "            <td>2007</td>\n",
       "        </tr>\n",
       "        <tr>\n",
       "            <td>Tony</td>\n",
       "            <td>Gwynn</td>\n",
       "            <td>gwynnto01</td>\n",
       "            <td>sandiegost</td>\n",
       "            <td>2007</td>\n",
       "        </tr>\n",
       "        <tr>\n",
       "            <td>Dick</td>\n",
       "            <td>Williams</td>\n",
       "            <td>willidi02</td>\n",
       "            <td>capasad</td>\n",
       "            <td>2008</td>\n",
       "        </tr>\n",
       "        <tr>\n",
       "            <td>Doug</td>\n",
       "            <td>Harvey</td>\n",
       "            <td>harvedo99</td>\n",
       "            <td>sandiegost</td>\n",
       "            <td>2010</td>\n",
       "        </tr>\n",
       "        <tr>\n",
       "            <td>Doug</td>\n",
       "            <td>Harvey</td>\n",
       "            <td>harvedo99</td>\n",
       "            <td>sandiegost</td>\n",
       "            <td>2010</td>\n",
       "        </tr>\n",
       "        <tr>\n",
       "            <td>Pat</td>\n",
       "            <td>Gillick</td>\n",
       "            <td>gillipa99</td>\n",
       "            <td>usc</td>\n",
       "            <td>2011</td>\n",
       "        </tr>\n",
       "        <tr>\n",
       "            <td>Pat</td>\n",
       "            <td>Gillick</td>\n",
       "            <td>gillipa99</td>\n",
       "            <td>usc</td>\n",
       "            <td>2011</td>\n",
       "        </tr>\n",
       "        <tr>\n",
       "            <td>Pat</td>\n",
       "            <td>Gillick</td>\n",
       "            <td>gillipa99</td>\n",
       "            <td>calavco</td>\n",
       "            <td>2011</td>\n",
       "        </tr>\n",
       "        <tr>\n",
       "            <td>Randy</td>\n",
       "            <td>Johnson</td>\n",
       "            <td>johnsra05</td>\n",
       "            <td>usc</td>\n",
       "            <td>2015</td>\n",
       "        </tr>\n",
       "        <tr>\n",
       "            <td>Randy</td>\n",
       "            <td>Johnson</td>\n",
       "            <td>johnsra05</td>\n",
       "            <td>usc</td>\n",
       "            <td>2015</td>\n",
       "        </tr>\n",
       "        <tr>\n",
       "            <td>Randy</td>\n",
       "            <td>Johnson</td>\n",
       "            <td>johnsra05</td>\n",
       "            <td>usc</td>\n",
       "            <td>2015</td>\n",
       "        </tr>\n",
       "        <tr>\n",
       "            <td>Trevor</td>\n",
       "            <td>Hoffman</td>\n",
       "            <td>hoffmtr01</td>\n",
       "            <td>cacypre</td>\n",
       "            <td>2018</td>\n",
       "        </tr>\n",
       "        <tr>\n",
       "            <td>Trevor</td>\n",
       "            <td>Hoffman</td>\n",
       "            <td>hoffmtr01</td>\n",
       "            <td>cacypre</td>\n",
       "            <td>2018</td>\n",
       "        </tr>\n",
       "    </tbody>\n",
       "</table>"
      ],
      "text/plain": [
       "+-----------+----------+-----------+------------+--------+\n",
       "| namefirst | namelast |  playerid |  schoolid  | yearid |\n",
       "+-----------+----------+-----------+------------+--------+\n",
       "|   Jackie  | Robinson | robinja02 |    ucla    |  1962  |\n",
       "|   Harry   |  Hooper  | hoopeha01 | stmarysca  |  1971  |\n",
       "|    Joe    |  Morgan  | morgajo02 |  camerri   |  1990  |\n",
       "|    Tom    |  Seaver  | seaveto01 |    usc     |  1992  |\n",
       "|    Tom    |  Seaver  | seaveto01 |  cafrecc   |  1992  |\n",
       "|   Ozzie   |  Smith   | smithoz01 |  calpoly   |  2002  |\n",
       "|   Ozzie   |  Smith   | smithoz01 |  calpoly   |  2002  |\n",
       "|   Ozzie   |  Smith   | smithoz01 |  calpoly   |  2002  |\n",
       "|   Ozzie   |  Smith   | smithoz01 |  calpoly   |  2002  |\n",
       "|    Tony   |  Gwynn   | gwynnto01 | sandiegost |  2007  |\n",
       "|    Tony   |  Gwynn   | gwynnto01 | sandiegost |  2007  |\n",
       "|    Tony   |  Gwynn   | gwynnto01 | sandiegost |  2007  |\n",
       "|    Dick   | Williams | willidi02 |  capasad   |  2008  |\n",
       "|    Doug   |  Harvey  | harvedo99 | sandiegost |  2010  |\n",
       "|    Doug   |  Harvey  | harvedo99 | sandiegost |  2010  |\n",
       "|    Pat    | Gillick  | gillipa99 |    usc     |  2011  |\n",
       "|    Pat    | Gillick  | gillipa99 |    usc     |  2011  |\n",
       "|    Pat    | Gillick  | gillipa99 |  calavco   |  2011  |\n",
       "|   Randy   | Johnson  | johnsra05 |    usc     |  2015  |\n",
       "|   Randy   | Johnson  | johnsra05 |    usc     |  2015  |\n",
       "|   Randy   | Johnson  | johnsra05 |    usc     |  2015  |\n",
       "|   Trevor  | Hoffman  | hoffmtr01 |  cacypre   |  2018  |\n",
       "|   Trevor  | Hoffman  | hoffmtr01 |  cacypre   |  2018  |\n",
       "+-----------+----------+-----------+------------+--------+"
      ]
     },
     "execution_count": 38,
     "metadata": {},
     "output_type": "execute_result"
    }
   ],
   "source": [
    "# Do not delete/edit this cell!\n",
    "# You must run this cell before running the autograder.\n",
    "query_2a = %sqlcmd snippets query_2a\n",
    "grading_util.save_results(\"result_2a\", query_2a, result_2a)\n",
    "result_2a"
   ]
  },
  {
   "cell_type": "code",
   "execution_count": 39,
   "metadata": {
    "deletable": false,
    "editable": false
   },
   "outputs": [
    {
     "data": {
      "text/html": [
       "<p><strong><pre style='display: inline;'>q2a</pre></strong> passed! 🌈</p>"
      ],
      "text/plain": [
       "q2a results: All test cases passed!"
      ]
     },
     "execution_count": 39,
     "metadata": {},
     "output_type": "execute_result"
    }
   ],
   "source": [
    "grader.check(\"q2a\")"
   ]
  },
  {
   "cell_type": "markdown",
   "metadata": {},
   "source": [
    "<br/><br/>\n",
    "\n",
    "---\n",
    "\n",
    "## Question 2 Tutorial"
   ]
  },
  {
   "cell_type": "markdown",
   "metadata": {},
   "source": [
    "We are now going to use the query you wrote in the previous part to generate a view, called `inducted_hof_ca`, and a materialized view, `inducted_hof_ca_mat`.\n",
    "\n",
    "Run the below cells. You do not need to do anything more for this part. \n",
    "\n",
    "(Note: the semicolon strip is to avoid executing an empty query with double-semicolons, which causes an error.)"
   ]
  },
  {
   "cell_type": "code",
   "execution_count": 40,
   "metadata": {},
   "outputs": [
    {
     "data": {
      "text/html": [
       "<span style=\"None\">Running query in &#x27;postgresql://jovyan@127.0.0.1:5432/baseball&#x27;</span>"
      ],
      "text/plain": [
       "Running query in 'postgresql://jovyan@127.0.0.1:5432/baseball'"
      ]
     },
     "metadata": {},
     "output_type": "display_data"
    },
    {
     "data": {
      "text/html": [
       "<span style=\"color: green\">23 rows affected.</span>"
      ],
      "text/plain": [
       "23 rows affected."
      ]
     },
     "metadata": {},
     "output_type": "display_data"
    },
    {
     "data": {
      "text/html": [
       "<table>\n",
       "    <thead>\n",
       "        <tr>\n",
       "            <th>namefirst</th>\n",
       "            <th>namelast</th>\n",
       "            <th>playerid</th>\n",
       "            <th>schoolid</th>\n",
       "            <th>yearid</th>\n",
       "        </tr>\n",
       "    </thead>\n",
       "    <tbody>\n",
       "        <tr>\n",
       "            <td>Jackie</td>\n",
       "            <td>Robinson</td>\n",
       "            <td>robinja02</td>\n",
       "            <td>ucla</td>\n",
       "            <td>1962</td>\n",
       "        </tr>\n",
       "        <tr>\n",
       "            <td>Harry</td>\n",
       "            <td>Hooper</td>\n",
       "            <td>hoopeha01</td>\n",
       "            <td>stmarysca</td>\n",
       "            <td>1971</td>\n",
       "        </tr>\n",
       "        <tr>\n",
       "            <td>Joe</td>\n",
       "            <td>Morgan</td>\n",
       "            <td>morgajo02</td>\n",
       "            <td>camerri</td>\n",
       "            <td>1990</td>\n",
       "        </tr>\n",
       "        <tr>\n",
       "            <td>Tom</td>\n",
       "            <td>Seaver</td>\n",
       "            <td>seaveto01</td>\n",
       "            <td>usc</td>\n",
       "            <td>1992</td>\n",
       "        </tr>\n",
       "        <tr>\n",
       "            <td>Tom</td>\n",
       "            <td>Seaver</td>\n",
       "            <td>seaveto01</td>\n",
       "            <td>cafrecc</td>\n",
       "            <td>1992</td>\n",
       "        </tr>\n",
       "        <tr>\n",
       "            <td>Ozzie</td>\n",
       "            <td>Smith</td>\n",
       "            <td>smithoz01</td>\n",
       "            <td>calpoly</td>\n",
       "            <td>2002</td>\n",
       "        </tr>\n",
       "        <tr>\n",
       "            <td>Ozzie</td>\n",
       "            <td>Smith</td>\n",
       "            <td>smithoz01</td>\n",
       "            <td>calpoly</td>\n",
       "            <td>2002</td>\n",
       "        </tr>\n",
       "        <tr>\n",
       "            <td>Ozzie</td>\n",
       "            <td>Smith</td>\n",
       "            <td>smithoz01</td>\n",
       "            <td>calpoly</td>\n",
       "            <td>2002</td>\n",
       "        </tr>\n",
       "        <tr>\n",
       "            <td>Ozzie</td>\n",
       "            <td>Smith</td>\n",
       "            <td>smithoz01</td>\n",
       "            <td>calpoly</td>\n",
       "            <td>2002</td>\n",
       "        </tr>\n",
       "        <tr>\n",
       "            <td>Tony</td>\n",
       "            <td>Gwynn</td>\n",
       "            <td>gwynnto01</td>\n",
       "            <td>sandiegost</td>\n",
       "            <td>2007</td>\n",
       "        </tr>\n",
       "        <tr>\n",
       "            <td>Tony</td>\n",
       "            <td>Gwynn</td>\n",
       "            <td>gwynnto01</td>\n",
       "            <td>sandiegost</td>\n",
       "            <td>2007</td>\n",
       "        </tr>\n",
       "        <tr>\n",
       "            <td>Tony</td>\n",
       "            <td>Gwynn</td>\n",
       "            <td>gwynnto01</td>\n",
       "            <td>sandiegost</td>\n",
       "            <td>2007</td>\n",
       "        </tr>\n",
       "        <tr>\n",
       "            <td>Dick</td>\n",
       "            <td>Williams</td>\n",
       "            <td>willidi02</td>\n",
       "            <td>capasad</td>\n",
       "            <td>2008</td>\n",
       "        </tr>\n",
       "        <tr>\n",
       "            <td>Doug</td>\n",
       "            <td>Harvey</td>\n",
       "            <td>harvedo99</td>\n",
       "            <td>sandiegost</td>\n",
       "            <td>2010</td>\n",
       "        </tr>\n",
       "        <tr>\n",
       "            <td>Doug</td>\n",
       "            <td>Harvey</td>\n",
       "            <td>harvedo99</td>\n",
       "            <td>sandiegost</td>\n",
       "            <td>2010</td>\n",
       "        </tr>\n",
       "        <tr>\n",
       "            <td>Pat</td>\n",
       "            <td>Gillick</td>\n",
       "            <td>gillipa99</td>\n",
       "            <td>usc</td>\n",
       "            <td>2011</td>\n",
       "        </tr>\n",
       "        <tr>\n",
       "            <td>Pat</td>\n",
       "            <td>Gillick</td>\n",
       "            <td>gillipa99</td>\n",
       "            <td>usc</td>\n",
       "            <td>2011</td>\n",
       "        </tr>\n",
       "        <tr>\n",
       "            <td>Pat</td>\n",
       "            <td>Gillick</td>\n",
       "            <td>gillipa99</td>\n",
       "            <td>calavco</td>\n",
       "            <td>2011</td>\n",
       "        </tr>\n",
       "        <tr>\n",
       "            <td>Randy</td>\n",
       "            <td>Johnson</td>\n",
       "            <td>johnsra05</td>\n",
       "            <td>usc</td>\n",
       "            <td>2015</td>\n",
       "        </tr>\n",
       "        <tr>\n",
       "            <td>Randy</td>\n",
       "            <td>Johnson</td>\n",
       "            <td>johnsra05</td>\n",
       "            <td>usc</td>\n",
       "            <td>2015</td>\n",
       "        </tr>\n",
       "        <tr>\n",
       "            <td>Randy</td>\n",
       "            <td>Johnson</td>\n",
       "            <td>johnsra05</td>\n",
       "            <td>usc</td>\n",
       "            <td>2015</td>\n",
       "        </tr>\n",
       "        <tr>\n",
       "            <td>Trevor</td>\n",
       "            <td>Hoffman</td>\n",
       "            <td>hoffmtr01</td>\n",
       "            <td>cacypre</td>\n",
       "            <td>2018</td>\n",
       "        </tr>\n",
       "        <tr>\n",
       "            <td>Trevor</td>\n",
       "            <td>Hoffman</td>\n",
       "            <td>hoffmtr01</td>\n",
       "            <td>cacypre</td>\n",
       "            <td>2018</td>\n",
       "        </tr>\n",
       "    </tbody>\n",
       "</table>"
      ],
      "text/plain": [
       "+-----------+----------+-----------+------------+--------+\n",
       "| namefirst | namelast |  playerid |  schoolid  | yearid |\n",
       "+-----------+----------+-----------+------------+--------+\n",
       "|   Jackie  | Robinson | robinja02 |    ucla    |  1962  |\n",
       "|   Harry   |  Hooper  | hoopeha01 | stmarysca  |  1971  |\n",
       "|    Joe    |  Morgan  | morgajo02 |  camerri   |  1990  |\n",
       "|    Tom    |  Seaver  | seaveto01 |    usc     |  1992  |\n",
       "|    Tom    |  Seaver  | seaveto01 |  cafrecc   |  1992  |\n",
       "|   Ozzie   |  Smith   | smithoz01 |  calpoly   |  2002  |\n",
       "|   Ozzie   |  Smith   | smithoz01 |  calpoly   |  2002  |\n",
       "|   Ozzie   |  Smith   | smithoz01 |  calpoly   |  2002  |\n",
       "|   Ozzie   |  Smith   | smithoz01 |  calpoly   |  2002  |\n",
       "|    Tony   |  Gwynn   | gwynnto01 | sandiegost |  2007  |\n",
       "|    Tony   |  Gwynn   | gwynnto01 | sandiegost |  2007  |\n",
       "|    Tony   |  Gwynn   | gwynnto01 | sandiegost |  2007  |\n",
       "|    Dick   | Williams | willidi02 |  capasad   |  2008  |\n",
       "|    Doug   |  Harvey  | harvedo99 | sandiegost |  2010  |\n",
       "|    Doug   |  Harvey  | harvedo99 | sandiegost |  2010  |\n",
       "|    Pat    | Gillick  | gillipa99 |    usc     |  2011  |\n",
       "|    Pat    | Gillick  | gillipa99 |    usc     |  2011  |\n",
       "|    Pat    | Gillick  | gillipa99 |  calavco   |  2011  |\n",
       "|   Randy   | Johnson  | johnsra05 |    usc     |  2015  |\n",
       "|   Randy   | Johnson  | johnsra05 |    usc     |  2015  |\n",
       "|   Randy   | Johnson  | johnsra05 |    usc     |  2015  |\n",
       "|   Trevor  | Hoffman  | hoffmtr01 |  cacypre   |  2018  |\n",
       "|   Trevor  | Hoffman  | hoffmtr01 |  cacypre   |  2018  |\n",
       "+-----------+----------+-----------+------------+--------+"
      ]
     },
     "execution_count": 40,
     "metadata": {},
     "output_type": "execute_result"
    }
   ],
   "source": [
    "%%sql\n",
    "/* just run this cell */\n",
    "DROP VIEW IF EXISTS inducted_hof_ca;\n",
    "CREATE VIEW inducted_hof_ca AS {{query_2a.strip(';')}};\n",
    "SELECT * FROM inducted_hof_ca;"
   ]
  },
  {
   "cell_type": "code",
   "execution_count": 41,
   "metadata": {},
   "outputs": [
    {
     "data": {
      "text/html": [
       "<span style=\"None\">Running query in &#x27;postgresql://jovyan@127.0.0.1:5432/baseball&#x27;</span>"
      ],
      "text/plain": [
       "Running query in 'postgresql://jovyan@127.0.0.1:5432/baseball'"
      ]
     },
     "metadata": {},
     "output_type": "display_data"
    },
    {
     "data": {
      "text/html": [
       "<span style=\"color: green\">23 rows affected.</span>"
      ],
      "text/plain": [
       "23 rows affected."
      ]
     },
     "metadata": {},
     "output_type": "display_data"
    },
    {
     "data": {
      "text/html": [
       "<span style=\"color: green\">23 rows affected.</span>"
      ],
      "text/plain": [
       "23 rows affected."
      ]
     },
     "metadata": {},
     "output_type": "display_data"
    },
    {
     "data": {
      "text/html": [
       "<table>\n",
       "    <thead>\n",
       "        <tr>\n",
       "            <th>namefirst</th>\n",
       "            <th>namelast</th>\n",
       "            <th>playerid</th>\n",
       "            <th>schoolid</th>\n",
       "            <th>yearid</th>\n",
       "        </tr>\n",
       "    </thead>\n",
       "    <tbody>\n",
       "        <tr>\n",
       "            <td>Jackie</td>\n",
       "            <td>Robinson</td>\n",
       "            <td>robinja02</td>\n",
       "            <td>ucla</td>\n",
       "            <td>1962</td>\n",
       "        </tr>\n",
       "        <tr>\n",
       "            <td>Harry</td>\n",
       "            <td>Hooper</td>\n",
       "            <td>hoopeha01</td>\n",
       "            <td>stmarysca</td>\n",
       "            <td>1971</td>\n",
       "        </tr>\n",
       "        <tr>\n",
       "            <td>Joe</td>\n",
       "            <td>Morgan</td>\n",
       "            <td>morgajo02</td>\n",
       "            <td>camerri</td>\n",
       "            <td>1990</td>\n",
       "        </tr>\n",
       "        <tr>\n",
       "            <td>Tom</td>\n",
       "            <td>Seaver</td>\n",
       "            <td>seaveto01</td>\n",
       "            <td>usc</td>\n",
       "            <td>1992</td>\n",
       "        </tr>\n",
       "        <tr>\n",
       "            <td>Tom</td>\n",
       "            <td>Seaver</td>\n",
       "            <td>seaveto01</td>\n",
       "            <td>cafrecc</td>\n",
       "            <td>1992</td>\n",
       "        </tr>\n",
       "        <tr>\n",
       "            <td>Ozzie</td>\n",
       "            <td>Smith</td>\n",
       "            <td>smithoz01</td>\n",
       "            <td>calpoly</td>\n",
       "            <td>2002</td>\n",
       "        </tr>\n",
       "        <tr>\n",
       "            <td>Ozzie</td>\n",
       "            <td>Smith</td>\n",
       "            <td>smithoz01</td>\n",
       "            <td>calpoly</td>\n",
       "            <td>2002</td>\n",
       "        </tr>\n",
       "        <tr>\n",
       "            <td>Ozzie</td>\n",
       "            <td>Smith</td>\n",
       "            <td>smithoz01</td>\n",
       "            <td>calpoly</td>\n",
       "            <td>2002</td>\n",
       "        </tr>\n",
       "        <tr>\n",
       "            <td>Ozzie</td>\n",
       "            <td>Smith</td>\n",
       "            <td>smithoz01</td>\n",
       "            <td>calpoly</td>\n",
       "            <td>2002</td>\n",
       "        </tr>\n",
       "        <tr>\n",
       "            <td>Tony</td>\n",
       "            <td>Gwynn</td>\n",
       "            <td>gwynnto01</td>\n",
       "            <td>sandiegost</td>\n",
       "            <td>2007</td>\n",
       "        </tr>\n",
       "        <tr>\n",
       "            <td>Tony</td>\n",
       "            <td>Gwynn</td>\n",
       "            <td>gwynnto01</td>\n",
       "            <td>sandiegost</td>\n",
       "            <td>2007</td>\n",
       "        </tr>\n",
       "        <tr>\n",
       "            <td>Tony</td>\n",
       "            <td>Gwynn</td>\n",
       "            <td>gwynnto01</td>\n",
       "            <td>sandiegost</td>\n",
       "            <td>2007</td>\n",
       "        </tr>\n",
       "        <tr>\n",
       "            <td>Dick</td>\n",
       "            <td>Williams</td>\n",
       "            <td>willidi02</td>\n",
       "            <td>capasad</td>\n",
       "            <td>2008</td>\n",
       "        </tr>\n",
       "        <tr>\n",
       "            <td>Doug</td>\n",
       "            <td>Harvey</td>\n",
       "            <td>harvedo99</td>\n",
       "            <td>sandiegost</td>\n",
       "            <td>2010</td>\n",
       "        </tr>\n",
       "        <tr>\n",
       "            <td>Doug</td>\n",
       "            <td>Harvey</td>\n",
       "            <td>harvedo99</td>\n",
       "            <td>sandiegost</td>\n",
       "            <td>2010</td>\n",
       "        </tr>\n",
       "        <tr>\n",
       "            <td>Pat</td>\n",
       "            <td>Gillick</td>\n",
       "            <td>gillipa99</td>\n",
       "            <td>usc</td>\n",
       "            <td>2011</td>\n",
       "        </tr>\n",
       "        <tr>\n",
       "            <td>Pat</td>\n",
       "            <td>Gillick</td>\n",
       "            <td>gillipa99</td>\n",
       "            <td>usc</td>\n",
       "            <td>2011</td>\n",
       "        </tr>\n",
       "        <tr>\n",
       "            <td>Pat</td>\n",
       "            <td>Gillick</td>\n",
       "            <td>gillipa99</td>\n",
       "            <td>calavco</td>\n",
       "            <td>2011</td>\n",
       "        </tr>\n",
       "        <tr>\n",
       "            <td>Randy</td>\n",
       "            <td>Johnson</td>\n",
       "            <td>johnsra05</td>\n",
       "            <td>usc</td>\n",
       "            <td>2015</td>\n",
       "        </tr>\n",
       "        <tr>\n",
       "            <td>Randy</td>\n",
       "            <td>Johnson</td>\n",
       "            <td>johnsra05</td>\n",
       "            <td>usc</td>\n",
       "            <td>2015</td>\n",
       "        </tr>\n",
       "        <tr>\n",
       "            <td>Randy</td>\n",
       "            <td>Johnson</td>\n",
       "            <td>johnsra05</td>\n",
       "            <td>usc</td>\n",
       "            <td>2015</td>\n",
       "        </tr>\n",
       "        <tr>\n",
       "            <td>Trevor</td>\n",
       "            <td>Hoffman</td>\n",
       "            <td>hoffmtr01</td>\n",
       "            <td>cacypre</td>\n",
       "            <td>2018</td>\n",
       "        </tr>\n",
       "        <tr>\n",
       "            <td>Trevor</td>\n",
       "            <td>Hoffman</td>\n",
       "            <td>hoffmtr01</td>\n",
       "            <td>cacypre</td>\n",
       "            <td>2018</td>\n",
       "        </tr>\n",
       "    </tbody>\n",
       "</table>"
      ],
      "text/plain": [
       "+-----------+----------+-----------+------------+--------+\n",
       "| namefirst | namelast |  playerid |  schoolid  | yearid |\n",
       "+-----------+----------+-----------+------------+--------+\n",
       "|   Jackie  | Robinson | robinja02 |    ucla    |  1962  |\n",
       "|   Harry   |  Hooper  | hoopeha01 | stmarysca  |  1971  |\n",
       "|    Joe    |  Morgan  | morgajo02 |  camerri   |  1990  |\n",
       "|    Tom    |  Seaver  | seaveto01 |    usc     |  1992  |\n",
       "|    Tom    |  Seaver  | seaveto01 |  cafrecc   |  1992  |\n",
       "|   Ozzie   |  Smith   | smithoz01 |  calpoly   |  2002  |\n",
       "|   Ozzie   |  Smith   | smithoz01 |  calpoly   |  2002  |\n",
       "|   Ozzie   |  Smith   | smithoz01 |  calpoly   |  2002  |\n",
       "|   Ozzie   |  Smith   | smithoz01 |  calpoly   |  2002  |\n",
       "|    Tony   |  Gwynn   | gwynnto01 | sandiegost |  2007  |\n",
       "|    Tony   |  Gwynn   | gwynnto01 | sandiegost |  2007  |\n",
       "|    Tony   |  Gwynn   | gwynnto01 | sandiegost |  2007  |\n",
       "|    Dick   | Williams | willidi02 |  capasad   |  2008  |\n",
       "|    Doug   |  Harvey  | harvedo99 | sandiegost |  2010  |\n",
       "|    Doug   |  Harvey  | harvedo99 | sandiegost |  2010  |\n",
       "|    Pat    | Gillick  | gillipa99 |    usc     |  2011  |\n",
       "|    Pat    | Gillick  | gillipa99 |    usc     |  2011  |\n",
       "|    Pat    | Gillick  | gillipa99 |  calavco   |  2011  |\n",
       "|   Randy   | Johnson  | johnsra05 |    usc     |  2015  |\n",
       "|   Randy   | Johnson  | johnsra05 |    usc     |  2015  |\n",
       "|   Randy   | Johnson  | johnsra05 |    usc     |  2015  |\n",
       "|   Trevor  | Hoffman  | hoffmtr01 |  cacypre   |  2018  |\n",
       "|   Trevor  | Hoffman  | hoffmtr01 |  cacypre   |  2018  |\n",
       "+-----------+----------+-----------+------------+--------+"
      ]
     },
     "execution_count": 41,
     "metadata": {},
     "output_type": "execute_result"
    }
   ],
   "source": [
    "%%sql\n",
    "/* just run this cell */\n",
    "DROP MATERIALIZED VIEW IF EXISTS inducted_hof_ca_mat;\n",
    "CREATE MATERIALIZED VIEW inducted_hof_ca_mat AS {{query_2a.strip(';')}};\n",
    "SELECT * FROM inducted_hof_ca_mat;"
   ]
  },
  {
   "cell_type": "markdown",
   "metadata": {},
   "source": [
    "<br/><br/>\n",
    "\n",
    "---\n",
    "### Question 2b\n",
    "\n",
    "For this question, we want to compute the count of players who were inducted into the Hall of Fame and played baseball at a college in California for each `schoolid` and `yearid` combination ordered by ascending `yearid`.\n",
    "\n",
    "You should write three queries that accomplish this task, but with different strategies:\n",
    "* Question 2bi: Use the `inducted_hof_ca` view;\n",
    "* Question 2bii Use the `inducted_hof_ca_mat` view; and\n",
    "* Question 2biii: Do not use `inducted_hof_ca` view, `inducted_hof_ca_mat` materialized view, any common table expressions (CTEs), nor any subqueries."
   ]
  },
  {
   "cell_type": "markdown",
   "metadata": {
    "deletable": false,
    "editable": false
   },
   "source": [
    "### Question 2bi\n",
    "\n",
    "Write a query to accomplish the task above using the `inducted_hof_ca` view. Assign your result to `result_2b_view`."
   ]
  },
  {
   "cell_type": "code",
   "execution_count": 42,
   "metadata": {
    "tags": []
   },
   "outputs": [
    {
     "data": {
      "text/html": [
       "<span style=\"None\">Running query in &#x27;postgresql://jovyan@127.0.0.1:5432/baseball&#x27;</span>"
      ],
      "text/plain": [
       "Running query in 'postgresql://jovyan@127.0.0.1:5432/baseball'"
      ]
     },
     "metadata": {},
     "output_type": "display_data"
    },
    {
     "data": {
      "text/html": [
       "<span style=\"color: green\">13 rows affected.</span>"
      ],
      "text/plain": [
       "13 rows affected."
      ]
     },
     "metadata": {},
     "output_type": "display_data"
    }
   ],
   "source": [
    "%%sql --save query_2b_view result_2b_view <<\n",
    "SELECT schoolid, yearid, COUNT(*)\n",
    "FROM inducted_hof_ca\n",
    "GROUP BY schoolid, yearid\n",
    "ORDER BY yearid;"
   ]
  },
  {
   "cell_type": "code",
   "execution_count": 43,
   "metadata": {
    "tags": []
   },
   "outputs": [
    {
     "data": {
      "text/html": [
       "<table>\n",
       "    <thead>\n",
       "        <tr>\n",
       "            <th>schoolid</th>\n",
       "            <th>yearid</th>\n",
       "            <th>count</th>\n",
       "        </tr>\n",
       "    </thead>\n",
       "    <tbody>\n",
       "        <tr>\n",
       "            <td>ucla</td>\n",
       "            <td>1962</td>\n",
       "            <td>1</td>\n",
       "        </tr>\n",
       "        <tr>\n",
       "            <td>stmarysca</td>\n",
       "            <td>1971</td>\n",
       "            <td>1</td>\n",
       "        </tr>\n",
       "        <tr>\n",
       "            <td>camerri</td>\n",
       "            <td>1990</td>\n",
       "            <td>1</td>\n",
       "        </tr>\n",
       "        <tr>\n",
       "            <td>cafrecc</td>\n",
       "            <td>1992</td>\n",
       "            <td>1</td>\n",
       "        </tr>\n",
       "        <tr>\n",
       "            <td>usc</td>\n",
       "            <td>1992</td>\n",
       "            <td>1</td>\n",
       "        </tr>\n",
       "        <tr>\n",
       "            <td>calpoly</td>\n",
       "            <td>2002</td>\n",
       "            <td>4</td>\n",
       "        </tr>\n",
       "        <tr>\n",
       "            <td>sandiegost</td>\n",
       "            <td>2007</td>\n",
       "            <td>3</td>\n",
       "        </tr>\n",
       "        <tr>\n",
       "            <td>capasad</td>\n",
       "            <td>2008</td>\n",
       "            <td>1</td>\n",
       "        </tr>\n",
       "        <tr>\n",
       "            <td>sandiegost</td>\n",
       "            <td>2010</td>\n",
       "            <td>2</td>\n",
       "        </tr>\n",
       "        <tr>\n",
       "            <td>calavco</td>\n",
       "            <td>2011</td>\n",
       "            <td>1</td>\n",
       "        </tr>\n",
       "        <tr>\n",
       "            <td>usc</td>\n",
       "            <td>2011</td>\n",
       "            <td>2</td>\n",
       "        </tr>\n",
       "        <tr>\n",
       "            <td>usc</td>\n",
       "            <td>2015</td>\n",
       "            <td>3</td>\n",
       "        </tr>\n",
       "        <tr>\n",
       "            <td>cacypre</td>\n",
       "            <td>2018</td>\n",
       "            <td>2</td>\n",
       "        </tr>\n",
       "    </tbody>\n",
       "</table>"
      ],
      "text/plain": [
       "+------------+--------+-------+\n",
       "|  schoolid  | yearid | count |\n",
       "+------------+--------+-------+\n",
       "|    ucla    |  1962  |   1   |\n",
       "| stmarysca  |  1971  |   1   |\n",
       "|  camerri   |  1990  |   1   |\n",
       "|  cafrecc   |  1992  |   1   |\n",
       "|    usc     |  1992  |   1   |\n",
       "|  calpoly   |  2002  |   4   |\n",
       "| sandiegost |  2007  |   3   |\n",
       "|  capasad   |  2008  |   1   |\n",
       "| sandiegost |  2010  |   2   |\n",
       "|  calavco   |  2011  |   1   |\n",
       "|    usc     |  2011  |   2   |\n",
       "|    usc     |  2015  |   3   |\n",
       "|  cacypre   |  2018  |   2   |\n",
       "+------------+--------+-------+"
      ]
     },
     "execution_count": 43,
     "metadata": {},
     "output_type": "execute_result"
    }
   ],
   "source": [
    "# Do not delete/edit this cell!\n",
    "# You must run this cell before running the autograder.\n",
    "query_2b_view = %sqlcmd snippets query_2b_view\n",
    "grading_util.save_results(\"result_2b_view\", query_2b_view, result_2b_view)\n",
    "result_2b_view"
   ]
  },
  {
   "cell_type": "code",
   "execution_count": 44,
   "metadata": {
    "deletable": false,
    "editable": false
   },
   "outputs": [
    {
     "data": {
      "text/html": [
       "<p><strong><pre style='display: inline;'>q2bi</pre></strong> passed! ✨</p>"
      ],
      "text/plain": [
       "q2bi results: All test cases passed!"
      ]
     },
     "execution_count": 44,
     "metadata": {},
     "output_type": "execute_result"
    }
   ],
   "source": [
    "grader.check(\"q2bi\")"
   ]
  },
  {
   "cell_type": "markdown",
   "metadata": {
    "deletable": false,
    "editable": false
   },
   "source": [
    "<br/><br/>\n",
    "\n",
    "#### Question 2bii:\n",
    "\n",
    "Now, write the query a second time to use the materialized view `inducted_hof_ca_mat`. Assign your result to `result_2b_mat`."
   ]
  },
  {
   "cell_type": "code",
   "execution_count": 45,
   "metadata": {
    "scrolled": true,
    "tags": []
   },
   "outputs": [
    {
     "data": {
      "text/html": [
       "<span style=\"None\">Running query in &#x27;postgresql://jovyan@127.0.0.1:5432/baseball&#x27;</span>"
      ],
      "text/plain": [
       "Running query in 'postgresql://jovyan@127.0.0.1:5432/baseball'"
      ]
     },
     "metadata": {},
     "output_type": "display_data"
    },
    {
     "data": {
      "text/html": [
       "<span style=\"color: green\">13 rows affected.</span>"
      ],
      "text/plain": [
       "13 rows affected."
      ]
     },
     "metadata": {},
     "output_type": "display_data"
    }
   ],
   "source": [
    "%%sql --save query_2b_mat result_2b_mat <<\n",
    "SELECT schoolid, yearid, COUNT(*)\n",
    "FROM inducted_hof_ca_mat\n",
    "GROUP BY schoolid, yearid\n",
    "ORDER BY yearid;"
   ]
  },
  {
   "cell_type": "code",
   "execution_count": 46,
   "metadata": {
    "tags": []
   },
   "outputs": [
    {
     "data": {
      "text/html": [
       "<table>\n",
       "    <thead>\n",
       "        <tr>\n",
       "            <th>schoolid</th>\n",
       "            <th>yearid</th>\n",
       "            <th>count</th>\n",
       "        </tr>\n",
       "    </thead>\n",
       "    <tbody>\n",
       "        <tr>\n",
       "            <td>ucla</td>\n",
       "            <td>1962</td>\n",
       "            <td>1</td>\n",
       "        </tr>\n",
       "        <tr>\n",
       "            <td>stmarysca</td>\n",
       "            <td>1971</td>\n",
       "            <td>1</td>\n",
       "        </tr>\n",
       "        <tr>\n",
       "            <td>camerri</td>\n",
       "            <td>1990</td>\n",
       "            <td>1</td>\n",
       "        </tr>\n",
       "        <tr>\n",
       "            <td>cafrecc</td>\n",
       "            <td>1992</td>\n",
       "            <td>1</td>\n",
       "        </tr>\n",
       "        <tr>\n",
       "            <td>usc</td>\n",
       "            <td>1992</td>\n",
       "            <td>1</td>\n",
       "        </tr>\n",
       "        <tr>\n",
       "            <td>calpoly</td>\n",
       "            <td>2002</td>\n",
       "            <td>4</td>\n",
       "        </tr>\n",
       "        <tr>\n",
       "            <td>sandiegost</td>\n",
       "            <td>2007</td>\n",
       "            <td>3</td>\n",
       "        </tr>\n",
       "        <tr>\n",
       "            <td>capasad</td>\n",
       "            <td>2008</td>\n",
       "            <td>1</td>\n",
       "        </tr>\n",
       "        <tr>\n",
       "            <td>sandiegost</td>\n",
       "            <td>2010</td>\n",
       "            <td>2</td>\n",
       "        </tr>\n",
       "        <tr>\n",
       "            <td>calavco</td>\n",
       "            <td>2011</td>\n",
       "            <td>1</td>\n",
       "        </tr>\n",
       "        <tr>\n",
       "            <td>usc</td>\n",
       "            <td>2011</td>\n",
       "            <td>2</td>\n",
       "        </tr>\n",
       "        <tr>\n",
       "            <td>usc</td>\n",
       "            <td>2015</td>\n",
       "            <td>3</td>\n",
       "        </tr>\n",
       "        <tr>\n",
       "            <td>cacypre</td>\n",
       "            <td>2018</td>\n",
       "            <td>2</td>\n",
       "        </tr>\n",
       "    </tbody>\n",
       "</table>"
      ],
      "text/plain": [
       "+------------+--------+-------+\n",
       "|  schoolid  | yearid | count |\n",
       "+------------+--------+-------+\n",
       "|    ucla    |  1962  |   1   |\n",
       "| stmarysca  |  1971  |   1   |\n",
       "|  camerri   |  1990  |   1   |\n",
       "|  cafrecc   |  1992  |   1   |\n",
       "|    usc     |  1992  |   1   |\n",
       "|  calpoly   |  2002  |   4   |\n",
       "| sandiegost |  2007  |   3   |\n",
       "|  capasad   |  2008  |   1   |\n",
       "| sandiegost |  2010  |   2   |\n",
       "|  calavco   |  2011  |   1   |\n",
       "|    usc     |  2011  |   2   |\n",
       "|    usc     |  2015  |   3   |\n",
       "|  cacypre   |  2018  |   2   |\n",
       "+------------+--------+-------+"
      ]
     },
     "execution_count": 46,
     "metadata": {},
     "output_type": "execute_result"
    }
   ],
   "source": [
    "# Do not delete/edit this cell!\n",
    "# You must run this cell before running the autograder.\n",
    "query_2b_mat = %sqlcmd snippets query_2b_mat\n",
    "grading_util.save_results(\"result_2b_mat\", query_2b_mat, result_2b_mat)\n",
    "result_2b_mat"
   ]
  },
  {
   "cell_type": "code",
   "execution_count": 47,
   "metadata": {
    "deletable": false,
    "editable": false
   },
   "outputs": [
    {
     "data": {
      "text/html": [
       "<p><strong><pre style='display: inline;'>q2bii</pre></strong> passed! ✨</p>"
      ],
      "text/plain": [
       "q2bii results: All test cases passed!"
      ]
     },
     "execution_count": 47,
     "metadata": {},
     "output_type": "execute_result"
    }
   ],
   "source": [
    "grader.check(\"q2bii\")"
   ]
  },
  {
   "cell_type": "markdown",
   "metadata": {
    "deletable": false,
    "editable": false
   },
   "source": [
    "<br/><br/>\n",
    "\n",
    "#### Question 2biii:\n",
    "\n",
    "Finally, write the query a third time to **not** use the `inducted_hof_ca` view, nor the `inducted_hof_ca_mat` materialized view, nor any common table expressions (CTEs), nor any subqueries. Save your result in `result_2b_no_view`."
   ]
  },
  {
   "cell_type": "code",
   "execution_count": 48,
   "metadata": {
    "tags": []
   },
   "outputs": [
    {
     "data": {
      "text/html": [
       "<span style=\"None\">Running query in &#x27;postgresql://jovyan@127.0.0.1:5432/baseball&#x27;</span>"
      ],
      "text/plain": [
       "Running query in 'postgresql://jovyan@127.0.0.1:5432/baseball'"
      ]
     },
     "metadata": {},
     "output_type": "display_data"
    },
    {
     "data": {
      "text/html": [
       "<span style=\"color: green\">13 rows affected.</span>"
      ],
      "text/plain": [
       "13 rows affected."
      ]
     },
     "metadata": {},
     "output_type": "display_data"
    }
   ],
   "source": [
    "%%sql --save query_2b_no_view result_2b_no_view <<\n",
    "SELECT schools.schoolid, hof.yearid AS yearid, COUNT(*)\n",
    "FROM schools \n",
    "INNER JOIN collegeplaying AS cp\n",
    "    ON schools.schoolid = cp.schoolid\n",
    "INNER JOIN halloffame AS hof\n",
    "    ON cp.playerid = hof.playerid\n",
    "INNER JOIN people\n",
    "    ON cp.playerid = people.playerid\n",
    "WHERE schoolstate = 'CA' AND inducted = 'Y'\n",
    "GROUP BY schools.schoolid, hof.yearid\n",
    "ORDER BY yearid;"
   ]
  },
  {
   "cell_type": "code",
   "execution_count": 49,
   "metadata": {
    "tags": []
   },
   "outputs": [
    {
     "data": {
      "text/html": [
       "<table>\n",
       "    <thead>\n",
       "        <tr>\n",
       "            <th>schoolid</th>\n",
       "            <th>yearid</th>\n",
       "            <th>count</th>\n",
       "        </tr>\n",
       "    </thead>\n",
       "    <tbody>\n",
       "        <tr>\n",
       "            <td>ucla</td>\n",
       "            <td>1962</td>\n",
       "            <td>1</td>\n",
       "        </tr>\n",
       "        <tr>\n",
       "            <td>stmarysca</td>\n",
       "            <td>1971</td>\n",
       "            <td>1</td>\n",
       "        </tr>\n",
       "        <tr>\n",
       "            <td>camerri</td>\n",
       "            <td>1990</td>\n",
       "            <td>1</td>\n",
       "        </tr>\n",
       "        <tr>\n",
       "            <td>cafrecc</td>\n",
       "            <td>1992</td>\n",
       "            <td>1</td>\n",
       "        </tr>\n",
       "        <tr>\n",
       "            <td>usc</td>\n",
       "            <td>1992</td>\n",
       "            <td>1</td>\n",
       "        </tr>\n",
       "        <tr>\n",
       "            <td>calpoly</td>\n",
       "            <td>2002</td>\n",
       "            <td>4</td>\n",
       "        </tr>\n",
       "        <tr>\n",
       "            <td>sandiegost</td>\n",
       "            <td>2007</td>\n",
       "            <td>3</td>\n",
       "        </tr>\n",
       "        <tr>\n",
       "            <td>capasad</td>\n",
       "            <td>2008</td>\n",
       "            <td>1</td>\n",
       "        </tr>\n",
       "        <tr>\n",
       "            <td>sandiegost</td>\n",
       "            <td>2010</td>\n",
       "            <td>2</td>\n",
       "        </tr>\n",
       "        <tr>\n",
       "            <td>calavco</td>\n",
       "            <td>2011</td>\n",
       "            <td>1</td>\n",
       "        </tr>\n",
       "        <tr>\n",
       "            <td>usc</td>\n",
       "            <td>2011</td>\n",
       "            <td>2</td>\n",
       "        </tr>\n",
       "        <tr>\n",
       "            <td>usc</td>\n",
       "            <td>2015</td>\n",
       "            <td>3</td>\n",
       "        </tr>\n",
       "        <tr>\n",
       "            <td>cacypre</td>\n",
       "            <td>2018</td>\n",
       "            <td>2</td>\n",
       "        </tr>\n",
       "    </tbody>\n",
       "</table>"
      ],
      "text/plain": [
       "+------------+--------+-------+\n",
       "|  schoolid  | yearid | count |\n",
       "+------------+--------+-------+\n",
       "|    ucla    |  1962  |   1   |\n",
       "| stmarysca  |  1971  |   1   |\n",
       "|  camerri   |  1990  |   1   |\n",
       "|  cafrecc   |  1992  |   1   |\n",
       "|    usc     |  1992  |   1   |\n",
       "|  calpoly   |  2002  |   4   |\n",
       "| sandiegost |  2007  |   3   |\n",
       "|  capasad   |  2008  |   1   |\n",
       "| sandiegost |  2010  |   2   |\n",
       "|  calavco   |  2011  |   1   |\n",
       "|    usc     |  2011  |   2   |\n",
       "|    usc     |  2015  |   3   |\n",
       "|  cacypre   |  2018  |   2   |\n",
       "+------------+--------+-------+"
      ]
     },
     "execution_count": 49,
     "metadata": {},
     "output_type": "execute_result"
    }
   ],
   "source": [
    "# Do not delete/edit this cell!\n",
    "# You must run this cell before running the autograder.\n",
    "query_2b_no_view = %sqlcmd snippets query_2b_no_view\n",
    "grading_util.save_results(\"result_2b_no_view\", query_2b_no_view, result_2b_no_view)\n",
    "result_2b_no_view"
   ]
  },
  {
   "cell_type": "code",
   "execution_count": 50,
   "metadata": {
    "deletable": false,
    "editable": false
   },
   "outputs": [
    {
     "data": {
      "text/html": [
       "<p><strong><pre style='display: inline;'>q2biii</pre></strong> passed! 🍀</p>"
      ],
      "text/plain": [
       "q2biii results: All test cases passed!"
      ]
     },
     "execution_count": 50,
     "metadata": {},
     "output_type": "execute_result"
    }
   ],
   "source": [
    "grader.check(\"q2biii\")"
   ]
  },
  {
   "cell_type": "markdown",
   "metadata": {
    "deletable": false,
    "editable": false
   },
   "source": [
    "<br/><br/>\n",
    "\n",
    "---\n",
    "\n",
    "### Question 2c\n",
    "Inspect the query plans for the three queries you wrote above by running the following cells."
   ]
  },
  {
   "cell_type": "code",
   "execution_count": 56,
   "metadata": {
    "deletable": false,
    "editable": false
   },
   "outputs": [
    {
     "data": {
      "text/html": [
       "<span style=\"None\">Running query in &#x27;postgresql://jovyan@127.0.0.1:5432/baseball&#x27;</span>"
      ],
      "text/plain": [
       "Running query in 'postgresql://jovyan@127.0.0.1:5432/baseball'"
      ]
     },
     "metadata": {},
     "output_type": "display_data"
    },
    {
     "data": {
      "text/html": [
       "<span style=\"color: green\">30 rows affected.</span>"
      ],
      "text/plain": [
       "30 rows affected."
      ]
     },
     "metadata": {},
     "output_type": "display_data"
    },
    {
     "data": {
      "text/html": [
       "<table>\n",
       "    <thead>\n",
       "        <tr>\n",
       "            <th>QUERY PLAN</th>\n",
       "        </tr>\n",
       "    </thead>\n",
       "    <tbody>\n",
       "        <tr>\n",
       "            <td>GroupAggregate  (cost=524.27..526.19 rows=96 width=20) (actual time=6.248..6.262 rows=13 loops=1)</td>\n",
       "        </tr>\n",
       "        <tr>\n",
       "            <td>&nbsp;&nbsp;Group Key: inducted_hof_ca.yearid, inducted_hof_ca.schoolid</td>\n",
       "        </tr>\n",
       "        <tr>\n",
       "            <td>&nbsp;&nbsp;->  Sort  (cost=524.27..524.51 rows=96 width=12) (actual time=6.243..6.250 rows=23 loops=1)</td>\n",
       "        </tr>\n",
       "        <tr>\n",
       "            <td>&nbsp;&nbsp;&nbsp;&nbsp;&nbsp;&nbsp;&nbsp;&nbsp;Sort Key: inducted_hof_ca.yearid, inducted_hof_ca.schoolid</td>\n",
       "        </tr>\n",
       "        <tr>\n",
       "            <td>&nbsp;&nbsp;&nbsp;&nbsp;&nbsp;&nbsp;&nbsp;&nbsp;Sort Method: quicksort  Memory: 26kB</td>\n",
       "        </tr>\n",
       "        <tr>\n",
       "            <td>&nbsp;&nbsp;&nbsp;&nbsp;&nbsp;&nbsp;&nbsp;&nbsp;->  Subquery Scan on inducted_hof_ca  (cost=519.91..521.11 rows=96 width=12) (actual time=6.225..6.236 rows=23 loops=1)</td>\n",
       "        </tr>\n",
       "        <tr>\n",
       "            <td>&nbsp;&nbsp;&nbsp;&nbsp;&nbsp;&nbsp;&nbsp;&nbsp;&nbsp;&nbsp;&nbsp;&nbsp;&nbsp;&nbsp;->  Sort  (cost=519.91..520.15 rows=96 width=257) (actual time=6.224..6.228 rows=23 loops=1)</td>\n",
       "        </tr>\n",
       "        <tr>\n",
       "            <td>&nbsp;&nbsp;&nbsp;&nbsp;&nbsp;&nbsp;&nbsp;&nbsp;&nbsp;&nbsp;&nbsp;&nbsp;&nbsp;&nbsp;&nbsp;&nbsp;&nbsp;&nbsp;&nbsp;&nbsp;Sort Key: hof.yearid, cp.playerid</td>\n",
       "        </tr>\n",
       "        <tr>\n",
       "            <td>&nbsp;&nbsp;&nbsp;&nbsp;&nbsp;&nbsp;&nbsp;&nbsp;&nbsp;&nbsp;&nbsp;&nbsp;&nbsp;&nbsp;&nbsp;&nbsp;&nbsp;&nbsp;&nbsp;&nbsp;Sort Method: quicksort  Memory: 26kB</td>\n",
       "        </tr>\n",
       "        <tr>\n",
       "            <td>&nbsp;&nbsp;&nbsp;&nbsp;&nbsp;&nbsp;&nbsp;&nbsp;&nbsp;&nbsp;&nbsp;&nbsp;&nbsp;&nbsp;&nbsp;&nbsp;&nbsp;&nbsp;&nbsp;&nbsp;->  Nested Loop  (cost=386.71..516.75 rows=96 width=257) (actual time=5.855..6.213 rows=23 loops=1)</td>\n",
       "        </tr>\n",
       "        <tr>\n",
       "            <td>&nbsp;&nbsp;&nbsp;&nbsp;&nbsp;&nbsp;&nbsp;&nbsp;&nbsp;&nbsp;&nbsp;&nbsp;&nbsp;&nbsp;&nbsp;&nbsp;&nbsp;&nbsp;&nbsp;&nbsp;&nbsp;&nbsp;&nbsp;&nbsp;&nbsp;&nbsp;->  Hash Join  (cost=386.42..485.79 rows=96 width=30) (actual time=5.839..6.102 rows=23 loops=1)</td>\n",
       "        </tr>\n",
       "        <tr>\n",
       "            <td>&nbsp;&nbsp;&nbsp;&nbsp;&nbsp;&nbsp;&nbsp;&nbsp;&nbsp;&nbsp;&nbsp;&nbsp;&nbsp;&nbsp;&nbsp;&nbsp;&nbsp;&nbsp;&nbsp;&nbsp;&nbsp;&nbsp;&nbsp;&nbsp;&nbsp;&nbsp;&nbsp;&nbsp;&nbsp;&nbsp;&nbsp;&nbsp;Hash Cond: ((hof.playerid)::text = (cp.playerid)::text)</td>\n",
       "        </tr>\n",
       "        <tr>\n",
       "            <td>&nbsp;&nbsp;&nbsp;&nbsp;&nbsp;&nbsp;&nbsp;&nbsp;&nbsp;&nbsp;&nbsp;&nbsp;&nbsp;&nbsp;&nbsp;&nbsp;&nbsp;&nbsp;&nbsp;&nbsp;&nbsp;&nbsp;&nbsp;&nbsp;&nbsp;&nbsp;&nbsp;&nbsp;&nbsp;&nbsp;&nbsp;&nbsp;->  Seq Scan on halloffame hof  (cost=0.00..96.39 rows=323 width=13) (actual time=0.012..0.439 rows=323 loops=1)</td>\n",
       "        </tr>\n",
       "        <tr>\n",
       "            <td>&nbsp;&nbsp;&nbsp;&nbsp;&nbsp;&nbsp;&nbsp;&nbsp;&nbsp;&nbsp;&nbsp;&nbsp;&nbsp;&nbsp;&nbsp;&nbsp;&nbsp;&nbsp;&nbsp;&nbsp;&nbsp;&nbsp;&nbsp;&nbsp;&nbsp;&nbsp;&nbsp;&nbsp;&nbsp;&nbsp;&nbsp;&nbsp;&nbsp;&nbsp;&nbsp;&nbsp;&nbsp;&nbsp;Filter: ((inducted)::text = 'Y'::text)</td>\n",
       "        </tr>\n",
       "        <tr>\n",
       "            <td>&nbsp;&nbsp;&nbsp;&nbsp;&nbsp;&nbsp;&nbsp;&nbsp;&nbsp;&nbsp;&nbsp;&nbsp;&nbsp;&nbsp;&nbsp;&nbsp;&nbsp;&nbsp;&nbsp;&nbsp;&nbsp;&nbsp;&nbsp;&nbsp;&nbsp;&nbsp;&nbsp;&nbsp;&nbsp;&nbsp;&nbsp;&nbsp;&nbsp;&nbsp;&nbsp;&nbsp;&nbsp;&nbsp;Rows Removed by Filter: 3868</td>\n",
       "        </tr>\n",
       "        <tr>\n",
       "            <td>&nbsp;&nbsp;&nbsp;&nbsp;&nbsp;&nbsp;&nbsp;&nbsp;&nbsp;&nbsp;&nbsp;&nbsp;&nbsp;&nbsp;&nbsp;&nbsp;&nbsp;&nbsp;&nbsp;&nbsp;&nbsp;&nbsp;&nbsp;&nbsp;&nbsp;&nbsp;&nbsp;&nbsp;&nbsp;&nbsp;&nbsp;&nbsp;->  Hash  (cost=361.99..361.99 rows=1955 width=17) (actual time=5.620..5.622 rows=2948 loops=1)</td>\n",
       "        </tr>\n",
       "        <tr>\n",
       "            <td>&nbsp;&nbsp;&nbsp;&nbsp;&nbsp;&nbsp;&nbsp;&nbsp;&nbsp;&nbsp;&nbsp;&nbsp;&nbsp;&nbsp;&nbsp;&nbsp;&nbsp;&nbsp;&nbsp;&nbsp;&nbsp;&nbsp;&nbsp;&nbsp;&nbsp;&nbsp;&nbsp;&nbsp;&nbsp;&nbsp;&nbsp;&nbsp;&nbsp;&nbsp;&nbsp;&nbsp;&nbsp;&nbsp;Buckets: 4096 (originally 2048)  Batches: 1 (originally 1)  Memory Usage: 178kB</td>\n",
       "        </tr>\n",
       "        <tr>\n",
       "            <td>&nbsp;&nbsp;&nbsp;&nbsp;&nbsp;&nbsp;&nbsp;&nbsp;&nbsp;&nbsp;&nbsp;&nbsp;&nbsp;&nbsp;&nbsp;&nbsp;&nbsp;&nbsp;&nbsp;&nbsp;&nbsp;&nbsp;&nbsp;&nbsp;&nbsp;&nbsp;&nbsp;&nbsp;&nbsp;&nbsp;&nbsp;&nbsp;&nbsp;&nbsp;&nbsp;&nbsp;&nbsp;&nbsp;->  Hash Join  (cost=29.79..361.99 rows=1955 width=17) (actual time=0.312..4.007 rows=2948 loops=1)</td>\n",
       "        </tr>\n",
       "        <tr>\n",
       "            <td>&nbsp;&nbsp;&nbsp;&nbsp;&nbsp;&nbsp;&nbsp;&nbsp;&nbsp;&nbsp;&nbsp;&nbsp;&nbsp;&nbsp;&nbsp;&nbsp;&nbsp;&nbsp;&nbsp;&nbsp;&nbsp;&nbsp;&nbsp;&nbsp;&nbsp;&nbsp;&nbsp;&nbsp;&nbsp;&nbsp;&nbsp;&nbsp;&nbsp;&nbsp;&nbsp;&nbsp;&nbsp;&nbsp;&nbsp;&nbsp;&nbsp;&nbsp;&nbsp;&nbsp;Hash Cond: ((cp.schoolid)::text = (schools.schoolid)::text)</td>\n",
       "        </tr>\n",
       "        <tr>\n",
       "            <td>&nbsp;&nbsp;&nbsp;&nbsp;&nbsp;&nbsp;&nbsp;&nbsp;&nbsp;&nbsp;&nbsp;&nbsp;&nbsp;&nbsp;&nbsp;&nbsp;&nbsp;&nbsp;&nbsp;&nbsp;&nbsp;&nbsp;&nbsp;&nbsp;&nbsp;&nbsp;&nbsp;&nbsp;&nbsp;&nbsp;&nbsp;&nbsp;&nbsp;&nbsp;&nbsp;&nbsp;&nbsp;&nbsp;&nbsp;&nbsp;&nbsp;&nbsp;&nbsp;&nbsp;->  Seq Scan on collegeplaying cp  (cost=0.00..286.50 rows=17350 width=17) (actual time=0.005..1.283 rows=17350 loops=1)</td>\n",
       "        </tr>\n",
       "        <tr>\n",
       "            <td>&nbsp;&nbsp;&nbsp;&nbsp;&nbsp;&nbsp;&nbsp;&nbsp;&nbsp;&nbsp;&nbsp;&nbsp;&nbsp;&nbsp;&nbsp;&nbsp;&nbsp;&nbsp;&nbsp;&nbsp;&nbsp;&nbsp;&nbsp;&nbsp;&nbsp;&nbsp;&nbsp;&nbsp;&nbsp;&nbsp;&nbsp;&nbsp;&nbsp;&nbsp;&nbsp;&nbsp;&nbsp;&nbsp;&nbsp;&nbsp;&nbsp;&nbsp;&nbsp;&nbsp;->  Hash  (cost=28.09..28.09 rows=136 width=8) (actual time=0.294..0.295 rows=136 loops=1)</td>\n",
       "        </tr>\n",
       "        <tr>\n",
       "            <td>&nbsp;&nbsp;&nbsp;&nbsp;&nbsp;&nbsp;&nbsp;&nbsp;&nbsp;&nbsp;&nbsp;&nbsp;&nbsp;&nbsp;&nbsp;&nbsp;&nbsp;&nbsp;&nbsp;&nbsp;&nbsp;&nbsp;&nbsp;&nbsp;&nbsp;&nbsp;&nbsp;&nbsp;&nbsp;&nbsp;&nbsp;&nbsp;&nbsp;&nbsp;&nbsp;&nbsp;&nbsp;&nbsp;&nbsp;&nbsp;&nbsp;&nbsp;&nbsp;&nbsp;&nbsp;&nbsp;&nbsp;&nbsp;&nbsp;&nbsp;Buckets: 1024  Batches: 1  Memory Usage: 14kB</td>\n",
       "        </tr>\n",
       "        <tr>\n",
       "            <td>&nbsp;&nbsp;&nbsp;&nbsp;&nbsp;&nbsp;&nbsp;&nbsp;&nbsp;&nbsp;&nbsp;&nbsp;&nbsp;&nbsp;&nbsp;&nbsp;&nbsp;&nbsp;&nbsp;&nbsp;&nbsp;&nbsp;&nbsp;&nbsp;&nbsp;&nbsp;&nbsp;&nbsp;&nbsp;&nbsp;&nbsp;&nbsp;&nbsp;&nbsp;&nbsp;&nbsp;&nbsp;&nbsp;&nbsp;&nbsp;&nbsp;&nbsp;&nbsp;&nbsp;&nbsp;&nbsp;&nbsp;&nbsp;&nbsp;&nbsp;->  Seq Scan on schools  (cost=0.00..28.09 rows=136 width=8) (actual time=0.018..0.257 rows=136 loops=1)</td>\n",
       "        </tr>\n",
       "        <tr>\n",
       "            <td>&nbsp;&nbsp;&nbsp;&nbsp;&nbsp;&nbsp;&nbsp;&nbsp;&nbsp;&nbsp;&nbsp;&nbsp;&nbsp;&nbsp;&nbsp;&nbsp;&nbsp;&nbsp;&nbsp;&nbsp;&nbsp;&nbsp;&nbsp;&nbsp;&nbsp;&nbsp;&nbsp;&nbsp;&nbsp;&nbsp;&nbsp;&nbsp;&nbsp;&nbsp;&nbsp;&nbsp;&nbsp;&nbsp;&nbsp;&nbsp;&nbsp;&nbsp;&nbsp;&nbsp;&nbsp;&nbsp;&nbsp;&nbsp;&nbsp;&nbsp;&nbsp;&nbsp;&nbsp;&nbsp;&nbsp;&nbsp;Filter: ((schoolstate)::text = 'CA'::text)</td>\n",
       "        </tr>\n",
       "        <tr>\n",
       "            <td>&nbsp;&nbsp;&nbsp;&nbsp;&nbsp;&nbsp;&nbsp;&nbsp;&nbsp;&nbsp;&nbsp;&nbsp;&nbsp;&nbsp;&nbsp;&nbsp;&nbsp;&nbsp;&nbsp;&nbsp;&nbsp;&nbsp;&nbsp;&nbsp;&nbsp;&nbsp;&nbsp;&nbsp;&nbsp;&nbsp;&nbsp;&nbsp;&nbsp;&nbsp;&nbsp;&nbsp;&nbsp;&nbsp;&nbsp;&nbsp;&nbsp;&nbsp;&nbsp;&nbsp;&nbsp;&nbsp;&nbsp;&nbsp;&nbsp;&nbsp;&nbsp;&nbsp;&nbsp;&nbsp;&nbsp;&nbsp;Rows Removed by Filter: 1071</td>\n",
       "        </tr>\n",
       "        <tr>\n",
       "            <td>&nbsp;&nbsp;&nbsp;&nbsp;&nbsp;&nbsp;&nbsp;&nbsp;&nbsp;&nbsp;&nbsp;&nbsp;&nbsp;&nbsp;&nbsp;&nbsp;&nbsp;&nbsp;&nbsp;&nbsp;&nbsp;&nbsp;&nbsp;&nbsp;&nbsp;&nbsp;->  Index Only Scan using master_pkey on people  (cost=0.29..0.32 rows=1 width=9) (actual time=0.004..0.004 rows=1 loops=23)</td>\n",
       "        </tr>\n",
       "        <tr>\n",
       "            <td>&nbsp;&nbsp;&nbsp;&nbsp;&nbsp;&nbsp;&nbsp;&nbsp;&nbsp;&nbsp;&nbsp;&nbsp;&nbsp;&nbsp;&nbsp;&nbsp;&nbsp;&nbsp;&nbsp;&nbsp;&nbsp;&nbsp;&nbsp;&nbsp;&nbsp;&nbsp;&nbsp;&nbsp;&nbsp;&nbsp;&nbsp;&nbsp;Index Cond: (playerid = (cp.playerid)::text)</td>\n",
       "        </tr>\n",
       "        <tr>\n",
       "            <td>&nbsp;&nbsp;&nbsp;&nbsp;&nbsp;&nbsp;&nbsp;&nbsp;&nbsp;&nbsp;&nbsp;&nbsp;&nbsp;&nbsp;&nbsp;&nbsp;&nbsp;&nbsp;&nbsp;&nbsp;&nbsp;&nbsp;&nbsp;&nbsp;&nbsp;&nbsp;&nbsp;&nbsp;&nbsp;&nbsp;&nbsp;&nbsp;Heap Fetches: 0</td>\n",
       "        </tr>\n",
       "        <tr>\n",
       "            <td>Planning Time: 2.201 ms</td>\n",
       "        </tr>\n",
       "        <tr>\n",
       "            <td>Execution Time: 6.323 ms</td>\n",
       "        </tr>\n",
       "    </tbody>\n",
       "</table>"
      ],
      "text/plain": [
       "+----------------------------------------------------------------------------------------------------------------------------------------------------------------------+\n",
       "|                                                                              QUERY PLAN                                                                              |\n",
       "+----------------------------------------------------------------------------------------------------------------------------------------------------------------------+\n",
       "|                                  GroupAggregate  (cost=524.27..526.19 rows=96 width=20) (actual time=6.248..6.262 rows=13 loops=1)                                   |\n",
       "|                                                      Group Key: inducted_hof_ca.yearid, inducted_hof_ca.schoolid                                                     |\n",
       "|                                      ->  Sort  (cost=524.27..524.51 rows=96 width=12) (actual time=6.243..6.250 rows=23 loops=1)                                     |\n",
       "|                                                          Sort Key: inducted_hof_ca.yearid, inducted_hof_ca.schoolid                                                  |\n",
       "|                                                                     Sort Method: quicksort  Memory: 26kB                                                             |\n",
       "|                           ->  Subquery Scan on inducted_hof_ca  (cost=519.91..521.11 rows=96 width=12) (actual time=6.225..6.236 rows=23 loops=1)                    |\n",
       "|                                            ->  Sort  (cost=519.91..520.15 rows=96 width=257) (actual time=6.224..6.228 rows=23 loops=1)                              |\n",
       "|                                                                            Sort Key: hof.yearid, cp.playerid                                                         |\n",
       "|                                                                           Sort Method: quicksort  Memory: 26kB                                                       |\n",
       "|                                           ->  Nested Loop  (cost=386.71..516.75 rows=96 width=257) (actual time=5.855..6.213 rows=23 loops=1)                        |\n",
       "|                                                ->  Hash Join  (cost=386.42..485.79 rows=96 width=30) (actual time=5.839..6.102 rows=23 loops=1)                      |\n",
       "|                                                                       Hash Cond: ((hof.playerid)::text = (cp.playerid)::text)                                        |\n",
       "|                                           ->  Seq Scan on halloffame hof  (cost=0.00..96.39 rows=323 width=13) (actual time=0.012..0.439 rows=323 loops=1)           |\n",
       "|                                                                                   Filter: ((inducted)::text = 'Y'::text)                                             |\n",
       "|                                                                                        Rows Removed by Filter: 3868                                                  |\n",
       "|                                                   ->  Hash  (cost=361.99..361.99 rows=1955 width=17) (actual time=5.620..5.622 rows=2948 loops=1)                    |\n",
       "|                                                              Buckets: 4096 (originally 2048)  Batches: 1 (originally 1)  Memory Usage: 178kB                         |\n",
       "|                                                    ->  Hash Join  (cost=29.79..361.99 rows=1955 width=17) (actual time=0.312..4.007 rows=2948 loops=1)               |\n",
       "|                                                                           Hash Cond: ((cp.schoolid)::text = (schools.schoolid)::text)                                |\n",
       "|                                             ->  Seq Scan on collegeplaying cp  (cost=0.00..286.50 rows=17350 width=17) (actual time=0.005..1.283 rows=17350 loops=1) |\n",
       "|                                                            ->  Hash  (cost=28.09..28.09 rows=136 width=8) (actual time=0.294..0.295 rows=136 loops=1)                |\n",
       "|                                                                                     Buckets: 1024  Batches: 1  Memory Usage: 14kB                                    |\n",
       "|                                                        ->  Seq Scan on schools  (cost=0.00..28.09 rows=136 width=8) (actual time=0.018..0.257 rows=136 loops=1)      |\n",
       "|                                                                                          Filter: ((schoolstate)::text = 'CA'::text)                                  |\n",
       "|                                                                                                 Rows Removed by Filter: 1071                                         |\n",
       "|                                  ->  Index Only Scan using master_pkey on people  (cost=0.29..0.32 rows=1 width=9) (actual time=0.004..0.004 rows=1 loops=23)        |\n",
       "|                                                                             Index Cond: (playerid = (cp.playerid)::text)                                             |\n",
       "|                                                                                           Heap Fetches: 0                                                            |\n",
       "|                                                                       Planning Time: 2.201 ms                                                                        |\n",
       "|                                                                       Execution Time: 6.323 ms                                                                       |\n",
       "+----------------------------------------------------------------------------------------------------------------------------------------------------------------------+"
      ]
     },
     "execution_count": 56,
     "metadata": {},
     "output_type": "execute_result"
    }
   ],
   "source": [
    "# just run this cell\n",
    "%sql EXPLAIN ANALYZE {{query_2b_view}}"
   ]
  },
  {
   "cell_type": "code",
   "execution_count": 57,
   "metadata": {
    "deletable": false,
    "editable": false
   },
   "outputs": [
    {
     "data": {
      "text/html": [
       "<span style=\"None\">Running query in &#x27;postgresql://jovyan@127.0.0.1:5432/baseball&#x27;</span>"
      ],
      "text/plain": [
       "Running query in 'postgresql://jovyan@127.0.0.1:5432/baseball'"
      ]
     },
     "metadata": {},
     "output_type": "display_data"
    },
    {
     "data": {
      "text/html": [
       "<span style=\"color: green\">9 rows affected.</span>"
      ],
      "text/plain": [
       "9 rows affected."
      ]
     },
     "metadata": {},
     "output_type": "display_data"
    },
    {
     "data": {
      "text/html": [
       "<table>\n",
       "    <thead>\n",
       "        <tr>\n",
       "            <th>QUERY PLAN</th>\n",
       "        </tr>\n",
       "    </thead>\n",
       "    <tbody>\n",
       "        <tr>\n",
       "            <td>Sort  (cost=23.67..24.17 rows=200 width=60) (actual time=0.045..0.046 rows=13 loops=1)</td>\n",
       "        </tr>\n",
       "        <tr>\n",
       "            <td>&nbsp;&nbsp;Sort Key: yearid</td>\n",
       "        </tr>\n",
       "        <tr>\n",
       "            <td>&nbsp;&nbsp;Sort Method: quicksort  Memory: 25kB</td>\n",
       "        </tr>\n",
       "        <tr>\n",
       "            <td>&nbsp;&nbsp;->  HashAggregate  (cost=14.03..16.02 rows=200 width=60) (actual time=0.030..0.035 rows=13 loops=1)</td>\n",
       "        </tr>\n",
       "        <tr>\n",
       "            <td>&nbsp;&nbsp;&nbsp;&nbsp;&nbsp;&nbsp;&nbsp;&nbsp;Group Key: yearid, schoolid</td>\n",
       "        </tr>\n",
       "        <tr>\n",
       "            <td>&nbsp;&nbsp;&nbsp;&nbsp;&nbsp;&nbsp;&nbsp;&nbsp;Batches: 1  Memory Usage: 40kB</td>\n",
       "        </tr>\n",
       "        <tr>\n",
       "            <td>&nbsp;&nbsp;&nbsp;&nbsp;&nbsp;&nbsp;&nbsp;&nbsp;->  Seq Scan on inducted_hof_ca_mat  (cost=0.00..12.30 rows=230 width=52) (actual time=0.008..0.011 rows=23 loops=1)</td>\n",
       "        </tr>\n",
       "        <tr>\n",
       "            <td>Planning Time: 0.096 ms</td>\n",
       "        </tr>\n",
       "        <tr>\n",
       "            <td>Execution Time: 0.085 ms</td>\n",
       "        </tr>\n",
       "    </tbody>\n",
       "</table>"
      ],
      "text/plain": [
       "+------------------------------------------------------------------------------------------------------------------------------+\n",
       "|                                                          QUERY PLAN                                                          |\n",
       "+------------------------------------------------------------------------------------------------------------------------------+\n",
       "|                    Sort  (cost=23.67..24.17 rows=200 width=60) (actual time=0.045..0.046 rows=13 loops=1)                    |\n",
       "|                                                        Sort Key: yearid                                                      |\n",
       "|                                              Sort Method: quicksort  Memory: 25kB                                            |\n",
       "|              ->  HashAggregate  (cost=14.03..16.02 rows=200 width=60) (actual time=0.030..0.035 rows=13 loops=1)             |\n",
       "|                                                     Group Key: yearid, schoolid                                              |\n",
       "|                                                    Batches: 1  Memory Usage: 40kB                                            |\n",
       "|         ->  Seq Scan on inducted_hof_ca_mat  (cost=0.00..12.30 rows=230 width=52) (actual time=0.008..0.011 rows=23 loops=1) |\n",
       "|                                                   Planning Time: 0.096 ms                                                    |\n",
       "|                                                   Execution Time: 0.085 ms                                                   |\n",
       "+------------------------------------------------------------------------------------------------------------------------------+"
      ]
     },
     "execution_count": 57,
     "metadata": {},
     "output_type": "execute_result"
    }
   ],
   "source": [
    "# just run this cell\n",
    "%sql EXPLAIN ANALYZE {{query_2b_mat}}"
   ]
  },
  {
   "cell_type": "code",
   "execution_count": 58,
   "metadata": {
    "deletable": false,
    "editable": false
   },
   "outputs": [
    {
     "data": {
      "text/html": [
       "<span style=\"None\">Running query in &#x27;postgresql://jovyan@127.0.0.1:5432/baseball&#x27;</span>"
      ],
      "text/plain": [
       "Running query in 'postgresql://jovyan@127.0.0.1:5432/baseball'"
      ]
     },
     "metadata": {},
     "output_type": "display_data"
    },
    {
     "data": {
      "text/html": [
       "<span style=\"color: green\">26 rows affected.</span>"
      ],
      "text/plain": [
       "26 rows affected."
      ]
     },
     "metadata": {},
     "output_type": "display_data"
    },
    {
     "data": {
      "text/html": [
       "<table>\n",
       "    <thead>\n",
       "        <tr>\n",
       "            <th>QUERY PLAN</th>\n",
       "        </tr>\n",
       "    </thead>\n",
       "    <tbody>\n",
       "        <tr>\n",
       "            <td>GroupAggregate  (cost=519.91..521.83 rows=96 width=20) (actual time=4.306..4.316 rows=13 loops=1)</td>\n",
       "        </tr>\n",
       "        <tr>\n",
       "            <td>&nbsp;&nbsp;Group Key: hof.yearid, schools.schoolid</td>\n",
       "        </tr>\n",
       "        <tr>\n",
       "            <td>&nbsp;&nbsp;->  Sort  (cost=519.91..520.15 rows=96 width=12) (actual time=4.301..4.305 rows=23 loops=1)</td>\n",
       "        </tr>\n",
       "        <tr>\n",
       "            <td>&nbsp;&nbsp;&nbsp;&nbsp;&nbsp;&nbsp;&nbsp;&nbsp;Sort Key: hof.yearid, schools.schoolid</td>\n",
       "        </tr>\n",
       "        <tr>\n",
       "            <td>&nbsp;&nbsp;&nbsp;&nbsp;&nbsp;&nbsp;&nbsp;&nbsp;Sort Method: quicksort  Memory: 26kB</td>\n",
       "        </tr>\n",
       "        <tr>\n",
       "            <td>&nbsp;&nbsp;&nbsp;&nbsp;&nbsp;&nbsp;&nbsp;&nbsp;->  Nested Loop  (cost=386.71..516.75 rows=96 width=12) (actual time=3.951..4.289 rows=23 loops=1)</td>\n",
       "        </tr>\n",
       "        <tr>\n",
       "            <td>&nbsp;&nbsp;&nbsp;&nbsp;&nbsp;&nbsp;&nbsp;&nbsp;&nbsp;&nbsp;&nbsp;&nbsp;&nbsp;&nbsp;->  Hash Join  (cost=386.42..485.79 rows=96 width=30) (actual time=3.935..4.198 rows=23 loops=1)</td>\n",
       "        </tr>\n",
       "        <tr>\n",
       "            <td>&nbsp;&nbsp;&nbsp;&nbsp;&nbsp;&nbsp;&nbsp;&nbsp;&nbsp;&nbsp;&nbsp;&nbsp;&nbsp;&nbsp;&nbsp;&nbsp;&nbsp;&nbsp;&nbsp;&nbsp;Hash Cond: ((hof.playerid)::text = (cp.playerid)::text)</td>\n",
       "        </tr>\n",
       "        <tr>\n",
       "            <td>&nbsp;&nbsp;&nbsp;&nbsp;&nbsp;&nbsp;&nbsp;&nbsp;&nbsp;&nbsp;&nbsp;&nbsp;&nbsp;&nbsp;&nbsp;&nbsp;&nbsp;&nbsp;&nbsp;&nbsp;->  Seq Scan on halloffame hof  (cost=0.00..96.39 rows=323 width=13) (actual time=0.010..0.463 rows=323 loops=1)</td>\n",
       "        </tr>\n",
       "        <tr>\n",
       "            <td>&nbsp;&nbsp;&nbsp;&nbsp;&nbsp;&nbsp;&nbsp;&nbsp;&nbsp;&nbsp;&nbsp;&nbsp;&nbsp;&nbsp;&nbsp;&nbsp;&nbsp;&nbsp;&nbsp;&nbsp;&nbsp;&nbsp;&nbsp;&nbsp;&nbsp;&nbsp;Filter: ((inducted)::text = 'Y'::text)</td>\n",
       "        </tr>\n",
       "        <tr>\n",
       "            <td>&nbsp;&nbsp;&nbsp;&nbsp;&nbsp;&nbsp;&nbsp;&nbsp;&nbsp;&nbsp;&nbsp;&nbsp;&nbsp;&nbsp;&nbsp;&nbsp;&nbsp;&nbsp;&nbsp;&nbsp;&nbsp;&nbsp;&nbsp;&nbsp;&nbsp;&nbsp;Rows Removed by Filter: 3868</td>\n",
       "        </tr>\n",
       "        <tr>\n",
       "            <td>&nbsp;&nbsp;&nbsp;&nbsp;&nbsp;&nbsp;&nbsp;&nbsp;&nbsp;&nbsp;&nbsp;&nbsp;&nbsp;&nbsp;&nbsp;&nbsp;&nbsp;&nbsp;&nbsp;&nbsp;->  Hash  (cost=361.99..361.99 rows=1955 width=17) (actual time=3.692..3.694 rows=2948 loops=1)</td>\n",
       "        </tr>\n",
       "        <tr>\n",
       "            <td>&nbsp;&nbsp;&nbsp;&nbsp;&nbsp;&nbsp;&nbsp;&nbsp;&nbsp;&nbsp;&nbsp;&nbsp;&nbsp;&nbsp;&nbsp;&nbsp;&nbsp;&nbsp;&nbsp;&nbsp;&nbsp;&nbsp;&nbsp;&nbsp;&nbsp;&nbsp;Buckets: 4096 (originally 2048)  Batches: 1 (originally 1)  Memory Usage: 178kB</td>\n",
       "        </tr>\n",
       "        <tr>\n",
       "            <td>&nbsp;&nbsp;&nbsp;&nbsp;&nbsp;&nbsp;&nbsp;&nbsp;&nbsp;&nbsp;&nbsp;&nbsp;&nbsp;&nbsp;&nbsp;&nbsp;&nbsp;&nbsp;&nbsp;&nbsp;&nbsp;&nbsp;&nbsp;&nbsp;&nbsp;&nbsp;->  Hash Join  (cost=29.79..361.99 rows=1955 width=17) (actual time=0.189..3.186 rows=2948 loops=1)</td>\n",
       "        </tr>\n",
       "        <tr>\n",
       "            <td>&nbsp;&nbsp;&nbsp;&nbsp;&nbsp;&nbsp;&nbsp;&nbsp;&nbsp;&nbsp;&nbsp;&nbsp;&nbsp;&nbsp;&nbsp;&nbsp;&nbsp;&nbsp;&nbsp;&nbsp;&nbsp;&nbsp;&nbsp;&nbsp;&nbsp;&nbsp;&nbsp;&nbsp;&nbsp;&nbsp;&nbsp;&nbsp;Hash Cond: ((cp.schoolid)::text = (schools.schoolid)::text)</td>\n",
       "        </tr>\n",
       "        <tr>\n",
       "            <td>&nbsp;&nbsp;&nbsp;&nbsp;&nbsp;&nbsp;&nbsp;&nbsp;&nbsp;&nbsp;&nbsp;&nbsp;&nbsp;&nbsp;&nbsp;&nbsp;&nbsp;&nbsp;&nbsp;&nbsp;&nbsp;&nbsp;&nbsp;&nbsp;&nbsp;&nbsp;&nbsp;&nbsp;&nbsp;&nbsp;&nbsp;&nbsp;->  Seq Scan on collegeplaying cp  (cost=0.00..286.50 rows=17350 width=17) (actual time=0.004..0.999 rows=17350 loops=1)</td>\n",
       "        </tr>\n",
       "        <tr>\n",
       "            <td>&nbsp;&nbsp;&nbsp;&nbsp;&nbsp;&nbsp;&nbsp;&nbsp;&nbsp;&nbsp;&nbsp;&nbsp;&nbsp;&nbsp;&nbsp;&nbsp;&nbsp;&nbsp;&nbsp;&nbsp;&nbsp;&nbsp;&nbsp;&nbsp;&nbsp;&nbsp;&nbsp;&nbsp;&nbsp;&nbsp;&nbsp;&nbsp;->  Hash  (cost=28.09..28.09 rows=136 width=8) (actual time=0.177..0.178 rows=136 loops=1)</td>\n",
       "        </tr>\n",
       "        <tr>\n",
       "            <td>&nbsp;&nbsp;&nbsp;&nbsp;&nbsp;&nbsp;&nbsp;&nbsp;&nbsp;&nbsp;&nbsp;&nbsp;&nbsp;&nbsp;&nbsp;&nbsp;&nbsp;&nbsp;&nbsp;&nbsp;&nbsp;&nbsp;&nbsp;&nbsp;&nbsp;&nbsp;&nbsp;&nbsp;&nbsp;&nbsp;&nbsp;&nbsp;&nbsp;&nbsp;&nbsp;&nbsp;&nbsp;&nbsp;Buckets: 1024  Batches: 1  Memory Usage: 14kB</td>\n",
       "        </tr>\n",
       "        <tr>\n",
       "            <td>&nbsp;&nbsp;&nbsp;&nbsp;&nbsp;&nbsp;&nbsp;&nbsp;&nbsp;&nbsp;&nbsp;&nbsp;&nbsp;&nbsp;&nbsp;&nbsp;&nbsp;&nbsp;&nbsp;&nbsp;&nbsp;&nbsp;&nbsp;&nbsp;&nbsp;&nbsp;&nbsp;&nbsp;&nbsp;&nbsp;&nbsp;&nbsp;&nbsp;&nbsp;&nbsp;&nbsp;&nbsp;&nbsp;->  Seq Scan on schools  (cost=0.00..28.09 rows=136 width=8) (actual time=0.010..0.154 rows=136 loops=1)</td>\n",
       "        </tr>\n",
       "        <tr>\n",
       "            <td>&nbsp;&nbsp;&nbsp;&nbsp;&nbsp;&nbsp;&nbsp;&nbsp;&nbsp;&nbsp;&nbsp;&nbsp;&nbsp;&nbsp;&nbsp;&nbsp;&nbsp;&nbsp;&nbsp;&nbsp;&nbsp;&nbsp;&nbsp;&nbsp;&nbsp;&nbsp;&nbsp;&nbsp;&nbsp;&nbsp;&nbsp;&nbsp;&nbsp;&nbsp;&nbsp;&nbsp;&nbsp;&nbsp;&nbsp;&nbsp;&nbsp;&nbsp;&nbsp;&nbsp;Filter: ((schoolstate)::text = 'CA'::text)</td>\n",
       "        </tr>\n",
       "        <tr>\n",
       "            <td>&nbsp;&nbsp;&nbsp;&nbsp;&nbsp;&nbsp;&nbsp;&nbsp;&nbsp;&nbsp;&nbsp;&nbsp;&nbsp;&nbsp;&nbsp;&nbsp;&nbsp;&nbsp;&nbsp;&nbsp;&nbsp;&nbsp;&nbsp;&nbsp;&nbsp;&nbsp;&nbsp;&nbsp;&nbsp;&nbsp;&nbsp;&nbsp;&nbsp;&nbsp;&nbsp;&nbsp;&nbsp;&nbsp;&nbsp;&nbsp;&nbsp;&nbsp;&nbsp;&nbsp;Rows Removed by Filter: 1071</td>\n",
       "        </tr>\n",
       "        <tr>\n",
       "            <td>&nbsp;&nbsp;&nbsp;&nbsp;&nbsp;&nbsp;&nbsp;&nbsp;&nbsp;&nbsp;&nbsp;&nbsp;&nbsp;&nbsp;->  Index Only Scan using master_pkey on people  (cost=0.29..0.32 rows=1 width=9) (actual time=0.003..0.003 rows=1 loops=23)</td>\n",
       "        </tr>\n",
       "        <tr>\n",
       "            <td>&nbsp;&nbsp;&nbsp;&nbsp;&nbsp;&nbsp;&nbsp;&nbsp;&nbsp;&nbsp;&nbsp;&nbsp;&nbsp;&nbsp;&nbsp;&nbsp;&nbsp;&nbsp;&nbsp;&nbsp;Index Cond: (playerid = (cp.playerid)::text)</td>\n",
       "        </tr>\n",
       "        <tr>\n",
       "            <td>&nbsp;&nbsp;&nbsp;&nbsp;&nbsp;&nbsp;&nbsp;&nbsp;&nbsp;&nbsp;&nbsp;&nbsp;&nbsp;&nbsp;&nbsp;&nbsp;&nbsp;&nbsp;&nbsp;&nbsp;Heap Fetches: 0</td>\n",
       "        </tr>\n",
       "        <tr>\n",
       "            <td>Planning Time: 1.353 ms</td>\n",
       "        </tr>\n",
       "        <tr>\n",
       "            <td>Execution Time: 4.362 ms</td>\n",
       "        </tr>\n",
       "    </tbody>\n",
       "</table>"
      ],
      "text/plain": [
       "+----------------------------------------------------------------------------------------------------------------------------------------------------------+\n",
       "|                                                                        QUERY PLAN                                                                        |\n",
       "+----------------------------------------------------------------------------------------------------------------------------------------------------------+\n",
       "|                            GroupAggregate  (cost=519.91..521.83 rows=96 width=20) (actual time=4.306..4.316 rows=13 loops=1)                             |\n",
       "|                                                          Group Key: hof.yearid, schools.schoolid                                                         |\n",
       "|                                ->  Sort  (cost=519.91..520.15 rows=96 width=12) (actual time=4.301..4.305 rows=23 loops=1)                               |\n",
       "|                                                              Sort Key: hof.yearid, schools.schoolid                                                      |\n",
       "|                                                               Sort Method: quicksort  Memory: 26kB                                                       |\n",
       "|                                ->  Nested Loop  (cost=386.71..516.75 rows=96 width=12) (actual time=3.951..4.289 rows=23 loops=1)                        |\n",
       "|                                    ->  Hash Join  (cost=386.42..485.79 rows=96 width=30) (actual time=3.935..4.198 rows=23 loops=1)                      |\n",
       "|                                                           Hash Cond: ((hof.playerid)::text = (cp.playerid)::text)                                        |\n",
       "|                               ->  Seq Scan on halloffame hof  (cost=0.00..96.39 rows=323 width=13) (actual time=0.010..0.463 rows=323 loops=1)           |\n",
       "|                                                                       Filter: ((inducted)::text = 'Y'::text)                                             |\n",
       "|                                                                            Rows Removed by Filter: 3868                                                  |\n",
       "|                                       ->  Hash  (cost=361.99..361.99 rows=1955 width=17) (actual time=3.692..3.694 rows=2948 loops=1)                    |\n",
       "|                                                  Buckets: 4096 (originally 2048)  Batches: 1 (originally 1)  Memory Usage: 178kB                         |\n",
       "|                                        ->  Hash Join  (cost=29.79..361.99 rows=1955 width=17) (actual time=0.189..3.186 rows=2948 loops=1)               |\n",
       "|                                                               Hash Cond: ((cp.schoolid)::text = (schools.schoolid)::text)                                |\n",
       "|                                 ->  Seq Scan on collegeplaying cp  (cost=0.00..286.50 rows=17350 width=17) (actual time=0.004..0.999 rows=17350 loops=1) |\n",
       "|                                                ->  Hash  (cost=28.09..28.09 rows=136 width=8) (actual time=0.177..0.178 rows=136 loops=1)                |\n",
       "|                                                                         Buckets: 1024  Batches: 1  Memory Usage: 14kB                                    |\n",
       "|                                            ->  Seq Scan on schools  (cost=0.00..28.09 rows=136 width=8) (actual time=0.010..0.154 rows=136 loops=1)      |\n",
       "|                                                                              Filter: ((schoolstate)::text = 'CA'::text)                                  |\n",
       "|                                                                                     Rows Removed by Filter: 1071                                         |\n",
       "|                      ->  Index Only Scan using master_pkey on people  (cost=0.29..0.32 rows=1 width=9) (actual time=0.003..0.003 rows=1 loops=23)        |\n",
       "|                                                                 Index Cond: (playerid = (cp.playerid)::text)                                             |\n",
       "|                                                                               Heap Fetches: 0                                                            |\n",
       "|                                                                 Planning Time: 1.353 ms                                                                  |\n",
       "|                                                                 Execution Time: 4.362 ms                                                                 |\n",
       "+----------------------------------------------------------------------------------------------------------------------------------------------------------+"
      ]
     },
     "execution_count": 58,
     "metadata": {},
     "output_type": "execute_result"
    }
   ],
   "source": [
    "# just run this cell\n",
    "%sql EXPLAIN ANALYZE {{query_2b_no_view}}"
   ]
  },
  {
   "cell_type": "markdown",
   "metadata": {
    "deletable": false,
    "editable": false
   },
   "source": [
    "Then, record the execution time and cost for each query."
   ]
  },
  {
   "cell_type": "code",
   "execution_count": 59,
   "metadata": {
    "tags": []
   },
   "outputs": [],
   "source": [
    "with_view_cost = 526.19\n",
    "with_view_timing = 6.323\n",
    "with_materialized_view_cost = 24.17\n",
    "with_materialized_view_timing = 0.085\n",
    "without_view_cost = 521.83\n",
    "without_view_timing = 4.362"
   ]
  },
  {
   "cell_type": "code",
   "execution_count": 55,
   "metadata": {
    "deletable": false,
    "editable": false
   },
   "outputs": [
    {
     "data": {
      "text/html": [
       "<p><strong><pre style='display: inline;'>q2c</pre></strong> passed! 🎉</p>"
      ],
      "text/plain": [
       "q2c results: All test cases passed!"
      ]
     },
     "execution_count": 55,
     "metadata": {},
     "output_type": "execute_result"
    }
   ],
   "source": [
    "grader.check(\"q2c\")"
   ]
  },
  {
   "cell_type": "markdown",
   "metadata": {
    "deletable": false,
    "editable": false
   },
   "source": [
    "<br/><br/>\n",
    "\n",
    "---\n",
    "\n",
    "## Question 2d\n",
    "\n",
    "Given your findings from inspecting the query plans in this Question, as well as your understanding of views and materialized views from lectures, discuss the takeaways of using views and materialized views.\n",
    "\n",
    "### Question 2di\n",
    "\n",
    "Assign the variable `q2di` to a list of all of the below statements that are true.\n",
    "\n",
    "A. Views will reduce the execution time and the cost of a query.<br/>\n",
    "B. Views will reduce the execution time of a query, but not the cost.<br/>\n",
    "C. Views will reduce the cost of a query, but not the execution time.<br/>\n",
    "D. Materialized views reduce the execution time and the cost of a query.<br/>\n",
    "E. Materialized views reduce the execution time, but not cost of a query<br/>\n",
    "F. Materialized views reduce the cost of a query, but not the execution time.<br/>\n",
    "G. Materialized views will result in the same query plan as a query using views.<br/>\n",
    "H. Materialized views and views take the same time to create.<br/>\n",
    "I. Materialized views take less time to create than a view.<br/>\n",
    "J. Materialized views take more time to create than a view.<br/>\n",
    "    \n",
    "*Note:* Your answer should look like `q2di = ['A', 'B']`"
   ]
  },
  {
   "cell_type": "code",
   "execution_count": 89,
   "metadata": {
    "tags": []
   },
   "outputs": [],
   "source": [
    "q2di = ['D','I']"
   ]
  },
  {
   "cell_type": "code",
   "execution_count": 90,
   "metadata": {
    "deletable": false,
    "editable": false
   },
   "outputs": [
    {
     "data": {
      "text/html": [
       "<p><strong><pre style='display: inline;'>q2di</pre></strong> passed! 🙌</p>"
      ],
      "text/plain": [
       "q2di results: All test cases passed!"
      ]
     },
     "execution_count": 90,
     "metadata": {},
     "output_type": "execute_result"
    }
   ],
   "source": [
    "grader.check(\"q2di\")"
   ]
  },
  {
   "cell_type": "markdown",
   "metadata": {
    "deletable": false,
    "editable": false
   },
   "source": [
    "<!-- BEGIN QUESTION -->\n",
    "\n",
    "#### Question 2dii:\n",
    "\n",
    "Explain your answer to the previous part (Question 2di) based on your knowledge from lectures and details from the query plans. Your explanation should also include why you didn't choose certain options. Please answer in maximum 5 sentences."
   ]
  },
  {
   "cell_type": "markdown",
   "metadata": {},
   "source": [
    "_The main difference between virtual views and materialized views is when they are executed. Virtual views, in a way, are on standby. The view doesn't load until we run a query with it, while the materialized view runs and stays updated. Due to the fact that the materialized view is often updated, regenerating the view takes less time so the overall execution time and cost is much less for that. Calling a virtual view is almost the same as not using a view at all in runtime and cost because both are running at the time the query is called, nothing is preloaded like the materialized view._"
   ]
  },
  {
   "cell_type": "markdown",
   "metadata": {
    "deletable": false,
    "editable": false
   },
   "source": [
    "<!-- END QUESTION -->\n",
    "\n",
    "<br><br>\n",
    "\n",
    "<hr style=\"border: 5px solid #003262;\" />\n",
    "<hr style=\"border: 1px solid #fdb515;\" />\n",
    "\n",
    "# Question 3: Predicate Pushdown\n",
    "In this question, we will explore the impact of predicates (i.e., filters) on a query's execution, particularly inspecting when the optimizer applies predicates.\n",
    "\n",
    "* Question 3a: Compute a query with all rows.\n",
    "* Question 3b: Add a simple filter.\n",
    "* Question 3c: Analyze the tradeoffs to cost.\n",
    "* Question 3d: Analyze the tradeoffs to execution time."
   ]
  },
  {
   "cell_type": "markdown",
   "metadata": {
    "deletable": false,
    "editable": false
   },
   "source": [
    "\n",
    "## Question 3a:\n",
    "Recall the `inducted_hof_ca` view created in `Question 2`. Inspect the query plan for a query that that gets all rows from the view, and record the execution time and cost using an `EXPLAIN ANALYZE` command."
   ]
  },
  {
   "cell_type": "code",
   "execution_count": 91,
   "metadata": {
    "tags": []
   },
   "outputs": [
    {
     "data": {
      "text/html": [
       "<span style=\"None\">Running query in &#x27;postgresql://jovyan@127.0.0.1:5432/baseball&#x27;</span>"
      ],
      "text/plain": [
       "Running query in 'postgresql://jovyan@127.0.0.1:5432/baseball'"
      ]
     },
     "metadata": {},
     "output_type": "display_data"
    },
    {
     "data": {
      "text/html": [
       "<span style=\"color: green\">23 rows affected.</span>"
      ],
      "text/plain": [
       "23 rows affected."
      ]
     },
     "metadata": {},
     "output_type": "display_data"
    },
    {
     "data": {
      "text/html": [
       "<table>\n",
       "    <thead>\n",
       "        <tr>\n",
       "            <th>QUERY PLAN</th>\n",
       "        </tr>\n",
       "    </thead>\n",
       "    <tbody>\n",
       "        <tr>\n",
       "            <td>Sort  (cost=529.34..529.58 rows=96 width=33) (actual time=4.810..4.815 rows=23 loops=1)</td>\n",
       "        </tr>\n",
       "        <tr>\n",
       "            <td>&nbsp;&nbsp;Sort Key: hof.yearid, cp.playerid</td>\n",
       "        </tr>\n",
       "        <tr>\n",
       "            <td>&nbsp;&nbsp;Sort Method: quicksort  Memory: 26kB</td>\n",
       "        </tr>\n",
       "        <tr>\n",
       "            <td>&nbsp;&nbsp;->  Nested Loop  (cost=386.71..526.18 rows=96 width=33) (actual time=4.429..4.796 rows=23 loops=1)</td>\n",
       "        </tr>\n",
       "        <tr>\n",
       "            <td>&nbsp;&nbsp;&nbsp;&nbsp;&nbsp;&nbsp;&nbsp;&nbsp;->  Hash Join  (cost=386.42..485.79 rows=96 width=30) (actual time=4.397..4.671 rows=23 loops=1)</td>\n",
       "        </tr>\n",
       "        <tr>\n",
       "            <td>&nbsp;&nbsp;&nbsp;&nbsp;&nbsp;&nbsp;&nbsp;&nbsp;&nbsp;&nbsp;&nbsp;&nbsp;&nbsp;&nbsp;Hash Cond: ((hof.playerid)::text = (cp.playerid)::text)</td>\n",
       "        </tr>\n",
       "        <tr>\n",
       "            <td>&nbsp;&nbsp;&nbsp;&nbsp;&nbsp;&nbsp;&nbsp;&nbsp;&nbsp;&nbsp;&nbsp;&nbsp;&nbsp;&nbsp;->  Seq Scan on halloffame hof  (cost=0.00..96.39 rows=323 width=13) (actual time=0.010..0.446 rows=323 loops=1)</td>\n",
       "        </tr>\n",
       "        <tr>\n",
       "            <td>&nbsp;&nbsp;&nbsp;&nbsp;&nbsp;&nbsp;&nbsp;&nbsp;&nbsp;&nbsp;&nbsp;&nbsp;&nbsp;&nbsp;&nbsp;&nbsp;&nbsp;&nbsp;&nbsp;&nbsp;Filter: ((inducted)::text = 'Y'::text)</td>\n",
       "        </tr>\n",
       "        <tr>\n",
       "            <td>&nbsp;&nbsp;&nbsp;&nbsp;&nbsp;&nbsp;&nbsp;&nbsp;&nbsp;&nbsp;&nbsp;&nbsp;&nbsp;&nbsp;&nbsp;&nbsp;&nbsp;&nbsp;&nbsp;&nbsp;Rows Removed by Filter: 3868</td>\n",
       "        </tr>\n",
       "        <tr>\n",
       "            <td>&nbsp;&nbsp;&nbsp;&nbsp;&nbsp;&nbsp;&nbsp;&nbsp;&nbsp;&nbsp;&nbsp;&nbsp;&nbsp;&nbsp;->  Hash  (cost=361.99..361.99 rows=1955 width=17) (actual time=4.182..4.184 rows=2948 loops=1)</td>\n",
       "        </tr>\n",
       "        <tr>\n",
       "            <td>&nbsp;&nbsp;&nbsp;&nbsp;&nbsp;&nbsp;&nbsp;&nbsp;&nbsp;&nbsp;&nbsp;&nbsp;&nbsp;&nbsp;&nbsp;&nbsp;&nbsp;&nbsp;&nbsp;&nbsp;Buckets: 4096 (originally 2048)  Batches: 1 (originally 1)  Memory Usage: 178kB</td>\n",
       "        </tr>\n",
       "        <tr>\n",
       "            <td>&nbsp;&nbsp;&nbsp;&nbsp;&nbsp;&nbsp;&nbsp;&nbsp;&nbsp;&nbsp;&nbsp;&nbsp;&nbsp;&nbsp;&nbsp;&nbsp;&nbsp;&nbsp;&nbsp;&nbsp;->  Hash Join  (cost=29.79..361.99 rows=1955 width=17) (actual time=0.161..3.487 rows=2948 loops=1)</td>\n",
       "        </tr>\n",
       "        <tr>\n",
       "            <td>&nbsp;&nbsp;&nbsp;&nbsp;&nbsp;&nbsp;&nbsp;&nbsp;&nbsp;&nbsp;&nbsp;&nbsp;&nbsp;&nbsp;&nbsp;&nbsp;&nbsp;&nbsp;&nbsp;&nbsp;&nbsp;&nbsp;&nbsp;&nbsp;&nbsp;&nbsp;Hash Cond: ((cp.schoolid)::text = (schools.schoolid)::text)</td>\n",
       "        </tr>\n",
       "        <tr>\n",
       "            <td>&nbsp;&nbsp;&nbsp;&nbsp;&nbsp;&nbsp;&nbsp;&nbsp;&nbsp;&nbsp;&nbsp;&nbsp;&nbsp;&nbsp;&nbsp;&nbsp;&nbsp;&nbsp;&nbsp;&nbsp;&nbsp;&nbsp;&nbsp;&nbsp;&nbsp;&nbsp;->  Seq Scan on collegeplaying cp  (cost=0.00..286.50 rows=17350 width=17) (actual time=0.005..1.055 rows=17350 loops=1)</td>\n",
       "        </tr>\n",
       "        <tr>\n",
       "            <td>&nbsp;&nbsp;&nbsp;&nbsp;&nbsp;&nbsp;&nbsp;&nbsp;&nbsp;&nbsp;&nbsp;&nbsp;&nbsp;&nbsp;&nbsp;&nbsp;&nbsp;&nbsp;&nbsp;&nbsp;&nbsp;&nbsp;&nbsp;&nbsp;&nbsp;&nbsp;->  Hash  (cost=28.09..28.09 rows=136 width=8) (actual time=0.149..0.150 rows=136 loops=1)</td>\n",
       "        </tr>\n",
       "        <tr>\n",
       "            <td>&nbsp;&nbsp;&nbsp;&nbsp;&nbsp;&nbsp;&nbsp;&nbsp;&nbsp;&nbsp;&nbsp;&nbsp;&nbsp;&nbsp;&nbsp;&nbsp;&nbsp;&nbsp;&nbsp;&nbsp;&nbsp;&nbsp;&nbsp;&nbsp;&nbsp;&nbsp;&nbsp;&nbsp;&nbsp;&nbsp;&nbsp;&nbsp;Buckets: 1024  Batches: 1  Memory Usage: 14kB</td>\n",
       "        </tr>\n",
       "        <tr>\n",
       "            <td>&nbsp;&nbsp;&nbsp;&nbsp;&nbsp;&nbsp;&nbsp;&nbsp;&nbsp;&nbsp;&nbsp;&nbsp;&nbsp;&nbsp;&nbsp;&nbsp;&nbsp;&nbsp;&nbsp;&nbsp;&nbsp;&nbsp;&nbsp;&nbsp;&nbsp;&nbsp;&nbsp;&nbsp;&nbsp;&nbsp;&nbsp;&nbsp;->  Seq Scan on schools  (cost=0.00..28.09 rows=136 width=8) (actual time=0.010..0.128 rows=136 loops=1)</td>\n",
       "        </tr>\n",
       "        <tr>\n",
       "            <td>&nbsp;&nbsp;&nbsp;&nbsp;&nbsp;&nbsp;&nbsp;&nbsp;&nbsp;&nbsp;&nbsp;&nbsp;&nbsp;&nbsp;&nbsp;&nbsp;&nbsp;&nbsp;&nbsp;&nbsp;&nbsp;&nbsp;&nbsp;&nbsp;&nbsp;&nbsp;&nbsp;&nbsp;&nbsp;&nbsp;&nbsp;&nbsp;&nbsp;&nbsp;&nbsp;&nbsp;&nbsp;&nbsp;Filter: ((schoolstate)::text = 'CA'::text)</td>\n",
       "        </tr>\n",
       "        <tr>\n",
       "            <td>&nbsp;&nbsp;&nbsp;&nbsp;&nbsp;&nbsp;&nbsp;&nbsp;&nbsp;&nbsp;&nbsp;&nbsp;&nbsp;&nbsp;&nbsp;&nbsp;&nbsp;&nbsp;&nbsp;&nbsp;&nbsp;&nbsp;&nbsp;&nbsp;&nbsp;&nbsp;&nbsp;&nbsp;&nbsp;&nbsp;&nbsp;&nbsp;&nbsp;&nbsp;&nbsp;&nbsp;&nbsp;&nbsp;Rows Removed by Filter: 1071</td>\n",
       "        </tr>\n",
       "        <tr>\n",
       "            <td>&nbsp;&nbsp;&nbsp;&nbsp;&nbsp;&nbsp;&nbsp;&nbsp;->  Index Scan using master_pkey on people  (cost=0.29..0.42 rows=1 width=21) (actual time=0.005..0.005 rows=1 loops=23)</td>\n",
       "        </tr>\n",
       "        <tr>\n",
       "            <td>&nbsp;&nbsp;&nbsp;&nbsp;&nbsp;&nbsp;&nbsp;&nbsp;&nbsp;&nbsp;&nbsp;&nbsp;&nbsp;&nbsp;Index Cond: ((playerid)::text = (cp.playerid)::text)</td>\n",
       "        </tr>\n",
       "        <tr>\n",
       "            <td>Planning Time: 1.433 ms</td>\n",
       "        </tr>\n",
       "        <tr>\n",
       "            <td>Execution Time: 4.860 ms</td>\n",
       "        </tr>\n",
       "    </tbody>\n",
       "</table>"
      ],
      "text/plain": [
       "+----------------------------------------------------------------------------------------------------------------------------------------------------+\n",
       "|                                                                     QUERY PLAN                                                                     |\n",
       "+----------------------------------------------------------------------------------------------------------------------------------------------------+\n",
       "|                              Sort  (cost=529.34..529.58 rows=96 width=33) (actual time=4.810..4.815 rows=23 loops=1)                               |\n",
       "|                                                          Sort Key: hof.yearid, cp.playerid                                                         |\n",
       "|                                                         Sort Method: quicksort  Memory: 26kB                                                       |\n",
       "|                          ->  Nested Loop  (cost=386.71..526.18 rows=96 width=33) (actual time=4.429..4.796 rows=23 loops=1)                        |\n",
       "|                              ->  Hash Join  (cost=386.42..485.79 rows=96 width=30) (actual time=4.397..4.671 rows=23 loops=1)                      |\n",
       "|                                                     Hash Cond: ((hof.playerid)::text = (cp.playerid)::text)                                        |\n",
       "|                         ->  Seq Scan on halloffame hof  (cost=0.00..96.39 rows=323 width=13) (actual time=0.010..0.446 rows=323 loops=1)           |\n",
       "|                                                                 Filter: ((inducted)::text = 'Y'::text)                                             |\n",
       "|                                                                      Rows Removed by Filter: 3868                                                  |\n",
       "|                                 ->  Hash  (cost=361.99..361.99 rows=1955 width=17) (actual time=4.182..4.184 rows=2948 loops=1)                    |\n",
       "|                                            Buckets: 4096 (originally 2048)  Batches: 1 (originally 1)  Memory Usage: 178kB                         |\n",
       "|                                  ->  Hash Join  (cost=29.79..361.99 rows=1955 width=17) (actual time=0.161..3.487 rows=2948 loops=1)               |\n",
       "|                                                         Hash Cond: ((cp.schoolid)::text = (schools.schoolid)::text)                                |\n",
       "|                           ->  Seq Scan on collegeplaying cp  (cost=0.00..286.50 rows=17350 width=17) (actual time=0.005..1.055 rows=17350 loops=1) |\n",
       "|                                          ->  Hash  (cost=28.09..28.09 rows=136 width=8) (actual time=0.149..0.150 rows=136 loops=1)                |\n",
       "|                                                                   Buckets: 1024  Batches: 1  Memory Usage: 14kB                                    |\n",
       "|                                      ->  Seq Scan on schools  (cost=0.00..28.09 rows=136 width=8) (actual time=0.010..0.128 rows=136 loops=1)      |\n",
       "|                                                                        Filter: ((schoolstate)::text = 'CA'::text)                                  |\n",
       "|                                                                               Rows Removed by Filter: 1071                                         |\n",
       "|                  ->  Index Scan using master_pkey on people  (cost=0.29..0.42 rows=1 width=21) (actual time=0.005..0.005 rows=1 loops=23)          |\n",
       "|                                                       Index Cond: ((playerid)::text = (cp.playerid)::text)                                         |\n",
       "|                                                              Planning Time: 1.433 ms                                                               |\n",
       "|                                                              Execution Time: 4.860 ms                                                              |\n",
       "+----------------------------------------------------------------------------------------------------------------------------------------------------+"
      ]
     },
     "execution_count": 91,
     "metadata": {},
     "output_type": "execute_result"
    }
   ],
   "source": [
    "%%sql\n",
    "EXPLAIN ANALYZE SELECT * FROM inducted_hof_ca;"
   ]
  },
  {
   "cell_type": "code",
   "execution_count": 93,
   "metadata": {
    "tags": []
   },
   "outputs": [],
   "source": [
    "query_view_cost = 529.58\n",
    "query_view_timing = 4.860"
   ]
  },
  {
   "cell_type": "code",
   "execution_count": 94,
   "metadata": {
    "deletable": false,
    "editable": false
   },
   "outputs": [
    {
     "data": {
      "text/html": [
       "<p><strong><pre style='display: inline;'>q3a</pre></strong> passed! 🍀</p>"
      ],
      "text/plain": [
       "q3a results: All test cases passed!"
      ]
     },
     "execution_count": 94,
     "metadata": {},
     "output_type": "execute_result"
    }
   ],
   "source": [
    "grader.check(\"q3a\")"
   ]
  },
  {
   "cell_type": "markdown",
   "metadata": {
    "deletable": false,
    "editable": false
   },
   "source": [
    "<br><br>\n",
    "\n",
    "---\n",
    "\n",
    "## Question 3b:\n",
    "Now, add a filter to only return rows from `inducted_hof_ca` where the year is later than 2010. Inspect the query plan and record the execution time and cost."
   ]
  },
  {
   "cell_type": "code",
   "execution_count": 95,
   "metadata": {
    "tags": []
   },
   "outputs": [
    {
     "data": {
      "text/html": [
       "<span style=\"None\">Running query in &#x27;postgresql://jovyan@127.0.0.1:5432/baseball&#x27;</span>"
      ],
      "text/plain": [
       "Running query in 'postgresql://jovyan@127.0.0.1:5432/baseball'"
      ]
     },
     "metadata": {},
     "output_type": "display_data"
    },
    {
     "data": {
      "text/html": [
       "<span style=\"color: green\">20 rows affected.</span>"
      ],
      "text/plain": [
       "20 rows affected."
      ]
     },
     "metadata": {},
     "output_type": "display_data"
    },
    {
     "data": {
      "text/html": [
       "<table>\n",
       "    <thead>\n",
       "        <tr>\n",
       "            <th>QUERY PLAN</th>\n",
       "        </tr>\n",
       "    </thead>\n",
       "    <tbody>\n",
       "        <tr>\n",
       "            <td>Sort  (cost=209.84..209.86 rows=6 width=33) (actual time=0.666..0.668 rows=8 loops=1)</td>\n",
       "        </tr>\n",
       "        <tr>\n",
       "            <td>&nbsp;&nbsp;Sort Key: hof.yearid, cp.playerid</td>\n",
       "        </tr>\n",
       "        <tr>\n",
       "            <td>&nbsp;&nbsp;Sort Method: quicksort  Memory: 25kB</td>\n",
       "        </tr>\n",
       "        <tr>\n",
       "            <td>&nbsp;&nbsp;->  Nested Loop  (cost=0.85..209.76 rows=6 width=33) (actual time=0.367..0.656 rows=8 loops=1)</td>\n",
       "        </tr>\n",
       "        <tr>\n",
       "            <td>&nbsp;&nbsp;&nbsp;&nbsp;&nbsp;&nbsp;&nbsp;&nbsp;->  Nested Loop  (cost=0.56..207.24 rows=6 width=30) (actual time=0.358..0.621 rows=8 loops=1)</td>\n",
       "        </tr>\n",
       "        <tr>\n",
       "            <td>&nbsp;&nbsp;&nbsp;&nbsp;&nbsp;&nbsp;&nbsp;&nbsp;&nbsp;&nbsp;&nbsp;&nbsp;&nbsp;&nbsp;->  Nested Loop  (cost=0.29..190.63 rows=55 width=30) (actual time=0.350..0.496 rows=27 loops=1)</td>\n",
       "        </tr>\n",
       "        <tr>\n",
       "            <td>&nbsp;&nbsp;&nbsp;&nbsp;&nbsp;&nbsp;&nbsp;&nbsp;&nbsp;&nbsp;&nbsp;&nbsp;&nbsp;&nbsp;&nbsp;&nbsp;&nbsp;&nbsp;&nbsp;&nbsp;->  Seq Scan on halloffame hof  (cost=0.00..106.86 rows=21 width=13) (actual time=0.329..0.361 rows=31 loops=1)</td>\n",
       "        </tr>\n",
       "        <tr>\n",
       "            <td>&nbsp;&nbsp;&nbsp;&nbsp;&nbsp;&nbsp;&nbsp;&nbsp;&nbsp;&nbsp;&nbsp;&nbsp;&nbsp;&nbsp;&nbsp;&nbsp;&nbsp;&nbsp;&nbsp;&nbsp;&nbsp;&nbsp;&nbsp;&nbsp;&nbsp;&nbsp;Filter: ((yearid > 2010) AND ((inducted)::text = 'Y'::text))</td>\n",
       "        </tr>\n",
       "        <tr>\n",
       "            <td>&nbsp;&nbsp;&nbsp;&nbsp;&nbsp;&nbsp;&nbsp;&nbsp;&nbsp;&nbsp;&nbsp;&nbsp;&nbsp;&nbsp;&nbsp;&nbsp;&nbsp;&nbsp;&nbsp;&nbsp;&nbsp;&nbsp;&nbsp;&nbsp;&nbsp;&nbsp;Rows Removed by Filter: 4160</td>\n",
       "        </tr>\n",
       "        <tr>\n",
       "            <td>&nbsp;&nbsp;&nbsp;&nbsp;&nbsp;&nbsp;&nbsp;&nbsp;&nbsp;&nbsp;&nbsp;&nbsp;&nbsp;&nbsp;&nbsp;&nbsp;&nbsp;&nbsp;&nbsp;&nbsp;->  Index Only Scan using collegeplaying_pkey on collegeplaying cp  (cost=0.29..3.96 rows=3 width=17) (actual time=0.004..0.004 rows=1 loops=31)</td>\n",
       "        </tr>\n",
       "        <tr>\n",
       "            <td>&nbsp;&nbsp;&nbsp;&nbsp;&nbsp;&nbsp;&nbsp;&nbsp;&nbsp;&nbsp;&nbsp;&nbsp;&nbsp;&nbsp;&nbsp;&nbsp;&nbsp;&nbsp;&nbsp;&nbsp;&nbsp;&nbsp;&nbsp;&nbsp;&nbsp;&nbsp;Index Cond: (playerid = (hof.playerid)::text)</td>\n",
       "        </tr>\n",
       "        <tr>\n",
       "            <td>&nbsp;&nbsp;&nbsp;&nbsp;&nbsp;&nbsp;&nbsp;&nbsp;&nbsp;&nbsp;&nbsp;&nbsp;&nbsp;&nbsp;&nbsp;&nbsp;&nbsp;&nbsp;&nbsp;&nbsp;&nbsp;&nbsp;&nbsp;&nbsp;&nbsp;&nbsp;Heap Fetches: 0</td>\n",
       "        </tr>\n",
       "        <tr>\n",
       "            <td>&nbsp;&nbsp;&nbsp;&nbsp;&nbsp;&nbsp;&nbsp;&nbsp;&nbsp;&nbsp;&nbsp;&nbsp;&nbsp;&nbsp;->  Index Scan using schools_pkey on schools  (cost=0.28..0.30 rows=1 width=8) (actual time=0.004..0.004 rows=0 loops=27)</td>\n",
       "        </tr>\n",
       "        <tr>\n",
       "            <td>&nbsp;&nbsp;&nbsp;&nbsp;&nbsp;&nbsp;&nbsp;&nbsp;&nbsp;&nbsp;&nbsp;&nbsp;&nbsp;&nbsp;&nbsp;&nbsp;&nbsp;&nbsp;&nbsp;&nbsp;Index Cond: ((schoolid)::text = (cp.schoolid)::text)</td>\n",
       "        </tr>\n",
       "        <tr>\n",
       "            <td>&nbsp;&nbsp;&nbsp;&nbsp;&nbsp;&nbsp;&nbsp;&nbsp;&nbsp;&nbsp;&nbsp;&nbsp;&nbsp;&nbsp;&nbsp;&nbsp;&nbsp;&nbsp;&nbsp;&nbsp;Filter: ((schoolstate)::text = 'CA'::text)</td>\n",
       "        </tr>\n",
       "        <tr>\n",
       "            <td>&nbsp;&nbsp;&nbsp;&nbsp;&nbsp;&nbsp;&nbsp;&nbsp;&nbsp;&nbsp;&nbsp;&nbsp;&nbsp;&nbsp;&nbsp;&nbsp;&nbsp;&nbsp;&nbsp;&nbsp;Rows Removed by Filter: 1</td>\n",
       "        </tr>\n",
       "        <tr>\n",
       "            <td>&nbsp;&nbsp;&nbsp;&nbsp;&nbsp;&nbsp;&nbsp;&nbsp;->  Index Scan using master_pkey on people  (cost=0.29..0.42 rows=1 width=21) (actual time=0.004..0.004 rows=1 loops=8)</td>\n",
       "        </tr>\n",
       "        <tr>\n",
       "            <td>&nbsp;&nbsp;&nbsp;&nbsp;&nbsp;&nbsp;&nbsp;&nbsp;&nbsp;&nbsp;&nbsp;&nbsp;&nbsp;&nbsp;Index Cond: ((playerid)::text = (cp.playerid)::text)</td>\n",
       "        </tr>\n",
       "        <tr>\n",
       "            <td>Planning Time: 1.755 ms</td>\n",
       "        </tr>\n",
       "        <tr>\n",
       "            <td>Execution Time: 0.707 ms</td>\n",
       "        </tr>\n",
       "    </tbody>\n",
       "</table>"
      ],
      "text/plain": [
       "+----------------------------------------------------------------------------------------------------------------------------------------------------------------------+\n",
       "|                                                                              QUERY PLAN                                                                              |\n",
       "+----------------------------------------------------------------------------------------------------------------------------------------------------------------------+\n",
       "|                                        Sort  (cost=209.84..209.86 rows=6 width=33) (actual time=0.666..0.668 rows=8 loops=1)                                         |\n",
       "|                                                                   Sort Key: hof.yearid, cp.playerid                                                                  |\n",
       "|                                                                  Sort Method: quicksort  Memory: 25kB                                                                |\n",
       "|                                     ->  Nested Loop  (cost=0.85..209.76 rows=6 width=33) (actual time=0.367..0.656 rows=8 loops=1)                                   |\n",
       "|                                        ->  Nested Loop  (cost=0.56..207.24 rows=6 width=30) (actual time=0.358..0.621 rows=8 loops=1)                                |\n",
       "|                                          ->  Nested Loop  (cost=0.29..190.63 rows=55 width=30) (actual time=0.350..0.496 rows=27 loops=1)                            |\n",
       "|                                     ->  Seq Scan on halloffame hof  (cost=0.00..106.86 rows=21 width=13) (actual time=0.329..0.361 rows=31 loops=1)                  |\n",
       "|                                                                  Filter: ((yearid > 2010) AND ((inducted)::text = 'Y'::text))                                        |\n",
       "|                                                                                  Rows Removed by Filter: 4160                                                        |\n",
       "|                     ->  Index Only Scan using collegeplaying_pkey on collegeplaying cp  (cost=0.29..3.96 rows=3 width=17) (actual time=0.004..0.004 rows=1 loops=31) |\n",
       "|                                                                         Index Cond: (playerid = (hof.playerid)::text)                                                |\n",
       "|                                                                                        Heap Fetches: 0                                                               |\n",
       "|                             ->  Index Scan using schools_pkey on schools  (cost=0.28..0.30 rows=1 width=8) (actual time=0.004..0.004 rows=0 loops=27)                |\n",
       "|                                                                   Index Cond: ((schoolid)::text = (cp.schoolid)::text)                                               |\n",
       "|                                                                        Filter: ((schoolstate)::text = 'CA'::text)                                                    |\n",
       "|                                                                                Rows Removed by Filter: 1                                                             |\n",
       "|                           ->  Index Scan using master_pkey on people  (cost=0.29..0.42 rows=1 width=21) (actual time=0.004..0.004 rows=1 loops=8)                    |\n",
       "|                                                                Index Cond: ((playerid)::text = (cp.playerid)::text)                                                  |\n",
       "|                                                                       Planning Time: 1.755 ms                                                                        |\n",
       "|                                                                       Execution Time: 0.707 ms                                                                       |\n",
       "+----------------------------------------------------------------------------------------------------------------------------------------------------------------------+"
      ]
     },
     "execution_count": 95,
     "metadata": {},
     "output_type": "execute_result"
    }
   ],
   "source": [
    "%%sql\n",
    "EXPLAIN ANALYZE SELECT * FROM inducted_hof_ca WHERE yearid>2010;"
   ]
  },
  {
   "cell_type": "code",
   "execution_count": 96,
   "metadata": {
    "tags": []
   },
   "outputs": [],
   "source": [
    "query_view_with_filter_cost = 209.86\n",
    "query_view_with_filter_timing = 0.707"
   ]
  },
  {
   "cell_type": "code",
   "execution_count": 97,
   "metadata": {
    "deletable": false,
    "editable": false
   },
   "outputs": [
    {
     "data": {
      "text/html": [
       "<p><strong><pre style='display: inline;'>q3b</pre></strong> passed! 🎉</p>"
      ],
      "text/plain": [
       "q3b results: All test cases passed!"
      ]
     },
     "execution_count": 97,
     "metadata": {},
     "output_type": "execute_result"
    }
   ],
   "source": [
    "grader.check(\"q3b\")"
   ]
  },
  {
   "cell_type": "markdown",
   "metadata": {
    "deletable": false,
    "editable": false
   },
   "source": [
    "<!-- BEGIN QUESTION -->\n",
    "\n",
    "## Question 3c:\n",
    "Given your findings from inspecting the query plans of queries from Questions 3a and 3b, fill in the blank and **justify your answer**. Explain your answer based on your knowledge from lectures, and details from the query plans (your explanation should include why you didn't choose other options). Your response should be no longer than 3 sentences.\n",
    "\n",
    "**Note:** Your answer should be formatted as follows: `A because ...`\n",
    "\n",
    "**Adding a filter ___ the cost.**\n",
    "<br>\n",
    "A. increased\n",
    "<br>\n",
    "B. decreased\n",
    "<br>\n",
    "C. did not change"
   ]
  },
  {
   "cell_type": "markdown",
   "metadata": {},
   "source": [
    "_B because as we can see above, the cost with the filter (209.86) is significantly lower than that of the query without the filter (529.58). Since the view is sorted (by the way that we constructed it), the program knows that once it reaches a year after 2010, it doesn't need to search through the rest of the scan._"
   ]
  },
  {
   "cell_type": "markdown",
   "metadata": {
    "deletable": false,
    "editable": false
   },
   "source": [
    "<!-- END QUESTION -->\n",
    "\n",
    "<!-- BEGIN QUESTION -->\n",
    "\n",
    "<br><br>\n",
    "\n",
    "---\n",
    "\n",
    "## Question 3d:\n",
    "Given your findings from inspecting the query plans of queries from Questions 3a and 3b, fill in the blank and **justify your answer**. Explain your answer based on your knowledge from lectures, and details from the query plans (your explanation should include why you didn't choose other options). Your response should be no longer than 3 sentences.\n",
    "\n",
    "**Note:** Your answer should be formatted as follows: `A because ...`\n",
    "\n",
    "**Adding a filter ___ the execution time.**\n",
    "<br>\n",
    "A. increased\n",
    "<br>\n",
    "B. decreased\n",
    "<br>\n",
    "C. did not change"
   ]
  },
  {
   "cell_type": "markdown",
   "metadata": {},
   "source": [
    "_B because as we can see above, the execution time with the filter is significantly lower (0.796) than that of the query without the filter (4.462). Since the view is sorted (by the way that we constructed it), the program knows that once it reaches a year after 2010, it doesn't need to search through the rest of the scan._"
   ]
  },
  {
   "cell_type": "markdown",
   "metadata": {
    "deletable": false,
    "editable": false
   },
   "source": [
    "<!-- END QUESTION -->\n",
    "\n",
    "<br><br>\n",
    "\n",
    "<hr style=\"border: 5px solid #003262;\" />\n",
    "<hr style=\"border: 1px solid #fdb515;\" />\n",
    "\n",
    "# Question 4: Join Approaches\n",
    "\n",
    "In this question, we'll explore different join approaches (Nested Loop Join, Merge Join, Hash Join) and discuss how the query optimizer picks the best approach."
   ]
  },
  {
   "cell_type": "markdown",
   "metadata": {
    "deletable": false,
    "editable": false
   },
   "source": [
    "<br/><br/>\n",
    "\n",
    "---\n",
    "\n",
    "## Question 4a\n",
    "Perform an inner join on the `people` and `collegeplaying` tables on the `playerid` column. Project all columns."
   ]
  },
  {
   "cell_type": "code",
   "execution_count": 98,
   "metadata": {
    "tags": []
   },
   "outputs": [
    {
     "data": {
      "text/html": [
       "<span style=\"None\">Running query in &#x27;postgresql://jovyan@127.0.0.1:5432/baseball&#x27;</span>"
      ],
      "text/plain": [
       "Running query in 'postgresql://jovyan@127.0.0.1:5432/baseball'"
      ]
     },
     "metadata": {},
     "output_type": "display_data"
    },
    {
     "data": {
      "text/html": [
       "<span style=\"color: green\">17350 rows affected.</span>"
      ],
      "text/plain": [
       "17350 rows affected."
      ]
     },
     "metadata": {},
     "output_type": "display_data"
    }
   ],
   "source": [
    "%%sql --save query_4a result_4a <<\n",
    "SELECT *\n",
    "FROM people\n",
    "INNER JOIN collegeplaying AS cp\n",
    "    ON people.playerid = cp.playerid;"
   ]
  },
  {
   "cell_type": "code",
   "execution_count": 99,
   "metadata": {
    "tags": []
   },
   "outputs": [
    {
     "data": {
      "text/html": [
       "<div>\n",
       "<style scoped>\n",
       "    .dataframe tbody tr th:only-of-type {\n",
       "        vertical-align: middle;\n",
       "    }\n",
       "\n",
       "    .dataframe tbody tr th {\n",
       "        vertical-align: top;\n",
       "    }\n",
       "\n",
       "    .dataframe thead th {\n",
       "        text-align: right;\n",
       "    }\n",
       "</style>\n",
       "<table border=\"1\" class=\"dataframe\">\n",
       "  <thead>\n",
       "    <tr style=\"text-align: right;\">\n",
       "      <th></th>\n",
       "      <th>playerid</th>\n",
       "      <th>birthyear</th>\n",
       "      <th>birthmonth</th>\n",
       "      <th>birthday</th>\n",
       "      <th>birthcountry</th>\n",
       "      <th>birthstate</th>\n",
       "      <th>birthcity</th>\n",
       "      <th>deathyear</th>\n",
       "      <th>deathmonth</th>\n",
       "      <th>deathday</th>\n",
       "      <th>...</th>\n",
       "      <th>height</th>\n",
       "      <th>bats</th>\n",
       "      <th>throws</th>\n",
       "      <th>debut</th>\n",
       "      <th>finalgame</th>\n",
       "      <th>retroid</th>\n",
       "      <th>bbrefid</th>\n",
       "      <th>playerid</th>\n",
       "      <th>schoolid</th>\n",
       "      <th>yearid</th>\n",
       "    </tr>\n",
       "  </thead>\n",
       "  <tbody>\n",
       "    <tr>\n",
       "      <th>0</th>\n",
       "      <td>aardsda01</td>\n",
       "      <td>1981</td>\n",
       "      <td>12.0</td>\n",
       "      <td>27.0</td>\n",
       "      <td>USA</td>\n",
       "      <td>CO</td>\n",
       "      <td>Denver</td>\n",
       "      <td>NaN</td>\n",
       "      <td>NaN</td>\n",
       "      <td>NaN</td>\n",
       "      <td>...</td>\n",
       "      <td>75.0</td>\n",
       "      <td>R</td>\n",
       "      <td>R</td>\n",
       "      <td>2004-04-06</td>\n",
       "      <td>2015-08-23</td>\n",
       "      <td>aardd001</td>\n",
       "      <td>aardsda01</td>\n",
       "      <td>aardsda01</td>\n",
       "      <td>pennst</td>\n",
       "      <td>2001</td>\n",
       "    </tr>\n",
       "    <tr>\n",
       "      <th>1</th>\n",
       "      <td>aardsda01</td>\n",
       "      <td>1981</td>\n",
       "      <td>12.0</td>\n",
       "      <td>27.0</td>\n",
       "      <td>USA</td>\n",
       "      <td>CO</td>\n",
       "      <td>Denver</td>\n",
       "      <td>NaN</td>\n",
       "      <td>NaN</td>\n",
       "      <td>NaN</td>\n",
       "      <td>...</td>\n",
       "      <td>75.0</td>\n",
       "      <td>R</td>\n",
       "      <td>R</td>\n",
       "      <td>2004-04-06</td>\n",
       "      <td>2015-08-23</td>\n",
       "      <td>aardd001</td>\n",
       "      <td>aardsda01</td>\n",
       "      <td>aardsda01</td>\n",
       "      <td>rice</td>\n",
       "      <td>2002</td>\n",
       "    </tr>\n",
       "    <tr>\n",
       "      <th>2</th>\n",
       "      <td>aardsda01</td>\n",
       "      <td>1981</td>\n",
       "      <td>12.0</td>\n",
       "      <td>27.0</td>\n",
       "      <td>USA</td>\n",
       "      <td>CO</td>\n",
       "      <td>Denver</td>\n",
       "      <td>NaN</td>\n",
       "      <td>NaN</td>\n",
       "      <td>NaN</td>\n",
       "      <td>...</td>\n",
       "      <td>75.0</td>\n",
       "      <td>R</td>\n",
       "      <td>R</td>\n",
       "      <td>2004-04-06</td>\n",
       "      <td>2015-08-23</td>\n",
       "      <td>aardd001</td>\n",
       "      <td>aardsda01</td>\n",
       "      <td>aardsda01</td>\n",
       "      <td>rice</td>\n",
       "      <td>2003</td>\n",
       "    </tr>\n",
       "  </tbody>\n",
       "</table>\n",
       "<p>3 rows × 27 columns</p>\n",
       "</div>"
      ],
      "text/plain": [
       "    playerid  birthyear  birthmonth  birthday birthcountry birthstate  \\\n",
       "0  aardsda01       1981        12.0      27.0          USA         CO   \n",
       "1  aardsda01       1981        12.0      27.0          USA         CO   \n",
       "2  aardsda01       1981        12.0      27.0          USA         CO   \n",
       "\n",
       "  birthcity  deathyear  deathmonth  deathday  ... height bats throws  \\\n",
       "0    Denver        NaN         NaN       NaN  ...   75.0    R      R   \n",
       "1    Denver        NaN         NaN       NaN  ...   75.0    R      R   \n",
       "2    Denver        NaN         NaN       NaN  ...   75.0    R      R   \n",
       "\n",
       "        debut   finalgame   retroid    bbrefid   playerid schoolid yearid  \n",
       "0  2004-04-06  2015-08-23  aardd001  aardsda01  aardsda01   pennst   2001  \n",
       "1  2004-04-06  2015-08-23  aardd001  aardsda01  aardsda01     rice   2002  \n",
       "2  2004-04-06  2015-08-23  aardd001  aardsda01  aardsda01     rice   2003  \n",
       "\n",
       "[3 rows x 27 columns]"
      ]
     },
     "metadata": {},
     "output_type": "display_data"
    },
    {
     "data": {
      "text/html": [
       "<span style=\"None\">Running query in &#x27;postgresql://jovyan@127.0.0.1:5432/baseball&#x27;</span>"
      ],
      "text/plain": [
       "Running query in 'postgresql://jovyan@127.0.0.1:5432/baseball'"
      ]
     },
     "metadata": {},
     "output_type": "display_data"
    },
    {
     "data": {
      "text/html": [
       "<span style=\"color: green\">8 rows affected.</span>"
      ],
      "text/plain": [
       "8 rows affected."
      ]
     },
     "metadata": {},
     "output_type": "display_data"
    },
    {
     "data": {
      "text/html": [
       "<table>\n",
       "    <thead>\n",
       "        <tr>\n",
       "            <th>QUERY PLAN</th>\n",
       "        </tr>\n",
       "    </thead>\n",
       "    <tbody>\n",
       "        <tr>\n",
       "            <td>Hash Join  (cost=861.83..1193.88 rows=17350 width=167) (actual time=7.047..15.389 rows=17350 loops=1)</td>\n",
       "        </tr>\n",
       "        <tr>\n",
       "            <td>&nbsp;&nbsp;Hash Cond: ((cp.playerid)::text = (people.playerid)::text)</td>\n",
       "        </tr>\n",
       "        <tr>\n",
       "            <td>&nbsp;&nbsp;->  Seq Scan on collegeplaying cp  (cost=0.00..286.50 rows=17350 width=21) (actual time=0.010..1.039 rows=17350 loops=1)</td>\n",
       "        </tr>\n",
       "        <tr>\n",
       "            <td>&nbsp;&nbsp;->  Hash  (cost=619.70..619.70 rows=19370 width=146) (actual time=6.895..6.897 rows=19370 loops=1)</td>\n",
       "        </tr>\n",
       "        <tr>\n",
       "            <td>&nbsp;&nbsp;&nbsp;&nbsp;&nbsp;&nbsp;&nbsp;&nbsp;Buckets: 32768  Batches: 1  Memory Usage: 3633kB</td>\n",
       "        </tr>\n",
       "        <tr>\n",
       "            <td>&nbsp;&nbsp;&nbsp;&nbsp;&nbsp;&nbsp;&nbsp;&nbsp;->  Seq Scan on people  (cost=0.00..619.70 rows=19370 width=146) (actual time=0.005..1.458 rows=19370 loops=1)</td>\n",
       "        </tr>\n",
       "        <tr>\n",
       "            <td>Planning Time: 0.321 ms</td>\n",
       "        </tr>\n",
       "        <tr>\n",
       "            <td>Execution Time: 16.211 ms</td>\n",
       "        </tr>\n",
       "    </tbody>\n",
       "</table>"
      ],
      "text/plain": [
       "+----------------------------------------------------------------------------------------------------------------------------+\n",
       "|                                                         QUERY PLAN                                                         |\n",
       "+----------------------------------------------------------------------------------------------------------------------------+\n",
       "|           Hash Join  (cost=861.83..1193.88 rows=17350 width=167) (actual time=7.047..15.389 rows=17350 loops=1)            |\n",
       "|                                  Hash Cond: ((cp.playerid)::text = (people.playerid)::text)                                |\n",
       "|   ->  Seq Scan on collegeplaying cp  (cost=0.00..286.50 rows=17350 width=21) (actual time=0.010..1.039 rows=17350 loops=1) |\n",
       "|              ->  Hash  (cost=619.70..619.70 rows=19370 width=146) (actual time=6.895..6.897 rows=19370 loops=1)            |\n",
       "|                                          Buckets: 32768  Batches: 1  Memory Usage: 3633kB                                  |\n",
       "|           ->  Seq Scan on people  (cost=0.00..619.70 rows=19370 width=146) (actual time=0.005..1.458 rows=19370 loops=1)   |\n",
       "|                                                  Planning Time: 0.321 ms                                                   |\n",
       "|                                                 Execution Time: 16.211 ms                                                  |\n",
       "+----------------------------------------------------------------------------------------------------------------------------+"
      ]
     },
     "execution_count": 99,
     "metadata": {},
     "output_type": "execute_result"
    }
   ],
   "source": [
    "# Do not delete/edit this cell!\n",
    "# You must run this cell before running the autograder.\n",
    "query_4a = %sqlcmd snippets query_4a\n",
    "grading_util.save_results(\"result_4a\", query_4a, result_4a);\n",
    "\n",
    "display(result_4a.DataFrame().head(3))\n",
    "%sql EXPLAIN ANALYZE {{query_4a}} "
   ]
  },
  {
   "cell_type": "markdown",
   "metadata": {
    "deletable": false,
    "editable": false
   },
   "source": [
    "Run the cell above to inspect the query plan for your command.\n",
    "\n",
    "**Which join approach did the query optimizer choose?** \n",
    "\n",
    "A. Nested Loop Join<br/>\n",
    "B. Merge Join<br/>\n",
    "C. Hash Join<br/>\n",
    "D. None of the Above\n",
    "\n",
    "Assign the variable `q4a` to the correct letter choice above, e.g., `q4a = 'A'`."
   ]
  },
  {
   "cell_type": "code",
   "execution_count": 100,
   "metadata": {
    "tags": []
   },
   "outputs": [],
   "source": [
    "q4a = 'C'"
   ]
  },
  {
   "cell_type": "code",
   "execution_count": 101,
   "metadata": {
    "deletable": false,
    "editable": false
   },
   "outputs": [
    {
     "data": {
      "text/html": [
       "<p><strong><pre style='display: inline;'>q4a</pre></strong> passed! 💯</p>"
      ],
      "text/plain": [
       "q4a results: All test cases passed!"
      ]
     },
     "execution_count": 101,
     "metadata": {},
     "output_type": "execute_result"
    }
   ],
   "source": [
    "grader.check(\"q4a\")"
   ]
  },
  {
   "cell_type": "markdown",
   "metadata": {
    "deletable": false,
    "editable": false
   },
   "source": [
    "<br><br>\n",
    "\n",
    "---\n",
    "\n",
    "## Question 4b\n",
    "\n",
    "Similar to Question 4a, perform an inner join on the `people` and `collegeplaying` tables on the `playerid` column. Project all columns.\n",
    "\n",
    "In addition, **sort your output by `playerid`.**"
   ]
  },
  {
   "cell_type": "code",
   "execution_count": 102,
   "metadata": {
    "tags": []
   },
   "outputs": [
    {
     "data": {
      "text/html": [
       "<span style=\"None\">Running query in &#x27;postgresql://jovyan@127.0.0.1:5432/baseball&#x27;</span>"
      ],
      "text/plain": [
       "Running query in 'postgresql://jovyan@127.0.0.1:5432/baseball'"
      ]
     },
     "metadata": {},
     "output_type": "display_data"
    },
    {
     "data": {
      "text/html": [
       "<span style=\"color: green\">17350 rows affected.</span>"
      ],
      "text/plain": [
       "17350 rows affected."
      ]
     },
     "metadata": {},
     "output_type": "display_data"
    }
   ],
   "source": [
    "%%sql --save query_4b result_4b <<\n",
    "SELECT *\n",
    "FROM people\n",
    "INNER JOIN collegeplaying AS cp\n",
    "    ON people.playerid = cp.playerid\n",
    "ORDER BY cp.playerid;"
   ]
  },
  {
   "cell_type": "code",
   "execution_count": 103,
   "metadata": {
    "tags": []
   },
   "outputs": [
    {
     "data": {
      "text/html": [
       "<div>\n",
       "<style scoped>\n",
       "    .dataframe tbody tr th:only-of-type {\n",
       "        vertical-align: middle;\n",
       "    }\n",
       "\n",
       "    .dataframe tbody tr th {\n",
       "        vertical-align: top;\n",
       "    }\n",
       "\n",
       "    .dataframe thead th {\n",
       "        text-align: right;\n",
       "    }\n",
       "</style>\n",
       "<table border=\"1\" class=\"dataframe\">\n",
       "  <thead>\n",
       "    <tr style=\"text-align: right;\">\n",
       "      <th></th>\n",
       "      <th>playerid</th>\n",
       "      <th>birthyear</th>\n",
       "      <th>birthmonth</th>\n",
       "      <th>birthday</th>\n",
       "      <th>birthcountry</th>\n",
       "      <th>birthstate</th>\n",
       "      <th>birthcity</th>\n",
       "      <th>deathyear</th>\n",
       "      <th>deathmonth</th>\n",
       "      <th>deathday</th>\n",
       "      <th>...</th>\n",
       "      <th>height</th>\n",
       "      <th>bats</th>\n",
       "      <th>throws</th>\n",
       "      <th>debut</th>\n",
       "      <th>finalgame</th>\n",
       "      <th>retroid</th>\n",
       "      <th>bbrefid</th>\n",
       "      <th>playerid</th>\n",
       "      <th>schoolid</th>\n",
       "      <th>yearid</th>\n",
       "    </tr>\n",
       "  </thead>\n",
       "  <tbody>\n",
       "    <tr>\n",
       "      <th>0</th>\n",
       "      <td>aardsda01</td>\n",
       "      <td>1981</td>\n",
       "      <td>12.0</td>\n",
       "      <td>27.0</td>\n",
       "      <td>USA</td>\n",
       "      <td>CO</td>\n",
       "      <td>Denver</td>\n",
       "      <td>NaN</td>\n",
       "      <td>NaN</td>\n",
       "      <td>NaN</td>\n",
       "      <td>...</td>\n",
       "      <td>75.0</td>\n",
       "      <td>R</td>\n",
       "      <td>R</td>\n",
       "      <td>2004-04-06</td>\n",
       "      <td>2015-08-23</td>\n",
       "      <td>aardd001</td>\n",
       "      <td>aardsda01</td>\n",
       "      <td>aardsda01</td>\n",
       "      <td>pennst</td>\n",
       "      <td>2001</td>\n",
       "    </tr>\n",
       "    <tr>\n",
       "      <th>1</th>\n",
       "      <td>aardsda01</td>\n",
       "      <td>1981</td>\n",
       "      <td>12.0</td>\n",
       "      <td>27.0</td>\n",
       "      <td>USA</td>\n",
       "      <td>CO</td>\n",
       "      <td>Denver</td>\n",
       "      <td>NaN</td>\n",
       "      <td>NaN</td>\n",
       "      <td>NaN</td>\n",
       "      <td>...</td>\n",
       "      <td>75.0</td>\n",
       "      <td>R</td>\n",
       "      <td>R</td>\n",
       "      <td>2004-04-06</td>\n",
       "      <td>2015-08-23</td>\n",
       "      <td>aardd001</td>\n",
       "      <td>aardsda01</td>\n",
       "      <td>aardsda01</td>\n",
       "      <td>rice</td>\n",
       "      <td>2002</td>\n",
       "    </tr>\n",
       "    <tr>\n",
       "      <th>2</th>\n",
       "      <td>aardsda01</td>\n",
       "      <td>1981</td>\n",
       "      <td>12.0</td>\n",
       "      <td>27.0</td>\n",
       "      <td>USA</td>\n",
       "      <td>CO</td>\n",
       "      <td>Denver</td>\n",
       "      <td>NaN</td>\n",
       "      <td>NaN</td>\n",
       "      <td>NaN</td>\n",
       "      <td>...</td>\n",
       "      <td>75.0</td>\n",
       "      <td>R</td>\n",
       "      <td>R</td>\n",
       "      <td>2004-04-06</td>\n",
       "      <td>2015-08-23</td>\n",
       "      <td>aardd001</td>\n",
       "      <td>aardsda01</td>\n",
       "      <td>aardsda01</td>\n",
       "      <td>rice</td>\n",
       "      <td>2003</td>\n",
       "    </tr>\n",
       "  </tbody>\n",
       "</table>\n",
       "<p>3 rows × 27 columns</p>\n",
       "</div>"
      ],
      "text/plain": [
       "    playerid  birthyear  birthmonth  birthday birthcountry birthstate  \\\n",
       "0  aardsda01       1981        12.0      27.0          USA         CO   \n",
       "1  aardsda01       1981        12.0      27.0          USA         CO   \n",
       "2  aardsda01       1981        12.0      27.0          USA         CO   \n",
       "\n",
       "  birthcity  deathyear  deathmonth  deathday  ... height bats throws  \\\n",
       "0    Denver        NaN         NaN       NaN  ...   75.0    R      R   \n",
       "1    Denver        NaN         NaN       NaN  ...   75.0    R      R   \n",
       "2    Denver        NaN         NaN       NaN  ...   75.0    R      R   \n",
       "\n",
       "        debut   finalgame   retroid    bbrefid   playerid schoolid yearid  \n",
       "0  2004-04-06  2015-08-23  aardd001  aardsda01  aardsda01   pennst   2001  \n",
       "1  2004-04-06  2015-08-23  aardd001  aardsda01  aardsda01     rice   2002  \n",
       "2  2004-04-06  2015-08-23  aardd001  aardsda01  aardsda01     rice   2003  \n",
       "\n",
       "[3 rows x 27 columns]"
      ]
     },
     "metadata": {},
     "output_type": "display_data"
    },
    {
     "data": {
      "text/html": [
       "<span style=\"None\">Running query in &#x27;postgresql://jovyan@127.0.0.1:5432/baseball&#x27;</span>"
      ],
      "text/plain": [
       "Running query in 'postgresql://jovyan@127.0.0.1:5432/baseball'"
      ]
     },
     "metadata": {},
     "output_type": "display_data"
    },
    {
     "data": {
      "text/html": [
       "<span style=\"color: green\">7 rows affected.</span>"
      ],
      "text/plain": [
       "7 rows affected."
      ]
     },
     "metadata": {},
     "output_type": "display_data"
    },
    {
     "data": {
      "text/html": [
       "<table>\n",
       "    <thead>\n",
       "        <tr>\n",
       "            <th>QUERY PLAN</th>\n",
       "        </tr>\n",
       "    </thead>\n",
       "    <tbody>\n",
       "        <tr>\n",
       "            <td>Merge Join  (cost=0.57..1910.20 rows=17350 width=167) (actual time=0.020..14.711 rows=17350 loops=1)</td>\n",
       "        </tr>\n",
       "        <tr>\n",
       "            <td>&nbsp;&nbsp;Merge Cond: ((people.playerid)::text = (cp.playerid)::text)</td>\n",
       "        </tr>\n",
       "        <tr>\n",
       "            <td>&nbsp;&nbsp;->  Index Scan using master_pkey on people  (cost=0.29..1024.36 rows=19370 width=146) (actual time=0.008..2.903 rows=19368 loops=1)</td>\n",
       "        </tr>\n",
       "        <tr>\n",
       "            <td>&nbsp;&nbsp;->  Index Only Scan using collegeplaying_pkey on collegeplaying cp  (cost=0.29..620.54 rows=17350 width=21) (actual time=0.007..2.204 rows=17350 loops=1)</td>\n",
       "        </tr>\n",
       "        <tr>\n",
       "            <td>&nbsp;&nbsp;&nbsp;&nbsp;&nbsp;&nbsp;&nbsp;&nbsp;Heap Fetches: 0</td>\n",
       "        </tr>\n",
       "        <tr>\n",
       "            <td>Planning Time: 0.281 ms</td>\n",
       "        </tr>\n",
       "        <tr>\n",
       "            <td>Execution Time: 15.280 ms</td>\n",
       "        </tr>\n",
       "    </tbody>\n",
       "</table>"
      ],
      "text/plain": [
       "+-------------------------------------------------------------------------------------------------------------------------------------------------------------+\n",
       "|                                                                          QUERY PLAN                                                                         |\n",
       "+-------------------------------------------------------------------------------------------------------------------------------------------------------------+\n",
       "|                             Merge Join  (cost=0.57..1910.20 rows=17350 width=167) (actual time=0.020..14.711 rows=17350 loops=1)                            |\n",
       "|                                                  Merge Cond: ((people.playerid)::text = (cp.playerid)::text)                                                |\n",
       "|              ->  Index Scan using master_pkey on people  (cost=0.29..1024.36 rows=19370 width=146) (actual time=0.008..2.903 rows=19368 loops=1)            |\n",
       "|   ->  Index Only Scan using collegeplaying_pkey on collegeplaying cp  (cost=0.29..620.54 rows=17350 width=21) (actual time=0.007..2.204 rows=17350 loops=1) |\n",
       "|                                                                           Heap Fetches: 0                                                                   |\n",
       "|                                                                   Planning Time: 0.281 ms                                                                   |\n",
       "|                                                                  Execution Time: 15.280 ms                                                                  |\n",
       "+-------------------------------------------------------------------------------------------------------------------------------------------------------------+"
      ]
     },
     "execution_count": 103,
     "metadata": {},
     "output_type": "execute_result"
    }
   ],
   "source": [
    "# Do not delete/edit this cell!\n",
    "# You must run this cell before running the autograder.\n",
    "query_4b = %sqlcmd snippets query_4b\n",
    "grading_util.save_results(\"result_4b\", query_4b, result_4b);\n",
    "\n",
    "display(result_4b.DataFrame().head(3))\n",
    "%sql EXPLAIN ANALYZE {{query_4b}} "
   ]
  },
  {
   "cell_type": "markdown",
   "metadata": {
    "deletable": false,
    "editable": false
   },
   "source": [
    "Run the cell above to inspect the query plan for your command.\n",
    "\n",
    "**Which join approach did the query optimizer choose?** \n",
    "\n",
    "A. Nested Loop Join<br/>\n",
    "B. Merge Join<br/>\n",
    "C. Hash Join<br/>\n",
    "D. None of the Above\n",
    "\n",
    "Assign the variable `q4b` to the correct letter choice above, e.g., `q4b = 'A'`."
   ]
  },
  {
   "cell_type": "code",
   "execution_count": 104,
   "metadata": {
    "tags": []
   },
   "outputs": [],
   "source": [
    "q4b = 'B'"
   ]
  },
  {
   "cell_type": "code",
   "execution_count": 105,
   "metadata": {
    "deletable": false,
    "editable": false
   },
   "outputs": [
    {
     "data": {
      "text/html": [
       "<p><strong><pre style='display: inline;'>q4b</pre></strong> passed! 🌈</p>"
      ],
      "text/plain": [
       "q4b results: All test cases passed!"
      ]
     },
     "execution_count": 105,
     "metadata": {},
     "output_type": "execute_result"
    }
   ],
   "source": [
    "grader.check(\"q4b\")"
   ]
  },
  {
   "cell_type": "markdown",
   "metadata": {
    "deletable": false,
    "editable": false
   },
   "source": [
    "<br><br>\n",
    "\n",
    "---\n",
    "## Question 4c\n",
    "Write a query to retrieve all possible player pair combinations. Project all columns, but **limit to 1000 rows** to ensure your query doesn't take an exorbitant amount of time to run.\n",
    "\n",
    "**Hint:** You can do this by performing an inner join of the `people` table on itself with an inequality condition."
   ]
  },
  {
   "cell_type": "code",
   "execution_count": 106,
   "metadata": {
    "tags": []
   },
   "outputs": [
    {
     "data": {
      "text/html": [
       "<span style=\"None\">Running query in &#x27;postgresql://jovyan@127.0.0.1:5432/baseball&#x27;</span>"
      ],
      "text/plain": [
       "Running query in 'postgresql://jovyan@127.0.0.1:5432/baseball'"
      ]
     },
     "metadata": {},
     "output_type": "display_data"
    },
    {
     "data": {
      "text/html": [
       "<span style=\"color: green\">1000 rows affected.</span>"
      ],
      "text/plain": [
       "1000 rows affected."
      ]
     },
     "metadata": {},
     "output_type": "display_data"
    }
   ],
   "source": [
    "%%sql --save query_4c result_4c <<\n",
    "SELECT * FROM people AS p1 INNER JOIN people AS p2 ON p1.playerid > p2.playerid LIMIT 1000;"
   ]
  },
  {
   "cell_type": "code",
   "execution_count": 107,
   "metadata": {
    "tags": []
   },
   "outputs": [
    {
     "data": {
      "text/html": [
       "<div>\n",
       "<style scoped>\n",
       "    .dataframe tbody tr th:only-of-type {\n",
       "        vertical-align: middle;\n",
       "    }\n",
       "\n",
       "    .dataframe tbody tr th {\n",
       "        vertical-align: top;\n",
       "    }\n",
       "\n",
       "    .dataframe thead th {\n",
       "        text-align: right;\n",
       "    }\n",
       "</style>\n",
       "<table border=\"1\" class=\"dataframe\">\n",
       "  <thead>\n",
       "    <tr style=\"text-align: right;\">\n",
       "      <th></th>\n",
       "      <th>playerid</th>\n",
       "      <th>birthyear</th>\n",
       "      <th>birthmonth</th>\n",
       "      <th>birthday</th>\n",
       "      <th>birthcountry</th>\n",
       "      <th>birthstate</th>\n",
       "      <th>birthcity</th>\n",
       "      <th>deathyear</th>\n",
       "      <th>deathmonth</th>\n",
       "      <th>deathday</th>\n",
       "      <th>...</th>\n",
       "      <th>namelast</th>\n",
       "      <th>namegiven</th>\n",
       "      <th>weight</th>\n",
       "      <th>height</th>\n",
       "      <th>bats</th>\n",
       "      <th>throws</th>\n",
       "      <th>debut</th>\n",
       "      <th>finalgame</th>\n",
       "      <th>retroid</th>\n",
       "      <th>bbrefid</th>\n",
       "    </tr>\n",
       "  </thead>\n",
       "  <tbody>\n",
       "    <tr>\n",
       "      <th>0</th>\n",
       "      <td>aaronha01</td>\n",
       "      <td>1934</td>\n",
       "      <td>2</td>\n",
       "      <td>5</td>\n",
       "      <td>USA</td>\n",
       "      <td>AL</td>\n",
       "      <td>Mobile</td>\n",
       "      <td>NaN</td>\n",
       "      <td>NaN</td>\n",
       "      <td>NaN</td>\n",
       "      <td>...</td>\n",
       "      <td>Aardsma</td>\n",
       "      <td>David Allan</td>\n",
       "      <td>215.0</td>\n",
       "      <td>75.0</td>\n",
       "      <td>R</td>\n",
       "      <td>R</td>\n",
       "      <td>2004-04-06</td>\n",
       "      <td>2015-08-23</td>\n",
       "      <td>aardd001</td>\n",
       "      <td>aardsda01</td>\n",
       "    </tr>\n",
       "    <tr>\n",
       "      <th>1</th>\n",
       "      <td>aaronto01</td>\n",
       "      <td>1939</td>\n",
       "      <td>8</td>\n",
       "      <td>5</td>\n",
       "      <td>USA</td>\n",
       "      <td>AL</td>\n",
       "      <td>Mobile</td>\n",
       "      <td>1984.0</td>\n",
       "      <td>8.0</td>\n",
       "      <td>16.0</td>\n",
       "      <td>...</td>\n",
       "      <td>Aardsma</td>\n",
       "      <td>David Allan</td>\n",
       "      <td>215.0</td>\n",
       "      <td>75.0</td>\n",
       "      <td>R</td>\n",
       "      <td>R</td>\n",
       "      <td>2004-04-06</td>\n",
       "      <td>2015-08-23</td>\n",
       "      <td>aardd001</td>\n",
       "      <td>aardsda01</td>\n",
       "    </tr>\n",
       "    <tr>\n",
       "      <th>2</th>\n",
       "      <td>aaronto01</td>\n",
       "      <td>1939</td>\n",
       "      <td>8</td>\n",
       "      <td>5</td>\n",
       "      <td>USA</td>\n",
       "      <td>AL</td>\n",
       "      <td>Mobile</td>\n",
       "      <td>1984.0</td>\n",
       "      <td>8.0</td>\n",
       "      <td>16.0</td>\n",
       "      <td>...</td>\n",
       "      <td>Aaron</td>\n",
       "      <td>Henry Louis</td>\n",
       "      <td>180.0</td>\n",
       "      <td>72.0</td>\n",
       "      <td>R</td>\n",
       "      <td>R</td>\n",
       "      <td>1954-04-13</td>\n",
       "      <td>1976-10-03</td>\n",
       "      <td>aaroh101</td>\n",
       "      <td>aaronha01</td>\n",
       "    </tr>\n",
       "  </tbody>\n",
       "</table>\n",
       "<p>3 rows × 48 columns</p>\n",
       "</div>"
      ],
      "text/plain": [
       "    playerid  birthyear  birthmonth  birthday birthcountry birthstate  \\\n",
       "0  aaronha01       1934           2         5          USA         AL   \n",
       "1  aaronto01       1939           8         5          USA         AL   \n",
       "2  aaronto01       1939           8         5          USA         AL   \n",
       "\n",
       "  birthcity  deathyear  deathmonth  deathday  ... namelast    namegiven  \\\n",
       "0    Mobile        NaN         NaN       NaN  ...  Aardsma  David Allan   \n",
       "1    Mobile     1984.0         8.0      16.0  ...  Aardsma  David Allan   \n",
       "2    Mobile     1984.0         8.0      16.0  ...    Aaron  Henry Louis   \n",
       "\n",
       "  weight height bats throws       debut   finalgame   retroid    bbrefid  \n",
       "0  215.0   75.0    R      R  2004-04-06  2015-08-23  aardd001  aardsda01  \n",
       "1  215.0   75.0    R      R  2004-04-06  2015-08-23  aardd001  aardsda01  \n",
       "2  180.0   72.0    R      R  1954-04-13  1976-10-03  aaroh101  aaronha01  \n",
       "\n",
       "[3 rows x 48 columns]"
      ]
     },
     "metadata": {},
     "output_type": "display_data"
    },
    {
     "data": {
      "text/html": [
       "<span style=\"None\">Running query in &#x27;postgresql://jovyan@127.0.0.1:5432/baseball&#x27;</span>"
      ],
      "text/plain": [
       "Running query in 'postgresql://jovyan@127.0.0.1:5432/baseball'"
      ]
     },
     "metadata": {},
     "output_type": "display_data"
    },
    {
     "data": {
      "text/html": [
       "<span style=\"color: green\">7 rows affected.</span>"
      ],
      "text/plain": [
       "7 rows affected."
      ]
     },
     "metadata": {},
     "output_type": "display_data"
    },
    {
     "data": {
      "text/html": [
       "<table>\n",
       "    <thead>\n",
       "        <tr>\n",
       "            <th>QUERY PLAN</th>\n",
       "        </tr>\n",
       "    </thead>\n",
       "    <tbody>\n",
       "        <tr>\n",
       "            <td>Limit  (cost=0.29..27.85 rows=1000 width=292) (actual time=0.026..0.644 rows=1000 loops=1)</td>\n",
       "        </tr>\n",
       "        <tr>\n",
       "            <td>&nbsp;&nbsp;->  Nested Loop  (cost=0.29..3447679.05 rows=125065633 width=292) (actual time=0.025..0.588 rows=1000 loops=1)</td>\n",
       "        </tr>\n",
       "        <tr>\n",
       "            <td>&nbsp;&nbsp;&nbsp;&nbsp;&nbsp;&nbsp;&nbsp;&nbsp;->  Seq Scan on people p1  (cost=0.00..619.70 rows=19370 width=146) (actual time=0.007..0.011 rows=46 loops=1)</td>\n",
       "        </tr>\n",
       "        <tr>\n",
       "            <td>&nbsp;&nbsp;&nbsp;&nbsp;&nbsp;&nbsp;&nbsp;&nbsp;->  Index Scan using master_pkey on people p2  (cost=0.29..113.39 rows=6457 width=146) (actual time=0.003..0.006 rows=22 loops=46)</td>\n",
       "        </tr>\n",
       "        <tr>\n",
       "            <td>&nbsp;&nbsp;&nbsp;&nbsp;&nbsp;&nbsp;&nbsp;&nbsp;&nbsp;&nbsp;&nbsp;&nbsp;&nbsp;&nbsp;Index Cond: ((playerid)::text < (p1.playerid)::text)</td>\n",
       "        </tr>\n",
       "        <tr>\n",
       "            <td>Planning Time: 0.140 ms</td>\n",
       "        </tr>\n",
       "        <tr>\n",
       "            <td>Execution Time: 0.700 ms</td>\n",
       "        </tr>\n",
       "    </tbody>\n",
       "</table>"
      ],
      "text/plain": [
       "+--------------------------------------------------------------------------------------------------------------------------------------------+\n",
       "|                                                                 QUERY PLAN                                                                 |\n",
       "+--------------------------------------------------------------------------------------------------------------------------------------------+\n",
       "|                         Limit  (cost=0.29..27.85 rows=1000 width=292) (actual time=0.026..0.644 rows=1000 loops=1)                         |\n",
       "|                ->  Nested Loop  (cost=0.29..3447679.05 rows=125065633 width=292) (actual time=0.025..0.588 rows=1000 loops=1)              |\n",
       "|                   ->  Seq Scan on people p1  (cost=0.00..619.70 rows=19370 width=146) (actual time=0.007..0.011 rows=46 loops=1)           |\n",
       "|         ->  Index Scan using master_pkey on people p2  (cost=0.29..113.39 rows=6457 width=146) (actual time=0.003..0.006 rows=22 loops=46) |\n",
       "|                                                   Index Cond: ((playerid)::text < (p1.playerid)::text)                                     |\n",
       "|                                                          Planning Time: 0.140 ms                                                           |\n",
       "|                                                          Execution Time: 0.700 ms                                                          |\n",
       "+--------------------------------------------------------------------------------------------------------------------------------------------+"
      ]
     },
     "execution_count": 107,
     "metadata": {},
     "output_type": "execute_result"
    }
   ],
   "source": [
    "# Do not delete/edit this cell!\n",
    "# You must run this cell before running the autograder.\n",
    "query_4c = %sqlcmd snippets query_4c\n",
    "grading_util.save_results(\"result_4c\", query_4c, result_4c);\n",
    "\n",
    "display(result_4c.DataFrame().head(3))\n",
    "%sql EXPLAIN ANALYZE {{query_4c}} "
   ]
  },
  {
   "cell_type": "markdown",
   "metadata": {
    "deletable": false,
    "editable": false
   },
   "source": [
    "Run the cell above to inspect the query plan for your command.\n",
    "\n",
    "**Which join approach did the query optimizer choose?** \n",
    "\n",
    "A. Nested Loop Join<br/>\n",
    "B. Merge Join<br/>\n",
    "C. Hash Join<br/>\n",
    "D. None of the Above\n",
    "\n",
    "Assign the variable `q4c` to the correct letter choice above, e.g., `q4c = 'A'`."
   ]
  },
  {
   "cell_type": "code",
   "execution_count": 108,
   "metadata": {
    "tags": []
   },
   "outputs": [],
   "source": [
    "q4c = 'A'"
   ]
  },
  {
   "cell_type": "code",
   "execution_count": 109,
   "metadata": {
    "deletable": false,
    "editable": false
   },
   "outputs": [
    {
     "data": {
      "text/html": [
       "<p><strong><pre style='display: inline;'>q4c</pre></strong> passed! 🎉</p>"
      ],
      "text/plain": [
       "q4c results: All test cases passed!"
      ]
     },
     "execution_count": 109,
     "metadata": {},
     "output_type": "execute_result"
    }
   ],
   "source": [
    "grader.check(\"q4c\")"
   ]
  },
  {
   "cell_type": "markdown",
   "metadata": {
    "deletable": false,
    "editable": false
   },
   "source": [
    "<!-- BEGIN QUESTION -->\n",
    "\n",
    "<br><br>\n",
    "\n",
    "---\n",
    "## Question 4d\n",
    "\n",
    "Given your findings above, why did the query optimizer ultimately choose the specific join approach you found in each of the above three scenarios in Questions 4a, 4b, and 4c? Feel free to discuss the pros and cons of each join approach as well.\n",
    "\n",
    "If you feel stuck, here are some things to consider: Does a non-equijoin constrain us to certain join approaches? What's an added benefit in regards to the output of merge join?\n",
    "\n",
    "**Note:** Your answer should be formatted as follows: `Q4a: A because ... Q4b: A because ...` You should write no more than 5 sentences."
   ]
  },
  {
   "cell_type": "markdown",
   "metadata": {},
   "source": [
    "_Q4a: C because hash join is used here because we have very large tables, and hash join is best on large tables. Nested Loop would take too much time and sort merge is requires another condition.  \n",
    "Q4b: B because merge join is best here because, again we have large tables, but in addition to that, the hash partitions aren't uniformly sized.  \n",
    "Q4c: A because nested loop join is useful here because we have small tables, so there is still enough space for nested loop join to run properly and efficiently._"
   ]
  },
  {
   "cell_type": "markdown",
   "metadata": {
    "deletable": false,
    "editable": false
   },
   "source": [
    "<!-- END QUESTION -->\n",
    "\n",
    "<br/><br/><br/>\n",
    "\n",
    "<hr style=\"border: 5px solid #003262;\" />\n",
    "<hr style=\"border: 1px solid #fdb515;\" />\n",
    "\n",
    "# Question 5: Indexes, Part 1\n",
    "\n",
    "In Questions 5, 6, and 7, you will analyze how indexes impact query performance.\n",
    "\n",
    "Question 5:\n",
    "* Question 5a: Write a query.\n",
    "* Question 5b: Add an index with a particular index key and reanalyze the previous query's performance.\n",
    "* Question 5c: Add an index with a different key and reanalyze the previous query's performance."
   ]
  },
  {
   "cell_type": "markdown",
   "metadata": {
    "deletable": false,
    "editable": false
   },
   "source": [
    "<br/>\n",
    "\n",
    "---\n",
    "\n",
    "## Question 5a\n",
    "Write a query that outputs the `playerid` and average `salary` for each player that only batted in 10 games (the number of games in which a player batted can be found in the `g_batting` column of the `appearances` table). Your query should join the `salaries` and `appearances` table on all the common columns `yearid`, `teamid`, and `playerid`, so feel free to use a natural join."
   ]
  },
  {
   "cell_type": "code",
   "execution_count": 133,
   "metadata": {
    "scrolled": true,
    "tags": []
   },
   "outputs": [
    {
     "data": {
      "text/html": [
       "<span style=\"None\">Running query in &#x27;postgresql://jovyan@127.0.0.1:5432/baseball&#x27;</span>"
      ],
      "text/plain": [
       "Running query in 'postgresql://jovyan@127.0.0.1:5432/baseball'"
      ]
     },
     "metadata": {},
     "output_type": "display_data"
    },
    {
     "data": {
      "text/html": [
       "<span style=\"color: green\">134 rows affected.</span>"
      ],
      "text/plain": [
       "134 rows affected."
      ]
     },
     "metadata": {},
     "output_type": "display_data"
    }
   ],
   "source": [
    "%%sql --save query_5a result_5a <<\n",
    "SELECT s.playerid, AVG(salary) AS avg_salary\n",
    "FROM salaries AS s\n",
    "NATURAL JOIN appearances AS a\n",
    "WHERE g_batting = 10\n",
    "GROUP BY s.playerid;"
   ]
  },
  {
   "cell_type": "code",
   "execution_count": 134,
   "metadata": {
    "scrolled": true,
    "tags": []
   },
   "outputs": [
    {
     "data": {
      "text/html": [
       "<div>\n",
       "<style scoped>\n",
       "    .dataframe tbody tr th:only-of-type {\n",
       "        vertical-align: middle;\n",
       "    }\n",
       "\n",
       "    .dataframe tbody tr th {\n",
       "        vertical-align: top;\n",
       "    }\n",
       "\n",
       "    .dataframe thead th {\n",
       "        text-align: right;\n",
       "    }\n",
       "</style>\n",
       "<table border=\"1\" class=\"dataframe\">\n",
       "  <thead>\n",
       "    <tr style=\"text-align: right;\">\n",
       "      <th></th>\n",
       "      <th>playerid</th>\n",
       "      <th>avg_salary</th>\n",
       "    </tr>\n",
       "  </thead>\n",
       "  <tbody>\n",
       "    <tr>\n",
       "      <th>0</th>\n",
       "      <td>anderla02</td>\n",
       "      <td>240000.0</td>\n",
       "    </tr>\n",
       "    <tr>\n",
       "      <th>1</th>\n",
       "      <td>ashbyan01</td>\n",
       "      <td>109000.0</td>\n",
       "    </tr>\n",
       "    <tr>\n",
       "      <th>2</th>\n",
       "      <td>ayraubo01</td>\n",
       "      <td>125000.0</td>\n",
       "    </tr>\n",
       "  </tbody>\n",
       "</table>\n",
       "</div>"
      ],
      "text/plain": [
       "    playerid  avg_salary\n",
       "0  anderla02    240000.0\n",
       "1  ashbyan01    109000.0\n",
       "2  ayraubo01    125000.0"
      ]
     },
     "metadata": {},
     "output_type": "display_data"
    },
    {
     "data": {
      "text/html": [
       "<span style=\"None\">Running query in &#x27;postgresql://jovyan@127.0.0.1:5432/baseball&#x27;</span>"
      ],
      "text/plain": [
       "Running query in 'postgresql://jovyan@127.0.0.1:5432/baseball'"
      ]
     },
     "metadata": {},
     "output_type": "display_data"
    },
    {
     "data": {
      "text/html": [
       "<span style=\"color: green\">17 rows affected.</span>"
      ],
      "text/plain": [
       "17 rows affected."
      ]
     },
     "metadata": {},
     "output_type": "display_data"
    },
    {
     "data": {
      "text/html": [
       "<table>\n",
       "    <thead>\n",
       "        <tr>\n",
       "            <th>QUERY PLAN</th>\n",
       "        </tr>\n",
       "    </thead>\n",
       "    <tbody>\n",
       "        <tr>\n",
       "            <td>GroupAggregate  (cost=2367.78..2367.80 rows=1 width=17) (actual time=8.108..8.164 rows=134 loops=1)</td>\n",
       "        </tr>\n",
       "        <tr>\n",
       "            <td>&nbsp;&nbsp;Group Key: s.playerid</td>\n",
       "        </tr>\n",
       "        <tr>\n",
       "            <td>&nbsp;&nbsp;->  Sort  (cost=2367.78..2367.79 rows=1 width=17) (actual time=8.098..8.107 rows=138 loops=1)</td>\n",
       "        </tr>\n",
       "        <tr>\n",
       "            <td>&nbsp;&nbsp;&nbsp;&nbsp;&nbsp;&nbsp;&nbsp;&nbsp;Sort Key: s.playerid</td>\n",
       "        </tr>\n",
       "        <tr>\n",
       "            <td>&nbsp;&nbsp;&nbsp;&nbsp;&nbsp;&nbsp;&nbsp;&nbsp;Sort Method: quicksort  Memory: 35kB</td>\n",
       "        </tr>\n",
       "        <tr>\n",
       "            <td>&nbsp;&nbsp;&nbsp;&nbsp;&nbsp;&nbsp;&nbsp;&nbsp;->  Hash Join  (cost=1631.00..2367.77 rows=1 width=17) (actual time=1.757..7.996 rows=138 loops=1)</td>\n",
       "        </tr>\n",
       "        <tr>\n",
       "            <td>&nbsp;&nbsp;&nbsp;&nbsp;&nbsp;&nbsp;&nbsp;&nbsp;&nbsp;&nbsp;&nbsp;&nbsp;&nbsp;&nbsp;Hash Cond: ((s.yearid = a.yearid) AND ((s.teamid)::text = (a.teamid)::text) AND ((s.lgid)::text = (a.lgid)::text) AND ((s.playerid)::text = (a.playerid)::text))</td>\n",
       "        </tr>\n",
       "        <tr>\n",
       "            <td>&nbsp;&nbsp;&nbsp;&nbsp;&nbsp;&nbsp;&nbsp;&nbsp;&nbsp;&nbsp;&nbsp;&nbsp;&nbsp;&nbsp;->  Seq Scan on salaries s  (cost=0.00..459.28 rows=26428 width=28) (actual time=0.005..1.558 rows=26428 loops=1)</td>\n",
       "        </tr>\n",
       "        <tr>\n",
       "            <td>&nbsp;&nbsp;&nbsp;&nbsp;&nbsp;&nbsp;&nbsp;&nbsp;&nbsp;&nbsp;&nbsp;&nbsp;&nbsp;&nbsp;->  Hash  (cost=1604.80..1604.80 rows=1310 width=20) (actual time=1.624..1.625 rows=1347 loops=1)</td>\n",
       "        </tr>\n",
       "        <tr>\n",
       "            <td>&nbsp;&nbsp;&nbsp;&nbsp;&nbsp;&nbsp;&nbsp;&nbsp;&nbsp;&nbsp;&nbsp;&nbsp;&nbsp;&nbsp;&nbsp;&nbsp;&nbsp;&nbsp;&nbsp;&nbsp;Buckets: 2048  Batches: 1  Memory Usage: 86kB</td>\n",
       "        </tr>\n",
       "        <tr>\n",
       "            <td>&nbsp;&nbsp;&nbsp;&nbsp;&nbsp;&nbsp;&nbsp;&nbsp;&nbsp;&nbsp;&nbsp;&nbsp;&nbsp;&nbsp;&nbsp;&nbsp;&nbsp;&nbsp;&nbsp;&nbsp;->  Bitmap Heap Scan on appearances a  (cost=18.45..1604.80 rows=1310 width=20) (actual time=0.188..1.314 rows=1347 loops=1)</td>\n",
       "        </tr>\n",
       "        <tr>\n",
       "            <td>&nbsp;&nbsp;&nbsp;&nbsp;&nbsp;&nbsp;&nbsp;&nbsp;&nbsp;&nbsp;&nbsp;&nbsp;&nbsp;&nbsp;&nbsp;&nbsp;&nbsp;&nbsp;&nbsp;&nbsp;&nbsp;&nbsp;&nbsp;&nbsp;&nbsp;&nbsp;Recheck Cond: (g_batting = 10)</td>\n",
       "        </tr>\n",
       "        <tr>\n",
       "            <td>&nbsp;&nbsp;&nbsp;&nbsp;&nbsp;&nbsp;&nbsp;&nbsp;&nbsp;&nbsp;&nbsp;&nbsp;&nbsp;&nbsp;&nbsp;&nbsp;&nbsp;&nbsp;&nbsp;&nbsp;&nbsp;&nbsp;&nbsp;&nbsp;&nbsp;&nbsp;Heap Blocks: exact=899</td>\n",
       "        </tr>\n",
       "        <tr>\n",
       "            <td>&nbsp;&nbsp;&nbsp;&nbsp;&nbsp;&nbsp;&nbsp;&nbsp;&nbsp;&nbsp;&nbsp;&nbsp;&nbsp;&nbsp;&nbsp;&nbsp;&nbsp;&nbsp;&nbsp;&nbsp;&nbsp;&nbsp;&nbsp;&nbsp;&nbsp;&nbsp;->  Bitmap Index Scan on g_batting_idx  (cost=0.00..18.12 rows=1310 width=0) (actual time=0.097..0.097 rows=1347 loops=1)</td>\n",
       "        </tr>\n",
       "        <tr>\n",
       "            <td>&nbsp;&nbsp;&nbsp;&nbsp;&nbsp;&nbsp;&nbsp;&nbsp;&nbsp;&nbsp;&nbsp;&nbsp;&nbsp;&nbsp;&nbsp;&nbsp;&nbsp;&nbsp;&nbsp;&nbsp;&nbsp;&nbsp;&nbsp;&nbsp;&nbsp;&nbsp;&nbsp;&nbsp;&nbsp;&nbsp;&nbsp;&nbsp;Index Cond: (g_batting = 10)</td>\n",
       "        </tr>\n",
       "        <tr>\n",
       "            <td>Planning Time: 0.695 ms</td>\n",
       "        </tr>\n",
       "        <tr>\n",
       "            <td>Execution Time: 8.212 ms</td>\n",
       "        </tr>\n",
       "    </tbody>\n",
       "</table>"
      ],
      "text/plain": [
       "+--------------------------------------------------------------------------------------------------------------------------------------------------------------------------------+\n",
       "|                                                                                   QUERY PLAN                                                                                   |\n",
       "+--------------------------------------------------------------------------------------------------------------------------------------------------------------------------------+\n",
       "|                                      GroupAggregate  (cost=2367.78..2367.80 rows=1 width=17) (actual time=8.108..8.164 rows=134 loops=1)                                       |\n",
       "|                                                                              Group Key: s.playerid                                                                             |\n",
       "|                                          ->  Sort  (cost=2367.78..2367.79 rows=1 width=17) (actual time=8.098..8.107 rows=138 loops=1)                                         |\n",
       "|                                                                                  Sort Key: s.playerid                                                                          |\n",
       "|                                                                          Sort Method: quicksort  Memory: 35kB                                                                  |\n",
       "|                                           ->  Hash Join  (cost=1631.00..2367.77 rows=1 width=17) (actual time=1.757..7.996 rows=138 loops=1)                                   |\n",
       "|               Hash Cond: ((s.yearid = a.yearid) AND ((s.teamid)::text = (a.teamid)::text) AND ((s.lgid)::text = (a.lgid)::text) AND ((s.playerid)::text = (a.playerid)::text)) |\n",
       "|                                      ->  Seq Scan on salaries s  (cost=0.00..459.28 rows=26428 width=28) (actual time=0.005..1.558 rows=26428 loops=1)                         |\n",
       "|                                              ->  Hash  (cost=1604.80..1604.80 rows=1310 width=20) (actual time=1.624..1.625 rows=1347 loops=1)                                 |\n",
       "|                                                                           Buckets: 2048  Batches: 1  Memory Usage: 86kB                                                        |\n",
       "|                                    ->  Bitmap Heap Scan on appearances a  (cost=18.45..1604.80 rows=1310 width=20) (actual time=0.188..1.314 rows=1347 loops=1)                |\n",
       "|                                                                                      Recheck Cond: (g_batting = 10)                                                            |\n",
       "|                                                                                          Heap Blocks: exact=899                                                                |\n",
       "|                                        ->  Bitmap Index Scan on g_batting_idx  (cost=0.00..18.12 rows=1310 width=0) (actual time=0.097..0.097 rows=1347 loops=1)               |\n",
       "|                                                                                          Index Cond: (g_batting = 10)                                                          |\n",
       "|                                                                            Planning Time: 0.695 ms                                                                             |\n",
       "|                                                                            Execution Time: 8.212 ms                                                                            |\n",
       "+--------------------------------------------------------------------------------------------------------------------------------------------------------------------------------+"
      ]
     },
     "execution_count": 134,
     "metadata": {},
     "output_type": "execute_result"
    }
   ],
   "source": [
    "# Do not delete/edit this cell!\n",
    "# You must run this cell before running the autograder.\n",
    "query_5a = %sqlcmd snippets query_5a\n",
    "grading_util.save_results(\"result_5a\", query_5a, result_5a);\n",
    "\n",
    "display(result_5a.DataFrame().head(3))\n",
    "%sql EXPLAIN ANALYZE {{query_5a}} "
   ]
  },
  {
   "cell_type": "markdown",
   "metadata": {
    "deletable": false,
    "editable": false
   },
   "source": [
    "###### Inspect the query plan above and record the execution time and cost."
   ]
  },
  {
   "cell_type": "code",
   "execution_count": 135,
   "metadata": {
    "tags": []
   },
   "outputs": [],
   "source": [
    "result_5a_cost = 2367.80\n",
    "result_5a_timing = 8.212"
   ]
  },
  {
   "cell_type": "code",
   "execution_count": 136,
   "metadata": {
    "deletable": false,
    "editable": false
   },
   "outputs": [
    {
     "data": {
      "text/html": [
       "<p><strong><pre style='display: inline;'>q5a</pre></strong> passed! 🚀</p>"
      ],
      "text/plain": [
       "q5a results: All test cases passed!"
      ]
     },
     "execution_count": 136,
     "metadata": {},
     "output_type": "execute_result"
    }
   ],
   "source": [
    "grader.check(\"q5a\")"
   ]
  },
  {
   "cell_type": "markdown",
   "metadata": {
    "deletable": false,
    "editable": false
   },
   "source": [
    "<br><br>\n",
    "\n",
    "---\n",
    "## Question 5b\n",
    "\n",
    "Add an index with name `g_batting_idx` on the `g_batting` column of the `appearances` table."
   ]
  },
  {
   "cell_type": "code",
   "execution_count": 137,
   "metadata": {
    "tags": []
   },
   "outputs": [
    {
     "data": {
      "text/html": [
       "<span style=\"None\">Running query in &#x27;postgresql://jovyan@127.0.0.1:5432/baseball&#x27;</span>"
      ],
      "text/plain": [
       "Running query in 'postgresql://jovyan@127.0.0.1:5432/baseball'"
      ]
     },
     "metadata": {},
     "output_type": "display_data"
    },
    {
     "data": {
      "text/html": [
       "<table>\n",
       "    <thead>\n",
       "        <tr>\n",
       "        </tr>\n",
       "    </thead>\n",
       "    <tbody>\n",
       "    </tbody>\n",
       "</table>"
      ],
      "text/plain": [
       "++\n",
       "||\n",
       "++\n",
       "++"
      ]
     },
     "execution_count": 137,
     "metadata": {},
     "output_type": "execute_result"
    }
   ],
   "source": [
    "%%sql\n",
    "DROP INDEX IF EXISTS g_batting_idx;\n",
    "CREATE INDEX g_batting_idx ON appearances (g_batting);"
   ]
  },
  {
   "cell_type": "markdown",
   "metadata": {
    "deletable": false,
    "editable": false
   },
   "source": [
    "Now, re-inspect the query plan of the query from `Question 5a` and record its execution time and cost."
   ]
  },
  {
   "cell_type": "code",
   "execution_count": 138,
   "metadata": {
    "deletable": false,
    "editable": false
   },
   "outputs": [
    {
     "data": {
      "text/html": [
       "<span style=\"None\">Running query in &#x27;postgresql://jovyan@127.0.0.1:5432/baseball&#x27;</span>"
      ],
      "text/plain": [
       "Running query in 'postgresql://jovyan@127.0.0.1:5432/baseball'"
      ]
     },
     "metadata": {},
     "output_type": "display_data"
    },
    {
     "data": {
      "text/html": [
       "<span style=\"color: green\">17 rows affected.</span>"
      ],
      "text/plain": [
       "17 rows affected."
      ]
     },
     "metadata": {},
     "output_type": "display_data"
    },
    {
     "data": {
      "text/html": [
       "<table>\n",
       "    <thead>\n",
       "        <tr>\n",
       "            <th>QUERY PLAN</th>\n",
       "        </tr>\n",
       "    </thead>\n",
       "    <tbody>\n",
       "        <tr>\n",
       "            <td>GroupAggregate  (cost=2367.78..2367.80 rows=1 width=17) (actual time=8.253..8.312 rows=134 loops=1)</td>\n",
       "        </tr>\n",
       "        <tr>\n",
       "            <td>&nbsp;&nbsp;Group Key: s.playerid</td>\n",
       "        </tr>\n",
       "        <tr>\n",
       "            <td>&nbsp;&nbsp;->  Sort  (cost=2367.78..2367.79 rows=1 width=17) (actual time=8.243..8.252 rows=138 loops=1)</td>\n",
       "        </tr>\n",
       "        <tr>\n",
       "            <td>&nbsp;&nbsp;&nbsp;&nbsp;&nbsp;&nbsp;&nbsp;&nbsp;Sort Key: s.playerid</td>\n",
       "        </tr>\n",
       "        <tr>\n",
       "            <td>&nbsp;&nbsp;&nbsp;&nbsp;&nbsp;&nbsp;&nbsp;&nbsp;Sort Method: quicksort  Memory: 35kB</td>\n",
       "        </tr>\n",
       "        <tr>\n",
       "            <td>&nbsp;&nbsp;&nbsp;&nbsp;&nbsp;&nbsp;&nbsp;&nbsp;->  Hash Join  (cost=1631.00..2367.77 rows=1 width=17) (actual time=1.823..8.133 rows=138 loops=1)</td>\n",
       "        </tr>\n",
       "        <tr>\n",
       "            <td>&nbsp;&nbsp;&nbsp;&nbsp;&nbsp;&nbsp;&nbsp;&nbsp;&nbsp;&nbsp;&nbsp;&nbsp;&nbsp;&nbsp;Hash Cond: ((s.yearid = a.yearid) AND ((s.teamid)::text = (a.teamid)::text) AND ((s.lgid)::text = (a.lgid)::text) AND ((s.playerid)::text = (a.playerid)::text))</td>\n",
       "        </tr>\n",
       "        <tr>\n",
       "            <td>&nbsp;&nbsp;&nbsp;&nbsp;&nbsp;&nbsp;&nbsp;&nbsp;&nbsp;&nbsp;&nbsp;&nbsp;&nbsp;&nbsp;->  Seq Scan on salaries s  (cost=0.00..459.28 rows=26428 width=28) (actual time=0.006..1.607 rows=26428 loops=1)</td>\n",
       "        </tr>\n",
       "        <tr>\n",
       "            <td>&nbsp;&nbsp;&nbsp;&nbsp;&nbsp;&nbsp;&nbsp;&nbsp;&nbsp;&nbsp;&nbsp;&nbsp;&nbsp;&nbsp;->  Hash  (cost=1604.80..1604.80 rows=1310 width=20) (actual time=1.649..1.650 rows=1347 loops=1)</td>\n",
       "        </tr>\n",
       "        <tr>\n",
       "            <td>&nbsp;&nbsp;&nbsp;&nbsp;&nbsp;&nbsp;&nbsp;&nbsp;&nbsp;&nbsp;&nbsp;&nbsp;&nbsp;&nbsp;&nbsp;&nbsp;&nbsp;&nbsp;&nbsp;&nbsp;Buckets: 2048  Batches: 1  Memory Usage: 86kB</td>\n",
       "        </tr>\n",
       "        <tr>\n",
       "            <td>&nbsp;&nbsp;&nbsp;&nbsp;&nbsp;&nbsp;&nbsp;&nbsp;&nbsp;&nbsp;&nbsp;&nbsp;&nbsp;&nbsp;&nbsp;&nbsp;&nbsp;&nbsp;&nbsp;&nbsp;->  Bitmap Heap Scan on appearances a  (cost=18.45..1604.80 rows=1310 width=20) (actual time=0.208..1.355 rows=1347 loops=1)</td>\n",
       "        </tr>\n",
       "        <tr>\n",
       "            <td>&nbsp;&nbsp;&nbsp;&nbsp;&nbsp;&nbsp;&nbsp;&nbsp;&nbsp;&nbsp;&nbsp;&nbsp;&nbsp;&nbsp;&nbsp;&nbsp;&nbsp;&nbsp;&nbsp;&nbsp;&nbsp;&nbsp;&nbsp;&nbsp;&nbsp;&nbsp;Recheck Cond: (g_batting = 10)</td>\n",
       "        </tr>\n",
       "        <tr>\n",
       "            <td>&nbsp;&nbsp;&nbsp;&nbsp;&nbsp;&nbsp;&nbsp;&nbsp;&nbsp;&nbsp;&nbsp;&nbsp;&nbsp;&nbsp;&nbsp;&nbsp;&nbsp;&nbsp;&nbsp;&nbsp;&nbsp;&nbsp;&nbsp;&nbsp;&nbsp;&nbsp;Heap Blocks: exact=899</td>\n",
       "        </tr>\n",
       "        <tr>\n",
       "            <td>&nbsp;&nbsp;&nbsp;&nbsp;&nbsp;&nbsp;&nbsp;&nbsp;&nbsp;&nbsp;&nbsp;&nbsp;&nbsp;&nbsp;&nbsp;&nbsp;&nbsp;&nbsp;&nbsp;&nbsp;&nbsp;&nbsp;&nbsp;&nbsp;&nbsp;&nbsp;->  Bitmap Index Scan on g_batting_idx  (cost=0.00..18.12 rows=1310 width=0) (actual time=0.114..0.115 rows=1347 loops=1)</td>\n",
       "        </tr>\n",
       "        <tr>\n",
       "            <td>&nbsp;&nbsp;&nbsp;&nbsp;&nbsp;&nbsp;&nbsp;&nbsp;&nbsp;&nbsp;&nbsp;&nbsp;&nbsp;&nbsp;&nbsp;&nbsp;&nbsp;&nbsp;&nbsp;&nbsp;&nbsp;&nbsp;&nbsp;&nbsp;&nbsp;&nbsp;&nbsp;&nbsp;&nbsp;&nbsp;&nbsp;&nbsp;Index Cond: (g_batting = 10)</td>\n",
       "        </tr>\n",
       "        <tr>\n",
       "            <td>Planning Time: 1.262 ms</td>\n",
       "        </tr>\n",
       "        <tr>\n",
       "            <td>Execution Time: 8.371 ms</td>\n",
       "        </tr>\n",
       "    </tbody>\n",
       "</table>"
      ],
      "text/plain": [
       "+--------------------------------------------------------------------------------------------------------------------------------------------------------------------------------+\n",
       "|                                                                                   QUERY PLAN                                                                                   |\n",
       "+--------------------------------------------------------------------------------------------------------------------------------------------------------------------------------+\n",
       "|                                      GroupAggregate  (cost=2367.78..2367.80 rows=1 width=17) (actual time=8.253..8.312 rows=134 loops=1)                                       |\n",
       "|                                                                              Group Key: s.playerid                                                                             |\n",
       "|                                          ->  Sort  (cost=2367.78..2367.79 rows=1 width=17) (actual time=8.243..8.252 rows=138 loops=1)                                         |\n",
       "|                                                                                  Sort Key: s.playerid                                                                          |\n",
       "|                                                                          Sort Method: quicksort  Memory: 35kB                                                                  |\n",
       "|                                           ->  Hash Join  (cost=1631.00..2367.77 rows=1 width=17) (actual time=1.823..8.133 rows=138 loops=1)                                   |\n",
       "|               Hash Cond: ((s.yearid = a.yearid) AND ((s.teamid)::text = (a.teamid)::text) AND ((s.lgid)::text = (a.lgid)::text) AND ((s.playerid)::text = (a.playerid)::text)) |\n",
       "|                                      ->  Seq Scan on salaries s  (cost=0.00..459.28 rows=26428 width=28) (actual time=0.006..1.607 rows=26428 loops=1)                         |\n",
       "|                                              ->  Hash  (cost=1604.80..1604.80 rows=1310 width=20) (actual time=1.649..1.650 rows=1347 loops=1)                                 |\n",
       "|                                                                           Buckets: 2048  Batches: 1  Memory Usage: 86kB                                                        |\n",
       "|                                    ->  Bitmap Heap Scan on appearances a  (cost=18.45..1604.80 rows=1310 width=20) (actual time=0.208..1.355 rows=1347 loops=1)                |\n",
       "|                                                                                      Recheck Cond: (g_batting = 10)                                                            |\n",
       "|                                                                                          Heap Blocks: exact=899                                                                |\n",
       "|                                        ->  Bitmap Index Scan on g_batting_idx  (cost=0.00..18.12 rows=1310 width=0) (actual time=0.114..0.115 rows=1347 loops=1)               |\n",
       "|                                                                                          Index Cond: (g_batting = 10)                                                          |\n",
       "|                                                                            Planning Time: 1.262 ms                                                                             |\n",
       "|                                                                            Execution Time: 8.371 ms                                                                            |\n",
       "+--------------------------------------------------------------------------------------------------------------------------------------------------------------------------------+"
      ]
     },
     "execution_count": 138,
     "metadata": {},
     "output_type": "execute_result"
    }
   ],
   "source": [
    "# just run this cell\n",
    "%sql EXPLAIN ANALYZE {{query_5a}} "
   ]
  },
  {
   "cell_type": "code",
   "execution_count": 139,
   "metadata": {
    "tags": []
   },
   "outputs": [],
   "source": [
    "result_5b_cost = 2367.80\n",
    "result_5b_timing = 8.371"
   ]
  },
  {
   "cell_type": "code",
   "execution_count": 140,
   "metadata": {
    "deletable": false,
    "editable": false
   },
   "outputs": [
    {
     "data": {
      "text/html": [
       "<p><strong><pre style='display: inline;'>q5b</pre></strong> passed! 🌈</p>"
      ],
      "text/plain": [
       "q5b results: All test cases passed!"
      ]
     },
     "execution_count": 140,
     "metadata": {},
     "output_type": "execute_result"
    }
   ],
   "source": [
    "grader.check(\"q5b\")"
   ]
  },
  {
   "cell_type": "markdown",
   "metadata": {},
   "source": [
    "In the following question, we will explore adding a different index and evaluating the query from `Question 4a`. To avoid any interference by the `g_batting_idx` index, **drop the index before moving onto the next question.**"
   ]
  },
  {
   "cell_type": "code",
   "execution_count": 141,
   "metadata": {},
   "outputs": [
    {
     "data": {
      "text/html": [
       "<span style=\"None\">Running query in &#x27;postgresql://jovyan@127.0.0.1:5432/baseball&#x27;</span>"
      ],
      "text/plain": [
       "Running query in 'postgresql://jovyan@127.0.0.1:5432/baseball'"
      ]
     },
     "metadata": {},
     "output_type": "display_data"
    },
    {
     "data": {
      "text/html": [
       "<table>\n",
       "    <thead>\n",
       "        <tr>\n",
       "        </tr>\n",
       "    </thead>\n",
       "    <tbody>\n",
       "    </tbody>\n",
       "</table>"
      ],
      "text/plain": [
       "++\n",
       "||\n",
       "++\n",
       "++"
      ]
     },
     "execution_count": 141,
     "metadata": {},
     "output_type": "execute_result"
    }
   ],
   "source": [
    "# you must run this cell!!!\n",
    "%sql DROP INDEX IF EXISTS g_batting_idx;"
   ]
  },
  {
   "cell_type": "markdown",
   "metadata": {
    "deletable": false,
    "editable": false
   },
   "source": [
    "<br><br>\n",
    "\n",
    "---\n",
    "## Question 5c\n",
    "\n",
    "Write a query to add an index with name `salary_idx` on the `salary` column of the `salaries` table. Make sure to drop the previous index in `Question 5b` first!"
   ]
  },
  {
   "cell_type": "code",
   "execution_count": 142,
   "metadata": {
    "tags": []
   },
   "outputs": [
    {
     "data": {
      "text/html": [
       "<span style=\"None\">Running query in &#x27;postgresql://jovyan@127.0.0.1:5432/baseball&#x27;</span>"
      ],
      "text/plain": [
       "Running query in 'postgresql://jovyan@127.0.0.1:5432/baseball'"
      ]
     },
     "metadata": {},
     "output_type": "display_data"
    },
    {
     "data": {
      "text/html": [
       "<table>\n",
       "    <thead>\n",
       "        <tr>\n",
       "        </tr>\n",
       "    </thead>\n",
       "    <tbody>\n",
       "    </tbody>\n",
       "</table>"
      ],
      "text/plain": [
       "++\n",
       "||\n",
       "++\n",
       "++"
      ]
     },
     "execution_count": 142,
     "metadata": {},
     "output_type": "execute_result"
    }
   ],
   "source": [
    "%%sql\n",
    "DROP INDEX IF EXISTS g_batting_idx;\n",
    "DROP INDEX IF EXISTS salary_idx;\n",
    "CREATE INDEX salary_idx ON salaries (salary);"
   ]
  },
  {
   "cell_type": "markdown",
   "metadata": {
    "deletable": false,
    "editable": false
   },
   "source": [
    "Now, re-inspect the query plan of the query from `Question 5a` and record its execution time and cost."
   ]
  },
  {
   "cell_type": "code",
   "execution_count": 145,
   "metadata": {
    "deletable": false,
    "editable": false
   },
   "outputs": [
    {
     "data": {
      "text/html": [
       "<span style=\"None\">Running query in &#x27;postgresql://jovyan@127.0.0.1:5432/baseball&#x27;</span>"
      ],
      "text/plain": [
       "Running query in 'postgresql://jovyan@127.0.0.1:5432/baseball'"
      ]
     },
     "metadata": {},
     "output_type": "display_data"
    },
    {
     "data": {
      "text/html": [
       "<span style=\"color: green\">15 rows affected.</span>"
      ],
      "text/plain": [
       "15 rows affected."
      ]
     },
     "metadata": {},
     "output_type": "display_data"
    },
    {
     "data": {
      "text/html": [
       "<table>\n",
       "    <thead>\n",
       "        <tr>\n",
       "            <th>QUERY PLAN</th>\n",
       "        </tr>\n",
       "    </thead>\n",
       "    <tbody>\n",
       "        <tr>\n",
       "            <td>GroupAggregate  (cost=3636.18..3636.21 rows=1 width=17) (actual time=16.474..16.530 rows=134 loops=1)</td>\n",
       "        </tr>\n",
       "        <tr>\n",
       "            <td>&nbsp;&nbsp;Group Key: s.playerid</td>\n",
       "        </tr>\n",
       "        <tr>\n",
       "            <td>&nbsp;&nbsp;->  Sort  (cost=3636.18..3636.19 rows=1 width=17) (actual time=16.465..16.473 rows=138 loops=1)</td>\n",
       "        </tr>\n",
       "        <tr>\n",
       "            <td>&nbsp;&nbsp;&nbsp;&nbsp;&nbsp;&nbsp;&nbsp;&nbsp;Sort Key: s.playerid</td>\n",
       "        </tr>\n",
       "        <tr>\n",
       "            <td>&nbsp;&nbsp;&nbsp;&nbsp;&nbsp;&nbsp;&nbsp;&nbsp;Sort Method: quicksort  Memory: 35kB</td>\n",
       "        </tr>\n",
       "        <tr>\n",
       "            <td>&nbsp;&nbsp;&nbsp;&nbsp;&nbsp;&nbsp;&nbsp;&nbsp;->  Hash Join  (cost=2899.40..3636.17 rows=1 width=17) (actual time=9.743..16.345 rows=138 loops=1)</td>\n",
       "        </tr>\n",
       "        <tr>\n",
       "            <td>&nbsp;&nbsp;&nbsp;&nbsp;&nbsp;&nbsp;&nbsp;&nbsp;&nbsp;&nbsp;&nbsp;&nbsp;&nbsp;&nbsp;Hash Cond: ((s.yearid = a.yearid) AND ((s.teamid)::text = (a.teamid)::text) AND ((s.lgid)::text = (a.lgid)::text) AND ((s.playerid)::text = (a.playerid)::text))</td>\n",
       "        </tr>\n",
       "        <tr>\n",
       "            <td>&nbsp;&nbsp;&nbsp;&nbsp;&nbsp;&nbsp;&nbsp;&nbsp;&nbsp;&nbsp;&nbsp;&nbsp;&nbsp;&nbsp;->  Seq Scan on salaries s  (cost=0.00..459.28 rows=26428 width=28) (actual time=0.008..1.775 rows=26428 loops=1)</td>\n",
       "        </tr>\n",
       "        <tr>\n",
       "            <td>&nbsp;&nbsp;&nbsp;&nbsp;&nbsp;&nbsp;&nbsp;&nbsp;&nbsp;&nbsp;&nbsp;&nbsp;&nbsp;&nbsp;->  Hash  (cost=2873.20..2873.20 rows=1310 width=20) (actual time=9.581..9.582 rows=1347 loops=1)</td>\n",
       "        </tr>\n",
       "        <tr>\n",
       "            <td>&nbsp;&nbsp;&nbsp;&nbsp;&nbsp;&nbsp;&nbsp;&nbsp;&nbsp;&nbsp;&nbsp;&nbsp;&nbsp;&nbsp;&nbsp;&nbsp;&nbsp;&nbsp;&nbsp;&nbsp;Buckets: 2048  Batches: 1  Memory Usage: 86kB</td>\n",
       "        </tr>\n",
       "        <tr>\n",
       "            <td>&nbsp;&nbsp;&nbsp;&nbsp;&nbsp;&nbsp;&nbsp;&nbsp;&nbsp;&nbsp;&nbsp;&nbsp;&nbsp;&nbsp;&nbsp;&nbsp;&nbsp;&nbsp;&nbsp;&nbsp;->  Seq Scan on appearances a  (cost=0.00..2873.20 rows=1310 width=20) (actual time=0.007..9.233 rows=1347 loops=1)</td>\n",
       "        </tr>\n",
       "        <tr>\n",
       "            <td>&nbsp;&nbsp;&nbsp;&nbsp;&nbsp;&nbsp;&nbsp;&nbsp;&nbsp;&nbsp;&nbsp;&nbsp;&nbsp;&nbsp;&nbsp;&nbsp;&nbsp;&nbsp;&nbsp;&nbsp;&nbsp;&nbsp;&nbsp;&nbsp;&nbsp;&nbsp;Filter: (g_batting = 10)</td>\n",
       "        </tr>\n",
       "        <tr>\n",
       "            <td>&nbsp;&nbsp;&nbsp;&nbsp;&nbsp;&nbsp;&nbsp;&nbsp;&nbsp;&nbsp;&nbsp;&nbsp;&nbsp;&nbsp;&nbsp;&nbsp;&nbsp;&nbsp;&nbsp;&nbsp;&nbsp;&nbsp;&nbsp;&nbsp;&nbsp;&nbsp;Rows Removed by Filter: 102909</td>\n",
       "        </tr>\n",
       "        <tr>\n",
       "            <td>Planning Time: 0.715 ms</td>\n",
       "        </tr>\n",
       "        <tr>\n",
       "            <td>Execution Time: 16.574 ms</td>\n",
       "        </tr>\n",
       "    </tbody>\n",
       "</table>"
      ],
      "text/plain": [
       "+--------------------------------------------------------------------------------------------------------------------------------------------------------------------------------+\n",
       "|                                                                                   QUERY PLAN                                                                                   |\n",
       "+--------------------------------------------------------------------------------------------------------------------------------------------------------------------------------+\n",
       "|                                     GroupAggregate  (cost=3636.18..3636.21 rows=1 width=17) (actual time=16.474..16.530 rows=134 loops=1)                                      |\n",
       "|                                                                              Group Key: s.playerid                                                                             |\n",
       "|                                         ->  Sort  (cost=3636.18..3636.19 rows=1 width=17) (actual time=16.465..16.473 rows=138 loops=1)                                        |\n",
       "|                                                                                  Sort Key: s.playerid                                                                          |\n",
       "|                                                                          Sort Method: quicksort  Memory: 35kB                                                                  |\n",
       "|                                          ->  Hash Join  (cost=2899.40..3636.17 rows=1 width=17) (actual time=9.743..16.345 rows=138 loops=1)                                   |\n",
       "|               Hash Cond: ((s.yearid = a.yearid) AND ((s.teamid)::text = (a.teamid)::text) AND ((s.lgid)::text = (a.lgid)::text) AND ((s.playerid)::text = (a.playerid)::text)) |\n",
       "|                                      ->  Seq Scan on salaries s  (cost=0.00..459.28 rows=26428 width=28) (actual time=0.008..1.775 rows=26428 loops=1)                         |\n",
       "|                                              ->  Hash  (cost=2873.20..2873.20 rows=1310 width=20) (actual time=9.581..9.582 rows=1347 loops=1)                                 |\n",
       "|                                                                           Buckets: 2048  Batches: 1  Memory Usage: 86kB                                                        |\n",
       "|                                        ->  Seq Scan on appearances a  (cost=0.00..2873.20 rows=1310 width=20) (actual time=0.007..9.233 rows=1347 loops=1)                     |\n",
       "|                                                                                         Filter: (g_batting = 10)                                                               |\n",
       "|                                                                                      Rows Removed by Filter: 102909                                                            |\n",
       "|                                                                            Planning Time: 0.715 ms                                                                             |\n",
       "|                                                                           Execution Time: 16.574 ms                                                                            |\n",
       "+--------------------------------------------------------------------------------------------------------------------------------------------------------------------------------+"
      ]
     },
     "execution_count": 145,
     "metadata": {},
     "output_type": "execute_result"
    }
   ],
   "source": [
    "# just run this cell\n",
    "%sql EXPLAIN ANALYZE {{query_5a}} "
   ]
  },
  {
   "cell_type": "code",
   "execution_count": 146,
   "metadata": {},
   "outputs": [],
   "source": [
    "result_5c_cost = 3636.21\n",
    "result_5c_timing = 16.574"
   ]
  },
  {
   "cell_type": "code",
   "execution_count": 147,
   "metadata": {
    "deletable": false,
    "editable": false
   },
   "outputs": [
    {
     "data": {
      "text/html": [
       "<p><strong><pre style='display: inline;'>q5c</pre></strong> passed! 🎉</p>"
      ],
      "text/plain": [
       "q5c results: All test cases passed!"
      ]
     },
     "execution_count": 147,
     "metadata": {},
     "output_type": "execute_result"
    }
   ],
   "source": [
    "grader.check(\"q5c\")"
   ]
  },
  {
   "cell_type": "markdown",
   "metadata": {
    "deletable": false,
    "editable": false
   },
   "source": [
    "<br><br>\n",
    "\n",
    "---\n",
    "\n",
    "## Question 5d\n",
    "\n",
    "Given your findings from inspecting the query plans with no indexes (Question 5a), an index on `g_batting` (Question 5b), and an index on `salary` (Question 5c), assign the variable `q5d` to a list of all of the below statements that are true.\n",
    "\n",
    "A. Adding the `g_batting` index did not have a significant impact on the query execution time and cost.<br/>\n",
    "B. Adding the `g_batting` index did have a significant impact on the query execution time, but not the cost.<br/>\n",
    "C. Adding the `g_batting` index did have a significant impact on the query cost, but not the execution time.<br/>\n",
    "D. Adding the `g_batting` index did have a significant impact on the query cost and execution time.<br/>\n",
    "E. Adding the `salary` index did not have a significant impact on the query execution time and cost.<br/>\n",
    "F. Adding the `salary` index did have a significant impact on the query execution time, but not the cost.<br/>\n",
    "G. Adding the `salary` index did have a significant impact on the query cost, but not the execution time.<br/>\n",
    "H. Adding the `salary` index did have a significant impact on the query cost and execution time.\n",
    "\n",
    "**Note:** Your answer should be formatted as a list of single-character strings, e.g., `q5d = ['A', 'B']`"
   ]
  },
  {
   "cell_type": "code",
   "execution_count": 148,
   "metadata": {
    "tags": []
   },
   "outputs": [],
   "source": [
    "q5d = ['D','E']"
   ]
  },
  {
   "cell_type": "code",
   "execution_count": 149,
   "metadata": {
    "deletable": false,
    "editable": false
   },
   "outputs": [
    {
     "data": {
      "text/html": [
       "<p><strong><pre style='display: inline;'>q5d</pre></strong> passed! ✨</p>"
      ],
      "text/plain": [
       "q5d results: All test cases passed!"
      ]
     },
     "execution_count": 149,
     "metadata": {},
     "output_type": "execute_result"
    }
   ],
   "source": [
    "grader.check(\"q5d\")"
   ]
  },
  {
   "cell_type": "markdown",
   "metadata": {
    "deletable": false,
    "editable": false
   },
   "source": [
    "<!-- BEGIN QUESTION -->\n",
    "\n",
    "### Question 5di Justification\n",
    "\n",
    "Explain your answer to `Question 5d` above based on your knowledge from lectures, and details from inspecting the query plans (your explanation should include why you didn't choose certain options). Your answer should be no longer than 3 sentences."
   ]
  },
  {
   "cell_type": "markdown",
   "metadata": {},
   "source": [
    "_We can see based on the numerical results of cost and execution time that the g_batting index affected both while salary index did not. The reason for these differences are due to the query plans. Without the indexes, the query plan invovled sequential scans, which can be lengthy since it must run through all rows. The reason the g_batting index is faster than the salary index is because the g_batting index can be filtered, which speeds up the process, while the salary index does not help with finding the average as we still need to see all salaries._"
   ]
  },
  {
   "cell_type": "markdown",
   "metadata": {
    "deletable": false,
    "editable": false
   },
   "source": [
    "<!-- END QUESTION -->\n",
    "\n",
    "<br/><br/><br/>\n",
    "\n",
    "<hr style=\"border: 5px solid #003262;\" />\n",
    "<hr style=\"border: 1px solid #fdb515;\" />\n",
    "\n",
    "# Question 6: Indexes, Part 2\n",
    "\n",
    "Continue the analysis on how indexes impact query performance.\n",
    "\n",
    "Question 6:\n",
    "* Question 6a: Write a query that uses an **and** boolean operator. Record query performance.\n",
    "* Question 6b: Write a query that uses an **or** boolean operator. Record query performances.\n",
    "* Question 6c: Add an index and rerun queries in Questions 6a, 6b. Record query performance.\n",
    "* Question 6d: Add a multi-attribute index and rerun queries 6a, 6b. Record query performance.\n",
    "* Question 6e: Analyze query performance; compare and contrast."
   ]
  },
  {
   "cell_type": "markdown",
   "metadata": {},
   "source": [
    "Before continuing, make sure to drop all existing indexes from previous questions."
   ]
  },
  {
   "cell_type": "code",
   "execution_count": 150,
   "metadata": {},
   "outputs": [
    {
     "data": {
      "text/html": [
       "<span style=\"None\">Running query in &#x27;postgresql://jovyan@127.0.0.1:5432/baseball&#x27;</span>"
      ],
      "text/plain": [
       "Running query in 'postgresql://jovyan@127.0.0.1:5432/baseball'"
      ]
     },
     "metadata": {},
     "output_type": "display_data"
    },
    {
     "data": {
      "text/html": [
       "<span style=\"None\">Running query in &#x27;postgresql://jovyan@127.0.0.1:5432/baseball&#x27;</span>"
      ],
      "text/plain": [
       "Running query in 'postgresql://jovyan@127.0.0.1:5432/baseball'"
      ]
     },
     "metadata": {},
     "output_type": "display_data"
    },
    {
     "data": {
      "text/html": [
       "<table>\n",
       "    <thead>\n",
       "        <tr>\n",
       "        </tr>\n",
       "    </thead>\n",
       "    <tbody>\n",
       "    </tbody>\n",
       "</table>"
      ],
      "text/plain": [
       "++\n",
       "||\n",
       "++\n",
       "++"
      ]
     },
     "execution_count": 150,
     "metadata": {},
     "output_type": "execute_result"
    }
   ],
   "source": [
    "# you must run this cell!!!\n",
    "%sql DROP INDEX IF EXISTS g_batting_idx;\n",
    "%sql DROP INDEX IF EXISTS salary_idx;"
   ]
  },
  {
   "cell_type": "markdown",
   "metadata": {
    "deletable": false,
    "editable": false
   },
   "source": [
    "<br><br>\n",
    "\n",
    "---\n",
    "\n",
    "## Question 6a\n",
    "\n",
    "Write a query that finds the `playerid`, `yearid`, and `salary` for each player that had played 10 games **and** batted in 10 games (the number of games in which a player played can be found in the `g_all` column of the `appearances` table). Your query should join the `salaries` and `appearances` table on all the common columns `yearid`, `teamid`, and `playerid`, so feel free to use a natural join."
   ]
  },
  {
   "cell_type": "code",
   "execution_count": 151,
   "metadata": {
    "tags": []
   },
   "outputs": [
    {
     "data": {
      "text/html": [
       "<span style=\"None\">Running query in &#x27;postgresql://jovyan@127.0.0.1:5432/baseball&#x27;</span>"
      ],
      "text/plain": [
       "Running query in 'postgresql://jovyan@127.0.0.1:5432/baseball'"
      ]
     },
     "metadata": {},
     "output_type": "display_data"
    },
    {
     "data": {
      "text/html": [
       "<span style=\"color: green\">120 rows affected.</span>"
      ],
      "text/plain": [
       "120 rows affected."
      ]
     },
     "metadata": {},
     "output_type": "display_data"
    }
   ],
   "source": [
    "%%sql --save query_6a result_6a <<\n",
    "SELECT playerid, yearid, salary\n",
    "FROM appearances AS a\n",
    "NATURAL JOIN salaries AS s\n",
    "WHERE g_batting = 10 AND g_all = 10;"
   ]
  },
  {
   "cell_type": "code",
   "execution_count": 152,
   "metadata": {
    "tags": []
   },
   "outputs": [
    {
     "data": {
      "text/html": [
       "<div>\n",
       "<style scoped>\n",
       "    .dataframe tbody tr th:only-of-type {\n",
       "        vertical-align: middle;\n",
       "    }\n",
       "\n",
       "    .dataframe tbody tr th {\n",
       "        vertical-align: top;\n",
       "    }\n",
       "\n",
       "    .dataframe thead th {\n",
       "        text-align: right;\n",
       "    }\n",
       "</style>\n",
       "<table border=\"1\" class=\"dataframe\">\n",
       "  <thead>\n",
       "    <tr style=\"text-align: right;\">\n",
       "      <th></th>\n",
       "      <th>playerid</th>\n",
       "      <th>yearid</th>\n",
       "      <th>salary</th>\n",
       "    </tr>\n",
       "  </thead>\n",
       "  <tbody>\n",
       "    <tr>\n",
       "      <th>0</th>\n",
       "      <td>wiggial01</td>\n",
       "      <td>1985</td>\n",
       "      <td>512500.0</td>\n",
       "    </tr>\n",
       "    <tr>\n",
       "      <th>1</th>\n",
       "      <td>anderla02</td>\n",
       "      <td>1986</td>\n",
       "      <td>240000.0</td>\n",
       "    </tr>\n",
       "    <tr>\n",
       "      <th>2</th>\n",
       "      <td>lakest01</td>\n",
       "      <td>1986</td>\n",
       "      <td>60000.0</td>\n",
       "    </tr>\n",
       "  </tbody>\n",
       "</table>\n",
       "</div>"
      ],
      "text/plain": [
       "    playerid  yearid    salary\n",
       "0  wiggial01    1985  512500.0\n",
       "1  anderla02    1986  240000.0\n",
       "2   lakest01    1986   60000.0"
      ]
     },
     "execution_count": 152,
     "metadata": {},
     "output_type": "execute_result"
    }
   ],
   "source": [
    "# Do not delete/edit this cell!\n",
    "# You must run this cell before running the autograder.\n",
    "query_6a = %sqlcmd snippets query_6a\n",
    "grading_util.save_results(\"result_6a\", query_6a, result_6a);\n",
    "\n",
    "result_6a.DataFrame().head(3)"
   ]
  },
  {
   "cell_type": "code",
   "execution_count": 153,
   "metadata": {
    "deletable": false,
    "editable": false
   },
   "outputs": [
    {
     "data": {
      "text/html": [
       "<p><strong><pre style='display: inline;'>q6a</pre></strong> passed! 🌟</p>"
      ],
      "text/plain": [
       "q6a results: All test cases passed!"
      ]
     },
     "execution_count": 153,
     "metadata": {},
     "output_type": "execute_result"
    }
   ],
   "source": [
    "grader.check(\"q6a\")"
   ]
  },
  {
   "cell_type": "markdown",
   "metadata": {
    "deletable": false,
    "editable": false
   },
   "source": [
    "Inspect the query plan and record the execution time and cost."
   ]
  },
  {
   "cell_type": "code",
   "execution_count": 157,
   "metadata": {
    "deletable": false,
    "editable": false
   },
   "outputs": [
    {
     "data": {
      "text/html": [
       "<span style=\"None\">Running query in &#x27;postgresql://jovyan@127.0.0.1:5432/baseball&#x27;</span>"
      ],
      "text/plain": [
       "Running query in 'postgresql://jovyan@127.0.0.1:5432/baseball'"
      ]
     },
     "metadata": {},
     "output_type": "display_data"
    },
    {
     "data": {
      "text/html": [
       "<span style=\"color: green\">8 rows affected.</span>"
      ],
      "text/plain": [
       "8 rows affected."
      ]
     },
     "metadata": {},
     "output_type": "display_data"
    },
    {
     "data": {
      "text/html": [
       "<table>\n",
       "    <thead>\n",
       "        <tr>\n",
       "            <th>QUERY PLAN</th>\n",
       "        </tr>\n",
       "    </thead>\n",
       "    <tbody>\n",
       "        <tr>\n",
       "            <td>Nested Loop  (cost=0.29..3296.09 rows=1 width=21) (actual time=6.544..11.594 rows=120 loops=1)</td>\n",
       "        </tr>\n",
       "        <tr>\n",
       "            <td>&nbsp;&nbsp;->  Seq Scan on appearances a  (cost=0.00..3133.84 rows=20 width=20) (actual time=0.009..9.083 rows=1289 loops=1)</td>\n",
       "        </tr>\n",
       "        <tr>\n",
       "            <td>&nbsp;&nbsp;&nbsp;&nbsp;&nbsp;&nbsp;&nbsp;&nbsp;Filter: ((g_batting = 10) AND (g_all = 10))</td>\n",
       "        </tr>\n",
       "        <tr>\n",
       "            <td>&nbsp;&nbsp;&nbsp;&nbsp;&nbsp;&nbsp;&nbsp;&nbsp;Rows Removed by Filter: 102967</td>\n",
       "        </tr>\n",
       "        <tr>\n",
       "            <td>&nbsp;&nbsp;->  Index Scan using salaries_pkey on salaries s  (cost=0.29..8.11 rows=1 width=28) (actual time=0.002..0.002 rows=0 loops=1289)</td>\n",
       "        </tr>\n",
       "        <tr>\n",
       "            <td>&nbsp;&nbsp;&nbsp;&nbsp;&nbsp;&nbsp;&nbsp;&nbsp;Index Cond: ((yearid = a.yearid) AND ((teamid)::text = (a.teamid)::text) AND ((lgid)::text = (a.lgid)::text) AND ((playerid)::text = (a.playerid)::text))</td>\n",
       "        </tr>\n",
       "        <tr>\n",
       "            <td>Planning Time: 0.660 ms</td>\n",
       "        </tr>\n",
       "        <tr>\n",
       "            <td>Execution Time: 11.625 ms</td>\n",
       "        </tr>\n",
       "    </tbody>\n",
       "</table>"
      ],
      "text/plain": [
       "+-------------------------------------------------------------------------------------------------------------------------------------------------------------------+\n",
       "|                                                                             QUERY PLAN                                                                            |\n",
       "+-------------------------------------------------------------------------------------------------------------------------------------------------------------------+\n",
       "|                                   Nested Loop  (cost=0.29..3296.09 rows=1 width=21) (actual time=6.544..11.594 rows=120 loops=1)                                  |\n",
       "|                          ->  Seq Scan on appearances a  (cost=0.00..3133.84 rows=20 width=20) (actual time=0.009..9.083 rows=1289 loops=1)                        |\n",
       "|                                                                Filter: ((g_batting = 10) AND (g_all = 10))                                                        |\n",
       "|                                                                       Rows Removed by Filter: 102967                                                              |\n",
       "|                   ->  Index Scan using salaries_pkey on salaries s  (cost=0.29..8.11 rows=1 width=28) (actual time=0.002..0.002 rows=0 loops=1289)                |\n",
       "|         Index Cond: ((yearid = a.yearid) AND ((teamid)::text = (a.teamid)::text) AND ((lgid)::text = (a.lgid)::text) AND ((playerid)::text = (a.playerid)::text)) |\n",
       "|                                                                      Planning Time: 0.660 ms                                                                      |\n",
       "|                                                                     Execution Time: 11.625 ms                                                                     |\n",
       "+-------------------------------------------------------------------------------------------------------------------------------------------------------------------+"
      ]
     },
     "execution_count": 157,
     "metadata": {},
     "output_type": "execute_result"
    }
   ],
   "source": [
    "%sql EXPLAIN ANALYZE {{query_6a}} "
   ]
  },
  {
   "cell_type": "code",
   "execution_count": 158,
   "metadata": {
    "tags": []
   },
   "outputs": [],
   "source": [
    "result_6a_cost = 3296.09\n",
    "result_6a_timing = 11.625"
   ]
  },
  {
   "cell_type": "code",
   "execution_count": 159,
   "metadata": {
    "deletable": false,
    "editable": false
   },
   "outputs": [
    {
     "data": {
      "text/html": [
       "<p><strong><pre style='display: inline;'>6a_cost</pre></strong> passed! 💯</p>"
      ],
      "text/plain": [
       "6a_cost results: All test cases passed!"
      ]
     },
     "execution_count": 159,
     "metadata": {},
     "output_type": "execute_result"
    }
   ],
   "source": [
    "grader.check(\"6a_cost\")"
   ]
  },
  {
   "cell_type": "markdown",
   "metadata": {
    "deletable": false,
    "editable": false
   },
   "source": [
    "## Question 6b\n",
    "Write a query that finds the `playerid`, `yearid`, and `salary` for each player that had played 10 games __or__ batted in 10 games. Your query should join the `salaries` and `appearances` table on all the common columns `yearid`, `teamid`, and `playerid`, so feel free to use a natural join."
   ]
  },
  {
   "cell_type": "code",
   "execution_count": 160,
   "metadata": {
    "tags": []
   },
   "outputs": [
    {
     "data": {
      "text/html": [
       "<span style=\"None\">Running query in &#x27;postgresql://jovyan@127.0.0.1:5432/baseball&#x27;</span>"
      ],
      "text/plain": [
       "Running query in 'postgresql://jovyan@127.0.0.1:5432/baseball'"
      ]
     },
     "metadata": {},
     "output_type": "display_data"
    },
    {
     "data": {
      "text/html": [
       "<span style=\"color: green\">216 rows affected.</span>"
      ],
      "text/plain": [
       "216 rows affected."
      ]
     },
     "metadata": {},
     "output_type": "display_data"
    }
   ],
   "source": [
    "%%sql --save query_6b result_6b <<\n",
    "SELECT playerid, yearid, salary\n",
    "FROM appearances AS a\n",
    "NATURAL JOIN salaries AS s\n",
    "WHERE g_batting = 10 OR g_all = 10;"
   ]
  },
  {
   "cell_type": "code",
   "execution_count": 161,
   "metadata": {
    "tags": []
   },
   "outputs": [
    {
     "data": {
      "text/html": [
       "<div>\n",
       "<style scoped>\n",
       "    .dataframe tbody tr th:only-of-type {\n",
       "        vertical-align: middle;\n",
       "    }\n",
       "\n",
       "    .dataframe tbody tr th {\n",
       "        vertical-align: top;\n",
       "    }\n",
       "\n",
       "    .dataframe thead th {\n",
       "        text-align: right;\n",
       "    }\n",
       "</style>\n",
       "<table border=\"1\" class=\"dataframe\">\n",
       "  <thead>\n",
       "    <tr style=\"text-align: right;\">\n",
       "      <th></th>\n",
       "      <th>playerid</th>\n",
       "      <th>yearid</th>\n",
       "      <th>salary</th>\n",
       "    </tr>\n",
       "  </thead>\n",
       "  <tbody>\n",
       "    <tr>\n",
       "      <th>0</th>\n",
       "      <td>wiggial01</td>\n",
       "      <td>1985</td>\n",
       "      <td>512500.0</td>\n",
       "    </tr>\n",
       "    <tr>\n",
       "      <th>1</th>\n",
       "      <td>forscke01</td>\n",
       "      <td>1986</td>\n",
       "      <td>100000.0</td>\n",
       "    </tr>\n",
       "    <tr>\n",
       "      <th>2</th>\n",
       "      <td>carltst01</td>\n",
       "      <td>1986</td>\n",
       "      <td>60000.0</td>\n",
       "    </tr>\n",
       "  </tbody>\n",
       "</table>\n",
       "</div>"
      ],
      "text/plain": [
       "    playerid  yearid    salary\n",
       "0  wiggial01    1985  512500.0\n",
       "1  forscke01    1986  100000.0\n",
       "2  carltst01    1986   60000.0"
      ]
     },
     "execution_count": 161,
     "metadata": {},
     "output_type": "execute_result"
    }
   ],
   "source": [
    "# Do not delete/edit this cell!\n",
    "# You must run this cell before running the autograder.\n",
    "query_6b = %sqlcmd snippets query_6b\n",
    "grading_util.save_results(\"result_6b\", query_6b, result_6b);\n",
    "result_6b.DataFrame().head(3)"
   ]
  },
  {
   "cell_type": "code",
   "execution_count": 162,
   "metadata": {
    "deletable": false,
    "editable": false
   },
   "outputs": [
    {
     "data": {
      "text/html": [
       "<p><strong><pre style='display: inline;'>q6b</pre></strong> passed! 🍀</p>"
      ],
      "text/plain": [
       "q6b results: All test cases passed!"
      ]
     },
     "execution_count": 162,
     "metadata": {},
     "output_type": "execute_result"
    }
   ],
   "source": [
    "grader.check(\"q6b\")"
   ]
  },
  {
   "cell_type": "markdown",
   "metadata": {
    "deletable": false,
    "editable": false
   },
   "source": [
    "Inspect the query plan and record the execution time and cost."
   ]
  },
  {
   "cell_type": "code",
   "execution_count": 163,
   "metadata": {
    "deletable": false,
    "editable": false
   },
   "outputs": [
    {
     "data": {
      "text/html": [
       "<span style=\"None\">Running query in &#x27;postgresql://jovyan@127.0.0.1:5432/baseball&#x27;</span>"
      ],
      "text/plain": [
       "Running query in 'postgresql://jovyan@127.0.0.1:5432/baseball'"
      ]
     },
     "metadata": {},
     "output_type": "display_data"
    },
    {
     "data": {
      "text/html": [
       "<span style=\"color: green\">10 rows affected.</span>"
      ],
      "text/plain": [
       "10 rows affected."
      ]
     },
     "metadata": {},
     "output_type": "display_data"
    },
    {
     "data": {
      "text/html": [
       "<table>\n",
       "    <thead>\n",
       "        <tr>\n",
       "            <th>QUERY PLAN</th>\n",
       "        </tr>\n",
       "    </thead>\n",
       "    <tbody>\n",
       "        <tr>\n",
       "            <td>Hash Join  (cost=3191.20..3927.97 rows=1 width=21) (actual time=10.686..18.041 rows=216 loops=1)</td>\n",
       "        </tr>\n",
       "        <tr>\n",
       "            <td>&nbsp;&nbsp;Hash Cond: ((s.yearid = a.yearid) AND ((s.teamid)::text = (a.teamid)::text) AND ((s.lgid)::text = (a.lgid)::text) AND ((s.playerid)::text = (a.playerid)::text))</td>\n",
       "        </tr>\n",
       "        <tr>\n",
       "            <td>&nbsp;&nbsp;->  Seq Scan on salaries s  (cost=0.00..459.28 rows=26428 width=28) (actual time=0.007..1.871 rows=26428 loops=1)</td>\n",
       "        </tr>\n",
       "        <tr>\n",
       "            <td>&nbsp;&nbsp;->  Hash  (cost=3133.84..3133.84 rows=2868 width=20) (actual time=10.532..10.534 rows=1655 loops=1)</td>\n",
       "        </tr>\n",
       "        <tr>\n",
       "            <td>&nbsp;&nbsp;&nbsp;&nbsp;&nbsp;&nbsp;&nbsp;&nbsp;Buckets: 4096  Batches: 1  Memory Usage: 121kB</td>\n",
       "        </tr>\n",
       "        <tr>\n",
       "            <td>&nbsp;&nbsp;&nbsp;&nbsp;&nbsp;&nbsp;&nbsp;&nbsp;->  Seq Scan on appearances a  (cost=0.00..3133.84 rows=2868 width=20) (actual time=0.007..10.078 rows=1655 loops=1)</td>\n",
       "        </tr>\n",
       "        <tr>\n",
       "            <td>&nbsp;&nbsp;&nbsp;&nbsp;&nbsp;&nbsp;&nbsp;&nbsp;&nbsp;&nbsp;&nbsp;&nbsp;&nbsp;&nbsp;Filter: ((g_batting = 10) OR (g_all = 10))</td>\n",
       "        </tr>\n",
       "        <tr>\n",
       "            <td>&nbsp;&nbsp;&nbsp;&nbsp;&nbsp;&nbsp;&nbsp;&nbsp;&nbsp;&nbsp;&nbsp;&nbsp;&nbsp;&nbsp;Rows Removed by Filter: 102601</td>\n",
       "        </tr>\n",
       "        <tr>\n",
       "            <td>Planning Time: 0.719 ms</td>\n",
       "        </tr>\n",
       "        <tr>\n",
       "            <td>Execution Time: 18.083 ms</td>\n",
       "        </tr>\n",
       "    </tbody>\n",
       "</table>"
      ],
      "text/plain": [
       "+--------------------------------------------------------------------------------------------------------------------------------------------------------------------+\n",
       "|                                                                             QUERY PLAN                                                                             |\n",
       "+--------------------------------------------------------------------------------------------------------------------------------------------------------------------+\n",
       "|                                  Hash Join  (cost=3191.20..3927.97 rows=1 width=21) (actual time=10.686..18.041 rows=216 loops=1)                                  |\n",
       "|   Hash Cond: ((s.yearid = a.yearid) AND ((s.teamid)::text = (a.teamid)::text) AND ((s.lgid)::text = (a.lgid)::text) AND ((s.playerid)::text = (a.playerid)::text)) |\n",
       "|                          ->  Seq Scan on salaries s  (cost=0.00..459.28 rows=26428 width=28) (actual time=0.007..1.871 rows=26428 loops=1)                         |\n",
       "|                                 ->  Hash  (cost=3133.84..3133.84 rows=2868 width=20) (actual time=10.532..10.534 rows=1655 loops=1)                                |\n",
       "|                                                               Buckets: 4096  Batches: 1  Memory Usage: 121kB                                                       |\n",
       "|                            ->  Seq Scan on appearances a  (cost=0.00..3133.84 rows=2868 width=20) (actual time=0.007..10.078 rows=1655 loops=1)                    |\n",
       "|                                                                    Filter: ((g_batting = 10) OR (g_all = 10))                                                      |\n",
       "|                                                                          Rows Removed by Filter: 102601                                                            |\n",
       "|                                                                      Planning Time: 0.719 ms                                                                       |\n",
       "|                                                                     Execution Time: 18.083 ms                                                                      |\n",
       "+--------------------------------------------------------------------------------------------------------------------------------------------------------------------+"
      ]
     },
     "execution_count": 163,
     "metadata": {},
     "output_type": "execute_result"
    }
   ],
   "source": [
    "%sql EXPLAIN ANALYZE {{query_6b}} "
   ]
  },
  {
   "cell_type": "code",
   "execution_count": 164,
   "metadata": {
    "tags": []
   },
   "outputs": [],
   "source": [
    "result_6b_cost = 3927.97\n",
    "result_6b_timing = 18.083"
   ]
  },
  {
   "cell_type": "code",
   "execution_count": 165,
   "metadata": {
    "deletable": false,
    "editable": false
   },
   "outputs": [
    {
     "data": {
      "text/html": [
       "<p><strong><pre style='display: inline;'>6b_cost</pre></strong> passed! 🚀</p>"
      ],
      "text/plain": [
       "6b_cost results: All test cases passed!"
      ]
     },
     "execution_count": 165,
     "metadata": {},
     "output_type": "execute_result"
    }
   ],
   "source": [
    "grader.check(\"6b_cost\")"
   ]
  },
  {
   "cell_type": "markdown",
   "metadata": {
    "deletable": false,
    "editable": false
   },
   "source": [
    "## Question 6c\n",
    "Now, let's see the impact of adding an index on the `g_batting` column. Create an index on the `g_batting` column. Re-inspect the queries from `Question 6a` and `Question 6b` and record the respective execution costs and times."
   ]
  },
  {
   "cell_type": "code",
   "execution_count": 166,
   "metadata": {
    "tags": []
   },
   "outputs": [
    {
     "data": {
      "text/html": [
       "<span style=\"None\">Running query in &#x27;postgresql://jovyan@127.0.0.1:5432/baseball&#x27;</span>"
      ],
      "text/plain": [
       "Running query in 'postgresql://jovyan@127.0.0.1:5432/baseball'"
      ]
     },
     "metadata": {},
     "output_type": "display_data"
    },
    {
     "data": {
      "text/html": [
       "<table>\n",
       "    <thead>\n",
       "        <tr>\n",
       "        </tr>\n",
       "    </thead>\n",
       "    <tbody>\n",
       "    </tbody>\n",
       "</table>"
      ],
      "text/plain": [
       "++\n",
       "||\n",
       "++\n",
       "++"
      ]
     },
     "execution_count": 166,
     "metadata": {},
     "output_type": "execute_result"
    }
   ],
   "source": [
    "%%sql\n",
    "DROP INDEX IF EXISTS g_batting_idx;\n",
    "CREATE INDEX g_batting ON appearances (g_batting);"
   ]
  },
  {
   "cell_type": "code",
   "execution_count": 170,
   "metadata": {
    "scrolled": true,
    "tags": []
   },
   "outputs": [
    {
     "data": {
      "text/html": [
       "<span style=\"None\">Running query in &#x27;postgresql://jovyan@127.0.0.1:5432/baseball&#x27;</span>"
      ],
      "text/plain": [
       "Running query in 'postgresql://jovyan@127.0.0.1:5432/baseball'"
      ]
     },
     "metadata": {},
     "output_type": "display_data"
    },
    {
     "data": {
      "text/html": [
       "<span style=\"color: green\">12 rows affected.</span>"
      ],
      "text/plain": [
       "12 rows affected."
      ]
     },
     "metadata": {},
     "output_type": "display_data"
    },
    {
     "data": {
      "text/html": [
       "<table>\n",
       "    <thead>\n",
       "        <tr>\n",
       "            <th>QUERY PLAN</th>\n",
       "        </tr>\n",
       "    </thead>\n",
       "    <tbody>\n",
       "        <tr>\n",
       "            <td>Nested Loop  (cost=18.41..1770.00 rows=1 width=21) (actual time=2.220..4.109 rows=120 loops=1)</td>\n",
       "        </tr>\n",
       "        <tr>\n",
       "            <td>&nbsp;&nbsp;->  Bitmap Heap Scan on appearances a  (cost=18.12..1607.75 rows=20 width=20) (actual time=0.236..1.467 rows=1289 loops=1)</td>\n",
       "        </tr>\n",
       "        <tr>\n",
       "            <td>&nbsp;&nbsp;&nbsp;&nbsp;&nbsp;&nbsp;&nbsp;&nbsp;Recheck Cond: (g_batting = 10)</td>\n",
       "        </tr>\n",
       "        <tr>\n",
       "            <td>&nbsp;&nbsp;&nbsp;&nbsp;&nbsp;&nbsp;&nbsp;&nbsp;Filter: (g_all = 10)</td>\n",
       "        </tr>\n",
       "        <tr>\n",
       "            <td>&nbsp;&nbsp;&nbsp;&nbsp;&nbsp;&nbsp;&nbsp;&nbsp;Rows Removed by Filter: 58</td>\n",
       "        </tr>\n",
       "        <tr>\n",
       "            <td>&nbsp;&nbsp;&nbsp;&nbsp;&nbsp;&nbsp;&nbsp;&nbsp;Heap Blocks: exact=899</td>\n",
       "        </tr>\n",
       "        <tr>\n",
       "            <td>&nbsp;&nbsp;&nbsp;&nbsp;&nbsp;&nbsp;&nbsp;&nbsp;->  Bitmap Index Scan on g_batting  (cost=0.00..18.12 rows=1310 width=0) (actual time=0.127..0.127 rows=1347 loops=1)</td>\n",
       "        </tr>\n",
       "        <tr>\n",
       "            <td>&nbsp;&nbsp;&nbsp;&nbsp;&nbsp;&nbsp;&nbsp;&nbsp;&nbsp;&nbsp;&nbsp;&nbsp;&nbsp;&nbsp;Index Cond: (g_batting = 10)</td>\n",
       "        </tr>\n",
       "        <tr>\n",
       "            <td>&nbsp;&nbsp;->  Index Scan using salaries_pkey on salaries s  (cost=0.29..8.11 rows=1 width=28) (actual time=0.002..0.002 rows=0 loops=1289)</td>\n",
       "        </tr>\n",
       "        <tr>\n",
       "            <td>&nbsp;&nbsp;&nbsp;&nbsp;&nbsp;&nbsp;&nbsp;&nbsp;Index Cond: ((yearid = a.yearid) AND ((teamid)::text = (a.teamid)::text) AND ((lgid)::text = (a.lgid)::text) AND ((playerid)::text = (a.playerid)::text))</td>\n",
       "        </tr>\n",
       "        <tr>\n",
       "            <td>Planning Time: 0.954 ms</td>\n",
       "        </tr>\n",
       "        <tr>\n",
       "            <td>Execution Time: 4.148 ms</td>\n",
       "        </tr>\n",
       "    </tbody>\n",
       "</table>"
      ],
      "text/plain": [
       "+-------------------------------------------------------------------------------------------------------------------------------------------------------------------+\n",
       "|                                                                             QUERY PLAN                                                                            |\n",
       "+-------------------------------------------------------------------------------------------------------------------------------------------------------------------+\n",
       "|                                   Nested Loop  (cost=18.41..1770.00 rows=1 width=21) (actual time=2.220..4.109 rows=120 loops=1)                                  |\n",
       "|                      ->  Bitmap Heap Scan on appearances a  (cost=18.12..1607.75 rows=20 width=20) (actual time=0.236..1.467 rows=1289 loops=1)                   |\n",
       "|                                                                       Recheck Cond: (g_batting = 10)                                                              |\n",
       "|                                                                            Filter: (g_all = 10)                                                                   |\n",
       "|                                                                         Rows Removed by Filter: 58                                                                |\n",
       "|                                                                           Heap Blocks: exact=899                                                                  |\n",
       "|                           ->  Bitmap Index Scan on g_batting  (cost=0.00..18.12 rows=1310 width=0) (actual time=0.127..0.127 rows=1347 loops=1)                   |\n",
       "|                                                                           Index Cond: (g_batting = 10)                                                            |\n",
       "|                   ->  Index Scan using salaries_pkey on salaries s  (cost=0.29..8.11 rows=1 width=28) (actual time=0.002..0.002 rows=0 loops=1289)                |\n",
       "|         Index Cond: ((yearid = a.yearid) AND ((teamid)::text = (a.teamid)::text) AND ((lgid)::text = (a.lgid)::text) AND ((playerid)::text = (a.playerid)::text)) |\n",
       "|                                                                      Planning Time: 0.954 ms                                                                      |\n",
       "|                                                                      Execution Time: 4.148 ms                                                                     |\n",
       "+-------------------------------------------------------------------------------------------------------------------------------------------------------------------+"
      ]
     },
     "execution_count": 170,
     "metadata": {},
     "output_type": "execute_result"
    }
   ],
   "source": [
    "# record the updated costs for Question 6a (\"and\" query)\n",
    "%sql EXPLAIN ANALYZE {{query_6a}} "
   ]
  },
  {
   "cell_type": "code",
   "execution_count": 172,
   "metadata": {
    "tags": []
   },
   "outputs": [],
   "source": [
    "result_6cand_index_cost = 1770.00\n",
    "result_6cand_index_timing = 4.148"
   ]
  },
  {
   "cell_type": "code",
   "execution_count": 173,
   "metadata": {
    "tags": []
   },
   "outputs": [
    {
     "data": {
      "text/html": [
       "<span style=\"None\">Running query in &#x27;postgresql://jovyan@127.0.0.1:5432/baseball&#x27;</span>"
      ],
      "text/plain": [
       "Running query in 'postgresql://jovyan@127.0.0.1:5432/baseball'"
      ]
     },
     "metadata": {},
     "output_type": "display_data"
    },
    {
     "data": {
      "text/html": [
       "<span style=\"color: green\">10 rows affected.</span>"
      ],
      "text/plain": [
       "10 rows affected."
      ]
     },
     "metadata": {},
     "output_type": "display_data"
    },
    {
     "data": {
      "text/html": [
       "<table>\n",
       "    <thead>\n",
       "        <tr>\n",
       "            <th>QUERY PLAN</th>\n",
       "        </tr>\n",
       "    </thead>\n",
       "    <tbody>\n",
       "        <tr>\n",
       "            <td>Hash Join  (cost=3191.20..3927.97 rows=1 width=21) (actual time=14.683..23.581 rows=216 loops=1)</td>\n",
       "        </tr>\n",
       "        <tr>\n",
       "            <td>&nbsp;&nbsp;Hash Cond: ((s.yearid = a.yearid) AND ((s.teamid)::text = (a.teamid)::text) AND ((s.lgid)::text = (a.lgid)::text) AND ((s.playerid)::text = (a.playerid)::text))</td>\n",
       "        </tr>\n",
       "        <tr>\n",
       "            <td>&nbsp;&nbsp;->  Seq Scan on salaries s  (cost=0.00..459.28 rows=26428 width=28) (actual time=0.011..2.027 rows=26428 loops=1)</td>\n",
       "        </tr>\n",
       "        <tr>\n",
       "            <td>&nbsp;&nbsp;->  Hash  (cost=3133.84..3133.84 rows=2868 width=20) (actual time=14.428..14.429 rows=1655 loops=1)</td>\n",
       "        </tr>\n",
       "        <tr>\n",
       "            <td>&nbsp;&nbsp;&nbsp;&nbsp;&nbsp;&nbsp;&nbsp;&nbsp;Buckets: 4096  Batches: 1  Memory Usage: 121kB</td>\n",
       "        </tr>\n",
       "        <tr>\n",
       "            <td>&nbsp;&nbsp;&nbsp;&nbsp;&nbsp;&nbsp;&nbsp;&nbsp;->  Seq Scan on appearances a  (cost=0.00..3133.84 rows=2868 width=20) (actual time=0.008..13.801 rows=1655 loops=1)</td>\n",
       "        </tr>\n",
       "        <tr>\n",
       "            <td>&nbsp;&nbsp;&nbsp;&nbsp;&nbsp;&nbsp;&nbsp;&nbsp;&nbsp;&nbsp;&nbsp;&nbsp;&nbsp;&nbsp;Filter: ((g_batting = 10) OR (g_all = 10))</td>\n",
       "        </tr>\n",
       "        <tr>\n",
       "            <td>&nbsp;&nbsp;&nbsp;&nbsp;&nbsp;&nbsp;&nbsp;&nbsp;&nbsp;&nbsp;&nbsp;&nbsp;&nbsp;&nbsp;Rows Removed by Filter: 102601</td>\n",
       "        </tr>\n",
       "        <tr>\n",
       "            <td>Planning Time: 0.944 ms</td>\n",
       "        </tr>\n",
       "        <tr>\n",
       "            <td>Execution Time: 23.627 ms</td>\n",
       "        </tr>\n",
       "    </tbody>\n",
       "</table>"
      ],
      "text/plain": [
       "+--------------------------------------------------------------------------------------------------------------------------------------------------------------------+\n",
       "|                                                                             QUERY PLAN                                                                             |\n",
       "+--------------------------------------------------------------------------------------------------------------------------------------------------------------------+\n",
       "|                                  Hash Join  (cost=3191.20..3927.97 rows=1 width=21) (actual time=14.683..23.581 rows=216 loops=1)                                  |\n",
       "|   Hash Cond: ((s.yearid = a.yearid) AND ((s.teamid)::text = (a.teamid)::text) AND ((s.lgid)::text = (a.lgid)::text) AND ((s.playerid)::text = (a.playerid)::text)) |\n",
       "|                          ->  Seq Scan on salaries s  (cost=0.00..459.28 rows=26428 width=28) (actual time=0.011..2.027 rows=26428 loops=1)                         |\n",
       "|                                 ->  Hash  (cost=3133.84..3133.84 rows=2868 width=20) (actual time=14.428..14.429 rows=1655 loops=1)                                |\n",
       "|                                                               Buckets: 4096  Batches: 1  Memory Usage: 121kB                                                       |\n",
       "|                            ->  Seq Scan on appearances a  (cost=0.00..3133.84 rows=2868 width=20) (actual time=0.008..13.801 rows=1655 loops=1)                    |\n",
       "|                                                                    Filter: ((g_batting = 10) OR (g_all = 10))                                                      |\n",
       "|                                                                          Rows Removed by Filter: 102601                                                            |\n",
       "|                                                                      Planning Time: 0.944 ms                                                                       |\n",
       "|                                                                     Execution Time: 23.627 ms                                                                      |\n",
       "+--------------------------------------------------------------------------------------------------------------------------------------------------------------------+"
      ]
     },
     "execution_count": 173,
     "metadata": {},
     "output_type": "execute_result"
    }
   ],
   "source": [
    "# record the updated costs for Question 6b (\"or\" query)\n",
    "%sql EXPLAIN ANALYZE {{query_6b}} "
   ]
  },
  {
   "cell_type": "code",
   "execution_count": 174,
   "metadata": {
    "scrolled": true,
    "tags": []
   },
   "outputs": [],
   "source": [
    "result_6cor_index_cost = 3927.97\n",
    "result_6cor_index_timing = 23.627"
   ]
  },
  {
   "cell_type": "code",
   "execution_count": 175,
   "metadata": {
    "deletable": false,
    "editable": false
   },
   "outputs": [
    {
     "data": {
      "text/html": [
       "<p><strong><pre style='display: inline;'>q6c</pre></strong> passed! 🍀</p>"
      ],
      "text/plain": [
       "q6c results: All test cases passed!"
      ]
     },
     "execution_count": 175,
     "metadata": {},
     "output_type": "execute_result"
    }
   ],
   "source": [
    "grader.check(\"q6c\")"
   ]
  },
  {
   "cell_type": "markdown",
   "metadata": {
    "deletable": false,
    "editable": false
   },
   "source": [
    "<br/><br/>\n",
    "\n",
    "---\n",
    "\n",
    "## Question 6d: Multiple-attribute index\n",
    "\n",
    "Now, create a multiple column index on `g_batting` and `g_all` called `g_batting_g_all_idx` and record the query execution time and cost for the \"or\" command in `Question 6b`."
   ]
  },
  {
   "cell_type": "markdown",
   "metadata": {
    "deletable": false,
    "editable": false
   },
   "source": [
    "Before continuing, make sure to drop all existing indexes from previous questions."
   ]
  },
  {
   "cell_type": "code",
   "execution_count": 176,
   "metadata": {
    "deletable": false,
    "editable": false
   },
   "outputs": [
    {
     "data": {
      "text/html": [
       "<span style=\"None\">Running query in &#x27;postgresql://jovyan@127.0.0.1:5432/baseball&#x27;</span>"
      ],
      "text/plain": [
       "Running query in 'postgresql://jovyan@127.0.0.1:5432/baseball'"
      ]
     },
     "metadata": {},
     "output_type": "display_data"
    },
    {
     "data": {
      "text/html": [
       "<span style=\"None\">Running query in &#x27;postgresql://jovyan@127.0.0.1:5432/baseball&#x27;</span>"
      ],
      "text/plain": [
       "Running query in 'postgresql://jovyan@127.0.0.1:5432/baseball'"
      ]
     },
     "metadata": {},
     "output_type": "display_data"
    },
    {
     "data": {
      "text/html": [
       "<table>\n",
       "    <thead>\n",
       "        <tr>\n",
       "        </tr>\n",
       "    </thead>\n",
       "    <tbody>\n",
       "    </tbody>\n",
       "</table>"
      ],
      "text/plain": [
       "++\n",
       "||\n",
       "++\n",
       "++"
      ]
     },
     "execution_count": 176,
     "metadata": {},
     "output_type": "execute_result"
    }
   ],
   "source": [
    "# you must run this cell!!!\n",
    "%sql DROP INDEX IF EXISTS g_batting_idx;\n",
    "%sql DROP INDEX IF EXISTS salary_idx;"
   ]
  },
  {
   "cell_type": "code",
   "execution_count": 177,
   "metadata": {
    "scrolled": true,
    "tags": []
   },
   "outputs": [
    {
     "data": {
      "text/html": [
       "<span style=\"None\">Running query in &#x27;postgresql://jovyan@127.0.0.1:5432/baseball&#x27;</span>"
      ],
      "text/plain": [
       "Running query in 'postgresql://jovyan@127.0.0.1:5432/baseball'"
      ]
     },
     "metadata": {},
     "output_type": "display_data"
    },
    {
     "data": {
      "text/html": [
       "<table>\n",
       "    <thead>\n",
       "        <tr>\n",
       "        </tr>\n",
       "    </thead>\n",
       "    <tbody>\n",
       "    </tbody>\n",
       "</table>"
      ],
      "text/plain": [
       "++\n",
       "||\n",
       "++\n",
       "++"
      ]
     },
     "execution_count": 177,
     "metadata": {},
     "output_type": "execute_result"
    }
   ],
   "source": [
    "%%sql \n",
    "DROP INDEX IF EXISTS g_batting_all_idx;\n",
    "CREATE INDEX g_batting_g_all_idx ON appearances (g_batting, g_all)"
   ]
  },
  {
   "cell_type": "code",
   "execution_count": 178,
   "metadata": {
    "scrolled": true,
    "tags": []
   },
   "outputs": [
    {
     "data": {
      "text/html": [
       "<span style=\"None\">Running query in &#x27;postgresql://jovyan@127.0.0.1:5432/baseball&#x27;</span>"
      ],
      "text/plain": [
       "Running query in 'postgresql://jovyan@127.0.0.1:5432/baseball'"
      ]
     },
     "metadata": {},
     "output_type": "display_data"
    },
    {
     "data": {
      "text/html": [
       "<span style=\"color: green\">15 rows affected.</span>"
      ],
      "text/plain": [
       "15 rows affected."
      ]
     },
     "metadata": {},
     "output_type": "display_data"
    },
    {
     "data": {
      "text/html": [
       "<table>\n",
       "    <thead>\n",
       "        <tr>\n",
       "            <th>QUERY PLAN</th>\n",
       "        </tr>\n",
       "    </thead>\n",
       "    <tbody>\n",
       "        <tr>\n",
       "            <td>Hash Join  (cost=2881.90..3618.67 rows=1 width=21) (actual time=2.845..9.340 rows=216 loops=1)</td>\n",
       "        </tr>\n",
       "        <tr>\n",
       "            <td>&nbsp;&nbsp;Hash Cond: ((s.yearid = a.yearid) AND ((s.teamid)::text = (a.teamid)::text) AND ((s.lgid)::text = (a.lgid)::text) AND ((s.playerid)::text = (a.playerid)::text))</td>\n",
       "        </tr>\n",
       "        <tr>\n",
       "            <td>&nbsp;&nbsp;->  Seq Scan on salaries s  (cost=0.00..459.28 rows=26428 width=28) (actual time=0.005..1.763 rows=26428 loops=1)</td>\n",
       "        </tr>\n",
       "        <tr>\n",
       "            <td>&nbsp;&nbsp;->  Hash  (cost=2824.54..2824.54 rows=2868 width=20) (actual time=2.711..2.713 rows=1655 loops=1)</td>\n",
       "        </tr>\n",
       "        <tr>\n",
       "            <td>&nbsp;&nbsp;&nbsp;&nbsp;&nbsp;&nbsp;&nbsp;&nbsp;Buckets: 4096  Batches: 1  Memory Usage: 121kB</td>\n",
       "        </tr>\n",
       "        <tr>\n",
       "            <td>&nbsp;&nbsp;&nbsp;&nbsp;&nbsp;&nbsp;&nbsp;&nbsp;->  Bitmap Heap Scan on appearances a  (cost=1181.76..2824.54 rows=2868 width=20) (actual time=1.160..2.352 rows=1655 loops=1)</td>\n",
       "        </tr>\n",
       "        <tr>\n",
       "            <td>&nbsp;&nbsp;&nbsp;&nbsp;&nbsp;&nbsp;&nbsp;&nbsp;&nbsp;&nbsp;&nbsp;&nbsp;&nbsp;&nbsp;Recheck Cond: ((g_batting = 10) OR (g_all = 10))</td>\n",
       "        </tr>\n",
       "        <tr>\n",
       "            <td>&nbsp;&nbsp;&nbsp;&nbsp;&nbsp;&nbsp;&nbsp;&nbsp;&nbsp;&nbsp;&nbsp;&nbsp;&nbsp;&nbsp;Heap Blocks: exact=1027</td>\n",
       "        </tr>\n",
       "        <tr>\n",
       "            <td>&nbsp;&nbsp;&nbsp;&nbsp;&nbsp;&nbsp;&nbsp;&nbsp;&nbsp;&nbsp;&nbsp;&nbsp;&nbsp;&nbsp;->  BitmapOr  (cost=1181.76..1181.76 rows=2888 width=0) (actual time=1.042..1.043 rows=0 loops=1)</td>\n",
       "        </tr>\n",
       "        <tr>\n",
       "            <td>&nbsp;&nbsp;&nbsp;&nbsp;&nbsp;&nbsp;&nbsp;&nbsp;&nbsp;&nbsp;&nbsp;&nbsp;&nbsp;&nbsp;&nbsp;&nbsp;&nbsp;&nbsp;&nbsp;&nbsp;->  Bitmap Index Scan on g_batting_g_all_idx  (cost=0.00..18.12 rows=1310 width=0) (actual time=0.118..0.119 rows=1347 loops=1)</td>\n",
       "        </tr>\n",
       "        <tr>\n",
       "            <td>&nbsp;&nbsp;&nbsp;&nbsp;&nbsp;&nbsp;&nbsp;&nbsp;&nbsp;&nbsp;&nbsp;&nbsp;&nbsp;&nbsp;&nbsp;&nbsp;&nbsp;&nbsp;&nbsp;&nbsp;&nbsp;&nbsp;&nbsp;&nbsp;&nbsp;&nbsp;Index Cond: (g_batting = 10)</td>\n",
       "        </tr>\n",
       "        <tr>\n",
       "            <td>&nbsp;&nbsp;&nbsp;&nbsp;&nbsp;&nbsp;&nbsp;&nbsp;&nbsp;&nbsp;&nbsp;&nbsp;&nbsp;&nbsp;&nbsp;&nbsp;&nbsp;&nbsp;&nbsp;&nbsp;->  Bitmap Index Scan on g_batting_g_all_idx  (cost=0.00..1162.21 rows=1578 width=0) (actual time=0.923..0.923 rows=1597 loops=1)</td>\n",
       "        </tr>\n",
       "        <tr>\n",
       "            <td>&nbsp;&nbsp;&nbsp;&nbsp;&nbsp;&nbsp;&nbsp;&nbsp;&nbsp;&nbsp;&nbsp;&nbsp;&nbsp;&nbsp;&nbsp;&nbsp;&nbsp;&nbsp;&nbsp;&nbsp;&nbsp;&nbsp;&nbsp;&nbsp;&nbsp;&nbsp;Index Cond: (g_all = 10)</td>\n",
       "        </tr>\n",
       "        <tr>\n",
       "            <td>Planning Time: 0.815 ms</td>\n",
       "        </tr>\n",
       "        <tr>\n",
       "            <td>Execution Time: 9.382 ms</td>\n",
       "        </tr>\n",
       "    </tbody>\n",
       "</table>"
      ],
      "text/plain": [
       "+--------------------------------------------------------------------------------------------------------------------------------------------------------------------+\n",
       "|                                                                             QUERY PLAN                                                                             |\n",
       "+--------------------------------------------------------------------------------------------------------------------------------------------------------------------+\n",
       "|                                   Hash Join  (cost=2881.90..3618.67 rows=1 width=21) (actual time=2.845..9.340 rows=216 loops=1)                                   |\n",
       "|   Hash Cond: ((s.yearid = a.yearid) AND ((s.teamid)::text = (a.teamid)::text) AND ((s.lgid)::text = (a.lgid)::text) AND ((s.playerid)::text = (a.playerid)::text)) |\n",
       "|                          ->  Seq Scan on salaries s  (cost=0.00..459.28 rows=26428 width=28) (actual time=0.005..1.763 rows=26428 loops=1)                         |\n",
       "|                                  ->  Hash  (cost=2824.54..2824.54 rows=2868 width=20) (actual time=2.711..2.713 rows=1655 loops=1)                                 |\n",
       "|                                                               Buckets: 4096  Batches: 1  Memory Usage: 121kB                                                       |\n",
       "|                       ->  Bitmap Heap Scan on appearances a  (cost=1181.76..2824.54 rows=2868 width=20) (actual time=1.160..2.352 rows=1655 loops=1)               |\n",
       "|                                                                 Recheck Cond: ((g_batting = 10) OR (g_all = 10))                                                   |\n",
       "|                                                                             Heap Blocks: exact=1027                                                                |\n",
       "|                                        ->  BitmapOr  (cost=1181.76..1181.76 rows=2888 width=0) (actual time=1.042..1.043 rows=0 loops=1)                           |\n",
       "|                            ->  Bitmap Index Scan on g_batting_g_all_idx  (cost=0.00..18.12 rows=1310 width=0) (actual time=0.118..0.119 rows=1347 loops=1)         |\n",
       "|                                                                                 Index Cond: (g_batting = 10)                                                       |\n",
       "|                           ->  Bitmap Index Scan on g_batting_g_all_idx  (cost=0.00..1162.21 rows=1578 width=0) (actual time=0.923..0.923 rows=1597 loops=1)        |\n",
       "|                                                                                   Index Cond: (g_all = 10)                                                         |\n",
       "|                                                                      Planning Time: 0.815 ms                                                                       |\n",
       "|                                                                      Execution Time: 9.382 ms                                                                      |\n",
       "+--------------------------------------------------------------------------------------------------------------------------------------------------------------------+"
      ]
     },
     "execution_count": 178,
     "metadata": {},
     "output_type": "execute_result"
    }
   ],
   "source": [
    "# record the updated costs for Question 6b (\"or\" query)\n",
    "%sql EXPLAIN ANALYZE {{query_6b}} "
   ]
  },
  {
   "cell_type": "code",
   "execution_count": 180,
   "metadata": {
    "tags": []
   },
   "outputs": [],
   "source": [
    "result_6d_multiple_col_index_cost = 3618.67\n",
    "result_6d_multiple_col_index_timing = 9.382"
   ]
  },
  {
   "cell_type": "code",
   "execution_count": 181,
   "metadata": {
    "deletable": false,
    "editable": false
   },
   "outputs": [
    {
     "data": {
      "text/html": [
       "<p><strong><pre style='display: inline;'>q6d</pre></strong> passed! 🚀</p>"
      ],
      "text/plain": [
       "q6d results: All test cases passed!"
      ]
     },
     "execution_count": 181,
     "metadata": {},
     "output_type": "execute_result"
    }
   ],
   "source": [
    "grader.check(\"q6d\")"
   ]
  },
  {
   "cell_type": "markdown",
   "metadata": {
    "deletable": false,
    "editable": false
   },
   "source": [
    "<br/><br/>\n",
    "\n",
    "---\n",
    "\n",
    "## Question 6e\n",
    "Given your findings from inspecting the query plans from all parts of this `Question 6`, assign the variable `q6e` to a list of all below statements that are true.\n",
    "\n",
    "A. Adding an index on a column used in an AND predicate will reduce the query time, but not the execution cost.<br/>\n",
    "B. Adding an index on a column used in an AND predicate will reduce the query cost, but not the execution time.<br/>\n",
    "C. Adding an index on a column used in an AND predicate will reduce the query cost and the execution time.<br/>\n",
    "D. Adding an index on a column used in an OR predicate will reduce the query time, but not the execution cost.<br/>\n",
    "E. Adding an index on a column used in an OR predicate will reduce the query cost, but not the execution time.<br/>\n",
    "F. Adding an index on a column used in an OR predicate will reduce the query cost and the execution time.<br/>\n",
    "G. Adding a multicolumn index on columns in an OR predicate will reduce the query time, but not the execution cost.<br/>\n",
    "H. Adding a multicolumn index on columns in an OR predicate will reduce the query cost, but not the execution time.<br/>\n",
    "I. Adding a multicolumn index on columns in an OR predicate will reduce the query cost and the execution time.\n",
    "\n",
    "**Note:** Your answer should be formatted as a list of single-character strings, e.g., `q6e = ['A', 'B']`\n"
   ]
  },
  {
   "cell_type": "code",
   "execution_count": 182,
   "metadata": {
    "tags": []
   },
   "outputs": [],
   "source": [
    "q6e = ['C', 'I']"
   ]
  },
  {
   "cell_type": "code",
   "execution_count": 183,
   "metadata": {
    "deletable": false,
    "editable": false
   },
   "outputs": [
    {
     "data": {
      "text/html": [
       "<p><strong><pre style='display: inline;'>q6e</pre></strong> passed! 🙌</p>"
      ],
      "text/plain": [
       "q6e results: All test cases passed!"
      ]
     },
     "execution_count": 183,
     "metadata": {},
     "output_type": "execute_result"
    }
   ],
   "source": [
    "grader.check(\"q6e\")"
   ]
  },
  {
   "cell_type": "markdown",
   "metadata": {
    "deletable": false,
    "editable": false
   },
   "source": [
    "<!-- BEGIN QUESTION -->\n",
    "\n",
    "### Question 6ei Justification\n",
    "\n",
    "Explain your answer to `Question 6e` above based on your knowledge from lectures, and details from inspecting the query plans (your explanation should include why you didn't choose certain options). Your answer should be no longer than 3 sentences."
   ]
  },
  {
   "cell_type": "markdown",
   "metadata": {},
   "source": [
    "_We can see that adding an index on a column used in an AND predicate and adding a multicolumn index on columns in an OR predicate will reduce both query cost and execution time. This is because AND adds a level of filtering that requires both conditions to be true, thus limiting how much information we are processing. Furthermore, the multicolumn index with OR also requires multiple columns to be unique at a time, which also limits how much information is processed._"
   ]
  },
  {
   "cell_type": "markdown",
   "metadata": {
    "deletable": false,
    "editable": false
   },
   "source": [
    "<!-- END QUESTION -->\n",
    "\n",
    "<br/><br/><br/>\n",
    "\n",
    "<hr style=\"border: 5px solid #003262;\" />\n",
    "<hr style=\"border: 1px solid #fdb515;\" />\n",
    "\n",
    "# Question 7: Indexes, Part 3\n",
    "\n",
    "Continue the analysis on how indexes impact query performance. Now, use aggregators.\n",
    "\n",
    "Question 7:\n",
    "* Question 7a: Write two queries that use aggregators. Record query performance.\n",
    "* Question 7b: Add an index and rerun queries in Questions 7a. Record query performance.\n",
    "* Question 7c: Analyze query performance; compare and contrast."
   ]
  },
  {
   "cell_type": "markdown",
   "metadata": {},
   "source": [
    "Before continuing, make sure to drop all existing indexes from previous questions."
   ]
  },
  {
   "cell_type": "code",
   "execution_count": 184,
   "metadata": {},
   "outputs": [
    {
     "data": {
      "text/html": [
       "<span style=\"None\">Running query in &#x27;postgresql://jovyan@127.0.0.1:5432/baseball&#x27;</span>"
      ],
      "text/plain": [
       "Running query in 'postgresql://jovyan@127.0.0.1:5432/baseball'"
      ]
     },
     "metadata": {},
     "output_type": "display_data"
    },
    {
     "data": {
      "text/html": [
       "<span style=\"None\">Running query in &#x27;postgresql://jovyan@127.0.0.1:5432/baseball&#x27;</span>"
      ],
      "text/plain": [
       "Running query in 'postgresql://jovyan@127.0.0.1:5432/baseball'"
      ]
     },
     "metadata": {},
     "output_type": "display_data"
    },
    {
     "data": {
      "text/html": [
       "<span style=\"None\">Running query in &#x27;postgresql://jovyan@127.0.0.1:5432/baseball&#x27;</span>"
      ],
      "text/plain": [
       "Running query in 'postgresql://jovyan@127.0.0.1:5432/baseball'"
      ]
     },
     "metadata": {},
     "output_type": "display_data"
    },
    {
     "data": {
      "text/html": [
       "<table>\n",
       "    <thead>\n",
       "        <tr>\n",
       "        </tr>\n",
       "    </thead>\n",
       "    <tbody>\n",
       "    </tbody>\n",
       "</table>"
      ],
      "text/plain": [
       "++\n",
       "||\n",
       "++\n",
       "++"
      ]
     },
     "execution_count": 184,
     "metadata": {},
     "output_type": "execute_result"
    }
   ],
   "source": [
    "# you must run this cell!!!\n",
    "%sql DROP INDEX IF EXISTS g_batting_idx;\n",
    "%sql DROP INDEX IF EXISTS salary_idx;\n",
    "%sql DROP INDEX IF EXISTS g_batting_all_idx;"
   ]
  },
  {
   "cell_type": "markdown",
   "metadata": {},
   "source": [
    "---\n",
    "\n",
    "## Question 7a\n",
    "\n",
    "Write 2 queries: one that finds the minimum salary from the salary table `Salaries` and one that finds the average. Inspect the queries' query plans and record their execution times and costs."
   ]
  },
  {
   "cell_type": "markdown",
   "metadata": {
    "deletable": false,
    "editable": false
   },
   "source": [
    "Minimum salary:"
   ]
  },
  {
   "cell_type": "code",
   "execution_count": 185,
   "metadata": {
    "tags": []
   },
   "outputs": [
    {
     "data": {
      "text/html": [
       "<span style=\"None\">Running query in &#x27;postgresql://jovyan@127.0.0.1:5432/baseball&#x27;</span>"
      ],
      "text/plain": [
       "Running query in 'postgresql://jovyan@127.0.0.1:5432/baseball'"
      ]
     },
     "metadata": {},
     "output_type": "display_data"
    },
    {
     "data": {
      "text/html": [
       "<span style=\"color: green\">1 rows affected.</span>"
      ],
      "text/plain": [
       "1 rows affected."
      ]
     },
     "metadata": {},
     "output_type": "display_data"
    }
   ],
   "source": [
    "%%sql --save query_7a_min result_7a_min << \n",
    "SELECT MIN(salary) FROM salaries;"
   ]
  },
  {
   "cell_type": "code",
   "execution_count": 186,
   "metadata": {
    "tags": []
   },
   "outputs": [
    {
     "data": {
      "text/html": [
       "<table>\n",
       "    <thead>\n",
       "        <tr>\n",
       "            <th>min</th>\n",
       "        </tr>\n",
       "    </thead>\n",
       "    <tbody>\n",
       "        <tr>\n",
       "            <td>0.0</td>\n",
       "        </tr>\n",
       "    </tbody>\n",
       "</table>"
      ],
      "text/plain": [
       "+-----+\n",
       "| min |\n",
       "+-----+\n",
       "| 0.0 |\n",
       "+-----+"
      ]
     },
     "metadata": {},
     "output_type": "display_data"
    },
    {
     "data": {
      "text/html": [
       "<span style=\"None\">Running query in &#x27;postgresql://jovyan@127.0.0.1:5432/baseball&#x27;</span>"
      ],
      "text/plain": [
       "Running query in 'postgresql://jovyan@127.0.0.1:5432/baseball'"
      ]
     },
     "metadata": {},
     "output_type": "display_data"
    },
    {
     "data": {
      "text/html": [
       "<span style=\"color: green\">4 rows affected.</span>"
      ],
      "text/plain": [
       "4 rows affected."
      ]
     },
     "metadata": {},
     "output_type": "display_data"
    },
    {
     "data": {
      "text/html": [
       "<table>\n",
       "    <thead>\n",
       "        <tr>\n",
       "            <th>QUERY PLAN</th>\n",
       "        </tr>\n",
       "    </thead>\n",
       "    <tbody>\n",
       "        <tr>\n",
       "            <td>Aggregate  (cost=525.35..525.36 rows=1 width=8) (actual time=3.874..3.875 rows=1 loops=1)</td>\n",
       "        </tr>\n",
       "        <tr>\n",
       "            <td>&nbsp;&nbsp;->  Seq Scan on salaries  (cost=0.00..459.28 rows=26428 width=8) (actual time=0.007..1.669 rows=26428 loops=1)</td>\n",
       "        </tr>\n",
       "        <tr>\n",
       "            <td>Planning Time: 0.072 ms</td>\n",
       "        </tr>\n",
       "        <tr>\n",
       "            <td>Execution Time: 3.896 ms</td>\n",
       "        </tr>\n",
       "    </tbody>\n",
       "</table>"
      ],
      "text/plain": [
       "+------------------------------------------------------------------------------------------------------------------+\n",
       "|                                                    QUERY PLAN                                                    |\n",
       "+------------------------------------------------------------------------------------------------------------------+\n",
       "|            Aggregate  (cost=525.35..525.36 rows=1 width=8) (actual time=3.874..3.875 rows=1 loops=1)             |\n",
       "|   ->  Seq Scan on salaries  (cost=0.00..459.28 rows=26428 width=8) (actual time=0.007..1.669 rows=26428 loops=1) |\n",
       "|                                             Planning Time: 0.072 ms                                              |\n",
       "|                                             Execution Time: 3.896 ms                                             |\n",
       "+------------------------------------------------------------------------------------------------------------------+"
      ]
     },
     "execution_count": 186,
     "metadata": {},
     "output_type": "execute_result"
    }
   ],
   "source": [
    "# Do not delete/edit this cell!\n",
    "# You must run this cell before running the autograder.\n",
    "query_7a_min = %sqlcmd snippets query_7a_min\n",
    "grading_util.save_results(\"result_7a_min\", query_7a_min, result_7a_min);\n",
    "\n",
    "display(result_7a_min)\n",
    "%sql EXPLAIN ANALYZE {{query_7a_min}} "
   ]
  },
  {
   "cell_type": "code",
   "execution_count": 188,
   "metadata": {
    "tags": []
   },
   "outputs": [],
   "source": [
    "result_7a_min_query_cost = 525.36\n",
    "result_7a_min_query_timing = 3.896"
   ]
  },
  {
   "cell_type": "code",
   "execution_count": 189,
   "metadata": {
    "deletable": false,
    "editable": false
   },
   "outputs": [
    {
     "data": {
      "text/html": [
       "<p><strong><pre style='display: inline;'>q7a_min</pre></strong> passed! 🙌</p>"
      ],
      "text/plain": [
       "q7a_min results: All test cases passed!"
      ]
     },
     "execution_count": 189,
     "metadata": {},
     "output_type": "execute_result"
    }
   ],
   "source": [
    "grader.check(\"q7a_min\")"
   ]
  },
  {
   "cell_type": "markdown",
   "metadata": {
    "deletable": false,
    "editable": false
   },
   "source": [
    "Average salary:"
   ]
  },
  {
   "cell_type": "code",
   "execution_count": 190,
   "metadata": {
    "tags": []
   },
   "outputs": [
    {
     "data": {
      "text/html": [
       "<span style=\"None\">Running query in &#x27;postgresql://jovyan@127.0.0.1:5432/baseball&#x27;</span>"
      ],
      "text/plain": [
       "Running query in 'postgresql://jovyan@127.0.0.1:5432/baseball'"
      ]
     },
     "metadata": {},
     "output_type": "display_data"
    },
    {
     "data": {
      "text/html": [
       "<span style=\"color: green\">1 rows affected.</span>"
      ],
      "text/plain": [
       "1 rows affected."
      ]
     },
     "metadata": {},
     "output_type": "display_data"
    }
   ],
   "source": [
    "%%sql --save query_7a_avg result_7a_avg <<\n",
    "SELECT AVG(salary) FROM salaries"
   ]
  },
  {
   "cell_type": "code",
   "execution_count": 191,
   "metadata": {
    "tags": []
   },
   "outputs": [
    {
     "data": {
      "text/html": [
       "<table>\n",
       "    <thead>\n",
       "        <tr>\n",
       "            <th>avg</th>\n",
       "        </tr>\n",
       "    </thead>\n",
       "    <tbody>\n",
       "        <tr>\n",
       "            <td>2085634.053125473</td>\n",
       "        </tr>\n",
       "    </tbody>\n",
       "</table>"
      ],
      "text/plain": [
       "+-------------------+\n",
       "|        avg        |\n",
       "+-------------------+\n",
       "| 2085634.053125473 |\n",
       "+-------------------+"
      ]
     },
     "metadata": {},
     "output_type": "display_data"
    },
    {
     "data": {
      "text/html": [
       "<span style=\"None\">Running query in &#x27;postgresql://jovyan@127.0.0.1:5432/baseball&#x27;</span>"
      ],
      "text/plain": [
       "Running query in 'postgresql://jovyan@127.0.0.1:5432/baseball'"
      ]
     },
     "metadata": {},
     "output_type": "display_data"
    },
    {
     "data": {
      "text/html": [
       "<span style=\"color: green\">4 rows affected.</span>"
      ],
      "text/plain": [
       "4 rows affected."
      ]
     },
     "metadata": {},
     "output_type": "display_data"
    },
    {
     "data": {
      "text/html": [
       "<table>\n",
       "    <thead>\n",
       "        <tr>\n",
       "            <th>QUERY PLAN</th>\n",
       "        </tr>\n",
       "    </thead>\n",
       "    <tbody>\n",
       "        <tr>\n",
       "            <td>Aggregate  (cost=525.35..525.36 rows=1 width=8) (actual time=3.979..3.980 rows=1 loops=1)</td>\n",
       "        </tr>\n",
       "        <tr>\n",
       "            <td>&nbsp;&nbsp;->  Seq Scan on salaries  (cost=0.00..459.28 rows=26428 width=8) (actual time=0.007..1.577 rows=26428 loops=1)</td>\n",
       "        </tr>\n",
       "        <tr>\n",
       "            <td>Planning Time: 0.059 ms</td>\n",
       "        </tr>\n",
       "        <tr>\n",
       "            <td>Execution Time: 4.002 ms</td>\n",
       "        </tr>\n",
       "    </tbody>\n",
       "</table>"
      ],
      "text/plain": [
       "+------------------------------------------------------------------------------------------------------------------+\n",
       "|                                                    QUERY PLAN                                                    |\n",
       "+------------------------------------------------------------------------------------------------------------------+\n",
       "|            Aggregate  (cost=525.35..525.36 rows=1 width=8) (actual time=3.979..3.980 rows=1 loops=1)             |\n",
       "|   ->  Seq Scan on salaries  (cost=0.00..459.28 rows=26428 width=8) (actual time=0.007..1.577 rows=26428 loops=1) |\n",
       "|                                             Planning Time: 0.059 ms                                              |\n",
       "|                                             Execution Time: 4.002 ms                                             |\n",
       "+------------------------------------------------------------------------------------------------------------------+"
      ]
     },
     "execution_count": 191,
     "metadata": {},
     "output_type": "execute_result"
    }
   ],
   "source": [
    "# Do not delete/edit this cell!\n",
    "# You must run this cell before running the autograder.\n",
    "query_7a_avg = %sqlcmd snippets query_7a_avg\n",
    "grading_util.save_results(\"result_7a_avg\", query_7a_avg, result_7a_avg);\n",
    "\n",
    "display(result_7a_avg)\n",
    "%sql EXPLAIN ANALYZE {{query_7a_avg}} "
   ]
  },
  {
   "cell_type": "code",
   "execution_count": 192,
   "metadata": {
    "tags": []
   },
   "outputs": [],
   "source": [
    "result_7a_avg_query_cost = 525.36\n",
    "result_7a_avg_query_timing = 4.003"
   ]
  },
  {
   "cell_type": "code",
   "execution_count": 193,
   "metadata": {
    "deletable": false,
    "editable": false
   },
   "outputs": [
    {
     "data": {
      "text/html": [
       "<p><strong><pre style='display: inline;'>q7a_avg</pre></strong> passed! 🙌</p>"
      ],
      "text/plain": [
       "q7a_avg results: All test cases passed!"
      ]
     },
     "execution_count": 193,
     "metadata": {},
     "output_type": "execute_result"
    }
   ],
   "source": [
    "grader.check(\"q7a_avg\")"
   ]
  },
  {
   "cell_type": "markdown",
   "metadata": {
    "deletable": false,
    "editable": false
   },
   "source": [
    "<br><br>\n",
    "\n",
    "---\n",
    "## Question 7b\n",
    "Create an index on the `salary` column in the `Salaries` table and re-inspect the query plans from the previous part and record the respective execution time and cost."
   ]
  },
  {
   "cell_type": "code",
   "execution_count": 194,
   "metadata": {
    "tags": []
   },
   "outputs": [
    {
     "data": {
      "text/html": [
       "<span style=\"None\">Running query in &#x27;postgresql://jovyan@127.0.0.1:5432/baseball&#x27;</span>"
      ],
      "text/plain": [
       "Running query in 'postgresql://jovyan@127.0.0.1:5432/baseball'"
      ]
     },
     "metadata": {},
     "output_type": "display_data"
    },
    {
     "data": {
      "text/html": [
       "<table>\n",
       "    <thead>\n",
       "        <tr>\n",
       "        </tr>\n",
       "    </thead>\n",
       "    <tbody>\n",
       "    </tbody>\n",
       "</table>"
      ],
      "text/plain": [
       "++\n",
       "||\n",
       "++\n",
       "++"
      ]
     },
     "execution_count": 194,
     "metadata": {},
     "output_type": "execute_result"
    }
   ],
   "source": [
    "%%sql \n",
    "DROP INDEX IF EXISTS salary_idx;\n",
    "CREATE INDEX salary_idx ON salaries (salary)"
   ]
  },
  {
   "cell_type": "code",
   "execution_count": 195,
   "metadata": {
    "tags": []
   },
   "outputs": [
    {
     "data": {
      "text/html": [
       "<span style=\"None\">Running query in &#x27;postgresql://jovyan@127.0.0.1:5432/baseball&#x27;</span>"
      ],
      "text/plain": [
       "Running query in 'postgresql://jovyan@127.0.0.1:5432/baseball'"
      ]
     },
     "metadata": {},
     "output_type": "display_data"
    },
    {
     "data": {
      "text/html": [
       "<span style=\"color: green\">8 rows affected.</span>"
      ],
      "text/plain": [
       "8 rows affected."
      ]
     },
     "metadata": {},
     "output_type": "display_data"
    },
    {
     "data": {
      "text/html": [
       "<table>\n",
       "    <thead>\n",
       "        <tr>\n",
       "            <th>QUERY PLAN</th>\n",
       "        </tr>\n",
       "    </thead>\n",
       "    <tbody>\n",
       "        <tr>\n",
       "            <td>Result  (cost=0.32..0.33 rows=1 width=8) (actual time=0.052..0.052 rows=1 loops=1)</td>\n",
       "        </tr>\n",
       "        <tr>\n",
       "            <td>&nbsp;&nbsp;InitPlan 1 (returns $0)</td>\n",
       "        </tr>\n",
       "        <tr>\n",
       "            <td>&nbsp;&nbsp;&nbsp;&nbsp;->  Limit  (cost=0.29..0.32 rows=1 width=8) (actual time=0.048..0.049 rows=1 loops=1)</td>\n",
       "        </tr>\n",
       "        <tr>\n",
       "            <td>&nbsp;&nbsp;&nbsp;&nbsp;&nbsp;&nbsp;&nbsp;&nbsp;&nbsp;&nbsp;->  Index Only Scan using salary_idx on salaries  (cost=0.29..762.78 rows=26428 width=8) (actual time=0.047..0.047 rows=1 loops=1)</td>\n",
       "        </tr>\n",
       "        <tr>\n",
       "            <td>&nbsp;&nbsp;&nbsp;&nbsp;&nbsp;&nbsp;&nbsp;&nbsp;&nbsp;&nbsp;&nbsp;&nbsp;&nbsp;&nbsp;&nbsp;&nbsp;Index Cond: (salary IS NOT NULL)</td>\n",
       "        </tr>\n",
       "        <tr>\n",
       "            <td>&nbsp;&nbsp;&nbsp;&nbsp;&nbsp;&nbsp;&nbsp;&nbsp;&nbsp;&nbsp;&nbsp;&nbsp;&nbsp;&nbsp;&nbsp;&nbsp;Heap Fetches: 0</td>\n",
       "        </tr>\n",
       "        <tr>\n",
       "            <td>Planning Time: 0.258 ms</td>\n",
       "        </tr>\n",
       "        <tr>\n",
       "            <td>Execution Time: 0.068 ms</td>\n",
       "        </tr>\n",
       "    </tbody>\n",
       "</table>"
      ],
      "text/plain": [
       "+----------------------------------------------------------------------------------------------------------------------------------------------+\n",
       "|                                                                  QUERY PLAN                                                                  |\n",
       "+----------------------------------------------------------------------------------------------------------------------------------------------+\n",
       "|                              Result  (cost=0.32..0.33 rows=1 width=8) (actual time=0.052..0.052 rows=1 loops=1)                              |\n",
       "|                                                            InitPlan 1 (returns $0)                                                           |\n",
       "|                              ->  Limit  (cost=0.29..0.32 rows=1 width=8) (actual time=0.048..0.049 rows=1 loops=1)                           |\n",
       "|           ->  Index Only Scan using salary_idx on salaries  (cost=0.29..762.78 rows=26428 width=8) (actual time=0.047..0.047 rows=1 loops=1) |\n",
       "|                                                               Index Cond: (salary IS NOT NULL)                                               |\n",
       "|                                                                       Heap Fetches: 0                                                        |\n",
       "|                                                           Planning Time: 0.258 ms                                                            |\n",
       "|                                                           Execution Time: 0.068 ms                                                           |\n",
       "+----------------------------------------------------------------------------------------------------------------------------------------------+"
      ]
     },
     "execution_count": 195,
     "metadata": {},
     "output_type": "execute_result"
    }
   ],
   "source": [
    "# record the updated costs for \"min\" query\n",
    "%sql EXPLAIN ANALYZE {{query_7a_min}} "
   ]
  },
  {
   "cell_type": "code",
   "execution_count": 197,
   "metadata": {
    "tags": []
   },
   "outputs": [],
   "source": [
    "result_7b_min_query_cost = 0.33\n",
    "result_7b_min_query_timing = 0.068"
   ]
  },
  {
   "cell_type": "code",
   "execution_count": 198,
   "metadata": {
    "tags": []
   },
   "outputs": [
    {
     "data": {
      "text/html": [
       "<span style=\"None\">Running query in &#x27;postgresql://jovyan@127.0.0.1:5432/baseball&#x27;</span>"
      ],
      "text/plain": [
       "Running query in 'postgresql://jovyan@127.0.0.1:5432/baseball'"
      ]
     },
     "metadata": {},
     "output_type": "display_data"
    },
    {
     "data": {
      "text/html": [
       "<span style=\"color: green\">4 rows affected.</span>"
      ],
      "text/plain": [
       "4 rows affected."
      ]
     },
     "metadata": {},
     "output_type": "display_data"
    },
    {
     "data": {
      "text/html": [
       "<table>\n",
       "    <thead>\n",
       "        <tr>\n",
       "            <th>QUERY PLAN</th>\n",
       "        </tr>\n",
       "    </thead>\n",
       "    <tbody>\n",
       "        <tr>\n",
       "            <td>Aggregate  (cost=525.35..525.36 rows=1 width=8) (actual time=7.002..7.003 rows=1 loops=1)</td>\n",
       "        </tr>\n",
       "        <tr>\n",
       "            <td>&nbsp;&nbsp;->  Seq Scan on salaries  (cost=0.00..459.28 rows=26428 width=8) (actual time=0.010..2.770 rows=26428 loops=1)</td>\n",
       "        </tr>\n",
       "        <tr>\n",
       "            <td>Planning Time: 0.086 ms</td>\n",
       "        </tr>\n",
       "        <tr>\n",
       "            <td>Execution Time: 7.034 ms</td>\n",
       "        </tr>\n",
       "    </tbody>\n",
       "</table>"
      ],
      "text/plain": [
       "+------------------------------------------------------------------------------------------------------------------+\n",
       "|                                                    QUERY PLAN                                                    |\n",
       "+------------------------------------------------------------------------------------------------------------------+\n",
       "|            Aggregate  (cost=525.35..525.36 rows=1 width=8) (actual time=7.002..7.003 rows=1 loops=1)             |\n",
       "|   ->  Seq Scan on salaries  (cost=0.00..459.28 rows=26428 width=8) (actual time=0.010..2.770 rows=26428 loops=1) |\n",
       "|                                             Planning Time: 0.086 ms                                              |\n",
       "|                                             Execution Time: 7.034 ms                                             |\n",
       "+------------------------------------------------------------------------------------------------------------------+"
      ]
     },
     "execution_count": 198,
     "metadata": {},
     "output_type": "execute_result"
    }
   ],
   "source": [
    "# record the updated costs for \"avg\" query\n",
    "%sql EXPLAIN ANALYZE {{query_7a_avg}} "
   ]
  },
  {
   "cell_type": "code",
   "execution_count": 200,
   "metadata": {
    "tags": []
   },
   "outputs": [],
   "source": [
    "result_7b_avg_query_cost = 525.36\n",
    "result_7b_avg_query_timing = 7.034"
   ]
  },
  {
   "cell_type": "code",
   "execution_count": 201,
   "metadata": {
    "deletable": false,
    "editable": false
   },
   "outputs": [
    {
     "data": {
      "text/html": [
       "<p><strong><pre style='display: inline;'>q7b</pre></strong> passed! 🎉</p>"
      ],
      "text/plain": [
       "q7b results: All test cases passed!"
      ]
     },
     "execution_count": 201,
     "metadata": {},
     "output_type": "execute_result"
    }
   ],
   "source": [
    "grader.check(\"q7b\")"
   ]
  },
  {
   "cell_type": "markdown",
   "metadata": {
    "deletable": false,
    "editable": false
   },
   "source": [
    "<!-- BEGIN QUESTION -->\n",
    "\n",
    "<br><br>\n",
    "\n",
    "---\n",
    "\n",
    "## Question 7c\n",
    "Given your findings from `Question 7`, which of the following statements is true?\n",
    "<br> A. An index on the column being aggregated in a query will always provide a performance enhancement.\n",
    "<br> B. A query finding the MIN(salary) will always benefit from an index on salary, but a query finding MAX(salary) will not.\n",
    "<br> C. A query finding the COUNT(salary) will always benefit from an index on salary, but a query finding AVG(salary) will not.\n",
    "<br> D. Queries finding the MIN(salary) or MAX(salary) will always benefit from an index on salary, but queries finding AVG(salary) or COUNT(salary) will not.\n",
    "\n",
    "**Justify your answer.** Explain your answer based on your knowledge from lectures, and details of the query plans (your explanation should include why you didn't choose certain options). Your response should be no longer than 3 sentences.\n",
    " \n",
    "*Note:* Your answer should be formatted as follows: \"A because ... \" "
   ]
  },
  {
   "cell_type": "markdown",
   "metadata": {},
   "source": [
    "_D because index on salary allows us to order the salary in such a way that we can find the minimum and maximum quickly. However, in order to calculate average or count, we still need to process all of the salaries, regardless of their index._"
   ]
  },
  {
   "cell_type": "markdown",
   "metadata": {
    "deletable": false,
    "editable": false
   },
   "source": [
    "<!-- END QUESTION -->\n",
    "\n",
    "<br/><br/><br/>\n",
    "\n",
    "<hr style=\"border: 5px solid #003262;\" />\n",
    "<hr style=\"border: 1px solid #fdb515;\" />\n",
    "\n",
    "# Question 8: Clustered Indexes\n",
    "In this question, we will inspect the impact that clustering our data on an index can have on a query's performance.\n",
    "* Question 8a: query\n",
    "* Question 8b: cluster index on primary key\n",
    "* Question 8c: cluster index on different key\n",
    "* Question 8d: observe and analyze."
   ]
  },
  {
   "cell_type": "markdown",
   "metadata": {},
   "source": [
    "Before continuing, make sure to drop all existing indexes from previous questions."
   ]
  },
  {
   "cell_type": "code",
   "execution_count": 202,
   "metadata": {},
   "outputs": [
    {
     "data": {
      "text/html": [
       "<span style=\"None\">Running query in &#x27;postgresql://jovyan@127.0.0.1:5432/baseball&#x27;</span>"
      ],
      "text/plain": [
       "Running query in 'postgresql://jovyan@127.0.0.1:5432/baseball'"
      ]
     },
     "metadata": {},
     "output_type": "display_data"
    },
    {
     "data": {
      "text/html": [
       "<span style=\"None\">Running query in &#x27;postgresql://jovyan@127.0.0.1:5432/baseball&#x27;</span>"
      ],
      "text/plain": [
       "Running query in 'postgresql://jovyan@127.0.0.1:5432/baseball'"
      ]
     },
     "metadata": {},
     "output_type": "display_data"
    },
    {
     "data": {
      "text/html": [
       "<span style=\"None\">Running query in &#x27;postgresql://jovyan@127.0.0.1:5432/baseball&#x27;</span>"
      ],
      "text/plain": [
       "Running query in 'postgresql://jovyan@127.0.0.1:5432/baseball'"
      ]
     },
     "metadata": {},
     "output_type": "display_data"
    },
    {
     "data": {
      "text/html": [
       "<table>\n",
       "    <thead>\n",
       "        <tr>\n",
       "        </tr>\n",
       "    </thead>\n",
       "    <tbody>\n",
       "    </tbody>\n",
       "</table>"
      ],
      "text/plain": [
       "++\n",
       "||\n",
       "++\n",
       "++"
      ]
     },
     "execution_count": 202,
     "metadata": {},
     "output_type": "execute_result"
    }
   ],
   "source": [
    "# you must run this cell!!!\n",
    "%sql DROP INDEX IF EXISTS g_batting_idx;\n",
    "%sql DROP INDEX IF EXISTS salary_idx;\n",
    "%sql DROP INDEX IF EXISTS g_batting_all_idx;"
   ]
  },
  {
   "cell_type": "markdown",
   "metadata": {
    "deletable": false,
    "editable": false
   },
   "source": [
    "---\n",
    "\n",
    "## Question 8a\n",
    "\n",
    "Write a query that finds the `playerid`, `yearid`, `teamid`, and `ab` for all players whose `ab` was above 500. Inspect the query plan and record the execution time and cost."
   ]
  },
  {
   "cell_type": "code",
   "execution_count": 203,
   "metadata": {
    "tags": []
   },
   "outputs": [
    {
     "data": {
      "text/html": [
       "<span style=\"None\">Running query in &#x27;postgresql://jovyan@127.0.0.1:5432/baseball&#x27;</span>"
      ],
      "text/plain": [
       "Running query in 'postgresql://jovyan@127.0.0.1:5432/baseball'"
      ]
     },
     "metadata": {},
     "output_type": "display_data"
    },
    {
     "data": {
      "text/html": [
       "<span style=\"color: green\">8839 rows affected.</span>"
      ],
      "text/plain": [
       "8839 rows affected."
      ]
     },
     "metadata": {},
     "output_type": "display_data"
    }
   ],
   "source": [
    "%%sql --save query_8a result_8a <<\n",
    "SELECT playerid, yearid, teamid, ab\n",
    "FROM batting\n",
    "WHERE ab > 500;"
   ]
  },
  {
   "cell_type": "code",
   "execution_count": 204,
   "metadata": {
    "tags": []
   },
   "outputs": [
    {
     "data": {
      "text/html": [
       "<div>\n",
       "<style scoped>\n",
       "    .dataframe tbody tr th:only-of-type {\n",
       "        vertical-align: middle;\n",
       "    }\n",
       "\n",
       "    .dataframe tbody tr th {\n",
       "        vertical-align: top;\n",
       "    }\n",
       "\n",
       "    .dataframe thead th {\n",
       "        text-align: right;\n",
       "    }\n",
       "</style>\n",
       "<table border=\"1\" class=\"dataframe\">\n",
       "  <thead>\n",
       "    <tr style=\"text-align: right;\">\n",
       "      <th></th>\n",
       "      <th>playerid</th>\n",
       "      <th>yearid</th>\n",
       "      <th>teamid</th>\n",
       "      <th>ab</th>\n",
       "    </tr>\n",
       "  </thead>\n",
       "  <tbody>\n",
       "    <tr>\n",
       "      <th>0</th>\n",
       "      <td>dalryab01</td>\n",
       "      <td>1884</td>\n",
       "      <td>CHN</td>\n",
       "      <td>521</td>\n",
       "    </tr>\n",
       "    <tr>\n",
       "      <th>1</th>\n",
       "      <td>hornujo01</td>\n",
       "      <td>1884</td>\n",
       "      <td>BSN</td>\n",
       "      <td>518</td>\n",
       "    </tr>\n",
       "    <tr>\n",
       "      <th>2</th>\n",
       "      <td>ansonca01</td>\n",
       "      <td>1886</td>\n",
       "      <td>CHN</td>\n",
       "      <td>504</td>\n",
       "    </tr>\n",
       "  </tbody>\n",
       "</table>\n",
       "</div>"
      ],
      "text/plain": [
       "    playerid  yearid teamid   ab\n",
       "0  dalryab01    1884    CHN  521\n",
       "1  hornujo01    1884    BSN  518\n",
       "2  ansonca01    1886    CHN  504"
      ]
     },
     "execution_count": 204,
     "metadata": {},
     "output_type": "execute_result"
    }
   ],
   "source": [
    "# Do not delete/edit this cell!\n",
    "# You must run this cell before running the autograder.\n",
    "query_8a = %sqlcmd snippets query_8a\n",
    "grading_util.save_results(\"result_8a\", query_8a, result_8a);\n",
    "result_8a.DataFrame().head(3)"
   ]
  },
  {
   "cell_type": "code",
   "execution_count": 205,
   "metadata": {
    "deletable": false,
    "editable": false
   },
   "outputs": [
    {
     "data": {
      "text/html": [
       "<p><strong><pre style='display: inline;'>q8a</pre></strong> passed! 🚀</p>"
      ],
      "text/plain": [
       "q8a results: All test cases passed!"
      ]
     },
     "execution_count": 205,
     "metadata": {},
     "output_type": "execute_result"
    }
   ],
   "source": [
    "grader.check(\"q8a\")"
   ]
  },
  {
   "cell_type": "markdown",
   "metadata": {
    "deletable": false,
    "editable": false
   },
   "source": [
    "Inspect the query plan and record the execution time and cost."
   ]
  },
  {
   "cell_type": "code",
   "execution_count": 206,
   "metadata": {
    "deletable": false,
    "editable": false
   },
   "outputs": [
    {
     "data": {
      "text/html": [
       "<span style=\"None\">Running query in &#x27;postgresql://jovyan@127.0.0.1:5432/baseball&#x27;</span>"
      ],
      "text/plain": [
       "Running query in 'postgresql://jovyan@127.0.0.1:5432/baseball'"
      ]
     },
     "metadata": {},
     "output_type": "display_data"
    },
    {
     "data": {
      "text/html": [
       "<span style=\"color: green\">5 rows affected.</span>"
      ],
      "text/plain": [
       "5 rows affected."
      ]
     },
     "metadata": {},
     "output_type": "display_data"
    },
    {
     "data": {
      "text/html": [
       "<table>\n",
       "    <thead>\n",
       "        <tr>\n",
       "            <th>QUERY PLAN</th>\n",
       "        </tr>\n",
       "    </thead>\n",
       "    <tbody>\n",
       "        <tr>\n",
       "            <td>Seq Scan on batting  (cost=0.00..2884.05 rows=8875 width=21) (actual time=0.370..18.034 rows=8839 loops=1)</td>\n",
       "        </tr>\n",
       "        <tr>\n",
       "            <td>&nbsp;&nbsp;Filter: (ab > 500)</td>\n",
       "        </tr>\n",
       "        <tr>\n",
       "            <td>&nbsp;&nbsp;Rows Removed by Filter: 95485</td>\n",
       "        </tr>\n",
       "        <tr>\n",
       "            <td>Planning Time: 0.073 ms</td>\n",
       "        </tr>\n",
       "        <tr>\n",
       "            <td>Execution Time: 18.496 ms</td>\n",
       "        </tr>\n",
       "    </tbody>\n",
       "</table>"
      ],
      "text/plain": [
       "+------------------------------------------------------------------------------------------------------------+\n",
       "|                                                 QUERY PLAN                                                 |\n",
       "+------------------------------------------------------------------------------------------------------------+\n",
       "| Seq Scan on batting  (cost=0.00..2884.05 rows=8875 width=21) (actual time=0.370..18.034 rows=8839 loops=1) |\n",
       "|                                              Filter: (ab > 500)                                            |\n",
       "|                                        Rows Removed by Filter: 95485                                       |\n",
       "|                                          Planning Time: 0.073 ms                                           |\n",
       "|                                         Execution Time: 18.496 ms                                          |\n",
       "+------------------------------------------------------------------------------------------------------------+"
      ]
     },
     "execution_count": 206,
     "metadata": {},
     "output_type": "execute_result"
    }
   ],
   "source": [
    "%sql EXPLAIN ANALYZE {{query_8a}} "
   ]
  },
  {
   "cell_type": "code",
   "execution_count": 207,
   "metadata": {
    "tags": []
   },
   "outputs": [],
   "source": [
    "result_8a_cost = 2884.05\n",
    "result_8a_timing = 18.496"
   ]
  },
  {
   "cell_type": "code",
   "execution_count": 208,
   "metadata": {
    "deletable": false,
    "editable": false
   },
   "outputs": [
    {
     "data": {
      "text/html": [
       "<p><strong><pre style='display: inline;'>8a_cost</pre></strong> passed! 🌟</p>"
      ],
      "text/plain": [
       "8a_cost results: All test cases passed!"
      ]
     },
     "execution_count": 208,
     "metadata": {},
     "output_type": "execute_result"
    }
   ],
   "source": [
    "grader.check(\"8a_cost\")"
   ]
  },
  {
   "cell_type": "markdown",
   "metadata": {
    "deletable": false,
    "editable": false
   },
   "source": [
    "<br><br>\n",
    "\n",
    "---\n",
    "\n",
    "## Question 8b\n",
    "\n",
    "Cluster the `batting` table on its primary key (hint: use the psql meta-command `\\di` to find out what name of the primary key is). We are able to directly cluster on the primary key (without first creating a separate index) because Postgres automatically creates an index for it.\n",
    "\n",
    "Then, re-inspect the query plan for the query from `Question 8a` and record the execution time and cost."
   ]
  },
  {
   "cell_type": "code",
   "execution_count": 209,
   "metadata": {
    "tags": []
   },
   "outputs": [
    {
     "data": {
      "text/html": [
       "<span style=\"None\">Running query in &#x27;postgresql://jovyan@127.0.0.1:5432/baseball&#x27;</span>"
      ],
      "text/plain": [
       "Running query in 'postgresql://jovyan@127.0.0.1:5432/baseball'"
      ]
     },
     "metadata": {},
     "output_type": "display_data"
    },
    {
     "data": {
      "text/html": [
       "<table>\n",
       "    <thead>\n",
       "        <tr>\n",
       "        </tr>\n",
       "    </thead>\n",
       "    <tbody>\n",
       "    </tbody>\n",
       "</table>"
      ],
      "text/plain": [
       "++\n",
       "||\n",
       "++\n",
       "++"
      ]
     },
     "execution_count": 209,
     "metadata": {},
     "output_type": "execute_result"
    }
   ],
   "source": [
    "%%sql\n",
    "CLUSTER batting USING batting_pkey;"
   ]
  },
  {
   "cell_type": "code",
   "execution_count": 210,
   "metadata": {
    "tags": []
   },
   "outputs": [
    {
     "data": {
      "text/html": [
       "<span style=\"None\">Running query in &#x27;postgresql://jovyan@127.0.0.1:5432/baseball&#x27;</span>"
      ],
      "text/plain": [
       "Running query in 'postgresql://jovyan@127.0.0.1:5432/baseball'"
      ]
     },
     "metadata": {},
     "output_type": "display_data"
    },
    {
     "data": {
      "text/html": [
       "<span style=\"color: green\">5 rows affected.</span>"
      ],
      "text/plain": [
       "5 rows affected."
      ]
     },
     "metadata": {},
     "output_type": "display_data"
    },
    {
     "data": {
      "text/html": [
       "<table>\n",
       "    <thead>\n",
       "        <tr>\n",
       "            <th>QUERY PLAN</th>\n",
       "        </tr>\n",
       "    </thead>\n",
       "    <tbody>\n",
       "        <tr>\n",
       "            <td>Seq Scan on batting  (cost=0.00..2878.05 rows=8875 width=21) (actual time=0.009..11.944 rows=8839 loops=1)</td>\n",
       "        </tr>\n",
       "        <tr>\n",
       "            <td>&nbsp;&nbsp;Filter: (ab > 500)</td>\n",
       "        </tr>\n",
       "        <tr>\n",
       "            <td>&nbsp;&nbsp;Rows Removed by Filter: 95485</td>\n",
       "        </tr>\n",
       "        <tr>\n",
       "            <td>Planning Time: 0.141 ms</td>\n",
       "        </tr>\n",
       "        <tr>\n",
       "            <td>Execution Time: 12.229 ms</td>\n",
       "        </tr>\n",
       "    </tbody>\n",
       "</table>"
      ],
      "text/plain": [
       "+------------------------------------------------------------------------------------------------------------+\n",
       "|                                                 QUERY PLAN                                                 |\n",
       "+------------------------------------------------------------------------------------------------------------+\n",
       "| Seq Scan on batting  (cost=0.00..2878.05 rows=8875 width=21) (actual time=0.009..11.944 rows=8839 loops=1) |\n",
       "|                                              Filter: (ab > 500)                                            |\n",
       "|                                        Rows Removed by Filter: 95485                                       |\n",
       "|                                          Planning Time: 0.141 ms                                           |\n",
       "|                                         Execution Time: 12.229 ms                                          |\n",
       "+------------------------------------------------------------------------------------------------------------+"
      ]
     },
     "execution_count": 210,
     "metadata": {},
     "output_type": "execute_result"
    }
   ],
   "source": [
    "# check the updated costs for query in Question 8a\n",
    "%sql EXPLAIN ANALYZE {{query_8a}} "
   ]
  },
  {
   "cell_type": "code",
   "execution_count": 212,
   "metadata": {
    "tags": []
   },
   "outputs": [],
   "source": [
    "result_8b_cost = 2878.05\n",
    "result_8b_timing = 12.229"
   ]
  },
  {
   "cell_type": "code",
   "execution_count": 213,
   "metadata": {
    "deletable": false,
    "editable": false
   },
   "outputs": [
    {
     "data": {
      "text/html": [
       "<p><strong><pre style='display: inline;'>q8b</pre></strong> passed! 🚀</p>"
      ],
      "text/plain": [
       "q8b results: All test cases passed!"
      ]
     },
     "execution_count": 213,
     "metadata": {},
     "output_type": "execute_result"
    }
   ],
   "source": [
    "grader.check(\"q8b\")"
   ]
  },
  {
   "cell_type": "markdown",
   "metadata": {},
   "source": [
    "<br><br>\n",
    "\n",
    "---\n",
    "\n",
    "## Question 8c\n",
    "\n",
    "Now, let's try clustering the table based on another index. Create an index on `ab` column called `ab_idx` in the `batting` table AND cluster the `batting` table with this new index. Now, re-inspect the query plan and record the execution time and cost."
   ]
  },
  {
   "cell_type": "code",
   "execution_count": 214,
   "metadata": {
    "tags": []
   },
   "outputs": [
    {
     "data": {
      "text/html": [
       "<span style=\"None\">Running query in &#x27;postgresql://jovyan@127.0.0.1:5432/baseball&#x27;</span>"
      ],
      "text/plain": [
       "Running query in 'postgresql://jovyan@127.0.0.1:5432/baseball'"
      ]
     },
     "metadata": {},
     "output_type": "display_data"
    }
   ],
   "source": [
    "%%sql --save query_8c result_8c <<\n",
    "CREATE INDEX ab_idx ON batting (ab);\n",
    "CLUSTER batting USING ab_idx;"
   ]
  },
  {
   "cell_type": "code",
   "execution_count": 215,
   "metadata": {
    "scrolled": true,
    "tags": []
   },
   "outputs": [
    {
     "data": {
      "text/html": [
       "<span style=\"None\">Running query in &#x27;postgresql://jovyan@127.0.0.1:5432/baseball&#x27;</span>"
      ],
      "text/plain": [
       "Running query in 'postgresql://jovyan@127.0.0.1:5432/baseball'"
      ]
     },
     "metadata": {},
     "output_type": "display_data"
    },
    {
     "data": {
      "text/html": [
       "<span style=\"color: green\">7 rows affected.</span>"
      ],
      "text/plain": [
       "7 rows affected."
      ]
     },
     "metadata": {},
     "output_type": "display_data"
    },
    {
     "data": {
      "text/html": [
       "<table>\n",
       "    <thead>\n",
       "        <tr>\n",
       "            <th>QUERY PLAN</th>\n",
       "        </tr>\n",
       "    </thead>\n",
       "    <tbody>\n",
       "        <tr>\n",
       "            <td>Bitmap Heap Scan on batting  (cost=101.07..1787.01 rows=8875 width=21) (actual time=0.216..1.500 rows=8839 loops=1)</td>\n",
       "        </tr>\n",
       "        <tr>\n",
       "            <td>&nbsp;&nbsp;Recheck Cond: (ab > 500)</td>\n",
       "        </tr>\n",
       "        <tr>\n",
       "            <td>&nbsp;&nbsp;Heap Blocks: exact=135</td>\n",
       "        </tr>\n",
       "        <tr>\n",
       "            <td>&nbsp;&nbsp;->  Bitmap Index Scan on ab_idx  (cost=0.00..98.86 rows=8875 width=0) (actual time=0.198..0.199 rows=8839 loops=1)</td>\n",
       "        </tr>\n",
       "        <tr>\n",
       "            <td>&nbsp;&nbsp;&nbsp;&nbsp;&nbsp;&nbsp;&nbsp;&nbsp;Index Cond: (ab > 500)</td>\n",
       "        </tr>\n",
       "        <tr>\n",
       "            <td>Planning Time: 0.180 ms</td>\n",
       "        </tr>\n",
       "        <tr>\n",
       "            <td>Execution Time: 1.761 ms</td>\n",
       "        </tr>\n",
       "    </tbody>\n",
       "</table>"
      ],
      "text/plain": [
       "+----------------------------------------------------------------------------------------------------------------------+\n",
       "|                                                      QUERY PLAN                                                      |\n",
       "+----------------------------------------------------------------------------------------------------------------------+\n",
       "| Bitmap Heap Scan on batting  (cost=101.07..1787.01 rows=8875 width=21) (actual time=0.216..1.500 rows=8839 loops=1)  |\n",
       "|                                                Recheck Cond: (ab > 500)                                              |\n",
       "|                                                 Heap Blocks: exact=135                                               |\n",
       "|   ->  Bitmap Index Scan on ab_idx  (cost=0.00..98.86 rows=8875 width=0) (actual time=0.198..0.199 rows=8839 loops=1) |\n",
       "|                                                    Index Cond: (ab > 500)                                            |\n",
       "|                                               Planning Time: 0.180 ms                                                |\n",
       "|                                               Execution Time: 1.761 ms                                               |\n",
       "+----------------------------------------------------------------------------------------------------------------------+"
      ]
     },
     "execution_count": 215,
     "metadata": {},
     "output_type": "execute_result"
    }
   ],
   "source": [
    "# Do not delete/edit this cell!\n",
    "# You must run this cell before running the autograder.\n",
    "query_8c = %sqlcmd snippets query_8c\n",
    "grading_util.save_results(\"result_8c\", query_8c, result_8c);\n",
    "\n",
    "# check the updated costs for query in Question 8a\n",
    "%sql EXPLAIN ANALYZE {{query_8a}} "
   ]
  },
  {
   "cell_type": "code",
   "execution_count": 216,
   "metadata": {
    "tags": []
   },
   "outputs": [],
   "source": [
    "result_8c_cost = 1787.01\n",
    "result_8c_timing = 1.761"
   ]
  },
  {
   "cell_type": "code",
   "execution_count": 217,
   "metadata": {
    "deletable": false,
    "editable": false
   },
   "outputs": [
    {
     "data": {
      "text/html": [
       "<p><strong><pre style='display: inline;'>q8c</pre></strong> passed! 🚀</p>"
      ],
      "text/plain": [
       "q8c results: All test cases passed!"
      ]
     },
     "execution_count": 217,
     "metadata": {},
     "output_type": "execute_result"
    }
   ],
   "source": [
    "grader.check(\"q8c\")"
   ]
  },
  {
   "cell_type": "markdown",
   "metadata": {
    "deletable": false,
    "editable": false
   },
   "source": [
    "<br><br>\n",
    "\n",
    "---\n",
    "\n",
    "## Question 8d\n",
    "Given your findings from inspecting the query plans from Questions 8a, 8b, and 8c, assign the variable `q8d` to a list of all statements that are true.\n",
    "\n",
    "A. Clustering based on the `ab_idx` decreased the cost of the query.<br/>\n",
    "B. Clustering based on the `ab_idx` increased the cost of the query.<br/>\n",
    "C. Clustering based on the `ab_idx` increased the execution time of the query.<br/>\n",
    "D. Clustering based on the `ab_idx` decreased the execution time of the query.<br/>\n",
    "E. Clustering based on the `batting_pkey` decreased the cost of the query.<br/>\n",
    "F. Clustering based on the `batting_pkey` increased the cost of the query.<br/>\n",
    "G. Clustering based on the `batting_pkey` increased the execution time of the query.<br/>\n",
    "H. Clustering based on the `batting_pkey` decreased the execution time of the query.<br/>\n",
    "I. None of the above\n",
    "    \n",
    "**Note:** Your answer should be formatted as a list of single-character strings, e.g., `q8d = ['A', 'B']`.\n"
   ]
  },
  {
   "cell_type": "code",
   "execution_count": 232,
   "metadata": {
    "tags": []
   },
   "outputs": [],
   "source": [
    "q8d = ['A','D','E','G']"
   ]
  },
  {
   "cell_type": "code",
   "execution_count": 219,
   "metadata": {
    "deletable": false,
    "editable": false
   },
   "outputs": [
    {
     "data": {
      "text/html": [
       "<p><strong><pre style='display: inline;'>q8d</pre></strong> passed! 💯</p>"
      ],
      "text/plain": [
       "q8d results: All test cases passed!"
      ]
     },
     "execution_count": 219,
     "metadata": {},
     "output_type": "execute_result"
    }
   ],
   "source": [
    "grader.check(\"q8d\")"
   ]
  },
  {
   "cell_type": "markdown",
   "metadata": {
    "deletable": false,
    "editable": false
   },
   "source": [
    "<br><br>\n",
    "\n",
    "---\n",
    "\n",
    "### Question 8di Justification\n",
    "\n",
    "Explain your answer to `Question 8d` above based on your knowledge from lectures, and details from inspecting the query plans (your explanation should include why you didn't choose certain options). Your answer should be no longer than 3 sentences."
   ]
  },
  {
   "cell_type": "markdown",
   "metadata": {},
   "source": [
    "_Clustering on ab_idx allowed us to reach the point at which ab > 500 in a more ordered way, since it reorders the rows by the index. This would decrease cost and execution time since we are processing less data. Clustering on batting_idx actually increases the execution cost because we need to first add the index and then still go through all rows so that we find all rows where ab > 500._"
   ]
  },
  {
   "cell_type": "markdown",
   "metadata": {},
   "source": [
    "<br/><br/><br/>\n",
    "\n",
    "<hr style=\"border: 5px solid #003262;\" />\n",
    "<hr style=\"border: 1px solid #fdb515;\" />\n",
    "\n",
    "# Question 9: Cost of Index Management\n",
    "Until now, we have seen the positive potential impact that indexes can have on query performance, but remember in real world technologies/applications, we will be routinely receiving new data (and in large quantities) which would trigger regular updates to our tables. In this section, we will dive into the cost of managing the indexes that we create.\n",
    "\n",
    "Before starting this question, be sure to delete any indexes by running the below cell."
   ]
  },
  {
   "cell_type": "code",
   "execution_count": 220,
   "metadata": {},
   "outputs": [
    {
     "data": {
      "text/html": [
       "<span style=\"None\">Running query in &#x27;postgresql://jovyan@127.0.0.1:5432/baseball&#x27;</span>"
      ],
      "text/plain": [
       "Running query in 'postgresql://jovyan@127.0.0.1:5432/baseball'"
      ]
     },
     "metadata": {},
     "output_type": "display_data"
    },
    {
     "data": {
      "text/html": [
       "<span style=\"None\">Running query in &#x27;postgresql://jovyan@127.0.0.1:5432/baseball&#x27;</span>"
      ],
      "text/plain": [
       "Running query in 'postgresql://jovyan@127.0.0.1:5432/baseball'"
      ]
     },
     "metadata": {},
     "output_type": "display_data"
    },
    {
     "data": {
      "text/html": [
       "<span style=\"None\">Running query in &#x27;postgresql://jovyan@127.0.0.1:5432/baseball&#x27;</span>"
      ],
      "text/plain": [
       "Running query in 'postgresql://jovyan@127.0.0.1:5432/baseball'"
      ]
     },
     "metadata": {},
     "output_type": "display_data"
    },
    {
     "data": {
      "text/html": [
       "<span style=\"None\">Running query in &#x27;postgresql://jovyan@127.0.0.1:5432/baseball&#x27;</span>"
      ],
      "text/plain": [
       "Running query in 'postgresql://jovyan@127.0.0.1:5432/baseball'"
      ]
     },
     "metadata": {},
     "output_type": "display_data"
    },
    {
     "data": {
      "text/html": [
       "<table>\n",
       "    <thead>\n",
       "        <tr>\n",
       "        </tr>\n",
       "    </thead>\n",
       "    <tbody>\n",
       "    </tbody>\n",
       "</table>"
      ],
      "text/plain": [
       "++\n",
       "||\n",
       "++\n",
       "++"
      ]
     },
     "execution_count": 220,
     "metadata": {},
     "output_type": "execute_result"
    }
   ],
   "source": [
    "# you must run this cell!!!\n",
    "%sql DROP INDEX IF EXISTS g_batting_idx;\n",
    "%sql DROP INDEX IF EXISTS salary_idx;\n",
    "%sql DROP INDEX IF EXISTS g_batting_all_idx;\n",
    "%sql DROP INDEX IF EXISTS ab_idx;"
   ]
  },
  {
   "cell_type": "markdown",
   "metadata": {
    "deletable": false,
    "editable": false
   },
   "source": [
    "---\n",
    "\n",
    "## Question 9a\n",
    "\n",
    "Record the time it takes to insert 300,000 rows into the `salaries` table when no additional index is configured."
   ]
  },
  {
   "cell_type": "markdown",
   "metadata": {
    "deletable": false,
    "editable": false
   },
   "source": [
    "Run the following cell to setup a column to track which rows we added as part of these inserts."
   ]
  },
  {
   "cell_type": "code",
   "execution_count": 221,
   "metadata": {
    "deletable": false,
    "editable": false
   },
   "outputs": [
    {
     "data": {
      "text/html": [
       "<span style=\"None\">Running query in &#x27;postgresql://jovyan@127.0.0.1:5432/baseball&#x27;</span>"
      ],
      "text/plain": [
       "Running query in 'postgresql://jovyan@127.0.0.1:5432/baseball'"
      ]
     },
     "metadata": {},
     "output_type": "display_data"
    },
    {
     "data": {
      "text/html": [
       "<table>\n",
       "    <thead>\n",
       "        <tr>\n",
       "        </tr>\n",
       "    </thead>\n",
       "    <tbody>\n",
       "    </tbody>\n",
       "</table>"
      ],
      "text/plain": [
       "++\n",
       "||\n",
       "++\n",
       "++"
      ]
     },
     "execution_count": 221,
     "metadata": {},
     "output_type": "execute_result"
    }
   ],
   "source": [
    "%sql ALTER TABLE salaries ADD added boolean DEFAULT False;"
   ]
  },
  {
   "cell_type": "markdown",
   "metadata": {
    "deletable": false,
    "editable": false
   },
   "source": [
    "Next, run the provided update script and record the **wall time**.\n",
    "\n",
    "**NOTE:** Running the below cell multiple times may result in an error, unless you first delete the rows with the cell given at the end of this subpart."
   ]
  },
  {
   "cell_type": "code",
   "execution_count": 222,
   "metadata": {
    "deletable": false,
    "editable": false
   },
   "outputs": [
    {
     "data": {
      "text/html": [
       "<span style=\"None\">Running query in &#x27;postgresql://jovyan@127.0.0.1:5432/baseball&#x27;</span>"
      ],
      "text/plain": [
       "Running query in 'postgresql://jovyan@127.0.0.1:5432/baseball'"
      ]
     },
     "metadata": {},
     "output_type": "display_data"
    },
    {
     "name": "stdout",
     "output_type": "stream",
     "text": [
      "CPU times: user 20.3 ms, sys: 1.04 ms, total: 21.3 ms\n",
      "Wall time: 2.86 s\n"
     ]
    }
   ],
   "source": [
    "%%time\n",
    "%%sql\n",
    "DO $$\n",
    " DECLARE counter INTEGER := 1;\n",
    " BEGIN\n",
    "     FOR counter IN 100001..400000 LOOP\n",
    "     INSERT INTO salaries (yearid, teamid, lgid, playerid, salary, added)\n",
    "         VALUES (2021, 'ATL', 'NL', 'p' || counter, RANDOM() * 1000000, true);\n",
    "     END LOOP;\n",
    "END;\n",
    "$$;"
   ]
  },
  {
   "cell_type": "code",
   "execution_count": 225,
   "metadata": {
    "tags": []
   },
   "outputs": [],
   "source": [
    "result_9a_timing = 2.86"
   ]
  },
  {
   "cell_type": "code",
   "execution_count": 226,
   "metadata": {
    "deletable": false,
    "editable": false
   },
   "outputs": [
    {
     "data": {
      "text/html": [
       "<p><strong><pre style='display: inline;'>q9a</pre></strong> passed! 🍀</p>"
      ],
      "text/plain": [
       "q9a results: All test cases passed!"
      ]
     },
     "execution_count": 226,
     "metadata": {},
     "output_type": "execute_result"
    }
   ],
   "source": [
    "grader.check(\"q9a\")"
   ]
  },
  {
   "cell_type": "markdown",
   "metadata": {},
   "source": [
    "<br/><br/>\n",
    "\n",
    "**Before moving onto the next question**,  delete all the rows that were added to the table from the update script."
   ]
  },
  {
   "cell_type": "code",
   "execution_count": 227,
   "metadata": {},
   "outputs": [
    {
     "data": {
      "text/html": [
       "<span style=\"None\">Running query in &#x27;postgresql://jovyan@127.0.0.1:5432/baseball&#x27;</span>"
      ],
      "text/plain": [
       "Running query in 'postgresql://jovyan@127.0.0.1:5432/baseball'"
      ]
     },
     "metadata": {},
     "output_type": "display_data"
    },
    {
     "data": {
      "text/html": [
       "<span style=\"color: green\">300000 rows affected.</span>"
      ],
      "text/plain": [
       "300000 rows affected."
      ]
     },
     "metadata": {},
     "output_type": "display_data"
    },
    {
     "data": {
      "text/html": [
       "<table>\n",
       "    <thead>\n",
       "        <tr>\n",
       "        </tr>\n",
       "    </thead>\n",
       "    <tbody>\n",
       "    </tbody>\n",
       "</table>"
      ],
      "text/plain": [
       "++\n",
       "||\n",
       "++\n",
       "++"
      ]
     },
     "execution_count": 227,
     "metadata": {},
     "output_type": "execute_result"
    }
   ],
   "source": [
    "%%sql\n",
    "/* just run this cell */\n",
    "DELETE FROM salaries\n",
    "WHERE added = 'true';"
   ]
  },
  {
   "cell_type": "markdown",
   "metadata": {
    "deletable": false,
    "editable": false
   },
   "source": [
    "<br><br>\n",
    "\n",
    "---\n",
    "\n",
    "## Question 9b\n",
    "\n",
    "Now, create an index on the `salary` column and record the **wall time** after executing the update script. Make sure to first run the previous cell to rollback any changes from the previous part!"
   ]
  },
  {
   "cell_type": "code",
   "execution_count": 228,
   "metadata": {
    "tags": []
   },
   "outputs": [
    {
     "data": {
      "text/html": [
       "<span style=\"None\">Running query in &#x27;postgresql://jovyan@127.0.0.1:5432/baseball&#x27;</span>"
      ],
      "text/plain": [
       "Running query in 'postgresql://jovyan@127.0.0.1:5432/baseball'"
      ]
     },
     "metadata": {},
     "output_type": "display_data"
    },
    {
     "data": {
      "text/html": [
       "<table>\n",
       "    <thead>\n",
       "        <tr>\n",
       "        </tr>\n",
       "    </thead>\n",
       "    <tbody>\n",
       "    </tbody>\n",
       "</table>"
      ],
      "text/plain": [
       "++\n",
       "||\n",
       "++\n",
       "++"
      ]
     },
     "execution_count": 228,
     "metadata": {},
     "output_type": "execute_result"
    }
   ],
   "source": [
    "%%sql \n",
    "CREATE INDEX salary_idx ON salaries (salary);"
   ]
  },
  {
   "cell_type": "markdown",
   "metadata": {
    "deletable": false,
    "editable": false
   },
   "source": [
    "**NOTE:** Running the below cell multiple times may result in an error, unless you first delete the rows with the cell given at the end of last subpart."
   ]
  },
  {
   "cell_type": "code",
   "execution_count": 229,
   "metadata": {
    "deletable": false,
    "editable": false,
    "scrolled": true
   },
   "outputs": [
    {
     "data": {
      "text/html": [
       "<span style=\"None\">Running query in &#x27;postgresql://jovyan@127.0.0.1:5432/baseball&#x27;</span>"
      ],
      "text/plain": [
       "Running query in 'postgresql://jovyan@127.0.0.1:5432/baseball'"
      ]
     },
     "metadata": {},
     "output_type": "display_data"
    },
    {
     "name": "stdout",
     "output_type": "stream",
     "text": [
      "CPU times: user 13 ms, sys: 2.63 ms, total: 15.7 ms\n",
      "Wall time: 5 s\n"
     ]
    }
   ],
   "source": [
    "%%time\n",
    "%%sql\n",
    "DO $$\n",
    " DECLARE counter INTEGER := 1;\n",
    " BEGIN\n",
    "     FOR counter IN 100001..400000 LOOP\n",
    "     INSERT INTO salaries (yearid, teamid, lgid, playerid, salary, added)\n",
    "         VALUES (2021, 'ATL', 'NL', 'p' || counter, RANDOM() * 1000000, true);\n",
    "     END LOOP;\n",
    "END;\n",
    "$$;"
   ]
  },
  {
   "cell_type": "code",
   "execution_count": 230,
   "metadata": {
    "tags": []
   },
   "outputs": [],
   "source": [
    "result_9b_timing = 5"
   ]
  },
  {
   "cell_type": "code",
   "execution_count": 231,
   "metadata": {
    "deletable": false,
    "editable": false
   },
   "outputs": [
    {
     "data": {
      "text/html": [
       "<p><strong><pre style='display: inline;'>q9b</pre></strong> passed! 🙌</p>"
      ],
      "text/plain": [
       "q9b results: All test cases passed!"
      ]
     },
     "execution_count": 231,
     "metadata": {},
     "output_type": "execute_result"
    }
   ],
   "source": [
    "grader.check(\"q9b\")"
   ]
  },
  {
   "cell_type": "markdown",
   "metadata": {
    "deletable": false,
    "editable": false
   },
   "source": [
    "<!-- BEGIN QUESTION -->\n",
    "\n",
    "<br><br>\n",
    "\n",
    "---\n",
    "\n",
    "## Question 9c:\n",
    "What difference did you notice when you added an index into the salaries table and re-timed the update? Why do you think it happened? Your answer should be no longer than 3 sentences."
   ]
  },
  {
   "cell_type": "markdown",
   "metadata": {},
   "source": [
    "_Adding the index took longer to run through the query than without the index. This is clear because we must first access each row and assign an index value to that row._"
   ]
  },
  {
   "cell_type": "markdown",
   "metadata": {
    "deletable": false,
    "editable": false
   },
   "source": [
    "<!-- END QUESTION -->\n",
    "\n",
    "<!-- BEGIN QUESTION -->\n",
    "\n",
    "<br/><br/><br/>\n",
    "\n",
    "<hr style=\"border: 5px solid #003262;\" />\n",
    "<hr style=\"border: 1px solid #fdb515;\" />\n",
    "\n",
    "# Question 10: Project Takeaways\n",
    "\n",
    "In this project, we explored how the database system optimizes query execution and how users can futher tune the performance of their queries.\n",
    "\n",
    "Familiarizing yourself with these optimization and tuning methods will make you a better data engineer. In this question, we'll ask you to recall and summarize these concepts. Who knows? Maybe one day it will help you during an interview or on a project.\n",
    "\n",
    "In the following answer cell,\n",
    "1. Name 3 methods you learned in this project. The method can be either the optimization done by the database system, or the fine tuning done by the user.\n",
    "2. For each method, summarize how and why it can optimize query performance. Feel free to discuss any drawbacks, if applicable.\n",
    "\n",
    "Your answer should be no longer than ten sentences. Each method identification/discussion is 2 points.\n"
   ]
  },
  {
   "cell_type": "markdown",
   "metadata": {},
   "source": [
    "_Three of the methods I learned were creating an index, using boolean operators, and clustering by a given index. Creating an index can optimize query performance especially for situations where the order matters. For example, calculating the minimum and maximum with an index might be easier to do than without an index. Boolean operators allow for adding filtering conditions to minimize how much of the relation we are processing. Clustering by a given index is essentially the same as creating an index but with an additional feature. The CLUSTER command reorders the rows such that they are grouped based on index, which has the same benefits as the first method, but we may not need to sort in this situation._"
   ]
  },
  {
   "cell_type": "markdown",
   "metadata": {
    "deletable": false,
    "editable": false
   },
   "source": [
    "<!-- END QUESTION -->\n",
    "\n",
    "<hr style=\"border: 5px solid #003262;\" />\n",
    "<hr style=\"border: 1px solid #fdb515;\" />"
   ]
  },
  {
   "cell_type": "markdown",
   "metadata": {},
   "source": [
    "## Congratulations! You have finished Project 2.\n",
    "\n",
    "Run the following cell to zip and download the results of your queries. You will also need to run the export cell at the end of the notebook.\n",
    "\n",
    "**Please save your notebook before exporting (this is a good time to do it!)** Otherwise, we may not be able to register your written responses.\n",
    "\n",
    "**For submission on Gradescope, you will need to submit BOTH the `proj2.zip` file generated by the export cell and the `results.zip` file generated by the following cell.**\n",
    "\n",
    "**Common submission issues:** You MUST submit the generated zip files (not folders) to the autograder. However, Safari is known to automatically unzip files upon downloading. You can fix this by going into Safari preferences, and deselect the box with the text \"Open safe files after downloading\" under the \"General\" tab. If you experience issues with downloading via clicking on the link, you can also navigate to the project 2 directory within JupyterHub (remove `proj2.ipynb` from the url), and manually download the generated zip files. Please post on Ed if you encounter any other submission issues."
   ]
  },
  {
   "cell_type": "code",
   "execution_count": 234,
   "metadata": {
    "scrolled": true
   },
   "outputs": [],
   "source": [
    "grading_util.prepare_submission_and_cleanup()  # builds results.zip"
   ]
  },
  {
   "cell_type": "code",
   "execution_count": 235,
   "metadata": {},
   "outputs": [],
   "source": [
    "# Close SQL magic connection\n",
    "# You may disregard \"RunTimeError: Could not close connection\"\n",
    "# %sql --close postgresql://127.0.0.1:5432/baseball"
   ]
  },
  {
   "cell_type": "markdown",
   "metadata": {
    "deletable": false,
    "editable": false
   },
   "source": [
    "## Submission\n",
    "\n",
    "Make sure you have run all cells in your notebook in order before running the cell below, so that all images/graphs appear in the output. The cell below will generate a zip file for you to submit. **Please save before exporting!**"
   ]
  },
  {
   "cell_type": "code",
   "execution_count": 236,
   "metadata": {
    "deletable": false,
    "editable": false
   },
   "outputs": [
    {
     "name": "stderr",
     "output_type": "stream",
     "text": [
      "/srv/conda/envs/notebook/lib/python3.11/site-packages/nbconvert/utils/pandoc.py:51: RuntimeWarning: You are using an unsupported version of pandoc (2.12).\n",
      "Your version must be at least (2.14.2) but less than (4.0.0).\n",
      "Refer to https://pandoc.org/installing.html.\n",
      "Continuing with doubts...\n",
      "  check_pandoc_version()\n"
     ]
    },
    {
     "name": "stdout",
     "output_type": "stream",
     "text": [
      "Running your submission against local test cases...\n",
      "\n",
      "\n",
      "\n",
      "Your submission received the following results when run against available test cases:\n",
      "\n",
      "    q0 results: All test cases passed!\n",
      "\n",
      "    q1a results: All test cases passed!\n",
      "\n",
      "    q1bi results: All test cases passed!\n",
      "\n",
      "    q1bii results: All test cases passed!\n",
      "\n",
      "    q2a results: All test cases passed!\n",
      "\n",
      "    q2bi results: All test cases passed!\n",
      "\n",
      "    q2bii results: All test cases passed!\n",
      "\n",
      "    q2biii results: All test cases passed!\n",
      "\n",
      "    q2c results: All test cases passed!\n",
      "\n",
      "    q2di results: All test cases passed!\n",
      "\n",
      "    q3a results: All test cases passed!\n",
      "\n",
      "    q3b results: All test cases passed!\n",
      "\n",
      "    q4a results: All test cases passed!\n",
      "\n",
      "    q4b results: All test cases passed!\n",
      "\n",
      "    q4c results: All test cases passed!\n",
      "\n",
      "    q5a results: All test cases passed!\n",
      "\n",
      "    q5b results: All test cases passed!\n",
      "\n",
      "    q5c results: All test cases passed!\n",
      "\n",
      "    q5d results: All test cases passed!\n",
      "\n",
      "    q6a results: All test cases passed!\n",
      "\n",
      "    6a_cost results: All test cases passed!\n",
      "\n",
      "    q6b results: All test cases passed!\n",
      "\n",
      "    6b_cost results: All test cases passed!\n",
      "\n",
      "    q6c results: All test cases passed!\n",
      "\n",
      "    q6d results: All test cases passed!\n",
      "\n",
      "    q6e results: All test cases passed!\n",
      "\n",
      "    q7a_min results: All test cases passed!\n",
      "\n",
      "    q7a_avg results: All test cases passed!\n",
      "\n",
      "    q7b results: All test cases passed!\n",
      "\n",
      "    q8a results: All test cases passed!\n",
      "\n",
      "    8a_cost results: All test cases passed!\n",
      "\n",
      "    q8b results: All test cases passed!\n",
      "\n",
      "    q8c results: All test cases passed!\n",
      "\n",
      "    q8d results: All test cases passed!\n",
      "\n",
      "    q9a results: All test cases passed!\n",
      "\n",
      "    q9b results: All test cases passed!\n"
     ]
    },
    {
     "data": {
      "text/html": [
       "\n",
       "                    <p>\n",
       "                        Your submission has been exported. Click\n",
       "                        <a href=\"proj2_2023_10_06T05_24_50_961014.zip\" download=\"proj2_2023_10_06T05_24_50_961014.zip\" target=\"_blank\">here</a> to download\n",
       "                        the zip file.\n",
       "                    </p>\n",
       "                "
      ],
      "text/plain": [
       "<IPython.core.display.HTML object>"
      ]
     },
     "metadata": {},
     "output_type": "display_data"
    }
   ],
   "source": [
    "# Save your notebook first, then run this cell to export your submission.\n",
    "grader.export(run_tests=True, files=['results.zip'])"
   ]
  },
  {
   "cell_type": "markdown",
   "metadata": {},
   "source": [
    " "
   ]
  }
 ],
 "metadata": {
  "kernelspec": {
   "display_name": "Python 3 (ipykernel)",
   "language": "python",
   "name": "python3"
  },
  "language_info": {
   "codemirror_mode": {
    "name": "ipython",
    "version": 3
   },
   "file_extension": ".py",
   "mimetype": "text/x-python",
   "name": "python",
   "nbconvert_exporter": "python",
   "pygments_lexer": "ipython3",
   "version": "3.11.0"
  },
  "otter": {
   "OK_FORMAT": true,
   "tests": {
    "6a_cost": {
     "name": "6a_cost",
     "points": 1,
     "suites": [
      {
       "cases": [
        {
         "code": ">>> 0 <= result_6a_cost <= 10000 and 0 <= result_6a_timing <= 10000\nTrue",
         "hidden": false,
         "locked": false
        }
       ],
       "scored": true,
       "setup": "",
       "teardown": "",
       "type": "doctest"
      }
     ]
    },
    "6b_cost": {
     "name": "6b_cost",
     "points": 1,
     "suites": [
      {
       "cases": [
        {
         "code": ">>> 0 <= result_6b_cost <= 10000 and 0 <= result_6b_timing <= 10000\nTrue",
         "hidden": false,
         "locked": false
        }
       ],
       "scored": true,
       "setup": "",
       "teardown": "",
       "type": "doctest"
      }
     ]
    },
    "8a_cost": {
     "name": "8a_cost",
     "points": 1,
     "suites": [
      {
       "cases": [
        {
         "code": ">>> 0 <= result_8a_cost <= 10000 and 0 <= result_8a_timing <= 10000\nTrue",
         "hidden": false,
         "locked": false
        }
       ],
       "scored": true,
       "setup": "",
       "teardown": "",
       "type": "doctest"
      }
     ]
    },
    "q0": {
     "name": "q0",
     "points": 1,
     "suites": [
      {
       "cases": [
        {
         "code": ">>> 1193 <= sample_query_cost <= 1194 and 12 <= sample_query_timing <= 36\nTrue",
         "hidden": false,
         "locked": false
        }
       ],
       "scored": true,
       "setup": "",
       "teardown": "",
       "type": "doctest"
      }
     ]
    },
    "q1a": {
     "name": "q1a",
     "points": 1,
     "suites": [
      {
       "cases": [
        {
         "code": ">>> query_1a, result_1a_df = grading_util.load_results(\"result_1a\")\n>>> result_1a_df.sort_values(['playerid', 'yearid']).shape == (323, 4)\nTrue",
         "hidden": false,
         "locked": false
        }
       ],
       "scored": true,
       "setup": "",
       "teardown": "",
       "type": "doctest"
      }
     ]
    },
    "q1bi": {
     "name": "q1bi",
     "points": 1,
     "suites": [
      {
       "cases": [
        {
         "code": ">>> 900 <= your_query_cost <= 10000 and 0 <= your_query_timing <= 10000\nTrue",
         "hidden": false,
         "locked": false
        },
        {
         "code": ">>> 900 <= provided_query_cost <= 10000 and 0 <= provided_query_timing <= 10000\nTrue",
         "hidden": false,
         "locked": false
        }
       ],
       "scored": true,
       "setup": "",
       "teardown": "",
       "type": "doctest"
      }
     ]
    },
    "q1bii": {
     "name": "q1bii",
     "points": 2,
     "suites": [
      {
       "cases": [
        {
         "code": ">>> 0 < len(q1b_part2) < 7\nTrue",
         "hidden": false,
         "locked": false
        }
       ],
       "scored": true,
       "setup": "",
       "teardown": "",
       "type": "doctest"
      }
     ]
    },
    "q2a": {
     "name": "q2a",
     "points": 1,
     "suites": [
      {
       "cases": [
        {
         "code": ">>> query_2a, result_2a_df = grading_util.load_results(\"result_2a\")\n>>> result_2a_df.sort_values(['playerid', 'schoolid', 'yearid']).shape == (23, 5)\nTrue",
         "hidden": false,
         "locked": false
        }
       ],
       "scored": true,
       "setup": "",
       "teardown": "",
       "type": "doctest"
      }
     ]
    },
    "q2bi": {
     "name": "q2bi",
     "points": 1,
     "suites": [
      {
       "cases": [
        {
         "code": ">>> query_2b_view, result_2b_view_df = grading_util.load_results(\"result_2b_view\")\n>>> result_2b_view_df.shape == (13, 3)\nTrue",
         "hidden": false,
         "locked": false
        }
       ],
       "scored": true,
       "setup": "",
       "teardown": "",
       "type": "doctest"
      }
     ]
    },
    "q2bii": {
     "name": "q2bii",
     "points": 1,
     "suites": [
      {
       "cases": [
        {
         "code": ">>> query_2b_mat, result_2b_mat_df = grading_util.load_results(\"result_2b_mat\")\n>>> result_2b_mat_df.sort_values(['schoolid', 'yearid']).shape == (13, 3)\nTrue",
         "hidden": false,
         "locked": false
        }
       ],
       "scored": true,
       "setup": "",
       "teardown": "",
       "type": "doctest"
      }
     ]
    },
    "q2biii": {
     "name": "q2biii",
     "points": 1,
     "suites": [
      {
       "cases": [
        {
         "code": ">>> query_2b_no_view, result_2b_no_view_df = grading_util.load_results(\"result_2b_no_view\")\n>>> result_2b_no_view_df.shape == (13, 3)\nTrue",
         "hidden": false,
         "locked": false
        },
        {
         "code": ">>> query_2b_view, result_2b_view_df = grading_util.load_results(\"result_2b_view\")\n>>> query_2b_no_view, result_2b_no_view_df = grading_util.load_results(\"result_2b_no_view\")\n>>> np.sum(result_2b_view_df == result_2b_no_view_df).sum() == 39\nTrue",
         "hidden": false,
         "locked": false
        }
       ],
       "scored": true,
       "setup": "",
       "teardown": "",
       "type": "doctest"
      }
     ]
    },
    "q2c": {
     "name": "q2c",
     "points": 1,
     "suites": [
      {
       "cases": [
        {
         "code": ">>> 0 <= with_view_timing <= 10000 and 0 <= with_view_cost <= 10000\nTrue",
         "hidden": false,
         "locked": false
        },
        {
         "code": ">>> 0 <= without_view_timing <= 10000 and 0 <= without_view_cost <= 10000\nTrue",
         "hidden": false,
         "locked": false
        },
        {
         "code": ">>> 0 <= with_materialized_view_timing <= 10000 and 0 <= with_materialized_view_cost <= 10000\nTrue",
         "hidden": false,
         "locked": false
        }
       ],
       "scored": true,
       "setup": "",
       "teardown": "",
       "type": "doctest"
      }
     ]
    },
    "q2di": {
     "name": "q2di",
     "points": 2,
     "suites": [
      {
       "cases": [
        {
         "code": ">>> 0 < len(q2di) < 11\nTrue",
         "hidden": false,
         "locked": false
        }
       ],
       "scored": true,
       "setup": "",
       "teardown": "",
       "type": "doctest"
      }
     ]
    },
    "q3a": {
     "name": "q3a",
     "points": 1,
     "suites": [
      {
       "cases": [
        {
         "code": ">>> 0 <= query_view_cost <= 10000 and 0 <= query_view_timing <= 10000\nTrue",
         "hidden": false,
         "locked": false
        }
       ],
       "scored": true,
       "setup": "",
       "teardown": "",
       "type": "doctest"
      }
     ]
    },
    "q3b": {
     "name": "q3b",
     "points": 1,
     "suites": [
      {
       "cases": [
        {
         "code": ">>> 0 <= query_view_with_filter_cost <= 10000 and 0 <= query_view_with_filter_timing <= 10000\nTrue",
         "hidden": false,
         "locked": false
        }
       ],
       "scored": true,
       "setup": "",
       "teardown": "",
       "type": "doctest"
      }
     ]
    },
    "q4a": {
     "name": "q4a",
     "points": 1,
     "suites": [
      {
       "cases": [
        {
         "code": ">>> len(q4a) == 1\nTrue",
         "hidden": false,
         "locked": false
        },
        {
         "code": ">>> type(q4a) == str\nTrue",
         "hidden": false,
         "locked": false
        }
       ],
       "scored": true,
       "setup": "",
       "teardown": "",
       "type": "doctest"
      }
     ]
    },
    "q4b": {
     "name": "q4b",
     "points": 1,
     "suites": [
      {
       "cases": [
        {
         "code": ">>> len(q4b) == 1 \nTrue",
         "hidden": false,
         "locked": false
        },
        {
         "code": ">>> type(q4b) == str\nTrue",
         "hidden": false,
         "locked": false
        }
       ],
       "scored": true,
       "setup": "",
       "teardown": "",
       "type": "doctest"
      }
     ]
    },
    "q4c": {
     "name": "q4c",
     "points": 1,
     "suites": [
      {
       "cases": [
        {
         "code": ">>> len(q4c) == 1 \nTrue",
         "hidden": false,
         "locked": false
        },
        {
         "code": ">>> type(q4c) == str\nTrue",
         "hidden": false,
         "locked": false
        }
       ],
       "scored": true,
       "setup": "",
       "teardown": "",
       "type": "doctest"
      }
     ]
    },
    "q5a": {
     "name": "q5a",
     "points": 2,
     "suites": [
      {
       "cases": [
        {
         "code": ">>> query_5a, result_5a_df = grading_util.load_results(\"result_5a\")\n>>> result_5a_df.sort_values('playerid').shape == (134, 2)\nTrue",
         "hidden": false,
         "locked": false
        },
        {
         "code": ">>> 0 <= result_5a_cost <= 10000 and 0 <= result_5a_timing <= 10000\nTrue",
         "hidden": false,
         "locked": false
        }
       ],
       "scored": true,
       "setup": "",
       "teardown": "",
       "type": "doctest"
      }
     ]
    },
    "q5b": {
     "name": "q5b",
     "points": 1,
     "suites": [
      {
       "cases": [
        {
         "code": ">>> 0 <= result_5b_cost <= 10000 and 0 <= result_5b_timing <= 10000\nTrue",
         "hidden": false,
         "locked": false
        }
       ],
       "scored": true,
       "setup": "",
       "teardown": "",
       "type": "doctest"
      }
     ]
    },
    "q5c": {
     "name": "q5c",
     "points": 1,
     "suites": [
      {
       "cases": [
        {
         "code": ">>> 0 <= result_5c_cost <= 10000 and 0 <= result_5c_timing <= 10000\nTrue",
         "hidden": false,
         "locked": false
        }
       ],
       "scored": true,
       "setup": "",
       "teardown": "",
       "type": "doctest"
      }
     ]
    },
    "q5d": {
     "name": "q5d",
     "points": 2,
     "suites": [
      {
       "cases": [
        {
         "code": ">>> 0 < len(q5d) < 9\nTrue",
         "hidden": false,
         "locked": false
        }
       ],
       "scored": true,
       "setup": "",
       "teardown": "",
       "type": "doctest"
      }
     ]
    },
    "q6a": {
     "name": "q6a",
     "points": 1,
     "suites": [
      {
       "cases": [
        {
         "code": ">>> query_6a, result_6a_df = grading_util.load_results(\"result_6a\")\n>>> result_6a_df.sort_values(['playerid', 'yearid']).shape == (120, 3)\nTrue",
         "hidden": false,
         "locked": false
        }
       ],
       "scored": true,
       "setup": "",
       "teardown": "",
       "type": "doctest"
      }
     ]
    },
    "q6b": {
     "name": "q6b",
     "points": 1,
     "suites": [
      {
       "cases": [
        {
         "code": ">>> query_6b, result_6b_df = grading_util.load_results(\"result_6b\")\n>>> result_6b_df.sort_values(['playerid', 'yearid']).shape == (216, 3)\nTrue",
         "hidden": false,
         "locked": false
        }
       ],
       "scored": true,
       "setup": "",
       "teardown": "",
       "type": "doctest"
      }
     ]
    },
    "q6c": {
     "name": "q6c",
     "points": 1,
     "suites": [
      {
       "cases": [
        {
         "code": ">>> 0 <= result_6cand_index_cost <= 10000 and 0 <= result_6cand_index_timing <= 10000\nTrue",
         "hidden": false,
         "locked": false
        },
        {
         "code": ">>> 0 <= result_6cor_index_cost <= 10000 and 0 <= result_6cor_index_timing <= 10000\nTrue",
         "hidden": false,
         "locked": false
        }
       ],
       "scored": true,
       "setup": "",
       "teardown": "",
       "type": "doctest"
      }
     ]
    },
    "q6d": {
     "name": "q6d",
     "points": 1,
     "suites": [
      {
       "cases": [
        {
         "code": ">>> 0 <= result_6d_multiple_col_index_cost <= 10000 and 0 <= result_6d_multiple_col_index_timing <= 10000\nTrue",
         "hidden": false,
         "locked": false
        }
       ],
       "scored": true,
       "setup": "",
       "teardown": "",
       "type": "doctest"
      }
     ]
    },
    "q6e": {
     "name": "q6e",
     "points": 2,
     "suites": [
      {
       "cases": [
        {
         "code": ">>> 0 < len(q6e) < 10\nTrue",
         "hidden": false,
         "locked": false
        }
       ],
       "scored": true,
       "setup": "",
       "teardown": "",
       "type": "doctest"
      }
     ]
    },
    "q7a_avg": {
     "name": "q7a_avg",
     "points": 1,
     "suites": [
      {
       "cases": [
        {
         "code": ">>> 0 <= result_7a_avg_query_cost <= 10000 and 0 <= result_7a_avg_query_timing <= 10000\nTrue",
         "hidden": false,
         "locked": false
        }
       ],
       "scored": true,
       "setup": "",
       "teardown": "",
       "type": "doctest"
      }
     ]
    },
    "q7a_min": {
     "name": "q7a_min",
     "points": 1,
     "suites": [
      {
       "cases": [
        {
         "code": ">>> 0 <= result_7a_min_query_cost <= 10000 and 0 <= result_7a_min_query_timing <= 10000\nTrue",
         "hidden": false,
         "locked": false
        }
       ],
       "scored": true,
       "setup": "",
       "teardown": "",
       "type": "doctest"
      }
     ]
    },
    "q7b": {
     "name": "q7b",
     "points": 1,
     "suites": [
      {
       "cases": [
        {
         "code": ">>> 0 <= result_7b_min_query_cost <= 10000 and 0 <= result_7b_min_query_timing <= 10000\nTrue",
         "hidden": false,
         "locked": false
        },
        {
         "code": ">>> 0 <= result_7b_avg_query_cost <= 10000 and 0 <= result_7b_avg_query_timing <= 10000\nTrue",
         "hidden": false,
         "locked": false
        }
       ],
       "scored": true,
       "setup": "",
       "teardown": "",
       "type": "doctest"
      }
     ]
    },
    "q8a": {
     "name": "q8a",
     "points": 1,
     "suites": [
      {
       "cases": [
        {
         "code": ">>> query_8a, result_8a_df = grading_util.load_results(\"result_8a\")\n>>> result_8a_df.sort_values(['playerid', 'yearid', 'teamid']).iloc[:1000].shape == (1000, 4)\nTrue",
         "hidden": false,
         "locked": false
        }
       ],
       "scored": true,
       "setup": "",
       "teardown": "",
       "type": "doctest"
      }
     ]
    },
    "q8b": {
     "name": "q8b",
     "points": 1,
     "suites": [
      {
       "cases": [
        {
         "code": ">>> 0 <= result_8b_cost <= 10000 and 0 <= result_8b_timing <= 10000\nTrue",
         "hidden": false,
         "locked": false
        }
       ],
       "scored": true,
       "setup": "",
       "teardown": "",
       "type": "doctest"
      }
     ]
    },
    "q8c": {
     "name": "q8c",
     "points": 1,
     "suites": [
      {
       "cases": [
        {
         "code": ">>> 0 <= result_8c_cost <= 10000 and 0 <= result_8c_timing <= 10000\nTrue",
         "hidden": false,
         "locked": false
        }
       ],
       "scored": true,
       "setup": "",
       "teardown": "",
       "type": "doctest"
      }
     ]
    },
    "q8d": {
     "name": "q8d",
     "points": 2,
     "suites": [
      {
       "cases": [
        {
         "code": ">>> 0 < len(q8d) < 10\nTrue",
         "hidden": false,
         "locked": false
        }
       ],
       "scored": true,
       "setup": "",
       "teardown": "",
       "type": "doctest"
      }
     ]
    },
    "q9a": {
     "name": "q9a",
     "points": 1,
     "suites": [
      {
       "cases": [
        {
         "code": ">>> 0 <= result_9a_timing <= 10000\nTrue",
         "hidden": false,
         "locked": false
        }
       ],
       "scored": true,
       "setup": "",
       "teardown": "",
       "type": "doctest"
      }
     ]
    },
    "q9b": {
     "name": "q9b",
     "points": 1,
     "suites": [
      {
       "cases": [
        {
         "code": ">>> 0 <= result_9b_timing <= 10000\nTrue",
         "hidden": false,
         "locked": false
        }
       ],
       "scored": true,
       "setup": "",
       "teardown": "",
       "type": "doctest"
      }
     ]
    }
   }
  }
 },
 "nbformat": 4,
 "nbformat_minor": 4
}
